CRITICAL - 2024-08-02 13:09:52 --> Undefined array key "vendor"
in APPPATH\Controllers\potong\Rcnproduksi.php on line 135.
 1 APPPATH\Controllers\potong\Rcnproduksi.php(135): CodeIgniter\Debug\Exceptions->errorHandler(2, 'Undefined array key "vendor"', 'APPPATH\\Controllers\\potong\\Rcnproduksi.php', 135)
 2 SYSTEMPATH\CodeIgniter.php(927): App\Controllers\potong\Rcnproduksi->Edit()
 3 SYSTEMPATH\CodeIgniter.php(482): CodeIgniter\CodeIgniter->runController(Object(App\Controllers\potong\Rcnproduksi))
 4 SYSTEMPATH\CodeIgniter.php(351): CodeIgniter\CodeIgniter->handleRequest(null, Object(Config\Cache), false)
 5 FCPATH\index.php(67): CodeIgniter\CodeIgniter->run()
CRITICAL - 2024-08-02 13:09:57 --> Undefined array key "vendor"
in APPPATH\Controllers\potong\Rcnproduksi.php on line 135.
 1 APPPATH\Controllers\potong\Rcnproduksi.php(135): CodeIgniter\Debug\Exceptions->errorHandler(2, 'Undefined array key "vendor"', 'APPPATH\\Controllers\\potong\\Rcnproduksi.php', 135)
 2 SYSTEMPATH\CodeIgniter.php(927): App\Controllers\potong\Rcnproduksi->Edit()
 3 SYSTEMPATH\CodeIgniter.php(482): CodeIgniter\CodeIgniter->runController(Object(App\Controllers\potong\Rcnproduksi))
 4 SYSTEMPATH\CodeIgniter.php(351): CodeIgniter\CodeIgniter->handleRequest(null, Object(Config\Cache), false)
 5 FCPATH\index.php(67): CodeIgniter\CodeIgniter->run()
ERROR - 2024-08-02 14:38:38 --> mysqli_sql_exception: Server shutdown in progress in C:\xampp\htdocs\wiharta\system\Database\MySQLi\Connection.php:292
Stack trace:
#0 C:\xampp\htdocs\wiharta\system\Database\MySQLi\Connection.php(292): mysqli->query('SELECT rec_hdr_...', 0)
#1 C:\xampp\htdocs\wiharta\system\Database\BaseConnection.php(666): CodeIgniter\Database\MySQLi\Connection->execute('SELECT rec_hdr_...')
#2 C:\xampp\htdocs\wiharta\system\Database\BaseConnection.php(593): CodeIgniter\Database\BaseConnection->simpleQuery('SELECT rec_hdr_...')
#3 C:\xampp\htdocs\wiharta\app\Models\exim\barangjadi\Saldoawal_model.php(39): CodeIgniter\Database\BaseConnection->query('SELECT rec_hdr_...')
#4 C:\xampp\htdocs\wiharta\app\Controllers\exim\MutasiProduksi.php(33): App\Models\exim\barangjadi\Saldoawal_model->Aju()
#5 C:\xampp\htdocs\wiharta\system\CodeIgniter.php(927): App\Controllers\exim\Mutasiproduksi->Index()
#6 C:\xampp\htdocs\wiharta\system\CodeIgniter.php(482): CodeIgniter\CodeIgniter->runController(Object(App\Controllers\exim\Mutasiproduksi))
#7 C:\xampp\htdocs\wiharta\system\CodeIgniter.php(351): CodeIgniter\CodeIgniter->handleRequest(NULL, Object(Config\Cache), false)
#8 C:\xampp\htdocs\wiharta\public\index.php(67): CodeIgniter\CodeIgniter->run()
#9 {main}
CRITICAL - 2024-08-02 14:38:38 --> Call to a member function getResultArray() on bool
in APPPATH\Models\exim\barangjadi\Saldoawal_model.php on line 43.
 1 APPPATH\Controllers\exim\MutasiProduksi.php(33): App\Models\exim\barangjadi\Saldoawal_model->Aju()
 2 SYSTEMPATH\CodeIgniter.php(927): App\Controllers\exim\Mutasiproduksi->Index()
 3 SYSTEMPATH\CodeIgniter.php(482): CodeIgniter\CodeIgniter->runController(Object(App\Controllers\exim\Mutasiproduksi))
 4 SYSTEMPATH\CodeIgniter.php(351): CodeIgniter\CodeIgniter->handleRequest(null, Object(Config\Cache), false)
 5 FCPATH\index.php(67): CodeIgniter\CodeIgniter->run()
ERROR - 2024-08-02 14:38:38 --> mysqli_sql_exception: Server shutdown in progress in C:\xampp\htdocs\wiharta\system\Database\MySQLi\Connection.php:292
Stack trace:
#0 C:\xampp\htdocs\wiharta\system\Database\MySQLi\Connection.php(292): mysqli->query('SELECT rec_hdr_...', 0)
#1 C:\xampp\htdocs\wiharta\system\Database\BaseConnection.php(666): CodeIgniter\Database\MySQLi\Connection->execute('SELECT rec_hdr_...')
#2 C:\xampp\htdocs\wiharta\system\Database\BaseConnection.php(593): CodeIgniter\Database\BaseConnection->simpleQuery('SELECT rec_hdr_...')
#3 C:\xampp\htdocs\wiharta\app\Models\exim\barangjadi\Saldoawal_model.php(39): CodeIgniter\Database\BaseConnection->query('SELECT rec_hdr_...')
#4 C:\xampp\htdocs\wiharta\app\Controllers\exim\MutasiProduksi.php(33): App\Models\exim\barangjadi\Saldoawal_model->Aju()
#5 C:\xampp\htdocs\wiharta\system\CodeIgniter.php(927): App\Controllers\exim\Mutasiproduksi->Index()
#6 C:\xampp\htdocs\wiharta\system\CodeIgniter.php(482): CodeIgniter\CodeIgniter->runController(Object(App\Controllers\exim\Mutasiproduksi))
#7 C:\xampp\htdocs\wiharta\system\CodeIgniter.php(351): CodeIgniter\CodeIgniter->handleRequest(NULL, Object(Config\Cache), false)
#8 C:\xampp\htdocs\wiharta\public\index.php(67): CodeIgniter\CodeIgniter->run()
#9 {main}
CRITICAL - 2024-08-02 14:38:38 --> Call to a member function getResultArray() on bool
in APPPATH\Models\exim\barangjadi\Saldoawal_model.php on line 43.
 1 APPPATH\Controllers\exim\MutasiProduksi.php(33): App\Models\exim\barangjadi\Saldoawal_model->Aju()
 2 SYSTEMPATH\CodeIgniter.php(927): App\Controllers\exim\Mutasiproduksi->Index()
 3 SYSTEMPATH\CodeIgniter.php(482): CodeIgniter\CodeIgniter->runController(Object(App\Controllers\exim\Mutasiproduksi))
 4 SYSTEMPATH\CodeIgniter.php(351): CodeIgniter\CodeIgniter->handleRequest(null, Object(Config\Cache), false)
 5 FCPATH\index.php(67): CodeIgniter\CodeIgniter->run()
CRITICAL - 2024-08-02 17:12:59 --> Trying to access array offset on value of type null
in APPPATH\Controllers\exim\MutasiProduksi.php on line 312.
 1 APPPATH\Controllers\exim\MutasiProduksi.php(312): CodeIgniter\Debug\Exceptions->errorHandler(2, 'Trying to access array offset on value of type null', 'APPPATH\\Controllers\\exim\\MutasiProduksi.php', 312)
 2 SYSTEMPATH\CodeIgniter.php(927): App\Controllers\exim\Mutasiproduksi->Editselected()
 3 SYSTEMPATH\CodeIgniter.php(482): CodeIgniter\CodeIgniter->runController(Object(App\Controllers\exim\Mutasiproduksi))
 4 SYSTEMPATH\CodeIgniter.php(351): CodeIgniter\CodeIgniter->handleRequest(null, Object(Config\Cache), false)
 5 FCPATH\index.php(67): CodeIgniter\CodeIgniter->run()
CRITICAL - 2024-08-02 17:18:30 --> Undefined variable $tambahmutasihdr
in APPPATH\Controllers\exim\MutasiProduksi.php on line 364.
 1 APPPATH\Controllers\exim\MutasiProduksi.php(364): CodeIgniter\Debug\Exceptions->errorHandler(2, 'Undefined variable $tambahmutasihdr', 'APPPATH\\Controllers\\exim\\MutasiProduksi.php', 364)
 2 SYSTEMPATH\CodeIgniter.php(927): App\Controllers\exim\Mutasiproduksi->Editselected()
 3 SYSTEMPATH\CodeIgniter.php(482): CodeIgniter\CodeIgniter->runController(Object(App\Controllers\exim\Mutasiproduksi))
 4 SYSTEMPATH\CodeIgniter.php(351): CodeIgniter\CodeIgniter->handleRequest(null, Object(Config\Cache), false)
 5 FCPATH\index.php(67): CodeIgniter\CodeIgniter->run()
CRITICAL - 2024-08-02 17:19:01 --> Undefined variable $tambahmutasihdr
in APPPATH\Controllers\exim\MutasiProduksi.php on line 364.
 1 APPPATH\Controllers\exim\MutasiProduksi.php(364): CodeIgniter\Debug\Exceptions->errorHandler(2, 'Undefined variable $tambahmutasihdr', 'APPPATH\\Controllers\\exim\\MutasiProduksi.php', 364)
 2 SYSTEMPATH\CodeIgniter.php(927): App\Controllers\exim\Mutasiproduksi->Editselected()
 3 SYSTEMPATH\CodeIgniter.php(482): CodeIgniter\CodeIgniter->runController(Object(App\Controllers\exim\Mutasiproduksi))
 4 SYSTEMPATH\CodeIgniter.php(351): CodeIgniter\CodeIgniter->handleRequest(null, Object(Config\Cache), false)
 5 FCPATH\index.php(67): CodeIgniter\CodeIgniter->run()
CRITICAL - 2024-08-02 17:20:05 --> Undefined variable $tambahmutasihdr
in APPPATH\Controllers\exim\MutasiProduksi.php on line 364.
 1 APPPATH\Controllers\exim\MutasiProduksi.php(364): CodeIgniter\Debug\Exceptions->errorHandler(2, 'Undefined variable $tambahmutasihdr', 'APPPATH\\Controllers\\exim\\MutasiProduksi.php', 364)
 2 SYSTEMPATH\CodeIgniter.php(927): App\Controllers\exim\Mutasiproduksi->Editselected()
 3 SYSTEMPATH\CodeIgniter.php(482): CodeIgniter\CodeIgniter->runController(Object(App\Controllers\exim\Mutasiproduksi))
 4 SYSTEMPATH\CodeIgniter.php(351): CodeIgniter\CodeIgniter->handleRequest(null, Object(Config\Cache), false)
 5 FCPATH\index.php(67): CodeIgniter\CodeIgniter->run()
CRITICAL - 2024-08-02 17:21:27 --> Undefined variable $tambahmutasihdr
in APPPATH\Controllers\exim\MutasiProduksi.php on line 364.
 1 APPPATH\Controllers\exim\MutasiProduksi.php(364): CodeIgniter\Debug\Exceptions->errorHandler(2, 'Undefined variable $tambahmutasihdr', 'APPPATH\\Controllers\\exim\\MutasiProduksi.php', 364)
 2 SYSTEMPATH\CodeIgniter.php(927): App\Controllers\exim\Mutasiproduksi->Editselected()
 3 SYSTEMPATH\CodeIgniter.php(482): CodeIgniter\CodeIgniter->runController(Object(App\Controllers\exim\Mutasiproduksi))
 4 SYSTEMPATH\CodeIgniter.php(351): CodeIgniter\CodeIgniter->handleRequest(null, Object(Config\Cache), false)
 5 FCPATH\index.php(67): CodeIgniter\CodeIgniter->run()
CRITICAL - 2024-08-02 17:22:19 --> Undefined variable $tambahmutasihdr
in APPPATH\Controllers\exim\MutasiProduksi.php on line 364.
 1 APPPATH\Controllers\exim\MutasiProduksi.php(364): CodeIgniter\Debug\Exceptions->errorHandler(2, 'Undefined variable $tambahmutasihdr', 'APPPATH\\Controllers\\exim\\MutasiProduksi.php', 364)
 2 SYSTEMPATH\CodeIgniter.php(927): App\Controllers\exim\Mutasiproduksi->Editselected()
 3 SYSTEMPATH\CodeIgniter.php(482): CodeIgniter\CodeIgniter->runController(Object(App\Controllers\exim\Mutasiproduksi))
 4 SYSTEMPATH\CodeIgniter.php(351): CodeIgniter\CodeIgniter->handleRequest(null, Object(Config\Cache), false)
 5 FCPATH\index.php(67): CodeIgniter\CodeIgniter->run()
