CRITICAL - 2024-04-26 09:22:12 --> Undefined variable $api
in APPPATH\Views\laporan\tabelbulanan.php on line 95.
 1 APPPATH\Views\laporan\tabelbulanan.php(95): CodeIgniter\Debug\Exceptions->errorHandler(2, 'Undefined variable $api', 'APPPATH\\Views\\laporan\\tabelbulanan.php', 95)
 2 SYSTEMPATH\View\View.php(213): include('APPPATH\\Views\\laporan\\tabelbulanan.php')
 3 SYSTEMPATH\View\View.php(216): CodeIgniter\View\View->CodeIgniter\View\{closure}()
 4 SYSTEMPATH\Common.php(1134): CodeIgniter\View\View->render('laporan/tabelbulanan', [], true)
 5 APPPATH\Controllers\Laporan.php(164): view('laporan/tabelbulanan', [...])
 6 SYSTEMPATH\CodeIgniter.php(927): App\Controllers\Laporan->Tabelabsenlaporanbulanan()
 7 SYSTEMPATH\CodeIgniter.php(482): CodeIgniter\CodeIgniter->runController(Object(App\Controllers\Laporan))
 8 SYSTEMPATH\CodeIgniter.php(351): CodeIgniter\CodeIgniter->handleRequest(null, Object(Config\Cache), false)
 9 FCPATH\index.php(67): CodeIgniter\CodeIgniter->run()
CRITICAL - 2024-04-26 09:57:04 --> Undefined variable $api
in APPPATH\Views\laporan\tabelbulanan.php on line 95.
 1 APPPATH\Views\laporan\tabelbulanan.php(95): CodeIgniter\Debug\Exceptions->errorHandler(2, 'Undefined variable $api', 'APPPATH\\Views\\laporan\\tabelbulanan.php', 95)
 2 SYSTEMPATH\View\View.php(213): include('APPPATH\\Views\\laporan\\tabelbulanan.php')
 3 SYSTEMPATH\View\View.php(216): CodeIgniter\View\View->CodeIgniter\View\{closure}()
 4 SYSTEMPATH\Common.php(1134): CodeIgniter\View\View->render('laporan/tabelbulanan', [], true)
 5 APPPATH\Controllers\Laporan.php(164): view('laporan/tabelbulanan', [...])
 6 SYSTEMPATH\CodeIgniter.php(927): App\Controllers\Laporan->Tabelabsenlaporanbulanan()
 7 SYSTEMPATH\CodeIgniter.php(482): CodeIgniter\CodeIgniter->runController(Object(App\Controllers\Laporan))
 8 SYSTEMPATH\CodeIgniter.php(351): CodeIgniter\CodeIgniter->handleRequest(null, Object(Config\Cache), false)
 9 FCPATH\index.php(67): CodeIgniter\CodeIgniter->run()
CRITICAL - 2024-04-26 10:21:27 --> Undefined variable $api
in APPPATH\Views\laporan\tabelbulanan.php on line 95.
 1 APPPATH\Views\laporan\tabelbulanan.php(95): CodeIgniter\Debug\Exceptions->errorHandler(2, 'Undefined variable $api', 'APPPATH\\Views\\laporan\\tabelbulanan.php', 95)
 2 SYSTEMPATH\View\View.php(213): include('APPPATH\\Views\\laporan\\tabelbulanan.php')
 3 SYSTEMPATH\View\View.php(216): CodeIgniter\View\View->CodeIgniter\View\{closure}()
 4 SYSTEMPATH\Common.php(1134): CodeIgniter\View\View->render('laporan/tabelbulanan', [], true)
 5 APPPATH\Controllers\Laporan.php(164): view('laporan/tabelbulanan', [...])
 6 SYSTEMPATH\CodeIgniter.php(927): App\Controllers\Laporan->Tabelabsenlaporanbulanan()
 7 SYSTEMPATH\CodeIgniter.php(482): CodeIgniter\CodeIgniter->runController(Object(App\Controllers\Laporan))
 8 SYSTEMPATH\CodeIgniter.php(351): CodeIgniter\CodeIgniter->handleRequest(null, Object(Config\Cache), false)
 9 FCPATH\index.php(67): CodeIgniter\CodeIgniter->run()
CRITICAL - 2024-04-26 11:03:07 --> Undefined variable $api
in APPPATH\Views\laporan\tabelbulanan.php on line 95.
 1 APPPATH\Views\laporan\tabelbulanan.php(95): CodeIgniter\Debug\Exceptions->errorHandler(2, 'Undefined variable $api', 'APPPATH\\Views\\laporan\\tabelbulanan.php', 95)
 2 SYSTEMPATH\View\View.php(213): include('APPPATH\\Views\\laporan\\tabelbulanan.php')
 3 SYSTEMPATH\View\View.php(216): CodeIgniter\View\View->CodeIgniter\View\{closure}()
 4 SYSTEMPATH\Common.php(1134): CodeIgniter\View\View->render('laporan/tabelbulanan', [], true)
 5 APPPATH\Controllers\Laporan.php(164): view('laporan/tabelbulanan', [...])
 6 SYSTEMPATH\CodeIgniter.php(927): App\Controllers\Laporan->Tabelabsenlaporanbulanan()
 7 SYSTEMPATH\CodeIgniter.php(482): CodeIgniter\CodeIgniter->runController(Object(App\Controllers\Laporan))
 8 SYSTEMPATH\CodeIgniter.php(351): CodeIgniter\CodeIgniter->handleRequest(null, Object(Config\Cache), false)
 9 FCPATH\index.php(67): CodeIgniter\CodeIgniter->run()
CRITICAL - 2024-04-26 11:58:55 --> Undefined variable $api
in APPPATH\Views\laporan\tabelbulanan.php on line 95.
 1 APPPATH\Views\laporan\tabelbulanan.php(95): CodeIgniter\Debug\Exceptions->errorHandler(2, 'Undefined variable $api', 'APPPATH\\Views\\laporan\\tabelbulanan.php', 95)
 2 SYSTEMPATH\View\View.php(213): include('APPPATH\\Views\\laporan\\tabelbulanan.php')
 3 SYSTEMPATH\View\View.php(216): CodeIgniter\View\View->CodeIgniter\View\{closure}()
 4 SYSTEMPATH\Common.php(1134): CodeIgniter\View\View->render('laporan/tabelbulanan', [], true)
 5 APPPATH\Controllers\Laporan.php(164): view('laporan/tabelbulanan', [...])
 6 SYSTEMPATH\CodeIgniter.php(927): App\Controllers\Laporan->Tabelabsenlaporanbulanan()
 7 SYSTEMPATH\CodeIgniter.php(482): CodeIgniter\CodeIgniter->runController(Object(App\Controllers\Laporan))
 8 SYSTEMPATH\CodeIgniter.php(351): CodeIgniter\CodeIgniter->handleRequest(null, Object(Config\Cache), false)
 9 FCPATH\index.php(67): CodeIgniter\CodeIgniter->run()
CRITICAL - 2024-04-26 14:18:25 --> Undefined variable $api
in APPPATH\Views\laporan\tabelbulanan.php on line 95.
 1 APPPATH\Views\laporan\tabelbulanan.php(95): CodeIgniter\Debug\Exceptions->errorHandler(2, 'Undefined variable $api', 'APPPATH\\Views\\laporan\\tabelbulanan.php', 95)
 2 SYSTEMPATH\View\View.php(213): include('APPPATH\\Views\\laporan\\tabelbulanan.php')
 3 SYSTEMPATH\View\View.php(216): CodeIgniter\View\View->CodeIgniter\View\{closure}()
 4 SYSTEMPATH\Common.php(1134): CodeIgniter\View\View->render('laporan/tabelbulanan', [], true)
 5 APPPATH\Controllers\Laporan.php(164): view('laporan/tabelbulanan', [...])
 6 SYSTEMPATH\CodeIgniter.php(927): App\Controllers\Laporan->Tabelabsenlaporanbulanan()
 7 SYSTEMPATH\CodeIgniter.php(482): CodeIgniter\CodeIgniter->runController(Object(App\Controllers\Laporan))
 8 SYSTEMPATH\CodeIgniter.php(351): CodeIgniter\CodeIgniter->handleRequest(null, Object(Config\Cache), false)
 9 FCPATH\index.php(67): CodeIgniter\CodeIgniter->run()
CRITICAL - 2024-04-26 14:19:52 --> Allowed memory size of 2147483648 bytes exhausted (tried to allocate 970985472 bytes)
in APPPATH\Views\errors\html\error_exception.php on line 96.
 1 [internal function]: CodeIgniter\Debug\Exceptions->shutdownHandler()
ERROR - 2024-04-26 14:40:24 --> mysqli_sql_exception: Column 'tglinv' in field list is ambiguous in C:\xampp\htdocs\wiharta\system\Database\MySQLi\Connection.php:292
Stack trace:
#0 C:\xampp\htdocs\wiharta\system\Database\MySQLi\Connection.php(292): mysqli->query('SELECT COUNT(*)...', 0)
#1 C:\xampp\htdocs\wiharta\system\Database\BaseConnection.php(666): CodeIgniter\Database\MySQLi\Connection->execute('SELECT COUNT(*)...')
#2 C:\xampp\htdocs\wiharta\system\Database\BaseConnection.php(593): CodeIgniter\Database\BaseConnection->simpleQuery('SELECT COUNT(*)...')
#3 C:\xampp\htdocs\wiharta\system\Database\BaseBuilder.php(1669): CodeIgniter\Database\BaseConnection->query('SELECT COUNT(*)...', Array, false)
#4 C:\xampp\htdocs\wiharta\system\Model.php(551): CodeIgniter\Database\BaseBuilder->countAllResults(true)
#5 C:\xampp\htdocs\wiharta\app\Models\exim\barangjadi\Exportmutasi_model.php(242): CodeIgniter\Model->countAllResults()
#6 C:\xampp\htdocs\wiharta\app\Controllers\exim\Exportmutasi.php(408): App\Models\exim\barangjadi\Exportmutasi_model->count_allexportmutasi()
#7 C:\xampp\htdocs\wiharta\system\CodeIgniter.php(927): App\Controllers\exim\Exportmutasi->Datatablesexport()
#8 C:\xampp\htdocs\wiharta\system\CodeIgniter.php(482): CodeIgniter\CodeIgniter->runController(Object(App\Controllers\exim\Exportmutasi))
#9 C:\xampp\htdocs\wiharta\system\CodeIgniter.php(351): CodeIgniter\CodeIgniter->handleRequest(NULL, Object(Config\Cache), false)
#10 C:\xampp\htdocs\wiharta\public\index.php(67): CodeIgniter\CodeIgniter->run()
#11 {main}
ERROR - 2024-04-26 14:50:00 --> mysqli_sql_exception: Column 'tglinv' in field list is ambiguous in C:\xampp\htdocs\wiharta\system\Database\MySQLi\Connection.php:292
Stack trace:
#0 C:\xampp\htdocs\wiharta\system\Database\MySQLi\Connection.php(292): mysqli->query('SELECT COUNT(*)...', 0)
#1 C:\xampp\htdocs\wiharta\system\Database\BaseConnection.php(666): CodeIgniter\Database\MySQLi\Connection->execute('SELECT COUNT(*)...')
#2 C:\xampp\htdocs\wiharta\system\Database\BaseConnection.php(593): CodeIgniter\Database\BaseConnection->simpleQuery('SELECT COUNT(*)...')
#3 C:\xampp\htdocs\wiharta\system\Database\BaseBuilder.php(1669): CodeIgniter\Database\BaseConnection->query('SELECT COUNT(*)...', Array, false)
#4 C:\xampp\htdocs\wiharta\system\Model.php(551): CodeIgniter\Database\BaseBuilder->countAllResults(true)
#5 C:\xampp\htdocs\wiharta\app\Models\exim\barangjadi\Exportmutasi_model.php(242): CodeIgniter\Model->countAllResults()
#6 C:\xampp\htdocs\wiharta\app\Controllers\exim\Exportmutasi.php(408): App\Models\exim\barangjadi\Exportmutasi_model->count_allexportmutasi()
#7 C:\xampp\htdocs\wiharta\system\CodeIgniter.php(927): App\Controllers\exim\Exportmutasi->Datatablesexport()
#8 C:\xampp\htdocs\wiharta\system\CodeIgniter.php(482): CodeIgniter\CodeIgniter->runController(Object(App\Controllers\exim\Exportmutasi))
#9 C:\xampp\htdocs\wiharta\system\CodeIgniter.php(351): CodeIgniter\CodeIgniter->handleRequest(NULL, Object(Config\Cache), false)
#10 C:\xampp\htdocs\wiharta\public\index.php(67): CodeIgniter\CodeIgniter->run()
#11 {main}
ERROR - 2024-04-26 14:50:56 --> mysqli_sql_exception: Column 'tglinv' in field list is ambiguous in C:\xampp\htdocs\wiharta\system\Database\MySQLi\Connection.php:292
Stack trace:
#0 C:\xampp\htdocs\wiharta\system\Database\MySQLi\Connection.php(292): mysqli->query('SELECT COUNT(*)...', 0)
#1 C:\xampp\htdocs\wiharta\system\Database\BaseConnection.php(666): CodeIgniter\Database\MySQLi\Connection->execute('SELECT COUNT(*)...')
#2 C:\xampp\htdocs\wiharta\system\Database\BaseConnection.php(593): CodeIgniter\Database\BaseConnection->simpleQuery('SELECT COUNT(*)...')
#3 C:\xampp\htdocs\wiharta\system\Database\BaseBuilder.php(1669): CodeIgniter\Database\BaseConnection->query('SELECT COUNT(*)...', Array, false)
#4 C:\xampp\htdocs\wiharta\system\Model.php(551): CodeIgniter\Database\BaseBuilder->countAllResults(true)
#5 C:\xampp\htdocs\wiharta\app\Models\exim\barangjadi\Exportmutasi_model.php(242): CodeIgniter\Model->countAllResults()
#6 C:\xampp\htdocs\wiharta\app\Controllers\exim\Exportmutasi.php(408): App\Models\exim\barangjadi\Exportmutasi_model->count_allexportmutasi()
#7 C:\xampp\htdocs\wiharta\system\CodeIgniter.php(927): App\Controllers\exim\Exportmutasi->Datatablesexport()
#8 C:\xampp\htdocs\wiharta\system\CodeIgniter.php(482): CodeIgniter\CodeIgniter->runController(Object(App\Controllers\exim\Exportmutasi))
#9 C:\xampp\htdocs\wiharta\system\CodeIgniter.php(351): CodeIgniter\CodeIgniter->handleRequest(NULL, Object(Config\Cache), false)
#10 C:\xampp\htdocs\wiharta\public\index.php(67): CodeIgniter\CodeIgniter->run()
#11 {main}
ERROR - 2024-04-26 14:51:02 --> mysqli_sql_exception: Column 'tglinv' in field list is ambiguous in C:\xampp\htdocs\wiharta\system\Database\MySQLi\Connection.php:292
Stack trace:
#0 C:\xampp\htdocs\wiharta\system\Database\MySQLi\Connection.php(292): mysqli->query('SELECT COUNT(*)...', 0)
#1 C:\xampp\htdocs\wiharta\system\Database\BaseConnection.php(666): CodeIgniter\Database\MySQLi\Connection->execute('SELECT COUNT(*)...')
#2 C:\xampp\htdocs\wiharta\system\Database\BaseConnection.php(593): CodeIgniter\Database\BaseConnection->simpleQuery('SELECT COUNT(*)...')
#3 C:\xampp\htdocs\wiharta\system\Database\BaseBuilder.php(1669): CodeIgniter\Database\BaseConnection->query('SELECT COUNT(*)...', Array, false)
#4 C:\xampp\htdocs\wiharta\system\Model.php(551): CodeIgniter\Database\BaseBuilder->countAllResults(true)
#5 C:\xampp\htdocs\wiharta\app\Models\exim\barangjadi\Exportmutasi_model.php(242): CodeIgniter\Model->countAllResults()
#6 C:\xampp\htdocs\wiharta\app\Controllers\exim\Exportmutasi.php(408): App\Models\exim\barangjadi\Exportmutasi_model->count_allexportmutasi()
#7 C:\xampp\htdocs\wiharta\system\CodeIgniter.php(927): App\Controllers\exim\Exportmutasi->Datatablesexport()
#8 C:\xampp\htdocs\wiharta\system\CodeIgniter.php(482): CodeIgniter\CodeIgniter->runController(Object(App\Controllers\exim\Exportmutasi))
#9 C:\xampp\htdocs\wiharta\system\CodeIgniter.php(351): CodeIgniter\CodeIgniter->handleRequest(NULL, Object(Config\Cache), false)
#10 C:\xampp\htdocs\wiharta\public\index.php(67): CodeIgniter\CodeIgniter->run()
#11 {main}
ERROR - 2024-04-26 14:51:17 --> mysqli_sql_exception: Column 'tglinv' in field list is ambiguous in C:\xampp\htdocs\wiharta\system\Database\MySQLi\Connection.php:292
Stack trace:
#0 C:\xampp\htdocs\wiharta\system\Database\MySQLi\Connection.php(292): mysqli->query('SELECT COUNT(*)...', 0)
#1 C:\xampp\htdocs\wiharta\system\Database\BaseConnection.php(666): CodeIgniter\Database\MySQLi\Connection->execute('SELECT COUNT(*)...')
#2 C:\xampp\htdocs\wiharta\system\Database\BaseConnection.php(593): CodeIgniter\Database\BaseConnection->simpleQuery('SELECT COUNT(*)...')
#3 C:\xampp\htdocs\wiharta\system\Database\BaseBuilder.php(1669): CodeIgniter\Database\BaseConnection->query('SELECT COUNT(*)...', Array, false)
#4 C:\xampp\htdocs\wiharta\system\Model.php(551): CodeIgniter\Database\BaseBuilder->countAllResults(true)
#5 C:\xampp\htdocs\wiharta\app\Models\exim\barangjadi\Exportmutasi_model.php(242): CodeIgniter\Model->countAllResults()
#6 C:\xampp\htdocs\wiharta\app\Controllers\exim\Exportmutasi.php(408): App\Models\exim\barangjadi\Exportmutasi_model->count_allexportmutasi()
#7 C:\xampp\htdocs\wiharta\system\CodeIgniter.php(927): App\Controllers\exim\Exportmutasi->Datatablesexport()
#8 C:\xampp\htdocs\wiharta\system\CodeIgniter.php(482): CodeIgniter\CodeIgniter->runController(Object(App\Controllers\exim\Exportmutasi))
#9 C:\xampp\htdocs\wiharta\system\CodeIgniter.php(351): CodeIgniter\CodeIgniter->handleRequest(NULL, Object(Config\Cache), false)
#10 C:\xampp\htdocs\wiharta\public\index.php(67): CodeIgniter\CodeIgniter->run()
#11 {main}
ERROR - 2024-04-26 14:51:29 --> mysqli_sql_exception: Column 'tglinv' in field list is ambiguous in C:\xampp\htdocs\wiharta\system\Database\MySQLi\Connection.php:292
Stack trace:
#0 C:\xampp\htdocs\wiharta\system\Database\MySQLi\Connection.php(292): mysqli->query('SELECT COUNT(*)...', 0)
#1 C:\xampp\htdocs\wiharta\system\Database\BaseConnection.php(666): CodeIgniter\Database\MySQLi\Connection->execute('SELECT COUNT(*)...')
#2 C:\xampp\htdocs\wiharta\system\Database\BaseConnection.php(593): CodeIgniter\Database\BaseConnection->simpleQuery('SELECT COUNT(*)...')
#3 C:\xampp\htdocs\wiharta\system\Database\BaseBuilder.php(1669): CodeIgniter\Database\BaseConnection->query('SELECT COUNT(*)...', Array, false)
#4 C:\xampp\htdocs\wiharta\system\Model.php(551): CodeIgniter\Database\BaseBuilder->countAllResults(true)
#5 C:\xampp\htdocs\wiharta\app\Models\exim\barangjadi\Exportmutasi_model.php(242): CodeIgniter\Model->countAllResults()
#6 C:\xampp\htdocs\wiharta\app\Controllers\exim\Exportmutasi.php(408): App\Models\exim\barangjadi\Exportmutasi_model->count_allexportmutasi()
#7 C:\xampp\htdocs\wiharta\system\CodeIgniter.php(927): App\Controllers\exim\Exportmutasi->Datatablesexport()
#8 C:\xampp\htdocs\wiharta\system\CodeIgniter.php(482): CodeIgniter\CodeIgniter->runController(Object(App\Controllers\exim\Exportmutasi))
#9 C:\xampp\htdocs\wiharta\system\CodeIgniter.php(351): CodeIgniter\CodeIgniter->handleRequest(NULL, Object(Config\Cache), false)
#10 C:\xampp\htdocs\wiharta\public\index.php(67): CodeIgniter\CodeIgniter->run()
#11 {main}
ERROR - 2024-04-26 14:51:40 --> mysqli_sql_exception: Column 'tglinv' in field list is ambiguous in C:\xampp\htdocs\wiharta\system\Database\MySQLi\Connection.php:292
Stack trace:
#0 C:\xampp\htdocs\wiharta\system\Database\MySQLi\Connection.php(292): mysqli->query('SELECT COUNT(*)...', 0)
#1 C:\xampp\htdocs\wiharta\system\Database\BaseConnection.php(666): CodeIgniter\Database\MySQLi\Connection->execute('SELECT COUNT(*)...')
#2 C:\xampp\htdocs\wiharta\system\Database\BaseConnection.php(593): CodeIgniter\Database\BaseConnection->simpleQuery('SELECT COUNT(*)...')
#3 C:\xampp\htdocs\wiharta\system\Database\BaseBuilder.php(1669): CodeIgniter\Database\BaseConnection->query('SELECT COUNT(*)...', Array, false)
#4 C:\xampp\htdocs\wiharta\system\Model.php(551): CodeIgniter\Database\BaseBuilder->countAllResults(true)
#5 C:\xampp\htdocs\wiharta\app\Models\exim\barangjadi\Exportmutasi_model.php(242): CodeIgniter\Model->countAllResults()
#6 C:\xampp\htdocs\wiharta\app\Controllers\exim\Exportmutasi.php(408): App\Models\exim\barangjadi\Exportmutasi_model->count_allexportmutasi()
#7 C:\xampp\htdocs\wiharta\system\CodeIgniter.php(927): App\Controllers\exim\Exportmutasi->Datatablesexport()
#8 C:\xampp\htdocs\wiharta\system\CodeIgniter.php(482): CodeIgniter\CodeIgniter->runController(Object(App\Controllers\exim\Exportmutasi))
#9 C:\xampp\htdocs\wiharta\system\CodeIgniter.php(351): CodeIgniter\CodeIgniter->handleRequest(NULL, Object(Config\Cache), false)
#10 C:\xampp\htdocs\wiharta\public\index.php(67): CodeIgniter\CodeIgniter->run()
#11 {main}
ERROR - 2024-04-26 15:03:00 --> mysqli_sql_exception: Column 'tglinv' in field list is ambiguous in C:\xampp\htdocs\wiharta\system\Database\MySQLi\Connection.php:292
Stack trace:
#0 C:\xampp\htdocs\wiharta\system\Database\MySQLi\Connection.php(292): mysqli->query('SELECT COUNT(*)...', 0)
#1 C:\xampp\htdocs\wiharta\system\Database\BaseConnection.php(666): CodeIgniter\Database\MySQLi\Connection->execute('SELECT COUNT(*)...')
#2 C:\xampp\htdocs\wiharta\system\Database\BaseConnection.php(593): CodeIgniter\Database\BaseConnection->simpleQuery('SELECT COUNT(*)...')
#3 C:\xampp\htdocs\wiharta\system\Database\BaseBuilder.php(1669): CodeIgniter\Database\BaseConnection->query('SELECT COUNT(*)...', Array, false)
#4 C:\xampp\htdocs\wiharta\system\Model.php(551): CodeIgniter\Database\BaseBuilder->countAllResults(true)
#5 C:\xampp\htdocs\wiharta\app\Models\exim\barangjadi\Exportmutasi_model.php(242): CodeIgniter\Model->countAllResults()
#6 C:\xampp\htdocs\wiharta\app\Controllers\exim\Exportmutasi.php(408): App\Models\exim\barangjadi\Exportmutasi_model->count_allexportmutasi()
#7 C:\xampp\htdocs\wiharta\system\CodeIgniter.php(927): App\Controllers\exim\Exportmutasi->Datatablesexport()
#8 C:\xampp\htdocs\wiharta\system\CodeIgniter.php(482): CodeIgniter\CodeIgniter->runController(Object(App\Controllers\exim\Exportmutasi))
#9 C:\xampp\htdocs\wiharta\system\CodeIgniter.php(351): CodeIgniter\CodeIgniter->handleRequest(NULL, Object(Config\Cache), false)
#10 C:\xampp\htdocs\wiharta\public\index.php(67): CodeIgniter\CodeIgniter->run()
#11 {main}
CRITICAL - 2024-04-26 15:15:03 --> Undefined variable $api
in APPPATH\Views\laporan\tabelbulanan.php on line 95.
 1 APPPATH\Views\laporan\tabelbulanan.php(95): CodeIgniter\Debug\Exceptions->errorHandler(2, 'Undefined variable $api', 'APPPATH\\Views\\laporan\\tabelbulanan.php', 95)
 2 SYSTEMPATH\View\View.php(213): include('APPPATH\\Views\\laporan\\tabelbulanan.php')
 3 SYSTEMPATH\View\View.php(216): CodeIgniter\View\View->CodeIgniter\View\{closure}()
 4 SYSTEMPATH\Common.php(1134): CodeIgniter\View\View->render('laporan/tabelbulanan', [], true)
 5 APPPATH\Controllers\Laporan.php(164): view('laporan/tabelbulanan', [...])
 6 SYSTEMPATH\CodeIgniter.php(927): App\Controllers\Laporan->Tabelabsenlaporanbulanan()
 7 SYSTEMPATH\CodeIgniter.php(482): CodeIgniter\CodeIgniter->runController(Object(App\Controllers\Laporan))
 8 SYSTEMPATH\CodeIgniter.php(351): CodeIgniter\CodeIgniter->handleRequest(null, Object(Config\Cache), false)
 9 FCPATH\index.php(67): CodeIgniter\CodeIgniter->run()
ERROR - 2024-04-26 15:20:36 --> mysqli_sql_exception: Column 'tglinv' in field list is ambiguous in C:\xampp\htdocs\wiharta\system\Database\MySQLi\Connection.php:292
Stack trace:
#0 C:\xampp\htdocs\wiharta\system\Database\MySQLi\Connection.php(292): mysqli->query('SELECT COUNT(*)...', 0)
#1 C:\xampp\htdocs\wiharta\system\Database\BaseConnection.php(666): CodeIgniter\Database\MySQLi\Connection->execute('SELECT COUNT(*)...')
#2 C:\xampp\htdocs\wiharta\system\Database\BaseConnection.php(593): CodeIgniter\Database\BaseConnection->simpleQuery('SELECT COUNT(*)...')
#3 C:\xampp\htdocs\wiharta\system\Database\BaseBuilder.php(1669): CodeIgniter\Database\BaseConnection->query('SELECT COUNT(*)...', Array, false)
#4 C:\xampp\htdocs\wiharta\system\Model.php(551): CodeIgniter\Database\BaseBuilder->countAllResults(true)
#5 C:\xampp\htdocs\wiharta\app\Models\exim\barangjadi\Exportmutasi_model.php(242): CodeIgniter\Model->countAllResults()
#6 C:\xampp\htdocs\wiharta\app\Controllers\exim\Exportmutasi.php(408): App\Models\exim\barangjadi\Exportmutasi_model->count_allexportmutasi()
#7 C:\xampp\htdocs\wiharta\system\CodeIgniter.php(927): App\Controllers\exim\Exportmutasi->Datatablesexport()
#8 C:\xampp\htdocs\wiharta\system\CodeIgniter.php(482): CodeIgniter\CodeIgniter->runController(Object(App\Controllers\exim\Exportmutasi))
#9 C:\xampp\htdocs\wiharta\system\CodeIgniter.php(351): CodeIgniter\CodeIgniter->handleRequest(NULL, Object(Config\Cache), false)
#10 C:\xampp\htdocs\wiharta\public\index.php(67): CodeIgniter\CodeIgniter->run()
#11 {main}
ERROR - 2024-04-26 15:20:45 --> mysqli_sql_exception: Column 'tglinv' in field list is ambiguous in C:\xampp\htdocs\wiharta\system\Database\MySQLi\Connection.php:292
Stack trace:
#0 C:\xampp\htdocs\wiharta\system\Database\MySQLi\Connection.php(292): mysqli->query('SELECT COUNT(*)...', 0)
#1 C:\xampp\htdocs\wiharta\system\Database\BaseConnection.php(666): CodeIgniter\Database\MySQLi\Connection->execute('SELECT COUNT(*)...')
#2 C:\xampp\htdocs\wiharta\system\Database\BaseConnection.php(593): CodeIgniter\Database\BaseConnection->simpleQuery('SELECT COUNT(*)...')
#3 C:\xampp\htdocs\wiharta\system\Database\BaseBuilder.php(1669): CodeIgniter\Database\BaseConnection->query('SELECT COUNT(*)...', Array, false)
#4 C:\xampp\htdocs\wiharta\system\Model.php(551): CodeIgniter\Database\BaseBuilder->countAllResults(true)
#5 C:\xampp\htdocs\wiharta\app\Models\exim\barangjadi\Exportmutasi_model.php(242): CodeIgniter\Model->countAllResults()
#6 C:\xampp\htdocs\wiharta\app\Controllers\exim\Exportmutasi.php(408): App\Models\exim\barangjadi\Exportmutasi_model->count_allexportmutasi()
#7 C:\xampp\htdocs\wiharta\system\CodeIgniter.php(927): App\Controllers\exim\Exportmutasi->Datatablesexport()
#8 C:\xampp\htdocs\wiharta\system\CodeIgniter.php(482): CodeIgniter\CodeIgniter->runController(Object(App\Controllers\exim\Exportmutasi))
#9 C:\xampp\htdocs\wiharta\system\CodeIgniter.php(351): CodeIgniter\CodeIgniter->handleRequest(NULL, Object(Config\Cache), false)
#10 C:\xampp\htdocs\wiharta\public\index.php(67): CodeIgniter\CodeIgniter->run()
#11 {main}
ERROR - 2024-04-26 15:20:47 --> mysqli_sql_exception: Column 'tglinv' in field list is ambiguous in C:\xampp\htdocs\wiharta\system\Database\MySQLi\Connection.php:292
Stack trace:
#0 C:\xampp\htdocs\wiharta\system\Database\MySQLi\Connection.php(292): mysqli->query('SELECT COUNT(*)...', 0)
#1 C:\xampp\htdocs\wiharta\system\Database\BaseConnection.php(666): CodeIgniter\Database\MySQLi\Connection->execute('SELECT COUNT(*)...')
#2 C:\xampp\htdocs\wiharta\system\Database\BaseConnection.php(593): CodeIgniter\Database\BaseConnection->simpleQuery('SELECT COUNT(*)...')
#3 C:\xampp\htdocs\wiharta\system\Database\BaseBuilder.php(1669): CodeIgniter\Database\BaseConnection->query('SELECT COUNT(*)...', Array, false)
#4 C:\xampp\htdocs\wiharta\system\Model.php(551): CodeIgniter\Database\BaseBuilder->countAllResults(true)
#5 C:\xampp\htdocs\wiharta\app\Models\exim\barangjadi\Exportmutasi_model.php(242): CodeIgniter\Model->countAllResults()
#6 C:\xampp\htdocs\wiharta\app\Controllers\exim\Exportmutasi.php(408): App\Models\exim\barangjadi\Exportmutasi_model->count_allexportmutasi()
#7 C:\xampp\htdocs\wiharta\system\CodeIgniter.php(927): App\Controllers\exim\Exportmutasi->Datatablesexport()
#8 C:\xampp\htdocs\wiharta\system\CodeIgniter.php(482): CodeIgniter\CodeIgniter->runController(Object(App\Controllers\exim\Exportmutasi))
#9 C:\xampp\htdocs\wiharta\system\CodeIgniter.php(351): CodeIgniter\CodeIgniter->handleRequest(NULL, Object(Config\Cache), false)
#10 C:\xampp\htdocs\wiharta\public\index.php(67): CodeIgniter\CodeIgniter->run()
#11 {main}
CRITICAL - 2024-04-26 15:24:32 --> Undefined variable $api
in APPPATH\Views\laporan\tabelbulanan.php on line 95.
 1 APPPATH\Views\laporan\tabelbulanan.php(95): CodeIgniter\Debug\Exceptions->errorHandler(2, 'Undefined variable $api', 'APPPATH\\Views\\laporan\\tabelbulanan.php', 95)
 2 SYSTEMPATH\View\View.php(213): include('APPPATH\\Views\\laporan\\tabelbulanan.php')
 3 SYSTEMPATH\View\View.php(216): CodeIgniter\View\View->CodeIgniter\View\{closure}()
 4 SYSTEMPATH\Common.php(1134): CodeIgniter\View\View->render('laporan/tabelbulanan', [], true)
 5 APPPATH\Controllers\Laporan.php(164): view('laporan/tabelbulanan', [...])
 6 SYSTEMPATH\CodeIgniter.php(927): App\Controllers\Laporan->Tabelabsenlaporanbulanan()
 7 SYSTEMPATH\CodeIgniter.php(482): CodeIgniter\CodeIgniter->runController(Object(App\Controllers\Laporan))
 8 SYSTEMPATH\CodeIgniter.php(351): CodeIgniter\CodeIgniter->handleRequest(null, Object(Config\Cache), false)
 9 FCPATH\index.php(67): CodeIgniter\CodeIgniter->run()
CRITICAL - 2024-04-26 15:37:00 --> Undefined variable $api
in APPPATH\Views\laporan\tabelbulanan.php on line 95.
 1 APPPATH\Views\laporan\tabelbulanan.php(95): CodeIgniter\Debug\Exceptions->errorHandler(2, 'Undefined variable $api', 'APPPATH\\Views\\laporan\\tabelbulanan.php', 95)
 2 SYSTEMPATH\View\View.php(213): include('APPPATH\\Views\\laporan\\tabelbulanan.php')
 3 SYSTEMPATH\View\View.php(216): CodeIgniter\View\View->CodeIgniter\View\{closure}()
 4 SYSTEMPATH\Common.php(1134): CodeIgniter\View\View->render('laporan/tabelbulanan', [], true)
 5 APPPATH\Controllers\Laporan.php(346): view('laporan/tabelbulanan', [...])
 6 SYSTEMPATH\CodeIgniter.php(927): App\Controllers\Laporan->Tabelabsentanlaporanbulanan()
 7 SYSTEMPATH\CodeIgniter.php(482): CodeIgniter\CodeIgniter->runController(Object(App\Controllers\Laporan))
 8 SYSTEMPATH\CodeIgniter.php(351): CodeIgniter\CodeIgniter->handleRequest(null, Object(Config\Cache), false)
 9 FCPATH\index.php(67): CodeIgniter\CodeIgniter->run()
CRITICAL - 2024-04-26 15:40:42 --> Undefined variable $api
in APPPATH\Views\laporan\tabelbulanan.php on line 95.
 1 APPPATH\Views\laporan\tabelbulanan.php(95): CodeIgniter\Debug\Exceptions->errorHandler(2, 'Undefined variable $api', 'APPPATH\\Views\\laporan\\tabelbulanan.php', 95)
 2 SYSTEMPATH\View\View.php(213): include('APPPATH\\Views\\laporan\\tabelbulanan.php')
 3 SYSTEMPATH\View\View.php(216): CodeIgniter\View\View->CodeIgniter\View\{closure}()
 4 SYSTEMPATH\Common.php(1134): CodeIgniter\View\View->render('laporan/tabelbulanan', [], true)
 5 APPPATH\Controllers\Laporan.php(164): view('laporan/tabelbulanan', [...])
 6 SYSTEMPATH\CodeIgniter.php(927): App\Controllers\Laporan->Tabelabsenlaporanbulanan()
 7 SYSTEMPATH\CodeIgniter.php(482): CodeIgniter\CodeIgniter->runController(Object(App\Controllers\Laporan))
 8 SYSTEMPATH\CodeIgniter.php(351): CodeIgniter\CodeIgniter->handleRequest(null, Object(Config\Cache), false)
 9 FCPATH\index.php(67): CodeIgniter\CodeIgniter->run()
CRITICAL - 2024-04-26 15:45:35 --> Undefined variable $api
in APPPATH\Views\laporan\tabelbulanan.php on line 95.
 1 APPPATH\Views\laporan\tabelbulanan.php(95): CodeIgniter\Debug\Exceptions->errorHandler(2, 'Undefined variable $api', 'APPPATH\\Views\\laporan\\tabelbulanan.php', 95)
 2 SYSTEMPATH\View\View.php(213): include('APPPATH\\Views\\laporan\\tabelbulanan.php')
 3 SYSTEMPATH\View\View.php(216): CodeIgniter\View\View->CodeIgniter\View\{closure}()
 4 SYSTEMPATH\Common.php(1134): CodeIgniter\View\View->render('laporan/tabelbulanan', [], true)
 5 APPPATH\Controllers\Laporan.php(164): view('laporan/tabelbulanan', [...])
 6 SYSTEMPATH\CodeIgniter.php(927): App\Controllers\Laporan->Tabelabsenlaporanbulanan()
 7 SYSTEMPATH\CodeIgniter.php(482): CodeIgniter\CodeIgniter->runController(Object(App\Controllers\Laporan))
 8 SYSTEMPATH\CodeIgniter.php(351): CodeIgniter\CodeIgniter->handleRequest(null, Object(Config\Cache), false)
 9 FCPATH\index.php(67): CodeIgniter\CodeIgniter->run()
ERROR - 2024-04-26 16:07:26 --> mysqli_sql_exception: Column 'tglinv' in field list is ambiguous in C:\xampp\htdocs\wiharta\system\Database\MySQLi\Connection.php:292
Stack trace:
#0 C:\xampp\htdocs\wiharta\system\Database\MySQLi\Connection.php(292): mysqli->query('SELECT COUNT(*)...', 0)
#1 C:\xampp\htdocs\wiharta\system\Database\BaseConnection.php(666): CodeIgniter\Database\MySQLi\Connection->execute('SELECT COUNT(*)...')
#2 C:\xampp\htdocs\wiharta\system\Database\BaseConnection.php(593): CodeIgniter\Database\BaseConnection->simpleQuery('SELECT COUNT(*)...')
#3 C:\xampp\htdocs\wiharta\system\Database\BaseBuilder.php(1669): CodeIgniter\Database\BaseConnection->query('SELECT COUNT(*)...', Array, false)
#4 C:\xampp\htdocs\wiharta\system\Model.php(551): CodeIgniter\Database\BaseBuilder->countAllResults(true)
#5 C:\xampp\htdocs\wiharta\app\Models\exim\barangjadi\Exportmutasi_model.php(242): CodeIgniter\Model->countAllResults()
#6 C:\xampp\htdocs\wiharta\app\Controllers\exim\Exportmutasi.php(408): App\Models\exim\barangjadi\Exportmutasi_model->count_allexportmutasi()
#7 C:\xampp\htdocs\wiharta\system\CodeIgniter.php(927): App\Controllers\exim\Exportmutasi->Datatablesexport()
#8 C:\xampp\htdocs\wiharta\system\CodeIgniter.php(482): CodeIgniter\CodeIgniter->runController(Object(App\Controllers\exim\Exportmutasi))
#9 C:\xampp\htdocs\wiharta\system\CodeIgniter.php(351): CodeIgniter\CodeIgniter->handleRequest(NULL, Object(Config\Cache), false)
#10 C:\xampp\htdocs\wiharta\public\index.php(67): CodeIgniter\CodeIgniter->run()
#11 {main}
ERROR - 2024-04-26 16:07:50 --> mysqli_sql_exception: Column 'tglinv' in field list is ambiguous in C:\xampp\htdocs\wiharta\system\Database\MySQLi\Connection.php:292
Stack trace:
#0 C:\xampp\htdocs\wiharta\system\Database\MySQLi\Connection.php(292): mysqli->query('SELECT COUNT(*)...', 0)
#1 C:\xampp\htdocs\wiharta\system\Database\BaseConnection.php(666): CodeIgniter\Database\MySQLi\Connection->execute('SELECT COUNT(*)...')
#2 C:\xampp\htdocs\wiharta\system\Database\BaseConnection.php(593): CodeIgniter\Database\BaseConnection->simpleQuery('SELECT COUNT(*)...')
#3 C:\xampp\htdocs\wiharta\system\Database\BaseBuilder.php(1669): CodeIgniter\Database\BaseConnection->query('SELECT COUNT(*)...', Array, false)
#4 C:\xampp\htdocs\wiharta\system\Model.php(551): CodeIgniter\Database\BaseBuilder->countAllResults(true)
#5 C:\xampp\htdocs\wiharta\app\Models\exim\barangjadi\Exportmutasi_model.php(242): CodeIgniter\Model->countAllResults()
#6 C:\xampp\htdocs\wiharta\app\Controllers\exim\Exportmutasi.php(408): App\Models\exim\barangjadi\Exportmutasi_model->count_allexportmutasi()
#7 C:\xampp\htdocs\wiharta\system\CodeIgniter.php(927): App\Controllers\exim\Exportmutasi->Datatablesexport()
#8 C:\xampp\htdocs\wiharta\system\CodeIgniter.php(482): CodeIgniter\CodeIgniter->runController(Object(App\Controllers\exim\Exportmutasi))
#9 C:\xampp\htdocs\wiharta\system\CodeIgniter.php(351): CodeIgniter\CodeIgniter->handleRequest(NULL, Object(Config\Cache), false)
#10 C:\xampp\htdocs\wiharta\public\index.php(67): CodeIgniter\CodeIgniter->run()
#11 {main}
ERROR - 2024-04-26 16:07:53 --> mysqli_sql_exception: Column 'tglinv' in field list is ambiguous in C:\xampp\htdocs\wiharta\system\Database\MySQLi\Connection.php:292
Stack trace:
#0 C:\xampp\htdocs\wiharta\system\Database\MySQLi\Connection.php(292): mysqli->query('SELECT COUNT(*)...', 0)
#1 C:\xampp\htdocs\wiharta\system\Database\BaseConnection.php(666): CodeIgniter\Database\MySQLi\Connection->execute('SELECT COUNT(*)...')
#2 C:\xampp\htdocs\wiharta\system\Database\BaseConnection.php(593): CodeIgniter\Database\BaseConnection->simpleQuery('SELECT COUNT(*)...')
#3 C:\xampp\htdocs\wiharta\system\Database\BaseBuilder.php(1669): CodeIgniter\Database\BaseConnection->query('SELECT COUNT(*)...', Array, false)
#4 C:\xampp\htdocs\wiharta\system\Model.php(551): CodeIgniter\Database\BaseBuilder->countAllResults(true)
#5 C:\xampp\htdocs\wiharta\app\Models\exim\barangjadi\Exportmutasi_model.php(242): CodeIgniter\Model->countAllResults()
#6 C:\xampp\htdocs\wiharta\app\Controllers\exim\Exportmutasi.php(408): App\Models\exim\barangjadi\Exportmutasi_model->count_allexportmutasi()
#7 C:\xampp\htdocs\wiharta\system\CodeIgniter.php(927): App\Controllers\exim\Exportmutasi->Datatablesexport()
#8 C:\xampp\htdocs\wiharta\system\CodeIgniter.php(482): CodeIgniter\CodeIgniter->runController(Object(App\Controllers\exim\Exportmutasi))
#9 C:\xampp\htdocs\wiharta\system\CodeIgniter.php(351): CodeIgniter\CodeIgniter->handleRequest(NULL, Object(Config\Cache), false)
#10 C:\xampp\htdocs\wiharta\public\index.php(67): CodeIgniter\CodeIgniter->run()
#11 {main}
ERROR - 2024-04-26 16:13:38 --> mysqli_sql_exception: Column 'tglinv' in field list is ambiguous in C:\xampp\htdocs\wiharta\system\Database\MySQLi\Connection.php:292
Stack trace:
#0 C:\xampp\htdocs\wiharta\system\Database\MySQLi\Connection.php(292): mysqli->query('SELECT COUNT(*)...', 0)
#1 C:\xampp\htdocs\wiharta\system\Database\BaseConnection.php(666): CodeIgniter\Database\MySQLi\Connection->execute('SELECT COUNT(*)...')
#2 C:\xampp\htdocs\wiharta\system\Database\BaseConnection.php(593): CodeIgniter\Database\BaseConnection->simpleQuery('SELECT COUNT(*)...')
#3 C:\xampp\htdocs\wiharta\system\Database\BaseBuilder.php(1669): CodeIgniter\Database\BaseConnection->query('SELECT COUNT(*)...', Array, false)
#4 C:\xampp\htdocs\wiharta\system\Model.php(551): CodeIgniter\Database\BaseBuilder->countAllResults(true)
#5 C:\xampp\htdocs\wiharta\app\Models\exim\barangjadi\Exportmutasi_model.php(242): CodeIgniter\Model->countAllResults()
#6 C:\xampp\htdocs\wiharta\app\Controllers\exim\Exportmutasi.php(408): App\Models\exim\barangjadi\Exportmutasi_model->count_allexportmutasi()
#7 C:\xampp\htdocs\wiharta\system\CodeIgniter.php(927): App\Controllers\exim\Exportmutasi->Datatablesexport()
#8 C:\xampp\htdocs\wiharta\system\CodeIgniter.php(482): CodeIgniter\CodeIgniter->runController(Object(App\Controllers\exim\Exportmutasi))
#9 C:\xampp\htdocs\wiharta\system\CodeIgniter.php(351): CodeIgniter\CodeIgniter->handleRequest(NULL, Object(Config\Cache), false)
#10 C:\xampp\htdocs\wiharta\public\index.php(67): CodeIgniter\CodeIgniter->run()
#11 {main}
ERROR - 2024-04-26 16:13:40 --> mysqli_sql_exception: Column 'tglinv' in field list is ambiguous in C:\xampp\htdocs\wiharta\system\Database\MySQLi\Connection.php:292
Stack trace:
#0 C:\xampp\htdocs\wiharta\system\Database\MySQLi\Connection.php(292): mysqli->query('SELECT COUNT(*)...', 0)
#1 C:\xampp\htdocs\wiharta\system\Database\BaseConnection.php(666): CodeIgniter\Database\MySQLi\Connection->execute('SELECT COUNT(*)...')
#2 C:\xampp\htdocs\wiharta\system\Database\BaseConnection.php(593): CodeIgniter\Database\BaseConnection->simpleQuery('SELECT COUNT(*)...')
#3 C:\xampp\htdocs\wiharta\system\Database\BaseBuilder.php(1669): CodeIgniter\Database\BaseConnection->query('SELECT COUNT(*)...', Array, false)
#4 C:\xampp\htdocs\wiharta\system\Model.php(551): CodeIgniter\Database\BaseBuilder->countAllResults(true)
#5 C:\xampp\htdocs\wiharta\app\Models\exim\barangjadi\Exportmutasi_model.php(242): CodeIgniter\Model->countAllResults()
#6 C:\xampp\htdocs\wiharta\app\Controllers\exim\Exportmutasi.php(408): App\Models\exim\barangjadi\Exportmutasi_model->count_allexportmutasi()
#7 C:\xampp\htdocs\wiharta\system\CodeIgniter.php(927): App\Controllers\exim\Exportmutasi->Datatablesexport()
#8 C:\xampp\htdocs\wiharta\system\CodeIgniter.php(482): CodeIgniter\CodeIgniter->runController(Object(App\Controllers\exim\Exportmutasi))
#9 C:\xampp\htdocs\wiharta\system\CodeIgniter.php(351): CodeIgniter\CodeIgniter->handleRequest(NULL, Object(Config\Cache), false)
#10 C:\xampp\htdocs\wiharta\public\index.php(67): CodeIgniter\CodeIgniter->run()
#11 {main}
ERROR - 2024-04-26 16:13:42 --> mysqli_sql_exception: Column 'tglinv' in field list is ambiguous in C:\xampp\htdocs\wiharta\system\Database\MySQLi\Connection.php:292
Stack trace:
#0 C:\xampp\htdocs\wiharta\system\Database\MySQLi\Connection.php(292): mysqli->query('SELECT COUNT(*)...', 0)
#1 C:\xampp\htdocs\wiharta\system\Database\BaseConnection.php(666): CodeIgniter\Database\MySQLi\Connection->execute('SELECT COUNT(*)...')
#2 C:\xampp\htdocs\wiharta\system\Database\BaseConnection.php(593): CodeIgniter\Database\BaseConnection->simpleQuery('SELECT COUNT(*)...')
#3 C:\xampp\htdocs\wiharta\system\Database\BaseBuilder.php(1669): CodeIgniter\Database\BaseConnection->query('SELECT COUNT(*)...', Array, false)
#4 C:\xampp\htdocs\wiharta\system\Model.php(551): CodeIgniter\Database\BaseBuilder->countAllResults(true)
#5 C:\xampp\htdocs\wiharta\app\Models\exim\barangjadi\Exportmutasi_model.php(242): CodeIgniter\Model->countAllResults()
#6 C:\xampp\htdocs\wiharta\app\Controllers\exim\Exportmutasi.php(408): App\Models\exim\barangjadi\Exportmutasi_model->count_allexportmutasi()
#7 C:\xampp\htdocs\wiharta\system\CodeIgniter.php(927): App\Controllers\exim\Exportmutasi->Datatablesexport()
#8 C:\xampp\htdocs\wiharta\system\CodeIgniter.php(482): CodeIgniter\CodeIgniter->runController(Object(App\Controllers\exim\Exportmutasi))
#9 C:\xampp\htdocs\wiharta\system\CodeIgniter.php(351): CodeIgniter\CodeIgniter->handleRequest(NULL, Object(Config\Cache), false)
#10 C:\xampp\htdocs\wiharta\public\index.php(67): CodeIgniter\CodeIgniter->run()
#11 {main}
ERROR - 2024-04-26 16:13:59 --> mysqli_sql_exception: Column 'tglinv' in field list is ambiguous in C:\xampp\htdocs\wiharta\system\Database\MySQLi\Connection.php:292
Stack trace:
#0 C:\xampp\htdocs\wiharta\system\Database\MySQLi\Connection.php(292): mysqli->query('SELECT COUNT(*)...', 0)
#1 C:\xampp\htdocs\wiharta\system\Database\BaseConnection.php(666): CodeIgniter\Database\MySQLi\Connection->execute('SELECT COUNT(*)...')
#2 C:\xampp\htdocs\wiharta\system\Database\BaseConnection.php(593): CodeIgniter\Database\BaseConnection->simpleQuery('SELECT COUNT(*)...')
#3 C:\xampp\htdocs\wiharta\system\Database\BaseBuilder.php(1669): CodeIgniter\Database\BaseConnection->query('SELECT COUNT(*)...', Array, false)
#4 C:\xampp\htdocs\wiharta\system\Model.php(551): CodeIgniter\Database\BaseBuilder->countAllResults(true)
#5 C:\xampp\htdocs\wiharta\app\Models\exim\barangjadi\Exportmutasi_model.php(242): CodeIgniter\Model->countAllResults()
#6 C:\xampp\htdocs\wiharta\app\Controllers\exim\Exportmutasi.php(408): App\Models\exim\barangjadi\Exportmutasi_model->count_allexportmutasi()
#7 C:\xampp\htdocs\wiharta\system\CodeIgniter.php(927): App\Controllers\exim\Exportmutasi->Datatablesexport()
#8 C:\xampp\htdocs\wiharta\system\CodeIgniter.php(482): CodeIgniter\CodeIgniter->runController(Object(App\Controllers\exim\Exportmutasi))
#9 C:\xampp\htdocs\wiharta\system\CodeIgniter.php(351): CodeIgniter\CodeIgniter->handleRequest(NULL, Object(Config\Cache), false)
#10 C:\xampp\htdocs\wiharta\public\index.php(67): CodeIgniter\CodeIgniter->run()
#11 {main}
ERROR - 2024-04-26 16:14:02 --> mysqli_sql_exception: Column 'tglinv' in field list is ambiguous in C:\xampp\htdocs\wiharta\system\Database\MySQLi\Connection.php:292
Stack trace:
#0 C:\xampp\htdocs\wiharta\system\Database\MySQLi\Connection.php(292): mysqli->query('SELECT COUNT(*)...', 0)
#1 C:\xampp\htdocs\wiharta\system\Database\BaseConnection.php(666): CodeIgniter\Database\MySQLi\Connection->execute('SELECT COUNT(*)...')
#2 C:\xampp\htdocs\wiharta\system\Database\BaseConnection.php(593): CodeIgniter\Database\BaseConnection->simpleQuery('SELECT COUNT(*)...')
#3 C:\xampp\htdocs\wiharta\system\Database\BaseBuilder.php(1669): CodeIgniter\Database\BaseConnection->query('SELECT COUNT(*)...', Array, false)
#4 C:\xampp\htdocs\wiharta\system\Model.php(551): CodeIgniter\Database\BaseBuilder->countAllResults(true)
#5 C:\xampp\htdocs\wiharta\app\Models\exim\barangjadi\Exportmutasi_model.php(242): CodeIgniter\Model->countAllResults()
#6 C:\xampp\htdocs\wiharta\app\Controllers\exim\Exportmutasi.php(408): App\Models\exim\barangjadi\Exportmutasi_model->count_allexportmutasi()
#7 C:\xampp\htdocs\wiharta\system\CodeIgniter.php(927): App\Controllers\exim\Exportmutasi->Datatablesexport()
#8 C:\xampp\htdocs\wiharta\system\CodeIgniter.php(482): CodeIgniter\CodeIgniter->runController(Object(App\Controllers\exim\Exportmutasi))
#9 C:\xampp\htdocs\wiharta\system\CodeIgniter.php(351): CodeIgniter\CodeIgniter->handleRequest(NULL, Object(Config\Cache), false)
#10 C:\xampp\htdocs\wiharta\public\index.php(67): CodeIgniter\CodeIgniter->run()
#11 {main}
ERROR - 2024-04-26 16:14:20 --> mysqli_sql_exception: Column 'tglinv' in field list is ambiguous in C:\xampp\htdocs\wiharta\system\Database\MySQLi\Connection.php:292
Stack trace:
#0 C:\xampp\htdocs\wiharta\system\Database\MySQLi\Connection.php(292): mysqli->query('SELECT COUNT(*)...', 0)
#1 C:\xampp\htdocs\wiharta\system\Database\BaseConnection.php(666): CodeIgniter\Database\MySQLi\Connection->execute('SELECT COUNT(*)...')
#2 C:\xampp\htdocs\wiharta\system\Database\BaseConnection.php(593): CodeIgniter\Database\BaseConnection->simpleQuery('SELECT COUNT(*)...')
#3 C:\xampp\htdocs\wiharta\system\Database\BaseBuilder.php(1669): CodeIgniter\Database\BaseConnection->query('SELECT COUNT(*)...', Array, false)
#4 C:\xampp\htdocs\wiharta\system\Model.php(551): CodeIgniter\Database\BaseBuilder->countAllResults(true)
#5 C:\xampp\htdocs\wiharta\app\Models\exim\barangjadi\Exportmutasi_model.php(242): CodeIgniter\Model->countAllResults()
#6 C:\xampp\htdocs\wiharta\app\Controllers\exim\Exportmutasi.php(408): App\Models\exim\barangjadi\Exportmutasi_model->count_allexportmutasi()
#7 C:\xampp\htdocs\wiharta\system\CodeIgniter.php(927): App\Controllers\exim\Exportmutasi->Datatablesexport()
#8 C:\xampp\htdocs\wiharta\system\CodeIgniter.php(482): CodeIgniter\CodeIgniter->runController(Object(App\Controllers\exim\Exportmutasi))
#9 C:\xampp\htdocs\wiharta\system\CodeIgniter.php(351): CodeIgniter\CodeIgniter->handleRequest(NULL, Object(Config\Cache), false)
#10 C:\xampp\htdocs\wiharta\public\index.php(67): CodeIgniter\CodeIgniter->run()
#11 {main}
ERROR - 2024-04-26 16:59:00 --> mysqli_sql_exception: Column 'tglinv' in field list is ambiguous in C:\xampp\htdocs\wiharta\system\Database\MySQLi\Connection.php:292
Stack trace:
#0 C:\xampp\htdocs\wiharta\system\Database\MySQLi\Connection.php(292): mysqli->query('SELECT COUNT(*)...', 0)
#1 C:\xampp\htdocs\wiharta\system\Database\BaseConnection.php(666): CodeIgniter\Database\MySQLi\Connection->execute('SELECT COUNT(*)...')
#2 C:\xampp\htdocs\wiharta\system\Database\BaseConnection.php(593): CodeIgniter\Database\BaseConnection->simpleQuery('SELECT COUNT(*)...')
#3 C:\xampp\htdocs\wiharta\system\Database\BaseBuilder.php(1669): CodeIgniter\Database\BaseConnection->query('SELECT COUNT(*)...', Array, false)
#4 C:\xampp\htdocs\wiharta\system\Model.php(551): CodeIgniter\Database\BaseBuilder->countAllResults(true)
#5 C:\xampp\htdocs\wiharta\app\Models\exim\barangjadi\Exportmutasi_model.php(242): CodeIgniter\Model->countAllResults()
#6 C:\xampp\htdocs\wiharta\app\Controllers\exim\Exportmutasi.php(408): App\Models\exim\barangjadi\Exportmutasi_model->count_allexportmutasi()
#7 C:\xampp\htdocs\wiharta\system\CodeIgniter.php(927): App\Controllers\exim\Exportmutasi->Datatablesexport()
#8 C:\xampp\htdocs\wiharta\system\CodeIgniter.php(482): CodeIgniter\CodeIgniter->runController(Object(App\Controllers\exim\Exportmutasi))
#9 C:\xampp\htdocs\wiharta\system\CodeIgniter.php(351): CodeIgniter\CodeIgniter->handleRequest(NULL, Object(Config\Cache), false)
#10 C:\xampp\htdocs\wiharta\public\index.php(67): CodeIgniter\CodeIgniter->run()
#11 {main}
ERROR - 2024-04-26 16:59:11 --> mysqli_sql_exception: Column 'tglinv' in field list is ambiguous in C:\xampp\htdocs\wiharta\system\Database\MySQLi\Connection.php:292
Stack trace:
#0 C:\xampp\htdocs\wiharta\system\Database\MySQLi\Connection.php(292): mysqli->query('SELECT COUNT(*)...', 0)
#1 C:\xampp\htdocs\wiharta\system\Database\BaseConnection.php(666): CodeIgniter\Database\MySQLi\Connection->execute('SELECT COUNT(*)...')
#2 C:\xampp\htdocs\wiharta\system\Database\BaseConnection.php(593): CodeIgniter\Database\BaseConnection->simpleQuery('SELECT COUNT(*)...')
#3 C:\xampp\htdocs\wiharta\system\Database\BaseBuilder.php(1669): CodeIgniter\Database\BaseConnection->query('SELECT COUNT(*)...', Array, false)
#4 C:\xampp\htdocs\wiharta\system\Model.php(551): CodeIgniter\Database\BaseBuilder->countAllResults(true)
#5 C:\xampp\htdocs\wiharta\app\Models\exim\barangjadi\Exportmutasi_model.php(242): CodeIgniter\Model->countAllResults()
#6 C:\xampp\htdocs\wiharta\app\Controllers\exim\Exportmutasi.php(408): App\Models\exim\barangjadi\Exportmutasi_model->count_allexportmutasi()
#7 C:\xampp\htdocs\wiharta\system\CodeIgniter.php(927): App\Controllers\exim\Exportmutasi->Datatablesexport()
#8 C:\xampp\htdocs\wiharta\system\CodeIgniter.php(482): CodeIgniter\CodeIgniter->runController(Object(App\Controllers\exim\Exportmutasi))
#9 C:\xampp\htdocs\wiharta\system\CodeIgniter.php(351): CodeIgniter\CodeIgniter->handleRequest(NULL, Object(Config\Cache), false)
#10 C:\xampp\htdocs\wiharta\public\index.php(67): CodeIgniter\CodeIgniter->run()
#11 {main}
ERROR - 2024-04-26 16:59:17 --> mysqli_sql_exception: Column 'tglinv' in field list is ambiguous in C:\xampp\htdocs\wiharta\system\Database\MySQLi\Connection.php:292
Stack trace:
#0 C:\xampp\htdocs\wiharta\system\Database\MySQLi\Connection.php(292): mysqli->query('SELECT COUNT(*)...', 0)
#1 C:\xampp\htdocs\wiharta\system\Database\BaseConnection.php(666): CodeIgniter\Database\MySQLi\Connection->execute('SELECT COUNT(*)...')
#2 C:\xampp\htdocs\wiharta\system\Database\BaseConnection.php(593): CodeIgniter\Database\BaseConnection->simpleQuery('SELECT COUNT(*)...')
#3 C:\xampp\htdocs\wiharta\system\Database\BaseBuilder.php(1669): CodeIgniter\Database\BaseConnection->query('SELECT COUNT(*)...', Array, false)
#4 C:\xampp\htdocs\wiharta\system\Model.php(551): CodeIgniter\Database\BaseBuilder->countAllResults(true)
#5 C:\xampp\htdocs\wiharta\app\Models\exim\barangjadi\Exportmutasi_model.php(242): CodeIgniter\Model->countAllResults()
#6 C:\xampp\htdocs\wiharta\app\Controllers\exim\Exportmutasi.php(408): App\Models\exim\barangjadi\Exportmutasi_model->count_allexportmutasi()
#7 C:\xampp\htdocs\wiharta\system\CodeIgniter.php(927): App\Controllers\exim\Exportmutasi->Datatablesexport()
#8 C:\xampp\htdocs\wiharta\system\CodeIgniter.php(482): CodeIgniter\CodeIgniter->runController(Object(App\Controllers\exim\Exportmutasi))
#9 C:\xampp\htdocs\wiharta\system\CodeIgniter.php(351): CodeIgniter\CodeIgniter->handleRequest(NULL, Object(Config\Cache), false)
#10 C:\xampp\htdocs\wiharta\public\index.php(67): CodeIgniter\CodeIgniter->run()
#11 {main}
ERROR - 2024-04-26 16:59:18 --> mysqli_sql_exception: Column 'tglinv' in field list is ambiguous in C:\xampp\htdocs\wiharta\system\Database\MySQLi\Connection.php:292
Stack trace:
#0 C:\xampp\htdocs\wiharta\system\Database\MySQLi\Connection.php(292): mysqli->query('SELECT COUNT(*)...', 0)
#1 C:\xampp\htdocs\wiharta\system\Database\BaseConnection.php(666): CodeIgniter\Database\MySQLi\Connection->execute('SELECT COUNT(*)...')
#2 C:\xampp\htdocs\wiharta\system\Database\BaseConnection.php(593): CodeIgniter\Database\BaseConnection->simpleQuery('SELECT COUNT(*)...')
#3 C:\xampp\htdocs\wiharta\system\Database\BaseBuilder.php(1669): CodeIgniter\Database\BaseConnection->query('SELECT COUNT(*)...', Array, false)
#4 C:\xampp\htdocs\wiharta\system\Model.php(551): CodeIgniter\Database\BaseBuilder->countAllResults(true)
#5 C:\xampp\htdocs\wiharta\app\Models\exim\barangjadi\Exportmutasi_model.php(242): CodeIgniter\Model->countAllResults()
#6 C:\xampp\htdocs\wiharta\app\Controllers\exim\Exportmutasi.php(408): App\Models\exim\barangjadi\Exportmutasi_model->count_allexportmutasi()
#7 C:\xampp\htdocs\wiharta\system\CodeIgniter.php(927): App\Controllers\exim\Exportmutasi->Datatablesexport()
#8 C:\xampp\htdocs\wiharta\system\CodeIgniter.php(482): CodeIgniter\CodeIgniter->runController(Object(App\Controllers\exim\Exportmutasi))
#9 C:\xampp\htdocs\wiharta\system\CodeIgniter.php(351): CodeIgniter\CodeIgniter->handleRequest(NULL, Object(Config\Cache), false)
#10 C:\xampp\htdocs\wiharta\public\index.php(67): CodeIgniter\CodeIgniter->run()
#11 {main}
ERROR - 2024-04-26 16:59:33 --> mysqli_sql_exception: Column 'tglinv' in field list is ambiguous in C:\xampp\htdocs\wiharta\system\Database\MySQLi\Connection.php:292
Stack trace:
#0 C:\xampp\htdocs\wiharta\system\Database\MySQLi\Connection.php(292): mysqli->query('SELECT COUNT(*)...', 0)
#1 C:\xampp\htdocs\wiharta\system\Database\BaseConnection.php(666): CodeIgniter\Database\MySQLi\Connection->execute('SELECT COUNT(*)...')
#2 C:\xampp\htdocs\wiharta\system\Database\BaseConnection.php(593): CodeIgniter\Database\BaseConnection->simpleQuery('SELECT COUNT(*)...')
#3 C:\xampp\htdocs\wiharta\system\Database\BaseBuilder.php(1669): CodeIgniter\Database\BaseConnection->query('SELECT COUNT(*)...', Array, false)
#4 C:\xampp\htdocs\wiharta\system\Model.php(551): CodeIgniter\Database\BaseBuilder->countAllResults(true)
#5 C:\xampp\htdocs\wiharta\app\Models\exim\barangjadi\Exportmutasi_model.php(242): CodeIgniter\Model->countAllResults()
#6 C:\xampp\htdocs\wiharta\app\Controllers\exim\Exportmutasi.php(408): App\Models\exim\barangjadi\Exportmutasi_model->count_allexportmutasi()
#7 C:\xampp\htdocs\wiharta\system\CodeIgniter.php(927): App\Controllers\exim\Exportmutasi->Datatablesexport()
#8 C:\xampp\htdocs\wiharta\system\CodeIgniter.php(482): CodeIgniter\CodeIgniter->runController(Object(App\Controllers\exim\Exportmutasi))
#9 C:\xampp\htdocs\wiharta\system\CodeIgniter.php(351): CodeIgniter\CodeIgniter->handleRequest(NULL, Object(Config\Cache), false)
#10 C:\xampp\htdocs\wiharta\public\index.php(67): CodeIgniter\CodeIgniter->run()
#11 {main}
