ERROR - 2024-06-24 10:33:28 --> mysqli_sql_exception: Column 'tglinv' in field list is ambiguous in C:\xampp\htdocs\wiharta\system\Database\MySQLi\Connection.php:292
Stack trace:
#0 C:\xampp\htdocs\wiharta\system\Database\MySQLi\Connection.php(292): mysqli->query('SELECT COUNT(*)...', 0)
#1 C:\xampp\htdocs\wiharta\system\Database\BaseConnection.php(666): CodeIgniter\Database\MySQLi\Connection->execute('SELECT COUNT(*)...')
#2 C:\xampp\htdocs\wiharta\system\Database\BaseConnection.php(593): CodeIgniter\Database\BaseConnection->simpleQuery('SELECT COUNT(*)...')
#3 C:\xampp\htdocs\wiharta\system\Database\BaseBuilder.php(1669): CodeIgniter\Database\BaseConnection->query('SELECT COUNT(*)...', Array, false)
#4 C:\xampp\htdocs\wiharta\system\Model.php(551): CodeIgniter\Database\BaseBuilder->countAllResults(true)
#5 C:\xampp\htdocs\wiharta\app\Models\exim\barangjadi\Exportmutasi_model.php(242): CodeIgniter\Model->countAllResults()
#6 C:\xampp\htdocs\wiharta\app\Controllers\exim\Exportmutasi.php(408): App\Models\exim\barangjadi\Exportmutasi_model->count_allexportmutasi()
#7 C:\xampp\htdocs\wiharta\system\CodeIgniter.php(927): App\Controllers\exim\Exportmutasi->Datatablesexport()
#8 C:\xampp\htdocs\wiharta\system\CodeIgniter.php(482): CodeIgniter\CodeIgniter->runController(Object(App\Controllers\exim\Exportmutasi))
#9 C:\xampp\htdocs\wiharta\system\CodeIgniter.php(351): CodeIgniter\CodeIgniter->handleRequest(NULL, Object(Config\Cache), false)
#10 C:\xampp\htdocs\wiharta\public\index.php(67): CodeIgniter\CodeIgniter->run()
#11 {main}
ERROR - 2024-06-24 10:33:33 --> mysqli_sql_exception: Column 'tglinv' in field list is ambiguous in C:\xampp\htdocs\wiharta\system\Database\MySQLi\Connection.php:292
Stack trace:
#0 C:\xampp\htdocs\wiharta\system\Database\MySQLi\Connection.php(292): mysqli->query('SELECT COUNT(*)...', 0)
#1 C:\xampp\htdocs\wiharta\system\Database\BaseConnection.php(666): CodeIgniter\Database\MySQLi\Connection->execute('SELECT COUNT(*)...')
#2 C:\xampp\htdocs\wiharta\system\Database\BaseConnection.php(593): CodeIgniter\Database\BaseConnection->simpleQuery('SELECT COUNT(*)...')
#3 C:\xampp\htdocs\wiharta\system\Database\BaseBuilder.php(1669): CodeIgniter\Database\BaseConnection->query('SELECT COUNT(*)...', Array, false)
#4 C:\xampp\htdocs\wiharta\system\Model.php(551): CodeIgniter\Database\BaseBuilder->countAllResults(true)
#5 C:\xampp\htdocs\wiharta\app\Models\exim\barangjadi\Exportmutasi_model.php(242): CodeIgniter\Model->countAllResults()
#6 C:\xampp\htdocs\wiharta\app\Controllers\exim\Exportmutasi.php(408): App\Models\exim\barangjadi\Exportmutasi_model->count_allexportmutasi()
#7 C:\xampp\htdocs\wiharta\system\CodeIgniter.php(927): App\Controllers\exim\Exportmutasi->Datatablesexport()
#8 C:\xampp\htdocs\wiharta\system\CodeIgniter.php(482): CodeIgniter\CodeIgniter->runController(Object(App\Controllers\exim\Exportmutasi))
#9 C:\xampp\htdocs\wiharta\system\CodeIgniter.php(351): CodeIgniter\CodeIgniter->handleRequest(NULL, Object(Config\Cache), false)
#10 C:\xampp\htdocs\wiharta\public\index.php(67): CodeIgniter\CodeIgniter->run()
#11 {main}
ERROR - 2024-06-24 10:33:36 --> mysqli_sql_exception: Column 'tglinv' in field list is ambiguous in C:\xampp\htdocs\wiharta\system\Database\MySQLi\Connection.php:292
Stack trace:
#0 C:\xampp\htdocs\wiharta\system\Database\MySQLi\Connection.php(292): mysqli->query('SELECT COUNT(*)...', 0)
#1 C:\xampp\htdocs\wiharta\system\Database\BaseConnection.php(666): CodeIgniter\Database\MySQLi\Connection->execute('SELECT COUNT(*)...')
#2 C:\xampp\htdocs\wiharta\system\Database\BaseConnection.php(593): CodeIgniter\Database\BaseConnection->simpleQuery('SELECT COUNT(*)...')
#3 C:\xampp\htdocs\wiharta\system\Database\BaseBuilder.php(1669): CodeIgniter\Database\BaseConnection->query('SELECT COUNT(*)...', Array, false)
#4 C:\xampp\htdocs\wiharta\system\Model.php(551): CodeIgniter\Database\BaseBuilder->countAllResults(true)
#5 C:\xampp\htdocs\wiharta\app\Models\exim\barangjadi\Exportmutasi_model.php(242): CodeIgniter\Model->countAllResults()
#6 C:\xampp\htdocs\wiharta\app\Controllers\exim\Exportmutasi.php(408): App\Models\exim\barangjadi\Exportmutasi_model->count_allexportmutasi()
#7 C:\xampp\htdocs\wiharta\system\CodeIgniter.php(927): App\Controllers\exim\Exportmutasi->Datatablesexport()
#8 C:\xampp\htdocs\wiharta\system\CodeIgniter.php(482): CodeIgniter\CodeIgniter->runController(Object(App\Controllers\exim\Exportmutasi))
#9 C:\xampp\htdocs\wiharta\system\CodeIgniter.php(351): CodeIgniter\CodeIgniter->handleRequest(NULL, Object(Config\Cache), false)
#10 C:\xampp\htdocs\wiharta\public\index.php(67): CodeIgniter\CodeIgniter->run()
#11 {main}
ERROR - 2024-06-24 10:33:48 --> mysqli_sql_exception: Column 'tglinv' in field list is ambiguous in C:\xampp\htdocs\wiharta\system\Database\MySQLi\Connection.php:292
Stack trace:
#0 C:\xampp\htdocs\wiharta\system\Database\MySQLi\Connection.php(292): mysqli->query('SELECT COUNT(*)...', 0)
#1 C:\xampp\htdocs\wiharta\system\Database\BaseConnection.php(666): CodeIgniter\Database\MySQLi\Connection->execute('SELECT COUNT(*)...')
#2 C:\xampp\htdocs\wiharta\system\Database\BaseConnection.php(593): CodeIgniter\Database\BaseConnection->simpleQuery('SELECT COUNT(*)...')
#3 C:\xampp\htdocs\wiharta\system\Database\BaseBuilder.php(1669): CodeIgniter\Database\BaseConnection->query('SELECT COUNT(*)...', Array, false)
#4 C:\xampp\htdocs\wiharta\system\Model.php(551): CodeIgniter\Database\BaseBuilder->countAllResults(true)
#5 C:\xampp\htdocs\wiharta\app\Models\exim\barangjadi\Exportmutasi_model.php(242): CodeIgniter\Model->countAllResults()
#6 C:\xampp\htdocs\wiharta\app\Controllers\exim\Exportmutasi.php(408): App\Models\exim\barangjadi\Exportmutasi_model->count_allexportmutasi()
#7 C:\xampp\htdocs\wiharta\system\CodeIgniter.php(927): App\Controllers\exim\Exportmutasi->Datatablesexport()
#8 C:\xampp\htdocs\wiharta\system\CodeIgniter.php(482): CodeIgniter\CodeIgniter->runController(Object(App\Controllers\exim\Exportmutasi))
#9 C:\xampp\htdocs\wiharta\system\CodeIgniter.php(351): CodeIgniter\CodeIgniter->handleRequest(NULL, Object(Config\Cache), false)
#10 C:\xampp\htdocs\wiharta\public\index.php(67): CodeIgniter\CodeIgniter->run()
#11 {main}
ERROR - 2024-06-24 10:33:49 --> mysqli_sql_exception: Column 'tglinv' in field list is ambiguous in C:\xampp\htdocs\wiharta\system\Database\MySQLi\Connection.php:292
Stack trace:
#0 C:\xampp\htdocs\wiharta\system\Database\MySQLi\Connection.php(292): mysqli->query('SELECT COUNT(*)...', 0)
#1 C:\xampp\htdocs\wiharta\system\Database\BaseConnection.php(666): CodeIgniter\Database\MySQLi\Connection->execute('SELECT COUNT(*)...')
#2 C:\xampp\htdocs\wiharta\system\Database\BaseConnection.php(593): CodeIgniter\Database\BaseConnection->simpleQuery('SELECT COUNT(*)...')
#3 C:\xampp\htdocs\wiharta\system\Database\BaseBuilder.php(1669): CodeIgniter\Database\BaseConnection->query('SELECT COUNT(*)...', Array, false)
#4 C:\xampp\htdocs\wiharta\system\Model.php(551): CodeIgniter\Database\BaseBuilder->countAllResults(true)
#5 C:\xampp\htdocs\wiharta\app\Models\exim\barangjadi\Exportmutasi_model.php(242): CodeIgniter\Model->countAllResults()
#6 C:\xampp\htdocs\wiharta\app\Controllers\exim\Exportmutasi.php(408): App\Models\exim\barangjadi\Exportmutasi_model->count_allexportmutasi()
#7 C:\xampp\htdocs\wiharta\system\CodeIgniter.php(927): App\Controllers\exim\Exportmutasi->Datatablesexport()
#8 C:\xampp\htdocs\wiharta\system\CodeIgniter.php(482): CodeIgniter\CodeIgniter->runController(Object(App\Controllers\exim\Exportmutasi))
#9 C:\xampp\htdocs\wiharta\system\CodeIgniter.php(351): CodeIgniter\CodeIgniter->handleRequest(NULL, Object(Config\Cache), false)
#10 C:\xampp\htdocs\wiharta\public\index.php(67): CodeIgniter\CodeIgniter->run()
#11 {main}
ERROR - 2024-06-24 10:33:52 --> mysqli_sql_exception: Column 'tglinv' in field list is ambiguous in C:\xampp\htdocs\wiharta\system\Database\MySQLi\Connection.php:292
Stack trace:
#0 C:\xampp\htdocs\wiharta\system\Database\MySQLi\Connection.php(292): mysqli->query('SELECT COUNT(*)...', 0)
#1 C:\xampp\htdocs\wiharta\system\Database\BaseConnection.php(666): CodeIgniter\Database\MySQLi\Connection->execute('SELECT COUNT(*)...')
#2 C:\xampp\htdocs\wiharta\system\Database\BaseConnection.php(593): CodeIgniter\Database\BaseConnection->simpleQuery('SELECT COUNT(*)...')
#3 C:\xampp\htdocs\wiharta\system\Database\BaseBuilder.php(1669): CodeIgniter\Database\BaseConnection->query('SELECT COUNT(*)...', Array, false)
#4 C:\xampp\htdocs\wiharta\system\Model.php(551): CodeIgniter\Database\BaseBuilder->countAllResults(true)
#5 C:\xampp\htdocs\wiharta\app\Models\exim\barangjadi\Exportmutasi_model.php(242): CodeIgniter\Model->countAllResults()
#6 C:\xampp\htdocs\wiharta\app\Controllers\exim\Exportmutasi.php(408): App\Models\exim\barangjadi\Exportmutasi_model->count_allexportmutasi()
#7 C:\xampp\htdocs\wiharta\system\CodeIgniter.php(927): App\Controllers\exim\Exportmutasi->Datatablesexport()
#8 C:\xampp\htdocs\wiharta\system\CodeIgniter.php(482): CodeIgniter\CodeIgniter->runController(Object(App\Controllers\exim\Exportmutasi))
#9 C:\xampp\htdocs\wiharta\system\CodeIgniter.php(351): CodeIgniter\CodeIgniter->handleRequest(NULL, Object(Config\Cache), false)
#10 C:\xampp\htdocs\wiharta\public\index.php(67): CodeIgniter\CodeIgniter->run()
#11 {main}
ERROR - 2024-06-24 10:33:53 --> mysqli_sql_exception: Column 'tglinv' in field list is ambiguous in C:\xampp\htdocs\wiharta\system\Database\MySQLi\Connection.php:292
Stack trace:
#0 C:\xampp\htdocs\wiharta\system\Database\MySQLi\Connection.php(292): mysqli->query('SELECT COUNT(*)...', 0)
#1 C:\xampp\htdocs\wiharta\system\Database\BaseConnection.php(666): CodeIgniter\Database\MySQLi\Connection->execute('SELECT COUNT(*)...')
#2 C:\xampp\htdocs\wiharta\system\Database\BaseConnection.php(593): CodeIgniter\Database\BaseConnection->simpleQuery('SELECT COUNT(*)...')
#3 C:\xampp\htdocs\wiharta\system\Database\BaseBuilder.php(1669): CodeIgniter\Database\BaseConnection->query('SELECT COUNT(*)...', Array, false)
#4 C:\xampp\htdocs\wiharta\system\Model.php(551): CodeIgniter\Database\BaseBuilder->countAllResults(true)
#5 C:\xampp\htdocs\wiharta\app\Models\exim\barangjadi\Exportmutasi_model.php(242): CodeIgniter\Model->countAllResults()
#6 C:\xampp\htdocs\wiharta\app\Controllers\exim\Exportmutasi.php(408): App\Models\exim\barangjadi\Exportmutasi_model->count_allexportmutasi()
#7 C:\xampp\htdocs\wiharta\system\CodeIgniter.php(927): App\Controllers\exim\Exportmutasi->Datatablesexport()
#8 C:\xampp\htdocs\wiharta\system\CodeIgniter.php(482): CodeIgniter\CodeIgniter->runController(Object(App\Controllers\exim\Exportmutasi))
#9 C:\xampp\htdocs\wiharta\system\CodeIgniter.php(351): CodeIgniter\CodeIgniter->handleRequest(NULL, Object(Config\Cache), false)
#10 C:\xampp\htdocs\wiharta\public\index.php(67): CodeIgniter\CodeIgniter->run()
#11 {main}
ERROR - 2024-06-24 10:33:55 --> mysqli_sql_exception: Column 'tglinv' in field list is ambiguous in C:\xampp\htdocs\wiharta\system\Database\MySQLi\Connection.php:292
Stack trace:
#0 C:\xampp\htdocs\wiharta\system\Database\MySQLi\Connection.php(292): mysqli->query('SELECT COUNT(*)...', 0)
#1 C:\xampp\htdocs\wiharta\system\Database\BaseConnection.php(666): CodeIgniter\Database\MySQLi\Connection->execute('SELECT COUNT(*)...')
#2 C:\xampp\htdocs\wiharta\system\Database\BaseConnection.php(593): CodeIgniter\Database\BaseConnection->simpleQuery('SELECT COUNT(*)...')
#3 C:\xampp\htdocs\wiharta\system\Database\BaseBuilder.php(1669): CodeIgniter\Database\BaseConnection->query('SELECT COUNT(*)...', Array, false)
#4 C:\xampp\htdocs\wiharta\system\Model.php(551): CodeIgniter\Database\BaseBuilder->countAllResults(true)
#5 C:\xampp\htdocs\wiharta\app\Models\exim\barangjadi\Exportmutasi_model.php(242): CodeIgniter\Model->countAllResults()
#6 C:\xampp\htdocs\wiharta\app\Controllers\exim\Exportmutasi.php(408): App\Models\exim\barangjadi\Exportmutasi_model->count_allexportmutasi()
#7 C:\xampp\htdocs\wiharta\system\CodeIgniter.php(927): App\Controllers\exim\Exportmutasi->Datatablesexport()
#8 C:\xampp\htdocs\wiharta\system\CodeIgniter.php(482): CodeIgniter\CodeIgniter->runController(Object(App\Controllers\exim\Exportmutasi))
#9 C:\xampp\htdocs\wiharta\system\CodeIgniter.php(351): CodeIgniter\CodeIgniter->handleRequest(NULL, Object(Config\Cache), false)
#10 C:\xampp\htdocs\wiharta\public\index.php(67): CodeIgniter\CodeIgniter->run()
#11 {main}
ERROR - 2024-06-24 10:34:01 --> mysqli_sql_exception: Column 'tglinv' in field list is ambiguous in C:\xampp\htdocs\wiharta\system\Database\MySQLi\Connection.php:292
Stack trace:
#0 C:\xampp\htdocs\wiharta\system\Database\MySQLi\Connection.php(292): mysqli->query('SELECT COUNT(*)...', 0)
#1 C:\xampp\htdocs\wiharta\system\Database\BaseConnection.php(666): CodeIgniter\Database\MySQLi\Connection->execute('SELECT COUNT(*)...')
#2 C:\xampp\htdocs\wiharta\system\Database\BaseConnection.php(593): CodeIgniter\Database\BaseConnection->simpleQuery('SELECT COUNT(*)...')
#3 C:\xampp\htdocs\wiharta\system\Database\BaseBuilder.php(1669): CodeIgniter\Database\BaseConnection->query('SELECT COUNT(*)...', Array, false)
#4 C:\xampp\htdocs\wiharta\system\Model.php(551): CodeIgniter\Database\BaseBuilder->countAllResults(true)
#5 C:\xampp\htdocs\wiharta\app\Models\exim\barangjadi\Exportmutasi_model.php(242): CodeIgniter\Model->countAllResults()
#6 C:\xampp\htdocs\wiharta\app\Controllers\exim\Exportmutasi.php(408): App\Models\exim\barangjadi\Exportmutasi_model->count_allexportmutasi()
#7 C:\xampp\htdocs\wiharta\system\CodeIgniter.php(927): App\Controllers\exim\Exportmutasi->Datatablesexport()
#8 C:\xampp\htdocs\wiharta\system\CodeIgniter.php(482): CodeIgniter\CodeIgniter->runController(Object(App\Controllers\exim\Exportmutasi))
#9 C:\xampp\htdocs\wiharta\system\CodeIgniter.php(351): CodeIgniter\CodeIgniter->handleRequest(NULL, Object(Config\Cache), false)
#10 C:\xampp\htdocs\wiharta\public\index.php(67): CodeIgniter\CodeIgniter->run()
#11 {main}
ERROR - 2024-06-24 15:02:58 --> mysqli_sql_exception: Column 'tglinv' in field list is ambiguous in C:\xampp\htdocs\wiharta\system\Database\MySQLi\Connection.php:292
Stack trace:
#0 C:\xampp\htdocs\wiharta\system\Database\MySQLi\Connection.php(292): mysqli->query('SELECT COUNT(*)...', 0)
#1 C:\xampp\htdocs\wiharta\system\Database\BaseConnection.php(666): CodeIgniter\Database\MySQLi\Connection->execute('SELECT COUNT(*)...')
#2 C:\xampp\htdocs\wiharta\system\Database\BaseConnection.php(593): CodeIgniter\Database\BaseConnection->simpleQuery('SELECT COUNT(*)...')
#3 C:\xampp\htdocs\wiharta\system\Database\BaseBuilder.php(1669): CodeIgniter\Database\BaseConnection->query('SELECT COUNT(*)...', Array, false)
#4 C:\xampp\htdocs\wiharta\system\Model.php(551): CodeIgniter\Database\BaseBuilder->countAllResults(true)
#5 C:\xampp\htdocs\wiharta\app\Models\exim\barangjadi\Exportmutasi_model.php(242): CodeIgniter\Model->countAllResults()
#6 C:\xampp\htdocs\wiharta\app\Controllers\exim\Exportmutasi.php(408): App\Models\exim\barangjadi\Exportmutasi_model->count_allexportmutasi()
#7 C:\xampp\htdocs\wiharta\system\CodeIgniter.php(927): App\Controllers\exim\Exportmutasi->Datatablesexport()
#8 C:\xampp\htdocs\wiharta\system\CodeIgniter.php(482): CodeIgniter\CodeIgniter->runController(Object(App\Controllers\exim\Exportmutasi))
#9 C:\xampp\htdocs\wiharta\system\CodeIgniter.php(351): CodeIgniter\CodeIgniter->handleRequest(NULL, Object(Config\Cache), false)
#10 C:\xampp\htdocs\wiharta\public\index.php(67): CodeIgniter\CodeIgniter->run()
#11 {main}
ERROR - 2024-06-24 15:03:01 --> mysqli_sql_exception: Column 'tglinv' in field list is ambiguous in C:\xampp\htdocs\wiharta\system\Database\MySQLi\Connection.php:292
Stack trace:
#0 C:\xampp\htdocs\wiharta\system\Database\MySQLi\Connection.php(292): mysqli->query('SELECT COUNT(*)...', 0)
#1 C:\xampp\htdocs\wiharta\system\Database\BaseConnection.php(666): CodeIgniter\Database\MySQLi\Connection->execute('SELECT COUNT(*)...')
#2 C:\xampp\htdocs\wiharta\system\Database\BaseConnection.php(593): CodeIgniter\Database\BaseConnection->simpleQuery('SELECT COUNT(*)...')
#3 C:\xampp\htdocs\wiharta\system\Database\BaseBuilder.php(1669): CodeIgniter\Database\BaseConnection->query('SELECT COUNT(*)...', Array, false)
#4 C:\xampp\htdocs\wiharta\system\Model.php(551): CodeIgniter\Database\BaseBuilder->countAllResults(true)
#5 C:\xampp\htdocs\wiharta\app\Models\exim\barangjadi\Exportmutasi_model.php(242): CodeIgniter\Model->countAllResults()
#6 C:\xampp\htdocs\wiharta\app\Controllers\exim\Exportmutasi.php(408): App\Models\exim\barangjadi\Exportmutasi_model->count_allexportmutasi()
#7 C:\xampp\htdocs\wiharta\system\CodeIgniter.php(927): App\Controllers\exim\Exportmutasi->Datatablesexport()
#8 C:\xampp\htdocs\wiharta\system\CodeIgniter.php(482): CodeIgniter\CodeIgniter->runController(Object(App\Controllers\exim\Exportmutasi))
#9 C:\xampp\htdocs\wiharta\system\CodeIgniter.php(351): CodeIgniter\CodeIgniter->handleRequest(NULL, Object(Config\Cache), false)
#10 C:\xampp\htdocs\wiharta\public\index.php(67): CodeIgniter\CodeIgniter->run()
#11 {main}
ERROR - 2024-06-24 15:03:03 --> mysqli_sql_exception: Column 'tglinv' in field list is ambiguous in C:\xampp\htdocs\wiharta\system\Database\MySQLi\Connection.php:292
Stack trace:
#0 C:\xampp\htdocs\wiharta\system\Database\MySQLi\Connection.php(292): mysqli->query('SELECT COUNT(*)...', 0)
#1 C:\xampp\htdocs\wiharta\system\Database\BaseConnection.php(666): CodeIgniter\Database\MySQLi\Connection->execute('SELECT COUNT(*)...')
#2 C:\xampp\htdocs\wiharta\system\Database\BaseConnection.php(593): CodeIgniter\Database\BaseConnection->simpleQuery('SELECT COUNT(*)...')
#3 C:\xampp\htdocs\wiharta\system\Database\BaseBuilder.php(1669): CodeIgniter\Database\BaseConnection->query('SELECT COUNT(*)...', Array, false)
#4 C:\xampp\htdocs\wiharta\system\Model.php(551): CodeIgniter\Database\BaseBuilder->countAllResults(true)
#5 C:\xampp\htdocs\wiharta\app\Models\exim\barangjadi\Exportmutasi_model.php(242): CodeIgniter\Model->countAllResults()
#6 C:\xampp\htdocs\wiharta\app\Controllers\exim\Exportmutasi.php(408): App\Models\exim\barangjadi\Exportmutasi_model->count_allexportmutasi()
#7 C:\xampp\htdocs\wiharta\system\CodeIgniter.php(927): App\Controllers\exim\Exportmutasi->Datatablesexport()
#8 C:\xampp\htdocs\wiharta\system\CodeIgniter.php(482): CodeIgniter\CodeIgniter->runController(Object(App\Controllers\exim\Exportmutasi))
#9 C:\xampp\htdocs\wiharta\system\CodeIgniter.php(351): CodeIgniter\CodeIgniter->handleRequest(NULL, Object(Config\Cache), false)
#10 C:\xampp\htdocs\wiharta\public\index.php(67): CodeIgniter\CodeIgniter->run()
#11 {main}
ERROR - 2024-06-24 15:03:04 --> mysqli_sql_exception: Column 'tglinv' in field list is ambiguous in C:\xampp\htdocs\wiharta\system\Database\MySQLi\Connection.php:292
Stack trace:
#0 C:\xampp\htdocs\wiharta\system\Database\MySQLi\Connection.php(292): mysqli->query('SELECT COUNT(*)...', 0)
#1 C:\xampp\htdocs\wiharta\system\Database\BaseConnection.php(666): CodeIgniter\Database\MySQLi\Connection->execute('SELECT COUNT(*)...')
#2 C:\xampp\htdocs\wiharta\system\Database\BaseConnection.php(593): CodeIgniter\Database\BaseConnection->simpleQuery('SELECT COUNT(*)...')
#3 C:\xampp\htdocs\wiharta\system\Database\BaseBuilder.php(1669): CodeIgniter\Database\BaseConnection->query('SELECT COUNT(*)...', Array, false)
#4 C:\xampp\htdocs\wiharta\system\Model.php(551): CodeIgniter\Database\BaseBuilder->countAllResults(true)
#5 C:\xampp\htdocs\wiharta\app\Models\exim\barangjadi\Exportmutasi_model.php(242): CodeIgniter\Model->countAllResults()
#6 C:\xampp\htdocs\wiharta\app\Controllers\exim\Exportmutasi.php(408): App\Models\exim\barangjadi\Exportmutasi_model->count_allexportmutasi()
#7 C:\xampp\htdocs\wiharta\system\CodeIgniter.php(927): App\Controllers\exim\Exportmutasi->Datatablesexport()
#8 C:\xampp\htdocs\wiharta\system\CodeIgniter.php(482): CodeIgniter\CodeIgniter->runController(Object(App\Controllers\exim\Exportmutasi))
#9 C:\xampp\htdocs\wiharta\system\CodeIgniter.php(351): CodeIgniter\CodeIgniter->handleRequest(NULL, Object(Config\Cache), false)
#10 C:\xampp\htdocs\wiharta\public\index.php(67): CodeIgniter\CodeIgniter->run()
#11 {main}
ERROR - 2024-06-24 15:03:05 --> mysqli_sql_exception: Column 'tglinv' in field list is ambiguous in C:\xampp\htdocs\wiharta\system\Database\MySQLi\Connection.php:292
Stack trace:
#0 C:\xampp\htdocs\wiharta\system\Database\MySQLi\Connection.php(292): mysqli->query('SELECT COUNT(*)...', 0)
#1 C:\xampp\htdocs\wiharta\system\Database\BaseConnection.php(666): CodeIgniter\Database\MySQLi\Connection->execute('SELECT COUNT(*)...')
#2 C:\xampp\htdocs\wiharta\system\Database\BaseConnection.php(593): CodeIgniter\Database\BaseConnection->simpleQuery('SELECT COUNT(*)...')
#3 C:\xampp\htdocs\wiharta\system\Database\BaseBuilder.php(1669): CodeIgniter\Database\BaseConnection->query('SELECT COUNT(*)...', Array, false)
#4 C:\xampp\htdocs\wiharta\system\Model.php(551): CodeIgniter\Database\BaseBuilder->countAllResults(true)
#5 C:\xampp\htdocs\wiharta\app\Models\exim\barangjadi\Exportmutasi_model.php(242): CodeIgniter\Model->countAllResults()
#6 C:\xampp\htdocs\wiharta\app\Controllers\exim\Exportmutasi.php(408): App\Models\exim\barangjadi\Exportmutasi_model->count_allexportmutasi()
#7 C:\xampp\htdocs\wiharta\system\CodeIgniter.php(927): App\Controllers\exim\Exportmutasi->Datatablesexport()
#8 C:\xampp\htdocs\wiharta\system\CodeIgniter.php(482): CodeIgniter\CodeIgniter->runController(Object(App\Controllers\exim\Exportmutasi))
#9 C:\xampp\htdocs\wiharta\system\CodeIgniter.php(351): CodeIgniter\CodeIgniter->handleRequest(NULL, Object(Config\Cache), false)
#10 C:\xampp\htdocs\wiharta\public\index.php(67): CodeIgniter\CodeIgniter->run()
#11 {main}
ERROR - 2024-06-24 15:03:18 --> mysqli_sql_exception: Column 'tglinv' in field list is ambiguous in C:\xampp\htdocs\wiharta\system\Database\MySQLi\Connection.php:292
Stack trace:
#0 C:\xampp\htdocs\wiharta\system\Database\MySQLi\Connection.php(292): mysqli->query('SELECT COUNT(*)...', 0)
#1 C:\xampp\htdocs\wiharta\system\Database\BaseConnection.php(666): CodeIgniter\Database\MySQLi\Connection->execute('SELECT COUNT(*)...')
#2 C:\xampp\htdocs\wiharta\system\Database\BaseConnection.php(593): CodeIgniter\Database\BaseConnection->simpleQuery('SELECT COUNT(*)...')
#3 C:\xampp\htdocs\wiharta\system\Database\BaseBuilder.php(1669): CodeIgniter\Database\BaseConnection->query('SELECT COUNT(*)...', Array, false)
#4 C:\xampp\htdocs\wiharta\system\Model.php(551): CodeIgniter\Database\BaseBuilder->countAllResults(true)
#5 C:\xampp\htdocs\wiharta\app\Models\exim\barangjadi\Exportmutasi_model.php(242): CodeIgniter\Model->countAllResults()
#6 C:\xampp\htdocs\wiharta\app\Controllers\exim\Exportmutasi.php(408): App\Models\exim\barangjadi\Exportmutasi_model->count_allexportmutasi()
#7 C:\xampp\htdocs\wiharta\system\CodeIgniter.php(927): App\Controllers\exim\Exportmutasi->Datatablesexport()
#8 C:\xampp\htdocs\wiharta\system\CodeIgniter.php(482): CodeIgniter\CodeIgniter->runController(Object(App\Controllers\exim\Exportmutasi))
#9 C:\xampp\htdocs\wiharta\system\CodeIgniter.php(351): CodeIgniter\CodeIgniter->handleRequest(NULL, Object(Config\Cache), false)
#10 C:\xampp\htdocs\wiharta\public\index.php(67): CodeIgniter\CodeIgniter->run()
#11 {main}
ERROR - 2024-06-24 15:03:22 --> mysqli_sql_exception: Column 'tglinv' in field list is ambiguous in C:\xampp\htdocs\wiharta\system\Database\MySQLi\Connection.php:292
Stack trace:
#0 C:\xampp\htdocs\wiharta\system\Database\MySQLi\Connection.php(292): mysqli->query('SELECT COUNT(*)...', 0)
#1 C:\xampp\htdocs\wiharta\system\Database\BaseConnection.php(666): CodeIgniter\Database\MySQLi\Connection->execute('SELECT COUNT(*)...')
#2 C:\xampp\htdocs\wiharta\system\Database\BaseConnection.php(593): CodeIgniter\Database\BaseConnection->simpleQuery('SELECT COUNT(*)...')
#3 C:\xampp\htdocs\wiharta\system\Database\BaseBuilder.php(1669): CodeIgniter\Database\BaseConnection->query('SELECT COUNT(*)...', Array, false)
#4 C:\xampp\htdocs\wiharta\system\Model.php(551): CodeIgniter\Database\BaseBuilder->countAllResults(true)
#5 C:\xampp\htdocs\wiharta\app\Models\exim\barangjadi\Exportmutasi_model.php(242): CodeIgniter\Model->countAllResults()
#6 C:\xampp\htdocs\wiharta\app\Controllers\exim\Exportmutasi.php(408): App\Models\exim\barangjadi\Exportmutasi_model->count_allexportmutasi()
#7 C:\xampp\htdocs\wiharta\system\CodeIgniter.php(927): App\Controllers\exim\Exportmutasi->Datatablesexport()
#8 C:\xampp\htdocs\wiharta\system\CodeIgniter.php(482): CodeIgniter\CodeIgniter->runController(Object(App\Controllers\exim\Exportmutasi))
#9 C:\xampp\htdocs\wiharta\system\CodeIgniter.php(351): CodeIgniter\CodeIgniter->handleRequest(NULL, Object(Config\Cache), false)
#10 C:\xampp\htdocs\wiharta\public\index.php(67): CodeIgniter\CodeIgniter->run()
#11 {main}
ERROR - 2024-06-24 15:03:25 --> mysqli_sql_exception: Column 'tglinv' in field list is ambiguous in C:\xampp\htdocs\wiharta\system\Database\MySQLi\Connection.php:292
Stack trace:
#0 C:\xampp\htdocs\wiharta\system\Database\MySQLi\Connection.php(292): mysqli->query('SELECT COUNT(*)...', 0)
#1 C:\xampp\htdocs\wiharta\system\Database\BaseConnection.php(666): CodeIgniter\Database\MySQLi\Connection->execute('SELECT COUNT(*)...')
#2 C:\xampp\htdocs\wiharta\system\Database\BaseConnection.php(593): CodeIgniter\Database\BaseConnection->simpleQuery('SELECT COUNT(*)...')
#3 C:\xampp\htdocs\wiharta\system\Database\BaseBuilder.php(1669): CodeIgniter\Database\BaseConnection->query('SELECT COUNT(*)...', Array, false)
#4 C:\xampp\htdocs\wiharta\system\Model.php(551): CodeIgniter\Database\BaseBuilder->countAllResults(true)
#5 C:\xampp\htdocs\wiharta\app\Models\exim\barangjadi\Exportmutasi_model.php(242): CodeIgniter\Model->countAllResults()
#6 C:\xampp\htdocs\wiharta\app\Controllers\exim\Exportmutasi.php(408): App\Models\exim\barangjadi\Exportmutasi_model->count_allexportmutasi()
#7 C:\xampp\htdocs\wiharta\system\CodeIgniter.php(927): App\Controllers\exim\Exportmutasi->Datatablesexport()
#8 C:\xampp\htdocs\wiharta\system\CodeIgniter.php(482): CodeIgniter\CodeIgniter->runController(Object(App\Controllers\exim\Exportmutasi))
#9 C:\xampp\htdocs\wiharta\system\CodeIgniter.php(351): CodeIgniter\CodeIgniter->handleRequest(NULL, Object(Config\Cache), false)
#10 C:\xampp\htdocs\wiharta\public\index.php(67): CodeIgniter\CodeIgniter->run()
#11 {main}
ERROR - 2024-06-24 15:03:31 --> mysqli_sql_exception: Column 'tglinv' in field list is ambiguous in C:\xampp\htdocs\wiharta\system\Database\MySQLi\Connection.php:292
Stack trace:
#0 C:\xampp\htdocs\wiharta\system\Database\MySQLi\Connection.php(292): mysqli->query('SELECT COUNT(*)...', 0)
#1 C:\xampp\htdocs\wiharta\system\Database\BaseConnection.php(666): CodeIgniter\Database\MySQLi\Connection->execute('SELECT COUNT(*)...')
#2 C:\xampp\htdocs\wiharta\system\Database\BaseConnection.php(593): CodeIgniter\Database\BaseConnection->simpleQuery('SELECT COUNT(*)...')
#3 C:\xampp\htdocs\wiharta\system\Database\BaseBuilder.php(1669): CodeIgniter\Database\BaseConnection->query('SELECT COUNT(*)...', Array, false)
#4 C:\xampp\htdocs\wiharta\system\Model.php(551): CodeIgniter\Database\BaseBuilder->countAllResults(true)
#5 C:\xampp\htdocs\wiharta\app\Models\exim\barangjadi\Exportmutasi_model.php(242): CodeIgniter\Model->countAllResults()
#6 C:\xampp\htdocs\wiharta\app\Controllers\exim\Exportmutasi.php(408): App\Models\exim\barangjadi\Exportmutasi_model->count_allexportmutasi()
#7 C:\xampp\htdocs\wiharta\system\CodeIgniter.php(927): App\Controllers\exim\Exportmutasi->Datatablesexport()
#8 C:\xampp\htdocs\wiharta\system\CodeIgniter.php(482): CodeIgniter\CodeIgniter->runController(Object(App\Controllers\exim\Exportmutasi))
#9 C:\xampp\htdocs\wiharta\system\CodeIgniter.php(351): CodeIgniter\CodeIgniter->handleRequest(NULL, Object(Config\Cache), false)
#10 C:\xampp\htdocs\wiharta\public\index.php(67): CodeIgniter\CodeIgniter->run()
#11 {main}
ERROR - 2024-06-24 15:05:24 --> mysqli_sql_exception: Column 'tglinv' in field list is ambiguous in C:\xampp\htdocs\wiharta\system\Database\MySQLi\Connection.php:292
Stack trace:
#0 C:\xampp\htdocs\wiharta\system\Database\MySQLi\Connection.php(292): mysqli->query('SELECT COUNT(*)...', 0)
#1 C:\xampp\htdocs\wiharta\system\Database\BaseConnection.php(666): CodeIgniter\Database\MySQLi\Connection->execute('SELECT COUNT(*)...')
#2 C:\xampp\htdocs\wiharta\system\Database\BaseConnection.php(593): CodeIgniter\Database\BaseConnection->simpleQuery('SELECT COUNT(*)...')
#3 C:\xampp\htdocs\wiharta\system\Database\BaseBuilder.php(1669): CodeIgniter\Database\BaseConnection->query('SELECT COUNT(*)...', Array, false)
#4 C:\xampp\htdocs\wiharta\system\Model.php(551): CodeIgniter\Database\BaseBuilder->countAllResults(true)
#5 C:\xampp\htdocs\wiharta\app\Models\exim\barangjadi\Exportmutasi_model.php(242): CodeIgniter\Model->countAllResults()
#6 C:\xampp\htdocs\wiharta\app\Controllers\exim\Exportmutasi.php(408): App\Models\exim\barangjadi\Exportmutasi_model->count_allexportmutasi()
#7 C:\xampp\htdocs\wiharta\system\CodeIgniter.php(927): App\Controllers\exim\Exportmutasi->Datatablesexport()
#8 C:\xampp\htdocs\wiharta\system\CodeIgniter.php(482): CodeIgniter\CodeIgniter->runController(Object(App\Controllers\exim\Exportmutasi))
#9 C:\xampp\htdocs\wiharta\system\CodeIgniter.php(351): CodeIgniter\CodeIgniter->handleRequest(NULL, Object(Config\Cache), false)
#10 C:\xampp\htdocs\wiharta\public\index.php(67): CodeIgniter\CodeIgniter->run()
#11 {main}
ERROR - 2024-06-24 15:05:25 --> mysqli_sql_exception: Column 'tglinv' in field list is ambiguous in C:\xampp\htdocs\wiharta\system\Database\MySQLi\Connection.php:292
Stack trace:
#0 C:\xampp\htdocs\wiharta\system\Database\MySQLi\Connection.php(292): mysqli->query('SELECT COUNT(*)...', 0)
#1 C:\xampp\htdocs\wiharta\system\Database\BaseConnection.php(666): CodeIgniter\Database\MySQLi\Connection->execute('SELECT COUNT(*)...')
#2 C:\xampp\htdocs\wiharta\system\Database\BaseConnection.php(593): CodeIgniter\Database\BaseConnection->simpleQuery('SELECT COUNT(*)...')
#3 C:\xampp\htdocs\wiharta\system\Database\BaseBuilder.php(1669): CodeIgniter\Database\BaseConnection->query('SELECT COUNT(*)...', Array, false)
#4 C:\xampp\htdocs\wiharta\system\Model.php(551): CodeIgniter\Database\BaseBuilder->countAllResults(true)
#5 C:\xampp\htdocs\wiharta\app\Models\exim\barangjadi\Exportmutasi_model.php(242): CodeIgniter\Model->countAllResults()
#6 C:\xampp\htdocs\wiharta\app\Controllers\exim\Exportmutasi.php(408): App\Models\exim\barangjadi\Exportmutasi_model->count_allexportmutasi()
#7 C:\xampp\htdocs\wiharta\system\CodeIgniter.php(927): App\Controllers\exim\Exportmutasi->Datatablesexport()
#8 C:\xampp\htdocs\wiharta\system\CodeIgniter.php(482): CodeIgniter\CodeIgniter->runController(Object(App\Controllers\exim\Exportmutasi))
#9 C:\xampp\htdocs\wiharta\system\CodeIgniter.php(351): CodeIgniter\CodeIgniter->handleRequest(NULL, Object(Config\Cache), false)
#10 C:\xampp\htdocs\wiharta\public\index.php(67): CodeIgniter\CodeIgniter->run()
#11 {main}
ERROR - 2024-06-24 15:05:25 --> mysqli_sql_exception: Column 'tglinv' in field list is ambiguous in C:\xampp\htdocs\wiharta\system\Database\MySQLi\Connection.php:292
Stack trace:
#0 C:\xampp\htdocs\wiharta\system\Database\MySQLi\Connection.php(292): mysqli->query('SELECT COUNT(*)...', 0)
#1 C:\xampp\htdocs\wiharta\system\Database\BaseConnection.php(666): CodeIgniter\Database\MySQLi\Connection->execute('SELECT COUNT(*)...')
#2 C:\xampp\htdocs\wiharta\system\Database\BaseConnection.php(593): CodeIgniter\Database\BaseConnection->simpleQuery('SELECT COUNT(*)...')
#3 C:\xampp\htdocs\wiharta\system\Database\BaseBuilder.php(1669): CodeIgniter\Database\BaseConnection->query('SELECT COUNT(*)...', Array, false)
#4 C:\xampp\htdocs\wiharta\system\Model.php(551): CodeIgniter\Database\BaseBuilder->countAllResults(true)
#5 C:\xampp\htdocs\wiharta\app\Models\exim\barangjadi\Exportmutasi_model.php(242): CodeIgniter\Model->countAllResults()
#6 C:\xampp\htdocs\wiharta\app\Controllers\exim\Exportmutasi.php(408): App\Models\exim\barangjadi\Exportmutasi_model->count_allexportmutasi()
#7 C:\xampp\htdocs\wiharta\system\CodeIgniter.php(927): App\Controllers\exim\Exportmutasi->Datatablesexport()
#8 C:\xampp\htdocs\wiharta\system\CodeIgniter.php(482): CodeIgniter\CodeIgniter->runController(Object(App\Controllers\exim\Exportmutasi))
#9 C:\xampp\htdocs\wiharta\system\CodeIgniter.php(351): CodeIgniter\CodeIgniter->handleRequest(NULL, Object(Config\Cache), false)
#10 C:\xampp\htdocs\wiharta\public\index.php(67): CodeIgniter\CodeIgniter->run()
#11 {main}
ERROR - 2024-06-24 15:05:26 --> mysqli_sql_exception: Column 'tglinv' in field list is ambiguous in C:\xampp\htdocs\wiharta\system\Database\MySQLi\Connection.php:292
Stack trace:
#0 C:\xampp\htdocs\wiharta\system\Database\MySQLi\Connection.php(292): mysqli->query('SELECT COUNT(*)...', 0)
#1 C:\xampp\htdocs\wiharta\system\Database\BaseConnection.php(666): CodeIgniter\Database\MySQLi\Connection->execute('SELECT COUNT(*)...')
#2 C:\xampp\htdocs\wiharta\system\Database\BaseConnection.php(593): CodeIgniter\Database\BaseConnection->simpleQuery('SELECT COUNT(*)...')
#3 C:\xampp\htdocs\wiharta\system\Database\BaseBuilder.php(1669): CodeIgniter\Database\BaseConnection->query('SELECT COUNT(*)...', Array, false)
#4 C:\xampp\htdocs\wiharta\system\Model.php(551): CodeIgniter\Database\BaseBuilder->countAllResults(true)
#5 C:\xampp\htdocs\wiharta\app\Models\exim\barangjadi\Exportmutasi_model.php(242): CodeIgniter\Model->countAllResults()
#6 C:\xampp\htdocs\wiharta\app\Controllers\exim\Exportmutasi.php(408): App\Models\exim\barangjadi\Exportmutasi_model->count_allexportmutasi()
#7 C:\xampp\htdocs\wiharta\system\CodeIgniter.php(927): App\Controllers\exim\Exportmutasi->Datatablesexport()
#8 C:\xampp\htdocs\wiharta\system\CodeIgniter.php(482): CodeIgniter\CodeIgniter->runController(Object(App\Controllers\exim\Exportmutasi))
#9 C:\xampp\htdocs\wiharta\system\CodeIgniter.php(351): CodeIgniter\CodeIgniter->handleRequest(NULL, Object(Config\Cache), false)
#10 C:\xampp\htdocs\wiharta\public\index.php(67): CodeIgniter\CodeIgniter->run()
#11 {main}
ERROR - 2024-06-24 15:05:27 --> mysqli_sql_exception: Column 'tglinv' in field list is ambiguous in C:\xampp\htdocs\wiharta\system\Database\MySQLi\Connection.php:292
Stack trace:
#0 C:\xampp\htdocs\wiharta\system\Database\MySQLi\Connection.php(292): mysqli->query('SELECT COUNT(*)...', 0)
#1 C:\xampp\htdocs\wiharta\system\Database\BaseConnection.php(666): CodeIgniter\Database\MySQLi\Connection->execute('SELECT COUNT(*)...')
#2 C:\xampp\htdocs\wiharta\system\Database\BaseConnection.php(593): CodeIgniter\Database\BaseConnection->simpleQuery('SELECT COUNT(*)...')
#3 C:\xampp\htdocs\wiharta\system\Database\BaseBuilder.php(1669): CodeIgniter\Database\BaseConnection->query('SELECT COUNT(*)...', Array, false)
#4 C:\xampp\htdocs\wiharta\system\Model.php(551): CodeIgniter\Database\BaseBuilder->countAllResults(true)
#5 C:\xampp\htdocs\wiharta\app\Models\exim\barangjadi\Exportmutasi_model.php(242): CodeIgniter\Model->countAllResults()
#6 C:\xampp\htdocs\wiharta\app\Controllers\exim\Exportmutasi.php(408): App\Models\exim\barangjadi\Exportmutasi_model->count_allexportmutasi()
#7 C:\xampp\htdocs\wiharta\system\CodeIgniter.php(927): App\Controllers\exim\Exportmutasi->Datatablesexport()
#8 C:\xampp\htdocs\wiharta\system\CodeIgniter.php(482): CodeIgniter\CodeIgniter->runController(Object(App\Controllers\exim\Exportmutasi))
#9 C:\xampp\htdocs\wiharta\system\CodeIgniter.php(351): CodeIgniter\CodeIgniter->handleRequest(NULL, Object(Config\Cache), false)
#10 C:\xampp\htdocs\wiharta\public\index.php(67): CodeIgniter\CodeIgniter->run()
#11 {main}
ERROR - 2024-06-24 15:06:06 --> mysqli_sql_exception: Column 'tglinv' in field list is ambiguous in C:\xampp\htdocs\wiharta\system\Database\MySQLi\Connection.php:292
Stack trace:
#0 C:\xampp\htdocs\wiharta\system\Database\MySQLi\Connection.php(292): mysqli->query('SELECT COUNT(*)...', 0)
#1 C:\xampp\htdocs\wiharta\system\Database\BaseConnection.php(666): CodeIgniter\Database\MySQLi\Connection->execute('SELECT COUNT(*)...')
#2 C:\xampp\htdocs\wiharta\system\Database\BaseConnection.php(593): CodeIgniter\Database\BaseConnection->simpleQuery('SELECT COUNT(*)...')
#3 C:\xampp\htdocs\wiharta\system\Database\BaseBuilder.php(1669): CodeIgniter\Database\BaseConnection->query('SELECT COUNT(*)...', Array, false)
#4 C:\xampp\htdocs\wiharta\system\Model.php(551): CodeIgniter\Database\BaseBuilder->countAllResults(true)
#5 C:\xampp\htdocs\wiharta\app\Models\exim\barangjadi\Exportmutasi_model.php(242): CodeIgniter\Model->countAllResults()
#6 C:\xampp\htdocs\wiharta\app\Controllers\exim\Exportmutasi.php(408): App\Models\exim\barangjadi\Exportmutasi_model->count_allexportmutasi()
#7 C:\xampp\htdocs\wiharta\system\CodeIgniter.php(927): App\Controllers\exim\Exportmutasi->Datatablesexport()
#8 C:\xampp\htdocs\wiharta\system\CodeIgniter.php(482): CodeIgniter\CodeIgniter->runController(Object(App\Controllers\exim\Exportmutasi))
#9 C:\xampp\htdocs\wiharta\system\CodeIgniter.php(351): CodeIgniter\CodeIgniter->handleRequest(NULL, Object(Config\Cache), false)
#10 C:\xampp\htdocs\wiharta\public\index.php(67): CodeIgniter\CodeIgniter->run()
#11 {main}
ERROR - 2024-06-24 15:06:07 --> mysqli_sql_exception: Column 'tglinv' in field list is ambiguous in C:\xampp\htdocs\wiharta\system\Database\MySQLi\Connection.php:292
Stack trace:
#0 C:\xampp\htdocs\wiharta\system\Database\MySQLi\Connection.php(292): mysqli->query('SELECT COUNT(*)...', 0)
#1 C:\xampp\htdocs\wiharta\system\Database\BaseConnection.php(666): CodeIgniter\Database\MySQLi\Connection->execute('SELECT COUNT(*)...')
#2 C:\xampp\htdocs\wiharta\system\Database\BaseConnection.php(593): CodeIgniter\Database\BaseConnection->simpleQuery('SELECT COUNT(*)...')
#3 C:\xampp\htdocs\wiharta\system\Database\BaseBuilder.php(1669): CodeIgniter\Database\BaseConnection->query('SELECT COUNT(*)...', Array, false)
#4 C:\xampp\htdocs\wiharta\system\Model.php(551): CodeIgniter\Database\BaseBuilder->countAllResults(true)
#5 C:\xampp\htdocs\wiharta\app\Models\exim\barangjadi\Exportmutasi_model.php(242): CodeIgniter\Model->countAllResults()
#6 C:\xampp\htdocs\wiharta\app\Controllers\exim\Exportmutasi.php(408): App\Models\exim\barangjadi\Exportmutasi_model->count_allexportmutasi()
#7 C:\xampp\htdocs\wiharta\system\CodeIgniter.php(927): App\Controllers\exim\Exportmutasi->Datatablesexport()
#8 C:\xampp\htdocs\wiharta\system\CodeIgniter.php(482): CodeIgniter\CodeIgniter->runController(Object(App\Controllers\exim\Exportmutasi))
#9 C:\xampp\htdocs\wiharta\system\CodeIgniter.php(351): CodeIgniter\CodeIgniter->handleRequest(NULL, Object(Config\Cache), false)
#10 C:\xampp\htdocs\wiharta\public\index.php(67): CodeIgniter\CodeIgniter->run()
#11 {main}
ERROR - 2024-06-24 15:06:08 --> mysqli_sql_exception: Column 'tglinv' in field list is ambiguous in C:\xampp\htdocs\wiharta\system\Database\MySQLi\Connection.php:292
Stack trace:
#0 C:\xampp\htdocs\wiharta\system\Database\MySQLi\Connection.php(292): mysqli->query('SELECT COUNT(*)...', 0)
#1 C:\xampp\htdocs\wiharta\system\Database\BaseConnection.php(666): CodeIgniter\Database\MySQLi\Connection->execute('SELECT COUNT(*)...')
#2 C:\xampp\htdocs\wiharta\system\Database\BaseConnection.php(593): CodeIgniter\Database\BaseConnection->simpleQuery('SELECT COUNT(*)...')
#3 C:\xampp\htdocs\wiharta\system\Database\BaseBuilder.php(1669): CodeIgniter\Database\BaseConnection->query('SELECT COUNT(*)...', Array, false)
#4 C:\xampp\htdocs\wiharta\system\Model.php(551): CodeIgniter\Database\BaseBuilder->countAllResults(true)
#5 C:\xampp\htdocs\wiharta\app\Models\exim\barangjadi\Exportmutasi_model.php(242): CodeIgniter\Model->countAllResults()
#6 C:\xampp\htdocs\wiharta\app\Controllers\exim\Exportmutasi.php(408): App\Models\exim\barangjadi\Exportmutasi_model->count_allexportmutasi()
#7 C:\xampp\htdocs\wiharta\system\CodeIgniter.php(927): App\Controllers\exim\Exportmutasi->Datatablesexport()
#8 C:\xampp\htdocs\wiharta\system\CodeIgniter.php(482): CodeIgniter\CodeIgniter->runController(Object(App\Controllers\exim\Exportmutasi))
#9 C:\xampp\htdocs\wiharta\system\CodeIgniter.php(351): CodeIgniter\CodeIgniter->handleRequest(NULL, Object(Config\Cache), false)
#10 C:\xampp\htdocs\wiharta\public\index.php(67): CodeIgniter\CodeIgniter->run()
#11 {main}
ERROR - 2024-06-24 15:06:53 --> mysqli_sql_exception: Column 'tglinv' in field list is ambiguous in C:\xampp\htdocs\wiharta\system\Database\MySQLi\Connection.php:292
Stack trace:
#0 C:\xampp\htdocs\wiharta\system\Database\MySQLi\Connection.php(292): mysqli->query('SELECT COUNT(*)...', 0)
#1 C:\xampp\htdocs\wiharta\system\Database\BaseConnection.php(666): CodeIgniter\Database\MySQLi\Connection->execute('SELECT COUNT(*)...')
#2 C:\xampp\htdocs\wiharta\system\Database\BaseConnection.php(593): CodeIgniter\Database\BaseConnection->simpleQuery('SELECT COUNT(*)...')
#3 C:\xampp\htdocs\wiharta\system\Database\BaseBuilder.php(1669): CodeIgniter\Database\BaseConnection->query('SELECT COUNT(*)...', Array, false)
#4 C:\xampp\htdocs\wiharta\system\Model.php(551): CodeIgniter\Database\BaseBuilder->countAllResults(true)
#5 C:\xampp\htdocs\wiharta\app\Models\exim\barangjadi\Exportmutasi_model.php(242): CodeIgniter\Model->countAllResults()
#6 C:\xampp\htdocs\wiharta\app\Controllers\exim\Exportmutasi.php(408): App\Models\exim\barangjadi\Exportmutasi_model->count_allexportmutasi()
#7 C:\xampp\htdocs\wiharta\system\CodeIgniter.php(927): App\Controllers\exim\Exportmutasi->Datatablesexport()
#8 C:\xampp\htdocs\wiharta\system\CodeIgniter.php(482): CodeIgniter\CodeIgniter->runController(Object(App\Controllers\exim\Exportmutasi))
#9 C:\xampp\htdocs\wiharta\system\CodeIgniter.php(351): CodeIgniter\CodeIgniter->handleRequest(NULL, Object(Config\Cache), false)
#10 C:\xampp\htdocs\wiharta\public\index.php(67): CodeIgniter\CodeIgniter->run()
#11 {main}
ERROR - 2024-06-24 15:06:54 --> mysqli_sql_exception: Column 'tglinv' in field list is ambiguous in C:\xampp\htdocs\wiharta\system\Database\MySQLi\Connection.php:292
Stack trace:
#0 C:\xampp\htdocs\wiharta\system\Database\MySQLi\Connection.php(292): mysqli->query('SELECT COUNT(*)...', 0)
#1 C:\xampp\htdocs\wiharta\system\Database\BaseConnection.php(666): CodeIgniter\Database\MySQLi\Connection->execute('SELECT COUNT(*)...')
#2 C:\xampp\htdocs\wiharta\system\Database\BaseConnection.php(593): CodeIgniter\Database\BaseConnection->simpleQuery('SELECT COUNT(*)...')
#3 C:\xampp\htdocs\wiharta\system\Database\BaseBuilder.php(1669): CodeIgniter\Database\BaseConnection->query('SELECT COUNT(*)...', Array, false)
#4 C:\xampp\htdocs\wiharta\system\Model.php(551): CodeIgniter\Database\BaseBuilder->countAllResults(true)
#5 C:\xampp\htdocs\wiharta\app\Models\exim\barangjadi\Exportmutasi_model.php(242): CodeIgniter\Model->countAllResults()
#6 C:\xampp\htdocs\wiharta\app\Controllers\exim\Exportmutasi.php(408): App\Models\exim\barangjadi\Exportmutasi_model->count_allexportmutasi()
#7 C:\xampp\htdocs\wiharta\system\CodeIgniter.php(927): App\Controllers\exim\Exportmutasi->Datatablesexport()
#8 C:\xampp\htdocs\wiharta\system\CodeIgniter.php(482): CodeIgniter\CodeIgniter->runController(Object(App\Controllers\exim\Exportmutasi))
#9 C:\xampp\htdocs\wiharta\system\CodeIgniter.php(351): CodeIgniter\CodeIgniter->handleRequest(NULL, Object(Config\Cache), false)
#10 C:\xampp\htdocs\wiharta\public\index.php(67): CodeIgniter\CodeIgniter->run()
#11 {main}
ERROR - 2024-06-24 15:06:55 --> mysqli_sql_exception: Column 'tglinv' in field list is ambiguous in C:\xampp\htdocs\wiharta\system\Database\MySQLi\Connection.php:292
Stack trace:
#0 C:\xampp\htdocs\wiharta\system\Database\MySQLi\Connection.php(292): mysqli->query('SELECT COUNT(*)...', 0)
#1 C:\xampp\htdocs\wiharta\system\Database\BaseConnection.php(666): CodeIgniter\Database\MySQLi\Connection->execute('SELECT COUNT(*)...')
#2 C:\xampp\htdocs\wiharta\system\Database\BaseConnection.php(593): CodeIgniter\Database\BaseConnection->simpleQuery('SELECT COUNT(*)...')
#3 C:\xampp\htdocs\wiharta\system\Database\BaseBuilder.php(1669): CodeIgniter\Database\BaseConnection->query('SELECT COUNT(*)...', Array, false)
#4 C:\xampp\htdocs\wiharta\system\Model.php(551): CodeIgniter\Database\BaseBuilder->countAllResults(true)
#5 C:\xampp\htdocs\wiharta\app\Models\exim\barangjadi\Exportmutasi_model.php(242): CodeIgniter\Model->countAllResults()
#6 C:\xampp\htdocs\wiharta\app\Controllers\exim\Exportmutasi.php(408): App\Models\exim\barangjadi\Exportmutasi_model->count_allexportmutasi()
#7 C:\xampp\htdocs\wiharta\system\CodeIgniter.php(927): App\Controllers\exim\Exportmutasi->Datatablesexport()
#8 C:\xampp\htdocs\wiharta\system\CodeIgniter.php(482): CodeIgniter\CodeIgniter->runController(Object(App\Controllers\exim\Exportmutasi))
#9 C:\xampp\htdocs\wiharta\system\CodeIgniter.php(351): CodeIgniter\CodeIgniter->handleRequest(NULL, Object(Config\Cache), false)
#10 C:\xampp\htdocs\wiharta\public\index.php(67): CodeIgniter\CodeIgniter->run()
#11 {main}
ERROR - 2024-06-24 15:09:03 --> mysqli_sql_exception: Column 'tglinv' in field list is ambiguous in C:\xampp\htdocs\wiharta\system\Database\MySQLi\Connection.php:292
Stack trace:
#0 C:\xampp\htdocs\wiharta\system\Database\MySQLi\Connection.php(292): mysqli->query('SELECT COUNT(*)...', 0)
#1 C:\xampp\htdocs\wiharta\system\Database\BaseConnection.php(666): CodeIgniter\Database\MySQLi\Connection->execute('SELECT COUNT(*)...')
#2 C:\xampp\htdocs\wiharta\system\Database\BaseConnection.php(593): CodeIgniter\Database\BaseConnection->simpleQuery('SELECT COUNT(*)...')
#3 C:\xampp\htdocs\wiharta\system\Database\BaseBuilder.php(1669): CodeIgniter\Database\BaseConnection->query('SELECT COUNT(*)...', Array, false)
#4 C:\xampp\htdocs\wiharta\system\Model.php(551): CodeIgniter\Database\BaseBuilder->countAllResults(true)
#5 C:\xampp\htdocs\wiharta\app\Models\exim\barangjadi\Exportmutasi_model.php(242): CodeIgniter\Model->countAllResults()
#6 C:\xampp\htdocs\wiharta\app\Controllers\exim\Exportmutasi.php(408): App\Models\exim\barangjadi\Exportmutasi_model->count_allexportmutasi()
#7 C:\xampp\htdocs\wiharta\system\CodeIgniter.php(927): App\Controllers\exim\Exportmutasi->Datatablesexport()
#8 C:\xampp\htdocs\wiharta\system\CodeIgniter.php(482): CodeIgniter\CodeIgniter->runController(Object(App\Controllers\exim\Exportmutasi))
#9 C:\xampp\htdocs\wiharta\system\CodeIgniter.php(351): CodeIgniter\CodeIgniter->handleRequest(NULL, Object(Config\Cache), false)
#10 C:\xampp\htdocs\wiharta\public\index.php(67): CodeIgniter\CodeIgniter->run()
#11 {main}
ERROR - 2024-06-24 15:09:04 --> mysqli_sql_exception: Column 'tglinv' in field list is ambiguous in C:\xampp\htdocs\wiharta\system\Database\MySQLi\Connection.php:292
Stack trace:
#0 C:\xampp\htdocs\wiharta\system\Database\MySQLi\Connection.php(292): mysqli->query('SELECT COUNT(*)...', 0)
#1 C:\xampp\htdocs\wiharta\system\Database\BaseConnection.php(666): CodeIgniter\Database\MySQLi\Connection->execute('SELECT COUNT(*)...')
#2 C:\xampp\htdocs\wiharta\system\Database\BaseConnection.php(593): CodeIgniter\Database\BaseConnection->simpleQuery('SELECT COUNT(*)...')
#3 C:\xampp\htdocs\wiharta\system\Database\BaseBuilder.php(1669): CodeIgniter\Database\BaseConnection->query('SELECT COUNT(*)...', Array, false)
#4 C:\xampp\htdocs\wiharta\system\Model.php(551): CodeIgniter\Database\BaseBuilder->countAllResults(true)
#5 C:\xampp\htdocs\wiharta\app\Models\exim\barangjadi\Exportmutasi_model.php(242): CodeIgniter\Model->countAllResults()
#6 C:\xampp\htdocs\wiharta\app\Controllers\exim\Exportmutasi.php(408): App\Models\exim\barangjadi\Exportmutasi_model->count_allexportmutasi()
#7 C:\xampp\htdocs\wiharta\system\CodeIgniter.php(927): App\Controllers\exim\Exportmutasi->Datatablesexport()
#8 C:\xampp\htdocs\wiharta\system\CodeIgniter.php(482): CodeIgniter\CodeIgniter->runController(Object(App\Controllers\exim\Exportmutasi))
#9 C:\xampp\htdocs\wiharta\system\CodeIgniter.php(351): CodeIgniter\CodeIgniter->handleRequest(NULL, Object(Config\Cache), false)
#10 C:\xampp\htdocs\wiharta\public\index.php(67): CodeIgniter\CodeIgniter->run()
#11 {main}
ERROR - 2024-06-24 15:09:20 --> mysqli_sql_exception: Column 'tglinv' in field list is ambiguous in C:\xampp\htdocs\wiharta\system\Database\MySQLi\Connection.php:292
Stack trace:
#0 C:\xampp\htdocs\wiharta\system\Database\MySQLi\Connection.php(292): mysqli->query('SELECT COUNT(*)...', 0)
#1 C:\xampp\htdocs\wiharta\system\Database\BaseConnection.php(666): CodeIgniter\Database\MySQLi\Connection->execute('SELECT COUNT(*)...')
#2 C:\xampp\htdocs\wiharta\system\Database\BaseConnection.php(593): CodeIgniter\Database\BaseConnection->simpleQuery('SELECT COUNT(*)...')
#3 C:\xampp\htdocs\wiharta\system\Database\BaseBuilder.php(1669): CodeIgniter\Database\BaseConnection->query('SELECT COUNT(*)...', Array, false)
#4 C:\xampp\htdocs\wiharta\system\Model.php(551): CodeIgniter\Database\BaseBuilder->countAllResults(true)
#5 C:\xampp\htdocs\wiharta\app\Models\exim\barangjadi\Exportmutasi_model.php(242): CodeIgniter\Model->countAllResults()
#6 C:\xampp\htdocs\wiharta\app\Controllers\exim\Exportmutasi.php(408): App\Models\exim\barangjadi\Exportmutasi_model->count_allexportmutasi()
#7 C:\xampp\htdocs\wiharta\system\CodeIgniter.php(927): App\Controllers\exim\Exportmutasi->Datatablesexport()
#8 C:\xampp\htdocs\wiharta\system\CodeIgniter.php(482): CodeIgniter\CodeIgniter->runController(Object(App\Controllers\exim\Exportmutasi))
#9 C:\xampp\htdocs\wiharta\system\CodeIgniter.php(351): CodeIgniter\CodeIgniter->handleRequest(NULL, Object(Config\Cache), false)
#10 C:\xampp\htdocs\wiharta\public\index.php(67): CodeIgniter\CodeIgniter->run()
#11 {main}
ERROR - 2024-06-24 15:09:21 --> mysqli_sql_exception: Column 'tglinv' in field list is ambiguous in C:\xampp\htdocs\wiharta\system\Database\MySQLi\Connection.php:292
Stack trace:
#0 C:\xampp\htdocs\wiharta\system\Database\MySQLi\Connection.php(292): mysqli->query('SELECT COUNT(*)...', 0)
#1 C:\xampp\htdocs\wiharta\system\Database\BaseConnection.php(666): CodeIgniter\Database\MySQLi\Connection->execute('SELECT COUNT(*)...')
#2 C:\xampp\htdocs\wiharta\system\Database\BaseConnection.php(593): CodeIgniter\Database\BaseConnection->simpleQuery('SELECT COUNT(*)...')
#3 C:\xampp\htdocs\wiharta\system\Database\BaseBuilder.php(1669): CodeIgniter\Database\BaseConnection->query('SELECT COUNT(*)...', Array, false)
#4 C:\xampp\htdocs\wiharta\system\Model.php(551): CodeIgniter\Database\BaseBuilder->countAllResults(true)
#5 C:\xampp\htdocs\wiharta\app\Models\exim\barangjadi\Exportmutasi_model.php(242): CodeIgniter\Model->countAllResults()
#6 C:\xampp\htdocs\wiharta\app\Controllers\exim\Exportmutasi.php(408): App\Models\exim\barangjadi\Exportmutasi_model->count_allexportmutasi()
#7 C:\xampp\htdocs\wiharta\system\CodeIgniter.php(927): App\Controllers\exim\Exportmutasi->Datatablesexport()
#8 C:\xampp\htdocs\wiharta\system\CodeIgniter.php(482): CodeIgniter\CodeIgniter->runController(Object(App\Controllers\exim\Exportmutasi))
#9 C:\xampp\htdocs\wiharta\system\CodeIgniter.php(351): CodeIgniter\CodeIgniter->handleRequest(NULL, Object(Config\Cache), false)
#10 C:\xampp\htdocs\wiharta\public\index.php(67): CodeIgniter\CodeIgniter->run()
#11 {main}
ERROR - 2024-06-24 15:09:40 --> mysqli_sql_exception: Column 'tglinv' in field list is ambiguous in C:\xampp\htdocs\wiharta\system\Database\MySQLi\Connection.php:292
Stack trace:
#0 C:\xampp\htdocs\wiharta\system\Database\MySQLi\Connection.php(292): mysqli->query('SELECT COUNT(*)...', 0)
#1 C:\xampp\htdocs\wiharta\system\Database\BaseConnection.php(666): CodeIgniter\Database\MySQLi\Connection->execute('SELECT COUNT(*)...')
#2 C:\xampp\htdocs\wiharta\system\Database\BaseConnection.php(593): CodeIgniter\Database\BaseConnection->simpleQuery('SELECT COUNT(*)...')
#3 C:\xampp\htdocs\wiharta\system\Database\BaseBuilder.php(1669): CodeIgniter\Database\BaseConnection->query('SELECT COUNT(*)...', Array, false)
#4 C:\xampp\htdocs\wiharta\system\Model.php(551): CodeIgniter\Database\BaseBuilder->countAllResults(true)
#5 C:\xampp\htdocs\wiharta\app\Models\exim\barangjadi\Exportmutasi_model.php(242): CodeIgniter\Model->countAllResults()
#6 C:\xampp\htdocs\wiharta\app\Controllers\exim\Exportmutasi.php(408): App\Models\exim\barangjadi\Exportmutasi_model->count_allexportmutasi()
#7 C:\xampp\htdocs\wiharta\system\CodeIgniter.php(927): App\Controllers\exim\Exportmutasi->Datatablesexport()
#8 C:\xampp\htdocs\wiharta\system\CodeIgniter.php(482): CodeIgniter\CodeIgniter->runController(Object(App\Controllers\exim\Exportmutasi))
#9 C:\xampp\htdocs\wiharta\system\CodeIgniter.php(351): CodeIgniter\CodeIgniter->handleRequest(NULL, Object(Config\Cache), false)
#10 C:\xampp\htdocs\wiharta\public\index.php(67): CodeIgniter\CodeIgniter->run()
#11 {main}
ERROR - 2024-06-24 15:09:41 --> mysqli_sql_exception: Column 'tglinv' in field list is ambiguous in C:\xampp\htdocs\wiharta\system\Database\MySQLi\Connection.php:292
Stack trace:
#0 C:\xampp\htdocs\wiharta\system\Database\MySQLi\Connection.php(292): mysqli->query('SELECT COUNT(*)...', 0)
#1 C:\xampp\htdocs\wiharta\system\Database\BaseConnection.php(666): CodeIgniter\Database\MySQLi\Connection->execute('SELECT COUNT(*)...')
#2 C:\xampp\htdocs\wiharta\system\Database\BaseConnection.php(593): CodeIgniter\Database\BaseConnection->simpleQuery('SELECT COUNT(*)...')
#3 C:\xampp\htdocs\wiharta\system\Database\BaseBuilder.php(1669): CodeIgniter\Database\BaseConnection->query('SELECT COUNT(*)...', Array, false)
#4 C:\xampp\htdocs\wiharta\system\Model.php(551): CodeIgniter\Database\BaseBuilder->countAllResults(true)
#5 C:\xampp\htdocs\wiharta\app\Models\exim\barangjadi\Exportmutasi_model.php(242): CodeIgniter\Model->countAllResults()
#6 C:\xampp\htdocs\wiharta\app\Controllers\exim\Exportmutasi.php(408): App\Models\exim\barangjadi\Exportmutasi_model->count_allexportmutasi()
#7 C:\xampp\htdocs\wiharta\system\CodeIgniter.php(927): App\Controllers\exim\Exportmutasi->Datatablesexport()
#8 C:\xampp\htdocs\wiharta\system\CodeIgniter.php(482): CodeIgniter\CodeIgniter->runController(Object(App\Controllers\exim\Exportmutasi))
#9 C:\xampp\htdocs\wiharta\system\CodeIgniter.php(351): CodeIgniter\CodeIgniter->handleRequest(NULL, Object(Config\Cache), false)
#10 C:\xampp\htdocs\wiharta\public\index.php(67): CodeIgniter\CodeIgniter->run()
#11 {main}
ERROR - 2024-06-24 15:09:42 --> mysqli_sql_exception: Column 'tglinv' in field list is ambiguous in C:\xampp\htdocs\wiharta\system\Database\MySQLi\Connection.php:292
Stack trace:
#0 C:\xampp\htdocs\wiharta\system\Database\MySQLi\Connection.php(292): mysqli->query('SELECT COUNT(*)...', 0)
#1 C:\xampp\htdocs\wiharta\system\Database\BaseConnection.php(666): CodeIgniter\Database\MySQLi\Connection->execute('SELECT COUNT(*)...')
#2 C:\xampp\htdocs\wiharta\system\Database\BaseConnection.php(593): CodeIgniter\Database\BaseConnection->simpleQuery('SELECT COUNT(*)...')
#3 C:\xampp\htdocs\wiharta\system\Database\BaseBuilder.php(1669): CodeIgniter\Database\BaseConnection->query('SELECT COUNT(*)...', Array, false)
#4 C:\xampp\htdocs\wiharta\system\Model.php(551): CodeIgniter\Database\BaseBuilder->countAllResults(true)
#5 C:\xampp\htdocs\wiharta\app\Models\exim\barangjadi\Exportmutasi_model.php(242): CodeIgniter\Model->countAllResults()
#6 C:\xampp\htdocs\wiharta\app\Controllers\exim\Exportmutasi.php(408): App\Models\exim\barangjadi\Exportmutasi_model->count_allexportmutasi()
#7 C:\xampp\htdocs\wiharta\system\CodeIgniter.php(927): App\Controllers\exim\Exportmutasi->Datatablesexport()
#8 C:\xampp\htdocs\wiharta\system\CodeIgniter.php(482): CodeIgniter\CodeIgniter->runController(Object(App\Controllers\exim\Exportmutasi))
#9 C:\xampp\htdocs\wiharta\system\CodeIgniter.php(351): CodeIgniter\CodeIgniter->handleRequest(NULL, Object(Config\Cache), false)
#10 C:\xampp\htdocs\wiharta\public\index.php(67): CodeIgniter\CodeIgniter->run()
#11 {main}
ERROR - 2024-06-24 15:09:43 --> mysqli_sql_exception: Column 'tglinv' in field list is ambiguous in C:\xampp\htdocs\wiharta\system\Database\MySQLi\Connection.php:292
Stack trace:
#0 C:\xampp\htdocs\wiharta\system\Database\MySQLi\Connection.php(292): mysqli->query('SELECT COUNT(*)...', 0)
#1 C:\xampp\htdocs\wiharta\system\Database\BaseConnection.php(666): CodeIgniter\Database\MySQLi\Connection->execute('SELECT COUNT(*)...')
#2 C:\xampp\htdocs\wiharta\system\Database\BaseConnection.php(593): CodeIgniter\Database\BaseConnection->simpleQuery('SELECT COUNT(*)...')
#3 C:\xampp\htdocs\wiharta\system\Database\BaseBuilder.php(1669): CodeIgniter\Database\BaseConnection->query('SELECT COUNT(*)...', Array, false)
#4 C:\xampp\htdocs\wiharta\system\Model.php(551): CodeIgniter\Database\BaseBuilder->countAllResults(true)
#5 C:\xampp\htdocs\wiharta\app\Models\exim\barangjadi\Exportmutasi_model.php(242): CodeIgniter\Model->countAllResults()
#6 C:\xampp\htdocs\wiharta\app\Controllers\exim\Exportmutasi.php(408): App\Models\exim\barangjadi\Exportmutasi_model->count_allexportmutasi()
#7 C:\xampp\htdocs\wiharta\system\CodeIgniter.php(927): App\Controllers\exim\Exportmutasi->Datatablesexport()
#8 C:\xampp\htdocs\wiharta\system\CodeIgniter.php(482): CodeIgniter\CodeIgniter->runController(Object(App\Controllers\exim\Exportmutasi))
#9 C:\xampp\htdocs\wiharta\system\CodeIgniter.php(351): CodeIgniter\CodeIgniter->handleRequest(NULL, Object(Config\Cache), false)
#10 C:\xampp\htdocs\wiharta\public\index.php(67): CodeIgniter\CodeIgniter->run()
#11 {main}
ERROR - 2024-06-24 15:10:09 --> mysqli_sql_exception: Column 'tglinv' in field list is ambiguous in C:\xampp\htdocs\wiharta\system\Database\MySQLi\Connection.php:292
Stack trace:
#0 C:\xampp\htdocs\wiharta\system\Database\MySQLi\Connection.php(292): mysqli->query('SELECT COUNT(*)...', 0)
#1 C:\xampp\htdocs\wiharta\system\Database\BaseConnection.php(666): CodeIgniter\Database\MySQLi\Connection->execute('SELECT COUNT(*)...')
#2 C:\xampp\htdocs\wiharta\system\Database\BaseConnection.php(593): CodeIgniter\Database\BaseConnection->simpleQuery('SELECT COUNT(*)...')
#3 C:\xampp\htdocs\wiharta\system\Database\BaseBuilder.php(1669): CodeIgniter\Database\BaseConnection->query('SELECT COUNT(*)...', Array, false)
#4 C:\xampp\htdocs\wiharta\system\Model.php(551): CodeIgniter\Database\BaseBuilder->countAllResults(true)
#5 C:\xampp\htdocs\wiharta\app\Models\exim\barangjadi\Exportmutasi_model.php(242): CodeIgniter\Model->countAllResults()
#6 C:\xampp\htdocs\wiharta\app\Controllers\exim\Exportmutasi.php(408): App\Models\exim\barangjadi\Exportmutasi_model->count_allexportmutasi()
#7 C:\xampp\htdocs\wiharta\system\CodeIgniter.php(927): App\Controllers\exim\Exportmutasi->Datatablesexport()
#8 C:\xampp\htdocs\wiharta\system\CodeIgniter.php(482): CodeIgniter\CodeIgniter->runController(Object(App\Controllers\exim\Exportmutasi))
#9 C:\xampp\htdocs\wiharta\system\CodeIgniter.php(351): CodeIgniter\CodeIgniter->handleRequest(NULL, Object(Config\Cache), false)
#10 C:\xampp\htdocs\wiharta\public\index.php(67): CodeIgniter\CodeIgniter->run()
#11 {main}
ERROR - 2024-06-24 15:10:10 --> mysqli_sql_exception: Column 'tglinv' in field list is ambiguous in C:\xampp\htdocs\wiharta\system\Database\MySQLi\Connection.php:292
Stack trace:
#0 C:\xampp\htdocs\wiharta\system\Database\MySQLi\Connection.php(292): mysqli->query('SELECT COUNT(*)...', 0)
#1 C:\xampp\htdocs\wiharta\system\Database\BaseConnection.php(666): CodeIgniter\Database\MySQLi\Connection->execute('SELECT COUNT(*)...')
#2 C:\xampp\htdocs\wiharta\system\Database\BaseConnection.php(593): CodeIgniter\Database\BaseConnection->simpleQuery('SELECT COUNT(*)...')
#3 C:\xampp\htdocs\wiharta\system\Database\BaseBuilder.php(1669): CodeIgniter\Database\BaseConnection->query('SELECT COUNT(*)...', Array, false)
#4 C:\xampp\htdocs\wiharta\system\Model.php(551): CodeIgniter\Database\BaseBuilder->countAllResults(true)
#5 C:\xampp\htdocs\wiharta\app\Models\exim\barangjadi\Exportmutasi_model.php(242): CodeIgniter\Model->countAllResults()
#6 C:\xampp\htdocs\wiharta\app\Controllers\exim\Exportmutasi.php(408): App\Models\exim\barangjadi\Exportmutasi_model->count_allexportmutasi()
#7 C:\xampp\htdocs\wiharta\system\CodeIgniter.php(927): App\Controllers\exim\Exportmutasi->Datatablesexport()
#8 C:\xampp\htdocs\wiharta\system\CodeIgniter.php(482): CodeIgniter\CodeIgniter->runController(Object(App\Controllers\exim\Exportmutasi))
#9 C:\xampp\htdocs\wiharta\system\CodeIgniter.php(351): CodeIgniter\CodeIgniter->handleRequest(NULL, Object(Config\Cache), false)
#10 C:\xampp\htdocs\wiharta\public\index.php(67): CodeIgniter\CodeIgniter->run()
#11 {main}
ERROR - 2024-06-24 15:11:07 --> mysqli_sql_exception: Column 'tglinv' in field list is ambiguous in C:\xampp\htdocs\wiharta\system\Database\MySQLi\Connection.php:292
Stack trace:
#0 C:\xampp\htdocs\wiharta\system\Database\MySQLi\Connection.php(292): mysqli->query('SELECT COUNT(*)...', 0)
#1 C:\xampp\htdocs\wiharta\system\Database\BaseConnection.php(666): CodeIgniter\Database\MySQLi\Connection->execute('SELECT COUNT(*)...')
#2 C:\xampp\htdocs\wiharta\system\Database\BaseConnection.php(593): CodeIgniter\Database\BaseConnection->simpleQuery('SELECT COUNT(*)...')
#3 C:\xampp\htdocs\wiharta\system\Database\BaseBuilder.php(1669): CodeIgniter\Database\BaseConnection->query('SELECT COUNT(*)...', Array, false)
#4 C:\xampp\htdocs\wiharta\system\Model.php(551): CodeIgniter\Database\BaseBuilder->countAllResults(true)
#5 C:\xampp\htdocs\wiharta\app\Models\exim\barangjadi\Exportmutasi_model.php(242): CodeIgniter\Model->countAllResults()
#6 C:\xampp\htdocs\wiharta\app\Controllers\exim\Exportmutasi.php(408): App\Models\exim\barangjadi\Exportmutasi_model->count_allexportmutasi()
#7 C:\xampp\htdocs\wiharta\system\CodeIgniter.php(927): App\Controllers\exim\Exportmutasi->Datatablesexport()
#8 C:\xampp\htdocs\wiharta\system\CodeIgniter.php(482): CodeIgniter\CodeIgniter->runController(Object(App\Controllers\exim\Exportmutasi))
#9 C:\xampp\htdocs\wiharta\system\CodeIgniter.php(351): CodeIgniter\CodeIgniter->handleRequest(NULL, Object(Config\Cache), false)
#10 C:\xampp\htdocs\wiharta\public\index.php(67): CodeIgniter\CodeIgniter->run()
#11 {main}
ERROR - 2024-06-24 15:11:08 --> mysqli_sql_exception: Column 'tglinv' in field list is ambiguous in C:\xampp\htdocs\wiharta\system\Database\MySQLi\Connection.php:292
Stack trace:
#0 C:\xampp\htdocs\wiharta\system\Database\MySQLi\Connection.php(292): mysqli->query('SELECT COUNT(*)...', 0)
#1 C:\xampp\htdocs\wiharta\system\Database\BaseConnection.php(666): CodeIgniter\Database\MySQLi\Connection->execute('SELECT COUNT(*)...')
#2 C:\xampp\htdocs\wiharta\system\Database\BaseConnection.php(593): CodeIgniter\Database\BaseConnection->simpleQuery('SELECT COUNT(*)...')
#3 C:\xampp\htdocs\wiharta\system\Database\BaseBuilder.php(1669): CodeIgniter\Database\BaseConnection->query('SELECT COUNT(*)...', Array, false)
#4 C:\xampp\htdocs\wiharta\system\Model.php(551): CodeIgniter\Database\BaseBuilder->countAllResults(true)
#5 C:\xampp\htdocs\wiharta\app\Models\exim\barangjadi\Exportmutasi_model.php(242): CodeIgniter\Model->countAllResults()
#6 C:\xampp\htdocs\wiharta\app\Controllers\exim\Exportmutasi.php(408): App\Models\exim\barangjadi\Exportmutasi_model->count_allexportmutasi()
#7 C:\xampp\htdocs\wiharta\system\CodeIgniter.php(927): App\Controllers\exim\Exportmutasi->Datatablesexport()
#8 C:\xampp\htdocs\wiharta\system\CodeIgniter.php(482): CodeIgniter\CodeIgniter->runController(Object(App\Controllers\exim\Exportmutasi))
#9 C:\xampp\htdocs\wiharta\system\CodeIgniter.php(351): CodeIgniter\CodeIgniter->handleRequest(NULL, Object(Config\Cache), false)
#10 C:\xampp\htdocs\wiharta\public\index.php(67): CodeIgniter\CodeIgniter->run()
#11 {main}
ERROR - 2024-06-24 15:11:08 --> mysqli_sql_exception: Column 'tglinv' in field list is ambiguous in C:\xampp\htdocs\wiharta\system\Database\MySQLi\Connection.php:292
Stack trace:
#0 C:\xampp\htdocs\wiharta\system\Database\MySQLi\Connection.php(292): mysqli->query('SELECT COUNT(*)...', 0)
#1 C:\xampp\htdocs\wiharta\system\Database\BaseConnection.php(666): CodeIgniter\Database\MySQLi\Connection->execute('SELECT COUNT(*)...')
#2 C:\xampp\htdocs\wiharta\system\Database\BaseConnection.php(593): CodeIgniter\Database\BaseConnection->simpleQuery('SELECT COUNT(*)...')
#3 C:\xampp\htdocs\wiharta\system\Database\BaseBuilder.php(1669): CodeIgniter\Database\BaseConnection->query('SELECT COUNT(*)...', Array, false)
#4 C:\xampp\htdocs\wiharta\system\Model.php(551): CodeIgniter\Database\BaseBuilder->countAllResults(true)
#5 C:\xampp\htdocs\wiharta\app\Models\exim\barangjadi\Exportmutasi_model.php(242): CodeIgniter\Model->countAllResults()
#6 C:\xampp\htdocs\wiharta\app\Controllers\exim\Exportmutasi.php(408): App\Models\exim\barangjadi\Exportmutasi_model->count_allexportmutasi()
#7 C:\xampp\htdocs\wiharta\system\CodeIgniter.php(927): App\Controllers\exim\Exportmutasi->Datatablesexport()
#8 C:\xampp\htdocs\wiharta\system\CodeIgniter.php(482): CodeIgniter\CodeIgniter->runController(Object(App\Controllers\exim\Exportmutasi))
#9 C:\xampp\htdocs\wiharta\system\CodeIgniter.php(351): CodeIgniter\CodeIgniter->handleRequest(NULL, Object(Config\Cache), false)
#10 C:\xampp\htdocs\wiharta\public\index.php(67): CodeIgniter\CodeIgniter->run()
#11 {main}
ERROR - 2024-06-24 15:12:03 --> mysqli_sql_exception: Column 'tglinv' in field list is ambiguous in C:\xampp\htdocs\wiharta\system\Database\MySQLi\Connection.php:292
Stack trace:
#0 C:\xampp\htdocs\wiharta\system\Database\MySQLi\Connection.php(292): mysqli->query('SELECT COUNT(*)...', 0)
#1 C:\xampp\htdocs\wiharta\system\Database\BaseConnection.php(666): CodeIgniter\Database\MySQLi\Connection->execute('SELECT COUNT(*)...')
#2 C:\xampp\htdocs\wiharta\system\Database\BaseConnection.php(593): CodeIgniter\Database\BaseConnection->simpleQuery('SELECT COUNT(*)...')
#3 C:\xampp\htdocs\wiharta\system\Database\BaseBuilder.php(1669): CodeIgniter\Database\BaseConnection->query('SELECT COUNT(*)...', Array, false)
#4 C:\xampp\htdocs\wiharta\system\Model.php(551): CodeIgniter\Database\BaseBuilder->countAllResults(true)
#5 C:\xampp\htdocs\wiharta\app\Models\exim\barangjadi\Exportmutasi_model.php(242): CodeIgniter\Model->countAllResults()
#6 C:\xampp\htdocs\wiharta\app\Controllers\exim\Exportmutasi.php(408): App\Models\exim\barangjadi\Exportmutasi_model->count_allexportmutasi()
#7 C:\xampp\htdocs\wiharta\system\CodeIgniter.php(927): App\Controllers\exim\Exportmutasi->Datatablesexport()
#8 C:\xampp\htdocs\wiharta\system\CodeIgniter.php(482): CodeIgniter\CodeIgniter->runController(Object(App\Controllers\exim\Exportmutasi))
#9 C:\xampp\htdocs\wiharta\system\CodeIgniter.php(351): CodeIgniter\CodeIgniter->handleRequest(NULL, Object(Config\Cache), false)
#10 C:\xampp\htdocs\wiharta\public\index.php(67): CodeIgniter\CodeIgniter->run()
#11 {main}
ERROR - 2024-06-24 15:12:04 --> mysqli_sql_exception: Column 'tglinv' in field list is ambiguous in C:\xampp\htdocs\wiharta\system\Database\MySQLi\Connection.php:292
Stack trace:
#0 C:\xampp\htdocs\wiharta\system\Database\MySQLi\Connection.php(292): mysqli->query('SELECT COUNT(*)...', 0)
#1 C:\xampp\htdocs\wiharta\system\Database\BaseConnection.php(666): CodeIgniter\Database\MySQLi\Connection->execute('SELECT COUNT(*)...')
#2 C:\xampp\htdocs\wiharta\system\Database\BaseConnection.php(593): CodeIgniter\Database\BaseConnection->simpleQuery('SELECT COUNT(*)...')
#3 C:\xampp\htdocs\wiharta\system\Database\BaseBuilder.php(1669): CodeIgniter\Database\BaseConnection->query('SELECT COUNT(*)...', Array, false)
#4 C:\xampp\htdocs\wiharta\system\Model.php(551): CodeIgniter\Database\BaseBuilder->countAllResults(true)
#5 C:\xampp\htdocs\wiharta\app\Models\exim\barangjadi\Exportmutasi_model.php(242): CodeIgniter\Model->countAllResults()
#6 C:\xampp\htdocs\wiharta\app\Controllers\exim\Exportmutasi.php(408): App\Models\exim\barangjadi\Exportmutasi_model->count_allexportmutasi()
#7 C:\xampp\htdocs\wiharta\system\CodeIgniter.php(927): App\Controllers\exim\Exportmutasi->Datatablesexport()
#8 C:\xampp\htdocs\wiharta\system\CodeIgniter.php(482): CodeIgniter\CodeIgniter->runController(Object(App\Controllers\exim\Exportmutasi))
#9 C:\xampp\htdocs\wiharta\system\CodeIgniter.php(351): CodeIgniter\CodeIgniter->handleRequest(NULL, Object(Config\Cache), false)
#10 C:\xampp\htdocs\wiharta\public\index.php(67): CodeIgniter\CodeIgniter->run()
#11 {main}
ERROR - 2024-06-24 15:12:05 --> mysqli_sql_exception: Column 'tglinv' in field list is ambiguous in C:\xampp\htdocs\wiharta\system\Database\MySQLi\Connection.php:292
Stack trace:
#0 C:\xampp\htdocs\wiharta\system\Database\MySQLi\Connection.php(292): mysqli->query('SELECT COUNT(*)...', 0)
#1 C:\xampp\htdocs\wiharta\system\Database\BaseConnection.php(666): CodeIgniter\Database\MySQLi\Connection->execute('SELECT COUNT(*)...')
#2 C:\xampp\htdocs\wiharta\system\Database\BaseConnection.php(593): CodeIgniter\Database\BaseConnection->simpleQuery('SELECT COUNT(*)...')
#3 C:\xampp\htdocs\wiharta\system\Database\BaseBuilder.php(1669): CodeIgniter\Database\BaseConnection->query('SELECT COUNT(*)...', Array, false)
#4 C:\xampp\htdocs\wiharta\system\Model.php(551): CodeIgniter\Database\BaseBuilder->countAllResults(true)
#5 C:\xampp\htdocs\wiharta\app\Models\exim\barangjadi\Exportmutasi_model.php(242): CodeIgniter\Model->countAllResults()
#6 C:\xampp\htdocs\wiharta\app\Controllers\exim\Exportmutasi.php(408): App\Models\exim\barangjadi\Exportmutasi_model->count_allexportmutasi()
#7 C:\xampp\htdocs\wiharta\system\CodeIgniter.php(927): App\Controllers\exim\Exportmutasi->Datatablesexport()
#8 C:\xampp\htdocs\wiharta\system\CodeIgniter.php(482): CodeIgniter\CodeIgniter->runController(Object(App\Controllers\exim\Exportmutasi))
#9 C:\xampp\htdocs\wiharta\system\CodeIgniter.php(351): CodeIgniter\CodeIgniter->handleRequest(NULL, Object(Config\Cache), false)
#10 C:\xampp\htdocs\wiharta\public\index.php(67): CodeIgniter\CodeIgniter->run()
#11 {main}
