ERROR - 2023-04-06 09:37:19 --> mysqli_sql_exception: Table 'fin_pro.wh_mutasi_b_jadi' doesn't exist in C:\xampp\htdocs\wiharta\system\Database\MySQLi\Connection.php:292
Stack trace:
#0 C:\xampp\htdocs\wiharta\system\Database\MySQLi\Connection.php(292): mysqli->query('SELECT *\nFROM `...', 0)
#1 C:\xampp\htdocs\wiharta\system\Database\BaseConnection.php(666): CodeIgniter\Database\MySQLi\Connection->execute('SELECT *\nFROM `...')
#2 C:\xampp\htdocs\wiharta\system\Database\BaseConnection.php(593): CodeIgniter\Database\BaseConnection->simpleQuery('SELECT *\nFROM `...')
#3 C:\xampp\htdocs\wiharta\system\Database\BaseBuilder.php(1585): CodeIgniter\Database\BaseConnection->query('SELECT *\nFROM `...', Array, false)
#4 C:\xampp\htdocs\wiharta\system\Model.php(223): CodeIgniter\Database\BaseBuilder->get()
#5 C:\xampp\htdocs\wiharta\system\BaseModel.php(585): CodeIgniter\Model->doFindAll(0, 0)
#6 C:\xampp\htdocs\wiharta\app\Controllers\Gudang\Produksi.php(64): CodeIgniter\BaseModel->findAll()
#7 C:\xampp\htdocs\wiharta\system\CodeIgniter.php(927): App\Controllers\Gudang\Produksi->InputMutasiPenerimaanBarangJadi()
#8 C:\xampp\htdocs\wiharta\system\CodeIgniter.php(482): CodeIgniter\CodeIgniter->runController(Object(App\Controllers\Gudang\Produksi))
#9 C:\xampp\htdocs\wiharta\system\CodeIgniter.php(351): CodeIgniter\CodeIgniter->handleRequest(NULL, Object(Config\Cache), false)
#10 C:\xampp\htdocs\wiharta\public\index.php(67): CodeIgniter\CodeIgniter->run()
#11 C:\xampp\htdocs\wiharta\system\Commands\Server\rewrite.php(46): require_once('C:\\xampp\\htdocs...')
#12 {main}
CRITICAL - 2023-04-06 09:37:19 --> Call to a member function getResult() on bool
in SYSTEMPATH\Model.php on line 224.
 1 SYSTEMPATH\BaseModel.php(585): CodeIgniter\Model->doFindAll(0, 0)
 2 APPPATH\Controllers\Gudang\Produksi.php(64): CodeIgniter\BaseModel->findAll()
 3 SYSTEMPATH\CodeIgniter.php(927): App\Controllers\Gudang\Produksi->InputMutasiPenerimaanBarangJadi()
 4 SYSTEMPATH\CodeIgniter.php(482): CodeIgniter\CodeIgniter->runController(Object(App\Controllers\Gudang\Produksi))
 5 SYSTEMPATH\CodeIgniter.php(351): CodeIgniter\CodeIgniter->handleRequest(null, Object(Config\Cache), false)
 6 FCPATH\index.php(67): CodeIgniter\CodeIgniter->run()
 7 SYSTEMPATH\Commands\Server\rewrite.php(46): require_once('FCPATH\\index.php')
ERROR - 2023-04-06 09:53:52 --> mysqli_sql_exception: Table 'fin_pro.wh_mutasi_b_jadi' doesn't exist in C:\xampp\htdocs\wiharta\system\Database\MySQLi\Connection.php:292
Stack trace:
#0 C:\xampp\htdocs\wiharta\system\Database\MySQLi\Connection.php(292): mysqli->query('SELECT *\nFROM `...', 0)
#1 C:\xampp\htdocs\wiharta\system\Database\BaseConnection.php(666): CodeIgniter\Database\MySQLi\Connection->execute('SELECT *\nFROM `...')
#2 C:\xampp\htdocs\wiharta\system\Database\BaseConnection.php(593): CodeIgniter\Database\BaseConnection->simpleQuery('SELECT *\nFROM `...')
#3 C:\xampp\htdocs\wiharta\system\Database\BaseBuilder.php(1585): CodeIgniter\Database\BaseConnection->query('SELECT *\nFROM `...', Array, false)
#4 C:\xampp\htdocs\wiharta\system\Model.php(223): CodeIgniter\Database\BaseBuilder->get()
#5 C:\xampp\htdocs\wiharta\system\BaseModel.php(585): CodeIgniter\Model->doFindAll(0, 0)
#6 C:\xampp\htdocs\wiharta\app\Controllers\Gudang\Produksi.php(64): CodeIgniter\BaseModel->findAll()
#7 C:\xampp\htdocs\wiharta\system\CodeIgniter.php(927): App\Controllers\Gudang\Produksi->InputMutasiPenerimaanBarangJadi()
#8 C:\xampp\htdocs\wiharta\system\CodeIgniter.php(482): CodeIgniter\CodeIgniter->runController(Object(App\Controllers\Gudang\Produksi))
#9 C:\xampp\htdocs\wiharta\system\CodeIgniter.php(351): CodeIgniter\CodeIgniter->handleRequest(NULL, Object(Config\Cache), false)
#10 C:\xampp\htdocs\wiharta\public\index.php(67): CodeIgniter\CodeIgniter->run()
#11 C:\xampp\htdocs\wiharta\system\Commands\Server\rewrite.php(46): require_once('C:\\xampp\\htdocs...')
#12 {main}
CRITICAL - 2023-04-06 09:53:52 --> Call to a member function getResult() on bool
in SYSTEMPATH\Model.php on line 224.
 1 SYSTEMPATH\BaseModel.php(585): CodeIgniter\Model->doFindAll(0, 0)
 2 APPPATH\Controllers\Gudang\Produksi.php(64): CodeIgniter\BaseModel->findAll()
 3 SYSTEMPATH\CodeIgniter.php(927): App\Controllers\Gudang\Produksi->InputMutasiPenerimaanBarangJadi()
 4 SYSTEMPATH\CodeIgniter.php(482): CodeIgniter\CodeIgniter->runController(Object(App\Controllers\Gudang\Produksi))
 5 SYSTEMPATH\CodeIgniter.php(351): CodeIgniter\CodeIgniter->handleRequest(null, Object(Config\Cache), false)
 6 FCPATH\index.php(67): CodeIgniter\CodeIgniter->run()
 7 SYSTEMPATH\Commands\Server\rewrite.php(46): require_once('FCPATH\\index.php')
ERROR - 2023-04-06 09:53:54 --> mysqli_sql_exception: Table 'fin_pro.wh_mutasi_b_jadi' doesn't exist in C:\xampp\htdocs\wiharta\system\Database\MySQLi\Connection.php:292
Stack trace:
#0 C:\xampp\htdocs\wiharta\system\Database\MySQLi\Connection.php(292): mysqli->query('SELECT *\nFROM `...', 0)
#1 C:\xampp\htdocs\wiharta\system\Database\BaseConnection.php(666): CodeIgniter\Database\MySQLi\Connection->execute('SELECT *\nFROM `...')
#2 C:\xampp\htdocs\wiharta\system\Database\BaseConnection.php(593): CodeIgniter\Database\BaseConnection->simpleQuery('SELECT *\nFROM `...')
#3 C:\xampp\htdocs\wiharta\system\Database\BaseBuilder.php(1585): CodeIgniter\Database\BaseConnection->query('SELECT *\nFROM `...', Array, false)
#4 C:\xampp\htdocs\wiharta\system\Model.php(223): CodeIgniter\Database\BaseBuilder->get()
#5 C:\xampp\htdocs\wiharta\system\BaseModel.php(585): CodeIgniter\Model->doFindAll(0, 0)
#6 C:\xampp\htdocs\wiharta\app\Controllers\Gudang\Produksi.php(64): CodeIgniter\BaseModel->findAll()
#7 C:\xampp\htdocs\wiharta\system\CodeIgniter.php(927): App\Controllers\Gudang\Produksi->InputMutasiPenerimaanBarangJadi()
#8 C:\xampp\htdocs\wiharta\system\CodeIgniter.php(482): CodeIgniter\CodeIgniter->runController(Object(App\Controllers\Gudang\Produksi))
#9 C:\xampp\htdocs\wiharta\system\CodeIgniter.php(351): CodeIgniter\CodeIgniter->handleRequest(NULL, Object(Config\Cache), false)
#10 C:\xampp\htdocs\wiharta\public\index.php(67): CodeIgniter\CodeIgniter->run()
#11 C:\xampp\htdocs\wiharta\system\Commands\Server\rewrite.php(46): require_once('C:\\xampp\\htdocs...')
#12 {main}
CRITICAL - 2023-04-06 09:53:54 --> Call to a member function getResult() on bool
in SYSTEMPATH\Model.php on line 224.
 1 SYSTEMPATH\BaseModel.php(585): CodeIgniter\Model->doFindAll(0, 0)
 2 APPPATH\Controllers\Gudang\Produksi.php(64): CodeIgniter\BaseModel->findAll()
 3 SYSTEMPATH\CodeIgniter.php(927): App\Controllers\Gudang\Produksi->InputMutasiPenerimaanBarangJadi()
 4 SYSTEMPATH\CodeIgniter.php(482): CodeIgniter\CodeIgniter->runController(Object(App\Controllers\Gudang\Produksi))
 5 SYSTEMPATH\CodeIgniter.php(351): CodeIgniter\CodeIgniter->handleRequest(null, Object(Config\Cache), false)
 6 FCPATH\index.php(67): CodeIgniter\CodeIgniter->run()
 7 SYSTEMPATH\Commands\Server\rewrite.php(46): require_once('FCPATH\\index.php')
ERROR - 2023-04-06 10:22:39 --> mysqli_sql_exception: Table 'fin_pro.wh_mutasi_b_jadi' doesn't exist in C:\xampp\htdocs\wiharta\system\Database\MySQLi\Connection.php:292
Stack trace:
#0 C:\xampp\htdocs\wiharta\system\Database\MySQLi\Connection.php(292): mysqli->query('SELECT *\nFROM `...', 0)
#1 C:\xampp\htdocs\wiharta\system\Database\BaseConnection.php(666): CodeIgniter\Database\MySQLi\Connection->execute('SELECT *\nFROM `...')
#2 C:\xampp\htdocs\wiharta\system\Database\BaseConnection.php(593): CodeIgniter\Database\BaseConnection->simpleQuery('SELECT *\nFROM `...')
#3 C:\xampp\htdocs\wiharta\system\Database\BaseBuilder.php(1585): CodeIgniter\Database\BaseConnection->query('SELECT *\nFROM `...', Array, false)
#4 C:\xampp\htdocs\wiharta\system\Model.php(185): CodeIgniter\Database\BaseBuilder->get()
#5 C:\xampp\htdocs\wiharta\system\BaseModel.php(524): CodeIgniter\Model->doFind(false, NULL)
#6 C:\xampp\htdocs\wiharta\app\Controllers\Gudang\Produksi.php(64): CodeIgniter\BaseModel->find()
#7 C:\xampp\htdocs\wiharta\system\CodeIgniter.php(927): App\Controllers\Gudang\Produksi->InputMutasiPenerimaanBarangJadi()
#8 C:\xampp\htdocs\wiharta\system\CodeIgniter.php(482): CodeIgniter\CodeIgniter->runController(Object(App\Controllers\Gudang\Produksi))
#9 C:\xampp\htdocs\wiharta\system\CodeIgniter.php(351): CodeIgniter\CodeIgniter->handleRequest(NULL, Object(Config\Cache), false)
#10 C:\xampp\htdocs\wiharta\public\index.php(67): CodeIgniter\CodeIgniter->run()
#11 C:\xampp\htdocs\wiharta\system\Commands\Server\rewrite.php(46): require_once('C:\\xampp\\htdocs...')
#12 {main}
CRITICAL - 2023-04-06 10:22:39 --> Call to a member function getResult() on bool
in SYSTEMPATH\Model.php on line 185.
 1 SYSTEMPATH\BaseModel.php(524): CodeIgniter\Model->doFind(false, null)
 2 APPPATH\Controllers\Gudang\Produksi.php(64): CodeIgniter\BaseModel->find()
 3 SYSTEMPATH\CodeIgniter.php(927): App\Controllers\Gudang\Produksi->InputMutasiPenerimaanBarangJadi()
 4 SYSTEMPATH\CodeIgniter.php(482): CodeIgniter\CodeIgniter->runController(Object(App\Controllers\Gudang\Produksi))
 5 SYSTEMPATH\CodeIgniter.php(351): CodeIgniter\CodeIgniter->handleRequest(null, Object(Config\Cache), false)
 6 FCPATH\index.php(67): CodeIgniter\CodeIgniter->run()
 7 SYSTEMPATH\Commands\Server\rewrite.php(46): require_once('FCPATH\\index.php')
ERROR - 2023-04-06 10:24:24 --> mysqli_sql_exception: Table 'fin_pro.wh_mutasi_b_jadi' doesn't exist in C:\xampp\htdocs\wiharta\system\Database\MySQLi\Connection.php:292
Stack trace:
#0 C:\xampp\htdocs\wiharta\system\Database\MySQLi\Connection.php(292): mysqli->query('SELECT *\nFROM `...', 0)
#1 C:\xampp\htdocs\wiharta\system\Database\BaseConnection.php(666): CodeIgniter\Database\MySQLi\Connection->execute('SELECT *\nFROM `...')
#2 C:\xampp\htdocs\wiharta\system\Database\BaseConnection.php(593): CodeIgniter\Database\BaseConnection->simpleQuery('SELECT *\nFROM `...')
#3 C:\xampp\htdocs\wiharta\system\Database\BaseBuilder.php(1585): CodeIgniter\Database\BaseConnection->query('SELECT *\nFROM `...', Array, false)
#4 C:\xampp\htdocs\wiharta\system\Model.php(772): CodeIgniter\Database\BaseBuilder->get()
#5 C:\xampp\htdocs\wiharta\app\Models\Gudang\Mutasi_Barangjadi_model.php(28): CodeIgniter\Model->__call('get', Array)
#6 C:\xampp\htdocs\wiharta\app\Controllers\Gudang\Produksi.php(64): App\Models\Gudang\Mutasi_Barangjadi_model->Allitem()
#7 C:\xampp\htdocs\wiharta\system\CodeIgniter.php(927): App\Controllers\Gudang\Produksi->InputMutasiPenerimaanBarangJadi()
#8 C:\xampp\htdocs\wiharta\system\CodeIgniter.php(482): CodeIgniter\CodeIgniter->runController(Object(App\Controllers\Gudang\Produksi))
#9 C:\xampp\htdocs\wiharta\system\CodeIgniter.php(351): CodeIgniter\CodeIgniter->handleRequest(NULL, Object(Config\Cache), false)
#10 C:\xampp\htdocs\wiharta\public\index.php(67): CodeIgniter\CodeIgniter->run()
#11 C:\xampp\htdocs\wiharta\system\Commands\Server\rewrite.php(46): require_once('C:\\xampp\\htdocs...')
#12 {main}
CRITICAL - 2023-04-06 10:24:24 --> Call to a member function getResultArray() on bool
in APPPATH\Models\Gudang\Mutasi_Barangjadi_model.php on line 28.
 1 APPPATH\Controllers\Gudang\Produksi.php(64): App\Models\Gudang\Mutasi_Barangjadi_model->Allitem()
 2 SYSTEMPATH\CodeIgniter.php(927): App\Controllers\Gudang\Produksi->InputMutasiPenerimaanBarangJadi()
 3 SYSTEMPATH\CodeIgniter.php(482): CodeIgniter\CodeIgniter->runController(Object(App\Controllers\Gudang\Produksi))
 4 SYSTEMPATH\CodeIgniter.php(351): CodeIgniter\CodeIgniter->handleRequest(null, Object(Config\Cache), false)
 5 FCPATH\index.php(67): CodeIgniter\CodeIgniter->run()
 6 SYSTEMPATH\Commands\Server\rewrite.php(46): require_once('FCPATH\\index.php')
ERROR - 2023-04-06 10:25:07 --> mysqli_sql_exception: Table 'fin_pro.wh_mutasi_b_jadi' doesn't exist in C:\xampp\htdocs\wiharta\system\Database\MySQLi\Connection.php:292
Stack trace:
#0 C:\xampp\htdocs\wiharta\system\Database\MySQLi\Connection.php(292): mysqli->query('SELECT *\nFROM `...', 0)
#1 C:\xampp\htdocs\wiharta\system\Database\BaseConnection.php(666): CodeIgniter\Database\MySQLi\Connection->execute('SELECT *\nFROM `...')
#2 C:\xampp\htdocs\wiharta\system\Database\BaseConnection.php(593): CodeIgniter\Database\BaseConnection->simpleQuery('SELECT *\nFROM `...')
#3 C:\xampp\htdocs\wiharta\system\Database\BaseBuilder.php(1585): CodeIgniter\Database\BaseConnection->query('SELECT *\nFROM `...', Array, false)
#4 C:\xampp\htdocs\wiharta\system\Model.php(772): CodeIgniter\Database\BaseBuilder->get()
#5 C:\xampp\htdocs\wiharta\app\Models\Gudang\Mutasi_Barangjadi_model.php(28): CodeIgniter\Model->__call('get', Array)
#6 C:\xampp\htdocs\wiharta\app\Controllers\Gudang\Produksi.php(64): App\Models\Gudang\Mutasi_Barangjadi_model->Allitem()
#7 C:\xampp\htdocs\wiharta\system\CodeIgniter.php(927): App\Controllers\Gudang\Produksi->InputMutasiPenerimaanBarangJadi()
#8 C:\xampp\htdocs\wiharta\system\CodeIgniter.php(482): CodeIgniter\CodeIgniter->runController(Object(App\Controllers\Gudang\Produksi))
#9 C:\xampp\htdocs\wiharta\system\CodeIgniter.php(351): CodeIgniter\CodeIgniter->handleRequest(NULL, Object(Config\Cache), false)
#10 C:\xampp\htdocs\wiharta\public\index.php(67): CodeIgniter\CodeIgniter->run()
#11 C:\xampp\htdocs\wiharta\system\Commands\Server\rewrite.php(46): require_once('C:\\xampp\\htdocs...')
#12 {main}
CRITICAL - 2023-04-06 10:25:07 --> Call to a member function getResult() on bool
in APPPATH\Models\Gudang\Mutasi_Barangjadi_model.php on line 28.
 1 APPPATH\Controllers\Gudang\Produksi.php(64): App\Models\Gudang\Mutasi_Barangjadi_model->Allitem()
 2 SYSTEMPATH\CodeIgniter.php(927): App\Controllers\Gudang\Produksi->InputMutasiPenerimaanBarangJadi()
 3 SYSTEMPATH\CodeIgniter.php(482): CodeIgniter\CodeIgniter->runController(Object(App\Controllers\Gudang\Produksi))
 4 SYSTEMPATH\CodeIgniter.php(351): CodeIgniter\CodeIgniter->handleRequest(null, Object(Config\Cache), false)
 5 FCPATH\index.php(67): CodeIgniter\CodeIgniter->run()
 6 SYSTEMPATH\Commands\Server\rewrite.php(46): require_once('FCPATH\\index.php')
CRITICAL - 2023-04-06 10:25:16 --> Call to undefined method App\Models\Gudang\Mutasi_Barangjadi_model::getResultArray
in SYSTEMPATH\Model.php on line 774.
 1 APPPATH\Models\Gudang\Mutasi_Barangjadi_model.php(28): CodeIgniter\Model->__call('getResultArray', [])
 2 APPPATH\Controllers\Gudang\Produksi.php(64): App\Models\Gudang\Mutasi_Barangjadi_model->Allitem()
 3 SYSTEMPATH\CodeIgniter.php(927): App\Controllers\Gudang\Produksi->InputMutasiPenerimaanBarangJadi()
 4 SYSTEMPATH\CodeIgniter.php(482): CodeIgniter\CodeIgniter->runController(Object(App\Controllers\Gudang\Produksi))
 5 SYSTEMPATH\CodeIgniter.php(351): CodeIgniter\CodeIgniter->handleRequest(null, Object(Config\Cache), false)
 6 FCPATH\index.php(67): CodeIgniter\CodeIgniter->run()
 7 SYSTEMPATH\Commands\Server\rewrite.php(46): require_once('FCPATH\\index.php')
ERROR - 2023-04-06 10:27:11 --> mysqli_sql_exception: Table 'fin_pro.item_ccn' doesn't exist in C:\xampp\htdocs\wiharta\system\Database\MySQLi\Connection.php:292
Stack trace:
#0 C:\xampp\htdocs\wiharta\system\Database\MySQLi\Connection.php(292): mysqli->query('SELECT *\nFROM `...', 0)
#1 C:\xampp\htdocs\wiharta\system\Database\BaseConnection.php(666): CodeIgniter\Database\MySQLi\Connection->execute('SELECT *\nFROM `...')
#2 C:\xampp\htdocs\wiharta\system\Database\BaseConnection.php(593): CodeIgniter\Database\BaseConnection->simpleQuery('SELECT *\nFROM `...')
#3 C:\xampp\htdocs\wiharta\system\Database\BaseBuilder.php(1585): CodeIgniter\Database\BaseConnection->query('SELECT *\nFROM `...', Array, false)
#4 C:\xampp\htdocs\wiharta\system\Model.php(223): CodeIgniter\Database\BaseBuilder->get()
#5 C:\xampp\htdocs\wiharta\system\BaseModel.php(585): CodeIgniter\Model->doFindAll(0, 0)
#6 C:\xampp\htdocs\wiharta\app\Controllers\Gudang\Produksi.php(64): CodeIgniter\BaseModel->findAll()
#7 C:\xampp\htdocs\wiharta\system\CodeIgniter.php(927): App\Controllers\Gudang\Produksi->InputMutasiPenerimaanBarangJadi()
#8 C:\xampp\htdocs\wiharta\system\CodeIgniter.php(482): CodeIgniter\CodeIgniter->runController(Object(App\Controllers\Gudang\Produksi))
#9 C:\xampp\htdocs\wiharta\system\CodeIgniter.php(351): CodeIgniter\CodeIgniter->handleRequest(NULL, Object(Config\Cache), false)
#10 C:\xampp\htdocs\wiharta\public\index.php(67): CodeIgniter\CodeIgniter->run()
#11 C:\xampp\htdocs\wiharta\system\Commands\Server\rewrite.php(46): require_once('C:\\xampp\\htdocs...')
#12 {main}
CRITICAL - 2023-04-06 10:27:11 --> Call to a member function getResult() on bool
in SYSTEMPATH\Model.php on line 224.
 1 SYSTEMPATH\BaseModel.php(585): CodeIgniter\Model->doFindAll(0, 0)
 2 APPPATH\Controllers\Gudang\Produksi.php(64): CodeIgniter\BaseModel->findAll()
 3 SYSTEMPATH\CodeIgniter.php(927): App\Controllers\Gudang\Produksi->InputMutasiPenerimaanBarangJadi()
 4 SYSTEMPATH\CodeIgniter.php(482): CodeIgniter\CodeIgniter->runController(Object(App\Controllers\Gudang\Produksi))
 5 SYSTEMPATH\CodeIgniter.php(351): CodeIgniter\CodeIgniter->handleRequest(null, Object(Config\Cache), false)
 6 FCPATH\index.php(67): CodeIgniter\CodeIgniter->run()
 7 SYSTEMPATH\Commands\Server\rewrite.php(46): require_once('FCPATH\\index.php')
ERROR - 2023-04-06 10:27:13 --> mysqli_sql_exception: Table 'fin_pro.item_ccn' doesn't exist in C:\xampp\htdocs\wiharta\system\Database\MySQLi\Connection.php:292
Stack trace:
#0 C:\xampp\htdocs\wiharta\system\Database\MySQLi\Connection.php(292): mysqli->query('SELECT *\nFROM `...', 0)
#1 C:\xampp\htdocs\wiharta\system\Database\BaseConnection.php(666): CodeIgniter\Database\MySQLi\Connection->execute('SELECT *\nFROM `...')
#2 C:\xampp\htdocs\wiharta\system\Database\BaseConnection.php(593): CodeIgniter\Database\BaseConnection->simpleQuery('SELECT *\nFROM `...')
#3 C:\xampp\htdocs\wiharta\system\Database\BaseBuilder.php(1585): CodeIgniter\Database\BaseConnection->query('SELECT *\nFROM `...', Array, false)
#4 C:\xampp\htdocs\wiharta\system\Model.php(223): CodeIgniter\Database\BaseBuilder->get()
#5 C:\xampp\htdocs\wiharta\system\BaseModel.php(585): CodeIgniter\Model->doFindAll(0, 0)
#6 C:\xampp\htdocs\wiharta\app\Controllers\Gudang\Produksi.php(64): CodeIgniter\BaseModel->findAll()
#7 C:\xampp\htdocs\wiharta\system\CodeIgniter.php(927): App\Controllers\Gudang\Produksi->InputMutasiPenerimaanBarangJadi()
#8 C:\xampp\htdocs\wiharta\system\CodeIgniter.php(482): CodeIgniter\CodeIgniter->runController(Object(App\Controllers\Gudang\Produksi))
#9 C:\xampp\htdocs\wiharta\system\CodeIgniter.php(351): CodeIgniter\CodeIgniter->handleRequest(NULL, Object(Config\Cache), false)
#10 C:\xampp\htdocs\wiharta\public\index.php(67): CodeIgniter\CodeIgniter->run()
#11 C:\xampp\htdocs\wiharta\system\Commands\Server\rewrite.php(46): require_once('C:\\xampp\\htdocs...')
#12 {main}
CRITICAL - 2023-04-06 10:27:13 --> Call to a member function getResult() on bool
in SYSTEMPATH\Model.php on line 224.
 1 SYSTEMPATH\BaseModel.php(585): CodeIgniter\Model->doFindAll(0, 0)
 2 APPPATH\Controllers\Gudang\Produksi.php(64): CodeIgniter\BaseModel->findAll()
 3 SYSTEMPATH\CodeIgniter.php(927): App\Controllers\Gudang\Produksi->InputMutasiPenerimaanBarangJadi()
 4 SYSTEMPATH\CodeIgniter.php(482): CodeIgniter\CodeIgniter->runController(Object(App\Controllers\Gudang\Produksi))
 5 SYSTEMPATH\CodeIgniter.php(351): CodeIgniter\CodeIgniter->handleRequest(null, Object(Config\Cache), false)
 6 FCPATH\index.php(67): CodeIgniter\CodeIgniter->run()
 7 SYSTEMPATH\Commands\Server\rewrite.php(46): require_once('FCPATH\\index.php')
ERROR - 2023-04-06 10:27:50 --> mysqli_sql_exception: Table 'fin_pro.item_ccn' doesn't exist in C:\xampp\htdocs\wiharta\system\Database\MySQLi\Connection.php:292
Stack trace:
#0 C:\xampp\htdocs\wiharta\system\Database\MySQLi\Connection.php(292): mysqli->query('SELECT *\nFROM `...', 0)
#1 C:\xampp\htdocs\wiharta\system\Database\BaseConnection.php(666): CodeIgniter\Database\MySQLi\Connection->execute('SELECT *\nFROM `...')
#2 C:\xampp\htdocs\wiharta\system\Database\BaseConnection.php(593): CodeIgniter\Database\BaseConnection->simpleQuery('SELECT *\nFROM `...')
#3 C:\xampp\htdocs\wiharta\system\Database\BaseBuilder.php(1585): CodeIgniter\Database\BaseConnection->query('SELECT *\nFROM `...', Array, false)
#4 C:\xampp\htdocs\wiharta\system\Model.php(223): CodeIgniter\Database\BaseBuilder->get()
#5 C:\xampp\htdocs\wiharta\system\BaseModel.php(585): CodeIgniter\Model->doFindAll(0, 0)
#6 C:\xampp\htdocs\wiharta\app\Controllers\Gudang\Produksi.php(64): CodeIgniter\BaseModel->findAll()
#7 C:\xampp\htdocs\wiharta\system\CodeIgniter.php(927): App\Controllers\Gudang\Produksi->InputMutasiPenerimaanBarangJadi()
#8 C:\xampp\htdocs\wiharta\system\CodeIgniter.php(482): CodeIgniter\CodeIgniter->runController(Object(App\Controllers\Gudang\Produksi))
#9 C:\xampp\htdocs\wiharta\system\CodeIgniter.php(351): CodeIgniter\CodeIgniter->handleRequest(NULL, Object(Config\Cache), false)
#10 C:\xampp\htdocs\wiharta\public\index.php(67): CodeIgniter\CodeIgniter->run()
#11 C:\xampp\htdocs\wiharta\system\Commands\Server\rewrite.php(46): require_once('C:\\xampp\\htdocs...')
#12 {main}
CRITICAL - 2023-04-06 10:27:50 --> Call to a member function getResult() on bool
in SYSTEMPATH\Model.php on line 224.
 1 SYSTEMPATH\BaseModel.php(585): CodeIgniter\Model->doFindAll(0, 0)
 2 APPPATH\Controllers\Gudang\Produksi.php(64): CodeIgniter\BaseModel->findAll()
 3 SYSTEMPATH\CodeIgniter.php(927): App\Controllers\Gudang\Produksi->InputMutasiPenerimaanBarangJadi()
 4 SYSTEMPATH\CodeIgniter.php(482): CodeIgniter\CodeIgniter->runController(Object(App\Controllers\Gudang\Produksi))
 5 SYSTEMPATH\CodeIgniter.php(351): CodeIgniter\CodeIgniter->handleRequest(null, Object(Config\Cache), false)
 6 FCPATH\index.php(67): CodeIgniter\CodeIgniter->run()
 7 SYSTEMPATH\Commands\Server\rewrite.php(46): require_once('FCPATH\\index.php')
ERROR - 2023-04-06 10:27:52 --> mysqli_sql_exception: Table 'fin_pro.item_ccn' doesn't exist in C:\xampp\htdocs\wiharta\system\Database\MySQLi\Connection.php:292
Stack trace:
#0 C:\xampp\htdocs\wiharta\system\Database\MySQLi\Connection.php(292): mysqli->query('SELECT *\nFROM `...', 0)
#1 C:\xampp\htdocs\wiharta\system\Database\BaseConnection.php(666): CodeIgniter\Database\MySQLi\Connection->execute('SELECT *\nFROM `...')
#2 C:\xampp\htdocs\wiharta\system\Database\BaseConnection.php(593): CodeIgniter\Database\BaseConnection->simpleQuery('SELECT *\nFROM `...')
#3 C:\xampp\htdocs\wiharta\system\Database\BaseBuilder.php(1585): CodeIgniter\Database\BaseConnection->query('SELECT *\nFROM `...', Array, false)
#4 C:\xampp\htdocs\wiharta\system\Model.php(223): CodeIgniter\Database\BaseBuilder->get()
#5 C:\xampp\htdocs\wiharta\system\BaseModel.php(585): CodeIgniter\Model->doFindAll(0, 0)
#6 C:\xampp\htdocs\wiharta\app\Controllers\Gudang\Produksi.php(64): CodeIgniter\BaseModel->findAll()
#7 C:\xampp\htdocs\wiharta\system\CodeIgniter.php(927): App\Controllers\Gudang\Produksi->InputMutasiPenerimaanBarangJadi()
#8 C:\xampp\htdocs\wiharta\system\CodeIgniter.php(482): CodeIgniter\CodeIgniter->runController(Object(App\Controllers\Gudang\Produksi))
#9 C:\xampp\htdocs\wiharta\system\CodeIgniter.php(351): CodeIgniter\CodeIgniter->handleRequest(NULL, Object(Config\Cache), false)
#10 C:\xampp\htdocs\wiharta\public\index.php(67): CodeIgniter\CodeIgniter->run()
#11 C:\xampp\htdocs\wiharta\system\Commands\Server\rewrite.php(46): require_once('C:\\xampp\\htdocs...')
#12 {main}
CRITICAL - 2023-04-06 10:27:52 --> Call to a member function getResult() on bool
in SYSTEMPATH\Model.php on line 224.
 1 SYSTEMPATH\BaseModel.php(585): CodeIgniter\Model->doFindAll(0, 0)
 2 APPPATH\Controllers\Gudang\Produksi.php(64): CodeIgniter\BaseModel->findAll()
 3 SYSTEMPATH\CodeIgniter.php(927): App\Controllers\Gudang\Produksi->InputMutasiPenerimaanBarangJadi()
 4 SYSTEMPATH\CodeIgniter.php(482): CodeIgniter\CodeIgniter->runController(Object(App\Controllers\Gudang\Produksi))
 5 SYSTEMPATH\CodeIgniter.php(351): CodeIgniter\CodeIgniter->handleRequest(null, Object(Config\Cache), false)
 6 FCPATH\index.php(67): CodeIgniter\CodeIgniter->run()
 7 SYSTEMPATH\Commands\Server\rewrite.php(46): require_once('FCPATH\\index.php')
ERROR - 2023-04-06 10:28:47 --> mysqli_sql_exception: Table 'fin_pro.item_ccn' doesn't exist in C:\xampp\htdocs\wiharta\system\Database\MySQLi\Connection.php:292
Stack trace:
#0 C:\xampp\htdocs\wiharta\system\Database\MySQLi\Connection.php(292): mysqli->query('SELECT *\nFROM `...', 0)
#1 C:\xampp\htdocs\wiharta\system\Database\BaseConnection.php(666): CodeIgniter\Database\MySQLi\Connection->execute('SELECT *\nFROM `...')
#2 C:\xampp\htdocs\wiharta\system\Database\BaseConnection.php(593): CodeIgniter\Database\BaseConnection->simpleQuery('SELECT *\nFROM `...')
#3 C:\xampp\htdocs\wiharta\system\Database\BaseBuilder.php(1585): CodeIgniter\Database\BaseConnection->query('SELECT *\nFROM `...', Array, false)
#4 C:\xampp\htdocs\wiharta\system\Model.php(223): CodeIgniter\Database\BaseBuilder->get()
#5 C:\xampp\htdocs\wiharta\system\BaseModel.php(585): CodeIgniter\Model->doFindAll(0, 0)
#6 C:\xampp\htdocs\wiharta\app\Controllers\Gudang\Produksi.php(64): CodeIgniter\BaseModel->findAll()
#7 C:\xampp\htdocs\wiharta\system\CodeIgniter.php(927): App\Controllers\Gudang\Produksi->InputMutasiPenerimaanBarangJadi()
#8 C:\xampp\htdocs\wiharta\system\CodeIgniter.php(482): CodeIgniter\CodeIgniter->runController(Object(App\Controllers\Gudang\Produksi))
#9 C:\xampp\htdocs\wiharta\system\CodeIgniter.php(351): CodeIgniter\CodeIgniter->handleRequest(NULL, Object(Config\Cache), false)
#10 C:\xampp\htdocs\wiharta\public\index.php(67): CodeIgniter\CodeIgniter->run()
#11 C:\xampp\htdocs\wiharta\system\Commands\Server\rewrite.php(46): require_once('C:\\xampp\\htdocs...')
#12 {main}
CRITICAL - 2023-04-06 10:28:47 --> Call to a member function getResult() on bool
in SYSTEMPATH\Model.php on line 224.
 1 SYSTEMPATH\BaseModel.php(585): CodeIgniter\Model->doFindAll(0, 0)
 2 APPPATH\Controllers\Gudang\Produksi.php(64): CodeIgniter\BaseModel->findAll()
 3 SYSTEMPATH\CodeIgniter.php(927): App\Controllers\Gudang\Produksi->InputMutasiPenerimaanBarangJadi()
 4 SYSTEMPATH\CodeIgniter.php(482): CodeIgniter\CodeIgniter->runController(Object(App\Controllers\Gudang\Produksi))
 5 SYSTEMPATH\CodeIgniter.php(351): CodeIgniter\CodeIgniter->handleRequest(null, Object(Config\Cache), false)
 6 FCPATH\index.php(67): CodeIgniter\CodeIgniter->run()
 7 SYSTEMPATH\Commands\Server\rewrite.php(46): require_once('FCPATH\\index.php')
ERROR - 2023-04-06 10:28:48 --> mysqli_sql_exception: Table 'fin_pro.item_ccn' doesn't exist in C:\xampp\htdocs\wiharta\system\Database\MySQLi\Connection.php:292
Stack trace:
#0 C:\xampp\htdocs\wiharta\system\Database\MySQLi\Connection.php(292): mysqli->query('SELECT *\nFROM `...', 0)
#1 C:\xampp\htdocs\wiharta\system\Database\BaseConnection.php(666): CodeIgniter\Database\MySQLi\Connection->execute('SELECT *\nFROM `...')
#2 C:\xampp\htdocs\wiharta\system\Database\BaseConnection.php(593): CodeIgniter\Database\BaseConnection->simpleQuery('SELECT *\nFROM `...')
#3 C:\xampp\htdocs\wiharta\system\Database\BaseBuilder.php(1585): CodeIgniter\Database\BaseConnection->query('SELECT *\nFROM `...', Array, false)
#4 C:\xampp\htdocs\wiharta\system\Model.php(223): CodeIgniter\Database\BaseBuilder->get()
#5 C:\xampp\htdocs\wiharta\system\BaseModel.php(585): CodeIgniter\Model->doFindAll(0, 0)
#6 C:\xampp\htdocs\wiharta\app\Controllers\Gudang\Produksi.php(64): CodeIgniter\BaseModel->findAll()
#7 C:\xampp\htdocs\wiharta\system\CodeIgniter.php(927): App\Controllers\Gudang\Produksi->InputMutasiPenerimaanBarangJadi()
#8 C:\xampp\htdocs\wiharta\system\CodeIgniter.php(482): CodeIgniter\CodeIgniter->runController(Object(App\Controllers\Gudang\Produksi))
#9 C:\xampp\htdocs\wiharta\system\CodeIgniter.php(351): CodeIgniter\CodeIgniter->handleRequest(NULL, Object(Config\Cache), false)
#10 C:\xampp\htdocs\wiharta\public\index.php(67): CodeIgniter\CodeIgniter->run()
#11 C:\xampp\htdocs\wiharta\system\Commands\Server\rewrite.php(46): require_once('C:\\xampp\\htdocs...')
#12 {main}
CRITICAL - 2023-04-06 10:28:48 --> Call to a member function getResult() on bool
in SYSTEMPATH\Model.php on line 224.
 1 SYSTEMPATH\BaseModel.php(585): CodeIgniter\Model->doFindAll(0, 0)
 2 APPPATH\Controllers\Gudang\Produksi.php(64): CodeIgniter\BaseModel->findAll()
 3 SYSTEMPATH\CodeIgniter.php(927): App\Controllers\Gudang\Produksi->InputMutasiPenerimaanBarangJadi()
 4 SYSTEMPATH\CodeIgniter.php(482): CodeIgniter\CodeIgniter->runController(Object(App\Controllers\Gudang\Produksi))
 5 SYSTEMPATH\CodeIgniter.php(351): CodeIgniter\CodeIgniter->handleRequest(null, Object(Config\Cache), false)
 6 FCPATH\index.php(67): CodeIgniter\CodeIgniter->run()
 7 SYSTEMPATH\Commands\Server\rewrite.php(46): require_once('FCPATH\\index.php')
ERROR - 2023-04-06 10:28:48 --> mysqli_sql_exception: Table 'fin_pro.item_ccn' doesn't exist in C:\xampp\htdocs\wiharta\system\Database\MySQLi\Connection.php:292
Stack trace:
#0 C:\xampp\htdocs\wiharta\system\Database\MySQLi\Connection.php(292): mysqli->query('SELECT *\nFROM `...', 0)
#1 C:\xampp\htdocs\wiharta\system\Database\BaseConnection.php(666): CodeIgniter\Database\MySQLi\Connection->execute('SELECT *\nFROM `...')
#2 C:\xampp\htdocs\wiharta\system\Database\BaseConnection.php(593): CodeIgniter\Database\BaseConnection->simpleQuery('SELECT *\nFROM `...')
#3 C:\xampp\htdocs\wiharta\system\Database\BaseBuilder.php(1585): CodeIgniter\Database\BaseConnection->query('SELECT *\nFROM `...', Array, false)
#4 C:\xampp\htdocs\wiharta\system\Model.php(223): CodeIgniter\Database\BaseBuilder->get()
#5 C:\xampp\htdocs\wiharta\system\BaseModel.php(585): CodeIgniter\Model->doFindAll(0, 0)
#6 C:\xampp\htdocs\wiharta\app\Controllers\Gudang\Produksi.php(64): CodeIgniter\BaseModel->findAll()
#7 C:\xampp\htdocs\wiharta\system\CodeIgniter.php(927): App\Controllers\Gudang\Produksi->InputMutasiPenerimaanBarangJadi()
#8 C:\xampp\htdocs\wiharta\system\CodeIgniter.php(482): CodeIgniter\CodeIgniter->runController(Object(App\Controllers\Gudang\Produksi))
#9 C:\xampp\htdocs\wiharta\system\CodeIgniter.php(351): CodeIgniter\CodeIgniter->handleRequest(NULL, Object(Config\Cache), false)
#10 C:\xampp\htdocs\wiharta\public\index.php(67): CodeIgniter\CodeIgniter->run()
#11 C:\xampp\htdocs\wiharta\system\Commands\Server\rewrite.php(46): require_once('C:\\xampp\\htdocs...')
#12 {main}
CRITICAL - 2023-04-06 10:28:48 --> Call to a member function getResult() on bool
in SYSTEMPATH\Model.php on line 224.
 1 SYSTEMPATH\BaseModel.php(585): CodeIgniter\Model->doFindAll(0, 0)
 2 APPPATH\Controllers\Gudang\Produksi.php(64): CodeIgniter\BaseModel->findAll()
 3 SYSTEMPATH\CodeIgniter.php(927): App\Controllers\Gudang\Produksi->InputMutasiPenerimaanBarangJadi()
 4 SYSTEMPATH\CodeIgniter.php(482): CodeIgniter\CodeIgniter->runController(Object(App\Controllers\Gudang\Produksi))
 5 SYSTEMPATH\CodeIgniter.php(351): CodeIgniter\CodeIgniter->handleRequest(null, Object(Config\Cache), false)
 6 FCPATH\index.php(67): CodeIgniter\CodeIgniter->run()
 7 SYSTEMPATH\Commands\Server\rewrite.php(46): require_once('FCPATH\\index.php')
ERROR - 2023-04-06 10:28:50 --> mysqli_sql_exception: Table 'fin_pro.item_ccn' doesn't exist in C:\xampp\htdocs\wiharta\system\Database\MySQLi\Connection.php:292
Stack trace:
#0 C:\xampp\htdocs\wiharta\system\Database\MySQLi\Connection.php(292): mysqli->query('SELECT *\nFROM `...', 0)
#1 C:\xampp\htdocs\wiharta\system\Database\BaseConnection.php(666): CodeIgniter\Database\MySQLi\Connection->execute('SELECT *\nFROM `...')
#2 C:\xampp\htdocs\wiharta\system\Database\BaseConnection.php(593): CodeIgniter\Database\BaseConnection->simpleQuery('SELECT *\nFROM `...')
#3 C:\xampp\htdocs\wiharta\system\Database\BaseBuilder.php(1585): CodeIgniter\Database\BaseConnection->query('SELECT *\nFROM `...', Array, false)
#4 C:\xampp\htdocs\wiharta\system\Model.php(223): CodeIgniter\Database\BaseBuilder->get()
#5 C:\xampp\htdocs\wiharta\system\BaseModel.php(585): CodeIgniter\Model->doFindAll(0, 0)
#6 C:\xampp\htdocs\wiharta\app\Controllers\Gudang\Produksi.php(64): CodeIgniter\BaseModel->findAll()
#7 C:\xampp\htdocs\wiharta\system\CodeIgniter.php(927): App\Controllers\Gudang\Produksi->InputMutasiPenerimaanBarangJadi()
#8 C:\xampp\htdocs\wiharta\system\CodeIgniter.php(482): CodeIgniter\CodeIgniter->runController(Object(App\Controllers\Gudang\Produksi))
#9 C:\xampp\htdocs\wiharta\system\CodeIgniter.php(351): CodeIgniter\CodeIgniter->handleRequest(NULL, Object(Config\Cache), false)
#10 C:\xampp\htdocs\wiharta\public\index.php(67): CodeIgniter\CodeIgniter->run()
#11 C:\xampp\htdocs\wiharta\system\Commands\Server\rewrite.php(46): require_once('C:\\xampp\\htdocs...')
#12 {main}
CRITICAL - 2023-04-06 10:28:50 --> Call to a member function getResult() on bool
in SYSTEMPATH\Model.php on line 224.
 1 SYSTEMPATH\BaseModel.php(585): CodeIgniter\Model->doFindAll(0, 0)
 2 APPPATH\Controllers\Gudang\Produksi.php(64): CodeIgniter\BaseModel->findAll()
 3 SYSTEMPATH\CodeIgniter.php(927): App\Controllers\Gudang\Produksi->InputMutasiPenerimaanBarangJadi()
 4 SYSTEMPATH\CodeIgniter.php(482): CodeIgniter\CodeIgniter->runController(Object(App\Controllers\Gudang\Produksi))
 5 SYSTEMPATH\CodeIgniter.php(351): CodeIgniter\CodeIgniter->handleRequest(null, Object(Config\Cache), false)
 6 FCPATH\index.php(67): CodeIgniter\CodeIgniter->run()
 7 SYSTEMPATH\Commands\Server\rewrite.php(46): require_once('FCPATH\\index.php')
ERROR - 2023-04-06 10:29:12 --> mysqli_sql_exception: Table 'fin_pro.item_ccn' doesn't exist in C:\xampp\htdocs\wiharta\system\Database\MySQLi\Connection.php:292
Stack trace:
#0 C:\xampp\htdocs\wiharta\system\Database\MySQLi\Connection.php(292): mysqli->query('SELECT *\nFROM `...', 0)
#1 C:\xampp\htdocs\wiharta\system\Database\BaseConnection.php(666): CodeIgniter\Database\MySQLi\Connection->execute('SELECT *\nFROM `...')
#2 C:\xampp\htdocs\wiharta\system\Database\BaseConnection.php(593): CodeIgniter\Database\BaseConnection->simpleQuery('SELECT *\nFROM `...')
#3 C:\xampp\htdocs\wiharta\system\Database\BaseBuilder.php(1585): CodeIgniter\Database\BaseConnection->query('SELECT *\nFROM `...', Array, false)
#4 C:\xampp\htdocs\wiharta\system\Model.php(772): CodeIgniter\Database\BaseBuilder->get()
#5 C:\xampp\htdocs\wiharta\app\Models\Gudang\Item_ccn_model.php(28): CodeIgniter\Model->__call('get', Array)
#6 C:\xampp\htdocs\wiharta\app\Controllers\Gudang\Produksi.php(64): App\Models\Gudang\Item_ccn_model->Allitem()
#7 C:\xampp\htdocs\wiharta\system\CodeIgniter.php(927): App\Controllers\Gudang\Produksi->InputMutasiPenerimaanBarangJadi()
#8 C:\xampp\htdocs\wiharta\system\CodeIgniter.php(482): CodeIgniter\CodeIgniter->runController(Object(App\Controllers\Gudang\Produksi))
#9 C:\xampp\htdocs\wiharta\system\CodeIgniter.php(351): CodeIgniter\CodeIgniter->handleRequest(NULL, Object(Config\Cache), false)
#10 C:\xampp\htdocs\wiharta\public\index.php(67): CodeIgniter\CodeIgniter->run()
#11 C:\xampp\htdocs\wiharta\system\Commands\Server\rewrite.php(46): require_once('C:\\xampp\\htdocs...')
#12 {main}
CRITICAL - 2023-04-06 10:29:12 --> Call to a member function getResultArray() on bool
in APPPATH\Models\Gudang\Item_ccn_model.php on line 28.
 1 APPPATH\Controllers\Gudang\Produksi.php(64): App\Models\Gudang\Item_ccn_model->Allitem()
 2 SYSTEMPATH\CodeIgniter.php(927): App\Controllers\Gudang\Produksi->InputMutasiPenerimaanBarangJadi()
 3 SYSTEMPATH\CodeIgniter.php(482): CodeIgniter\CodeIgniter->runController(Object(App\Controllers\Gudang\Produksi))
 4 SYSTEMPATH\CodeIgniter.php(351): CodeIgniter\CodeIgniter->handleRequest(null, Object(Config\Cache), false)
 5 FCPATH\index.php(67): CodeIgniter\CodeIgniter->run()
 6 SYSTEMPATH\Commands\Server\rewrite.php(46): require_once('FCPATH\\index.php')
ERROR - 2023-04-06 10:29:21 --> mysqli_sql_exception: Table 'fin_pro.item_ccn' doesn't exist in C:\xampp\htdocs\wiharta\system\Database\MySQLi\Connection.php:292
Stack trace:
#0 C:\xampp\htdocs\wiharta\system\Database\MySQLi\Connection.php(292): mysqli->query('SELECT *\nFROM `...', 0)
#1 C:\xampp\htdocs\wiharta\system\Database\BaseConnection.php(666): CodeIgniter\Database\MySQLi\Connection->execute('SELECT *\nFROM `...')
#2 C:\xampp\htdocs\wiharta\system\Database\BaseConnection.php(593): CodeIgniter\Database\BaseConnection->simpleQuery('SELECT *\nFROM `...')
#3 C:\xampp\htdocs\wiharta\system\Database\BaseBuilder.php(1585): CodeIgniter\Database\BaseConnection->query('SELECT *\nFROM `...', Array, false)
#4 C:\xampp\htdocs\wiharta\system\Model.php(772): CodeIgniter\Database\BaseBuilder->get()
#5 C:\xampp\htdocs\wiharta\app\Models\Gudang\Item_ccn_model.php(28): CodeIgniter\Model->__call('get', Array)
#6 C:\xampp\htdocs\wiharta\app\Controllers\Gudang\Produksi.php(64): App\Models\Gudang\Item_ccn_model->Allitem()
#7 C:\xampp\htdocs\wiharta\system\CodeIgniter.php(927): App\Controllers\Gudang\Produksi->InputMutasiPenerimaanBarangJadi()
#8 C:\xampp\htdocs\wiharta\system\CodeIgniter.php(482): CodeIgniter\CodeIgniter->runController(Object(App\Controllers\Gudang\Produksi))
#9 C:\xampp\htdocs\wiharta\system\CodeIgniter.php(351): CodeIgniter\CodeIgniter->handleRequest(NULL, Object(Config\Cache), false)
#10 C:\xampp\htdocs\wiharta\public\index.php(67): CodeIgniter\CodeIgniter->run()
#11 C:\xampp\htdocs\wiharta\system\Commands\Server\rewrite.php(46): require_once('C:\\xampp\\htdocs...')
#12 {main}
CRITICAL - 2023-04-06 10:29:21 --> Call to a member function getResult() on bool
in APPPATH\Models\Gudang\Item_ccn_model.php on line 28.
 1 APPPATH\Controllers\Gudang\Produksi.php(64): App\Models\Gudang\Item_ccn_model->Allitem()
 2 SYSTEMPATH\CodeIgniter.php(927): App\Controllers\Gudang\Produksi->InputMutasiPenerimaanBarangJadi()
 3 SYSTEMPATH\CodeIgniter.php(482): CodeIgniter\CodeIgniter->runController(Object(App\Controllers\Gudang\Produksi))
 4 SYSTEMPATH\CodeIgniter.php(351): CodeIgniter\CodeIgniter->handleRequest(null, Object(Config\Cache), false)
 5 FCPATH\index.php(67): CodeIgniter\CodeIgniter->run()
 6 SYSTEMPATH\Commands\Server\rewrite.php(46): require_once('FCPATH\\index.php')
ERROR - 2023-04-06 10:30:28 --> mysqli_sql_exception: Table 'fin_pro.item_ccn' doesn't exist in C:\xampp\htdocs\wiharta\system\Database\MySQLi\Connection.php:292
Stack trace:
#0 C:\xampp\htdocs\wiharta\system\Database\MySQLi\Connection.php(292): mysqli->query('SELECT *\nFROM `...', 0)
#1 C:\xampp\htdocs\wiharta\system\Database\BaseConnection.php(666): CodeIgniter\Database\MySQLi\Connection->execute('SELECT *\nFROM `...')
#2 C:\xampp\htdocs\wiharta\system\Database\BaseConnection.php(593): CodeIgniter\Database\BaseConnection->simpleQuery('SELECT *\nFROM `...')
#3 C:\xampp\htdocs\wiharta\system\Database\BaseBuilder.php(1585): CodeIgniter\Database\BaseConnection->query('SELECT *\nFROM `...', Array, false)
#4 C:\xampp\htdocs\wiharta\system\Model.php(772): CodeIgniter\Database\BaseBuilder->get()
#5 C:\xampp\htdocs\wiharta\app\Models\Gudang\Item_ccn_model.php(28): CodeIgniter\Model->__call('get', Array)
#6 C:\xampp\htdocs\wiharta\app\Controllers\Gudang\Produksi.php(64): App\Models\Gudang\Item_ccn_model->Allitem()
#7 C:\xampp\htdocs\wiharta\system\CodeIgniter.php(927): App\Controllers\Gudang\Produksi->InputMutasiPenerimaanBarangJadi()
#8 C:\xampp\htdocs\wiharta\system\CodeIgniter.php(482): CodeIgniter\CodeIgniter->runController(Object(App\Controllers\Gudang\Produksi))
#9 C:\xampp\htdocs\wiharta\system\CodeIgniter.php(351): CodeIgniter\CodeIgniter->handleRequest(NULL, Object(Config\Cache), false)
#10 C:\xampp\htdocs\wiharta\public\index.php(67): CodeIgniter\CodeIgniter->run()
#11 C:\xampp\htdocs\wiharta\system\Commands\Server\rewrite.php(46): require_once('C:\\xampp\\htdocs...')
#12 {main}
CRITICAL - 2023-04-06 10:30:28 --> Call to a member function getResultArray() on bool
in APPPATH\Models\Gudang\Item_ccn_model.php on line 28.
 1 APPPATH\Controllers\Gudang\Produksi.php(64): App\Models\Gudang\Item_ccn_model->Allitem()
 2 SYSTEMPATH\CodeIgniter.php(927): App\Controllers\Gudang\Produksi->InputMutasiPenerimaanBarangJadi()
 3 SYSTEMPATH\CodeIgniter.php(482): CodeIgniter\CodeIgniter->runController(Object(App\Controllers\Gudang\Produksi))
 4 SYSTEMPATH\CodeIgniter.php(351): CodeIgniter\CodeIgniter->handleRequest(null, Object(Config\Cache), false)
 5 FCPATH\index.php(67): CodeIgniter\CodeIgniter->run()
 6 SYSTEMPATH\Commands\Server\rewrite.php(46): require_once('FCPATH\\index.php')
ERROR - 2023-04-06 10:30:54 --> mysqli_sql_exception: Table 'fin_pro.item_ccn' doesn't exist in C:\xampp\htdocs\wiharta\system\Database\MySQLi\Connection.php:292
Stack trace:
#0 C:\xampp\htdocs\wiharta\system\Database\MySQLi\Connection.php(292): mysqli->query('SELECT `item`\nF...', 0)
#1 C:\xampp\htdocs\wiharta\system\Database\BaseConnection.php(666): CodeIgniter\Database\MySQLi\Connection->execute('SELECT `item`\nF...')
#2 C:\xampp\htdocs\wiharta\system\Database\BaseConnection.php(593): CodeIgniter\Database\BaseConnection->simpleQuery('SELECT `item`\nF...')
#3 C:\xampp\htdocs\wiharta\system\Database\BaseBuilder.php(1585): CodeIgniter\Database\BaseConnection->query('SELECT `item`\nF...', Array, false)
#4 C:\xampp\htdocs\wiharta\system\Model.php(772): CodeIgniter\Database\BaseBuilder->get()
#5 C:\xampp\htdocs\wiharta\app\Models\Gudang\Item_ccn_model.php(28): CodeIgniter\Model->__call('get', Array)
#6 C:\xampp\htdocs\wiharta\app\Controllers\Gudang\Produksi.php(64): App\Models\Gudang\Item_ccn_model->Allitem()
#7 C:\xampp\htdocs\wiharta\system\CodeIgniter.php(927): App\Controllers\Gudang\Produksi->InputMutasiPenerimaanBarangJadi()
#8 C:\xampp\htdocs\wiharta\system\CodeIgniter.php(482): CodeIgniter\CodeIgniter->runController(Object(App\Controllers\Gudang\Produksi))
#9 C:\xampp\htdocs\wiharta\system\CodeIgniter.php(351): CodeIgniter\CodeIgniter->handleRequest(NULL, Object(Config\Cache), false)
#10 C:\xampp\htdocs\wiharta\public\index.php(67): CodeIgniter\CodeIgniter->run()
#11 C:\xampp\htdocs\wiharta\system\Commands\Server\rewrite.php(46): require_once('C:\\xampp\\htdocs...')
#12 {main}
CRITICAL - 2023-04-06 10:30:54 --> Call to a member function getResultArray() on bool
in APPPATH\Models\Gudang\Item_ccn_model.php on line 28.
 1 APPPATH\Controllers\Gudang\Produksi.php(64): App\Models\Gudang\Item_ccn_model->Allitem()
 2 SYSTEMPATH\CodeIgniter.php(927): App\Controllers\Gudang\Produksi->InputMutasiPenerimaanBarangJadi()
 3 SYSTEMPATH\CodeIgniter.php(482): CodeIgniter\CodeIgniter->runController(Object(App\Controllers\Gudang\Produksi))
 4 SYSTEMPATH\CodeIgniter.php(351): CodeIgniter\CodeIgniter->handleRequest(null, Object(Config\Cache), false)
 5 FCPATH\index.php(67): CodeIgniter\CodeIgniter->run()
 6 SYSTEMPATH\Commands\Server\rewrite.php(46): require_once('FCPATH\\index.php')
CRITICAL - 2023-04-06 13:50:56 --> Too few arguments to function App\Models\Gudang\Item_ccn_model::Allitem(), 0 passed in C:\xampp\htdocs\wiharta\app\Controllers\Gudang\Produksi.php on line 64 and exactly 1 expected
in APPPATH\Models\Gudang\Item_ccn_model.php on line 25.
 1 APPPATH\Controllers\Gudang\Produksi.php(64): App\Models\Gudang\Item_ccn_model->Allitem()
 2 SYSTEMPATH\CodeIgniter.php(927): App\Controllers\Gudang\Produksi->InputMutasiPenerimaanBarangJadi()
 3 SYSTEMPATH\CodeIgniter.php(482): CodeIgniter\CodeIgniter->runController(Object(App\Controllers\Gudang\Produksi))
 4 SYSTEMPATH\CodeIgniter.php(351): CodeIgniter\CodeIgniter->handleRequest(null, Object(Config\Cache), false)
 5 FCPATH\index.php(67): CodeIgniter\CodeIgniter->run()
 6 SYSTEMPATH\Commands\Server\rewrite.php(46): require_once('FCPATH\\index.php')
CRITICAL - 2023-04-06 13:52:41 --> Too few arguments to function App\Models\Gudang\Item_ccn_model::Allitem(), 0 passed in C:\xampp\htdocs\wiharta\app\Controllers\Gudang\Produksi.php on line 64 and exactly 1 expected
in APPPATH\Models\Gudang\Item_ccn_model.php on line 25.
 1 APPPATH\Controllers\Gudang\Produksi.php(64): App\Models\Gudang\Item_ccn_model->Allitem()
 2 SYSTEMPATH\CodeIgniter.php(927): App\Controllers\Gudang\Produksi->InputMutasiPenerimaanBarangJadi()
 3 SYSTEMPATH\CodeIgniter.php(482): CodeIgniter\CodeIgniter->runController(Object(App\Controllers\Gudang\Produksi))
 4 SYSTEMPATH\CodeIgniter.php(351): CodeIgniter\CodeIgniter->handleRequest(null, Object(Config\Cache), false)
 5 FCPATH\index.php(67): CodeIgniter\CodeIgniter->run()
 6 SYSTEMPATH\Commands\Server\rewrite.php(46): require_once('FCPATH\\index.php')
CRITICAL - 2023-04-06 13:53:44 --> Too few arguments to function App\Models\Gudang\Item_ccn_model::Allitem(), 0 passed in C:\xampp\htdocs\wiharta\app\Controllers\Gudang\Produksi.php on line 64 and exactly 1 expected
in APPPATH\Models\Gudang\Item_ccn_model.php on line 25.
 1 APPPATH\Controllers\Gudang\Produksi.php(64): App\Models\Gudang\Item_ccn_model->Allitem()
 2 SYSTEMPATH\CodeIgniter.php(927): App\Controllers\Gudang\Produksi->InputMutasiPenerimaanBarangJadi()
 3 SYSTEMPATH\CodeIgniter.php(482): CodeIgniter\CodeIgniter->runController(Object(App\Controllers\Gudang\Produksi))
 4 SYSTEMPATH\CodeIgniter.php(351): CodeIgniter\CodeIgniter->handleRequest(null, Object(Config\Cache), false)
 5 FCPATH\index.php(67): CodeIgniter\CodeIgniter->run()
 6 SYSTEMPATH\Commands\Server\rewrite.php(46): require_once('FCPATH\\index.php')
CRITICAL - 2023-04-06 13:53:47 --> Too few arguments to function App\Models\Gudang\Item_ccn_model::Allitem(), 0 passed in C:\xampp\htdocs\wiharta\app\Controllers\Gudang\Produksi.php on line 64 and exactly 1 expected
in APPPATH\Models\Gudang\Item_ccn_model.php on line 25.
 1 APPPATH\Controllers\Gudang\Produksi.php(64): App\Models\Gudang\Item_ccn_model->Allitem()
 2 SYSTEMPATH\CodeIgniter.php(927): App\Controllers\Gudang\Produksi->InputMutasiPenerimaanBarangJadi()
 3 SYSTEMPATH\CodeIgniter.php(482): CodeIgniter\CodeIgniter->runController(Object(App\Controllers\Gudang\Produksi))
 4 SYSTEMPATH\CodeIgniter.php(351): CodeIgniter\CodeIgniter->handleRequest(null, Object(Config\Cache), false)
 5 FCPATH\index.php(67): CodeIgniter\CodeIgniter->run()
 6 SYSTEMPATH\Commands\Server\rewrite.php(46): require_once('FCPATH\\index.php')
CRITICAL - 2023-04-06 13:55:09 --> Too few arguments to function App\Models\Gudang\Item_ccn_model::Allitem(), 0 passed in C:\xampp\htdocs\wiharta\app\Controllers\Gudang\Produksi.php on line 64 and exactly 1 expected
in APPPATH\Models\Gudang\Item_ccn_model.php on line 25.
 1 APPPATH\Controllers\Gudang\Produksi.php(64): App\Models\Gudang\Item_ccn_model->Allitem()
 2 SYSTEMPATH\CodeIgniter.php(927): App\Controllers\Gudang\Produksi->InputMutasiPenerimaanBarangJadi()
 3 SYSTEMPATH\CodeIgniter.php(482): CodeIgniter\CodeIgniter->runController(Object(App\Controllers\Gudang\Produksi))
 4 SYSTEMPATH\CodeIgniter.php(351): CodeIgniter\CodeIgniter->handleRequest(null, Object(Config\Cache), false)
 5 FCPATH\index.php(67): CodeIgniter\CodeIgniter->run()
 6 SYSTEMPATH\Commands\Server\rewrite.php(46): require_once('FCPATH\\index.php')
CRITICAL - 2023-04-06 13:55:10 --> Too few arguments to function App\Models\Gudang\Item_ccn_model::Allitem(), 0 passed in C:\xampp\htdocs\wiharta\app\Controllers\Gudang\Produksi.php on line 64 and exactly 1 expected
in APPPATH\Models\Gudang\Item_ccn_model.php on line 25.
 1 APPPATH\Controllers\Gudang\Produksi.php(64): App\Models\Gudang\Item_ccn_model->Allitem()
 2 SYSTEMPATH\CodeIgniter.php(927): App\Controllers\Gudang\Produksi->InputMutasiPenerimaanBarangJadi()
 3 SYSTEMPATH\CodeIgniter.php(482): CodeIgniter\CodeIgniter->runController(Object(App\Controllers\Gudang\Produksi))
 4 SYSTEMPATH\CodeIgniter.php(351): CodeIgniter\CodeIgniter->handleRequest(null, Object(Config\Cache), false)
 5 FCPATH\index.php(67): CodeIgniter\CodeIgniter->run()
 6 SYSTEMPATH\Commands\Server\rewrite.php(46): require_once('FCPATH\\index.php')
CRITICAL - 2023-04-06 15:32:11 --> Trying to access array offset on value of type null
in APPPATH\Controllers\Payroll\Izin.php on line 89.
 1 APPPATH\Controllers\Payroll\Izin.php(89): CodeIgniter\Debug\Exceptions->errorHandler(2, 'Trying to access array offset on value of type null', 'APPPATH\\Controllers\\Payroll\\Izin.php', 89)
 2 SYSTEMPATH\CodeIgniter.php(927): App\Controllers\Payroll\Izin->Ajaxform()
 3 SYSTEMPATH\CodeIgniter.php(482): CodeIgniter\CodeIgniter->runController(Object(App\Controllers\Payroll\Izin))
 4 SYSTEMPATH\CodeIgniter.php(351): CodeIgniter\CodeIgniter->handleRequest(null, Object(Config\Cache), false)
 5 FCPATH\index.php(67): CodeIgniter\CodeIgniter->run()
 6 SYSTEMPATH\Commands\Server\rewrite.php(46): require_once('FCPATH\\index.php')
