ERROR - 2024-07-09 08:48:14 --> mysqli_sql_exception: Column 'tglinv' in field list is ambiguous in C:\xampp\htdocs\wiharta\system\Database\MySQLi\Connection.php:292
Stack trace:
#0 C:\xampp\htdocs\wiharta\system\Database\MySQLi\Connection.php(292): mysqli->query('SELECT COUNT(*)...', 0)
#1 C:\xampp\htdocs\wiharta\system\Database\BaseConnection.php(666): CodeIgniter\Database\MySQLi\Connection->execute('SELECT COUNT(*)...')
#2 C:\xampp\htdocs\wiharta\system\Database\BaseConnection.php(593): CodeIgniter\Database\BaseConnection->simpleQuery('SELECT COUNT(*)...')
#3 C:\xampp\htdocs\wiharta\system\Database\BaseBuilder.php(1669): CodeIgniter\Database\BaseConnection->query('SELECT COUNT(*)...', Array, false)
#4 C:\xampp\htdocs\wiharta\system\Model.php(551): CodeIgniter\Database\BaseBuilder->countAllResults(true)
#5 C:\xampp\htdocs\wiharta\app\Models\exim\barangjadi\Exportmutasi_model.php(242): CodeIgniter\Model->countAllResults()
#6 C:\xampp\htdocs\wiharta\app\Controllers\exim\Exportmutasi.php(408): App\Models\exim\barangjadi\Exportmutasi_model->count_allexportmutasi()
#7 C:\xampp\htdocs\wiharta\system\CodeIgniter.php(927): App\Controllers\exim\Exportmutasi->Datatablesexport()
#8 C:\xampp\htdocs\wiharta\system\CodeIgniter.php(482): CodeIgniter\CodeIgniter->runController(Object(App\Controllers\exim\Exportmutasi))
#9 C:\xampp\htdocs\wiharta\system\CodeIgniter.php(351): CodeIgniter\CodeIgniter->handleRequest(NULL, Object(Config\Cache), false)
#10 C:\xampp\htdocs\wiharta\public\index.php(67): CodeIgniter\CodeIgniter->run()
#11 {main}
CRITICAL - 2024-07-09 11:59:22 --> Trying to access array offset on value of type null
in APPPATH\Views\exim\jurnal\jurnalpembelian\editkurs.php on line 7.
 1 APPPATH\Views\exim\jurnal\jurnalpembelian\editkurs.php(7): CodeIgniter\Debug\Exceptions->errorHandler(2, 'Trying to access array offset on value of type null', 'APPPATH\\Views\\exim\\jurnal\\jurnalpembelian\\editkurs.php', 7)
 2 SYSTEMPATH\View\View.php(213): include('APPPATH\\Views\\exim\\jurnal\\jurnalpembelian\\editkurs.php')
 3 SYSTEMPATH\View\View.php(216): CodeIgniter\View\View->CodeIgniter\View\{closure}()
 4 SYSTEMPATH\Common.php(1134): CodeIgniter\View\View->render('exim/jurnal/jurnalpembelian/editkurs', [], true)
 5 APPPATH\Controllers\exim\Jurnalpembelian.php(136): view('exim/jurnal/jurnalpembelian/editkurs', [...])
 6 SYSTEMPATH\CodeIgniter.php(927): App\Controllers\exim\Jurnalpembelian->Edit()
 7 SYSTEMPATH\CodeIgniter.php(482): CodeIgniter\CodeIgniter->runController(Object(App\Controllers\exim\Jurnalpembelian))
 8 SYSTEMPATH\CodeIgniter.php(351): CodeIgniter\CodeIgniter->handleRequest(null, Object(Config\Cache), false)
 9 FCPATH\index.php(67): CodeIgniter\CodeIgniter->run()
CRITICAL - 2024-07-09 15:11:33 --> Undefined array key "kodetipe"
in APPPATH\Models\potong\item\Tipedtl_model.php on line 57.
 1 APPPATH\Models\potong\item\Tipedtl_model.php(57): CodeIgniter\Debug\Exceptions->errorHandler(2, 'Undefined array key "kodetipe"', 'APPPATH\\Models\\potong\\item\\Tipedtl_model.php', 57)
 2 APPPATH\Models\potong\item\Tipedtl_model.php(84): App\Models\potong\item\Tipedtl_model->_get_datatables_querytipeitem([...])
 3 APPPATH\Controllers\potong\Item.php(182): App\Models\potong\item\Tipedtl_model->get_datatablestipeitem([...])
 4 SYSTEMPATH\CodeIgniter.php(927): App\Controllers\potong\Item->Datatablestipeitem()
 5 SYSTEMPATH\CodeIgniter.php(482): CodeIgniter\CodeIgniter->runController(Object(App\Controllers\potong\Item))
 6 SYSTEMPATH\CodeIgniter.php(351): CodeIgniter\CodeIgniter->handleRequest(null, Object(Config\Cache), false)
 7 FCPATH\index.php(67): CodeIgniter\CodeIgniter->run()
CRITICAL - 2024-07-09 15:23:55 --> Array to string conversion
in APPPATH\Views\potong\item\index.php on line 56.
 1 APPPATH\Views\potong\item\index.php(56): CodeIgniter\Debug\Exceptions->errorHandler(2, 'Array to string conversion', 'APPPATH\\Views\\potong\\item\\index.php', 56)
 2 SYSTEMPATH\View\View.php(213): include('APPPATH\\Views\\potong\\item\\index.php')
 3 SYSTEMPATH\View\View.php(216): CodeIgniter\View\View->CodeIgniter\View\{closure}()
 4 SYSTEMPATH\Common.php(1134): CodeIgniter\View\View->render('potong/item/index', [], true)
 5 APPPATH\Controllers\potong\Item.php(43): view('potong/item/index', [...])
 6 SYSTEMPATH\CodeIgniter.php(927): App\Controllers\potong\Item->Index()
 7 SYSTEMPATH\CodeIgniter.php(482): CodeIgniter\CodeIgniter->runController(Object(App\Controllers\potong\Item))
 8 SYSTEMPATH\CodeIgniter.php(351): CodeIgniter\CodeIgniter->handleRequest(null, Object(Config\Cache), false)
 9 FCPATH\index.php(67): CodeIgniter\CodeIgniter->run()
ERROR - 2024-07-09 15:41:55 --> mysqli_sql_exception: Unknown column 'potong_rcn_ra' in 'where clause' in C:\xampp\htdocs\wiharta\system\Database\MySQLi\Connection.php:292
Stack trace:
#0 C:\xampp\htdocs\wiharta\system\Database\MySQLi\Connection.php(292): mysqli->query('SELECT `potong_...', 0)
#1 C:\xampp\htdocs\wiharta\system\Database\BaseConnection.php(666): CodeIgniter\Database\MySQLi\Connection->execute('SELECT `potong_...')
#2 C:\xampp\htdocs\wiharta\system\Database\BaseConnection.php(593): CodeIgniter\Database\BaseConnection->simpleQuery('SELECT `potong_...')
#3 C:\xampp\htdocs\wiharta\system\Database\BaseBuilder.php(1585): CodeIgniter\Database\BaseConnection->query('SELECT `potong_...', Array, false)
#4 C:\xampp\htdocs\wiharta\app\Models\potong\produksi\Rcnproduksi_model.php(68): CodeIgniter\Database\BaseBuilder->get()
#5 C:\xampp\htdocs\wiharta\app\Controllers\potong\Rcnproduksi.php(159): App\Models\potong\produksi\Rcnproduksi_model->get_datatablesdetailrencana(Array)
#6 C:\xampp\htdocs\wiharta\system\CodeIgniter.php(927): App\Controllers\potong\Rcnproduksi->Datatablesrcn()
#7 C:\xampp\htdocs\wiharta\system\CodeIgniter.php(482): CodeIgniter\CodeIgniter->runController(Object(App\Controllers\potong\Rcnproduksi))
#8 C:\xampp\htdocs\wiharta\system\CodeIgniter.php(351): CodeIgniter\CodeIgniter->handleRequest(NULL, Object(Config\Cache), false)
#9 C:\xampp\htdocs\wiharta\public\index.php(67): CodeIgniter\CodeIgniter->run()
#10 {main}
CRITICAL - 2024-07-09 15:41:55 --> Call to a member function getResult() on bool
in APPPATH\Models\potong\produksi\Rcnproduksi_model.php on line 69.
 1 APPPATH\Controllers\potong\Rcnproduksi.php(159): App\Models\potong\produksi\Rcnproduksi_model->get_datatablesdetailrencana([...])
 2 SYSTEMPATH\CodeIgniter.php(927): App\Controllers\potong\Rcnproduksi->Datatablesrcn()
 3 SYSTEMPATH\CodeIgniter.php(482): CodeIgniter\CodeIgniter->runController(Object(App\Controllers\potong\Rcnproduksi))
 4 SYSTEMPATH\CodeIgniter.php(351): CodeIgniter\CodeIgniter->handleRequest(null, Object(Config\Cache), false)
 5 FCPATH\index.php(67): CodeIgniter\CodeIgniter->run()
CRITICAL - 2024-07-09 16:44:04 --> You do not have sufficient permissions to access that page.
in VENDORPATH\myth\auth\src\Filters\PermissionFilter.php on line 47.
 1 SYSTEMPATH\Filters\Filters.php(173): Myth\Auth\Filters\PermissionFilter->before(Object(CodeIgniter\HTTP\IncomingRequest), [...])
 2 SYSTEMPATH\CodeIgniter.php(455): CodeIgniter\Filters\Filters->run('C:\\', 'before')
 3 SYSTEMPATH\CodeIgniter.php(351): CodeIgniter\CodeIgniter->handleRequest(null, Object(Config\Cache), false)
 4 FCPATH\index.php(67): CodeIgniter\CodeIgniter->run()
CRITICAL - 2024-07-09 16:45:37 --> You do not have sufficient permissions to access that page.
in VENDORPATH\myth\auth\src\Filters\PermissionFilter.php on line 47.
 1 SYSTEMPATH\Filters\Filters.php(173): Myth\Auth\Filters\PermissionFilter->before(Object(CodeIgniter\HTTP\IncomingRequest), [...])
 2 SYSTEMPATH\CodeIgniter.php(455): CodeIgniter\Filters\Filters->run('C:\\', 'before')
 3 SYSTEMPATH\CodeIgniter.php(351): CodeIgniter\CodeIgniter->handleRequest(null, Object(Config\Cache), false)
 4 FCPATH\index.php(67): CodeIgniter\CodeIgniter->run()
CRITICAL - 2024-07-09 16:45:39 --> You do not have sufficient permissions to access that page.
in VENDORPATH\myth\auth\src\Filters\PermissionFilter.php on line 47.
 1 SYSTEMPATH\Filters\Filters.php(173): Myth\Auth\Filters\PermissionFilter->before(Object(CodeIgniter\HTTP\IncomingRequest), [...])
 2 SYSTEMPATH\CodeIgniter.php(455): CodeIgniter\Filters\Filters->run('C:\\', 'before')
 3 SYSTEMPATH\CodeIgniter.php(351): CodeIgniter\CodeIgniter->handleRequest(null, Object(Config\Cache), false)
 4 FCPATH\index.php(67): CodeIgniter\CodeIgniter->run()
CRITICAL - 2024-07-09 16:45:40 --> You do not have sufficient permissions to access that page.
in VENDORPATH\myth\auth\src\Filters\PermissionFilter.php on line 47.
 1 SYSTEMPATH\Filters\Filters.php(173): Myth\Auth\Filters\PermissionFilter->before(Object(CodeIgniter\HTTP\IncomingRequest), [...])
 2 SYSTEMPATH\CodeIgniter.php(455): CodeIgniter\Filters\Filters->run('C:\\', 'before')
 3 SYSTEMPATH\CodeIgniter.php(351): CodeIgniter\CodeIgniter->handleRequest(null, Object(Config\Cache), false)
 4 FCPATH\index.php(67): CodeIgniter\CodeIgniter->run()
CRITICAL - 2024-07-09 16:45:40 --> You do not have sufficient permissions to access that page.
in VENDORPATH\myth\auth\src\Filters\PermissionFilter.php on line 47.
 1 SYSTEMPATH\Filters\Filters.php(173): Myth\Auth\Filters\PermissionFilter->before(Object(CodeIgniter\HTTP\IncomingRequest), [...])
 2 SYSTEMPATH\CodeIgniter.php(455): CodeIgniter\Filters\Filters->run('C:\\', 'before')
 3 SYSTEMPATH\CodeIgniter.php(351): CodeIgniter\CodeIgniter->handleRequest(null, Object(Config\Cache), false)
 4 FCPATH\index.php(67): CodeIgniter\CodeIgniter->run()
CRITICAL - 2024-07-09 16:45:40 --> You do not have sufficient permissions to access that page.
in VENDORPATH\myth\auth\src\Filters\PermissionFilter.php on line 47.
 1 SYSTEMPATH\Filters\Filters.php(173): Myth\Auth\Filters\PermissionFilter->before(Object(CodeIgniter\HTTP\IncomingRequest), [...])
 2 SYSTEMPATH\CodeIgniter.php(455): CodeIgniter\Filters\Filters->run('C:\\', 'before')
 3 SYSTEMPATH\CodeIgniter.php(351): CodeIgniter\CodeIgniter->handleRequest(null, Object(Config\Cache), false)
 4 FCPATH\index.php(67): CodeIgniter\CodeIgniter->run()
CRITICAL - 2024-07-09 16:45:40 --> You do not have sufficient permissions to access that page.
in VENDORPATH\myth\auth\src\Filters\PermissionFilter.php on line 47.
 1 SYSTEMPATH\Filters\Filters.php(173): Myth\Auth\Filters\PermissionFilter->before(Object(CodeIgniter\HTTP\IncomingRequest), [...])
 2 SYSTEMPATH\CodeIgniter.php(455): CodeIgniter\Filters\Filters->run('C:\\', 'before')
 3 SYSTEMPATH\CodeIgniter.php(351): CodeIgniter\CodeIgniter->handleRequest(null, Object(Config\Cache), false)
 4 FCPATH\index.php(67): CodeIgniter\CodeIgniter->run()
CRITICAL - 2024-07-09 16:45:41 --> You do not have sufficient permissions to access that page.
in VENDORPATH\myth\auth\src\Filters\PermissionFilter.php on line 47.
 1 SYSTEMPATH\Filters\Filters.php(173): Myth\Auth\Filters\PermissionFilter->before(Object(CodeIgniter\HTTP\IncomingRequest), [...])
 2 SYSTEMPATH\CodeIgniter.php(455): CodeIgniter\Filters\Filters->run('C:\\', 'before')
 3 SYSTEMPATH\CodeIgniter.php(351): CodeIgniter\CodeIgniter->handleRequest(null, Object(Config\Cache), false)
 4 FCPATH\index.php(67): CodeIgniter\CodeIgniter->run()
CRITICAL - 2024-07-09 16:45:41 --> You do not have sufficient permissions to access that page.
in VENDORPATH\myth\auth\src\Filters\PermissionFilter.php on line 47.
 1 SYSTEMPATH\Filters\Filters.php(173): Myth\Auth\Filters\PermissionFilter->before(Object(CodeIgniter\HTTP\IncomingRequest), [...])
 2 SYSTEMPATH\CodeIgniter.php(455): CodeIgniter\Filters\Filters->run('C:\\', 'before')
 3 SYSTEMPATH\CodeIgniter.php(351): CodeIgniter\CodeIgniter->handleRequest(null, Object(Config\Cache), false)
 4 FCPATH\index.php(67): CodeIgniter\CodeIgniter->run()
CRITICAL - 2024-07-09 16:45:41 --> You do not have sufficient permissions to access that page.
in VENDORPATH\myth\auth\src\Filters\PermissionFilter.php on line 47.
 1 SYSTEMPATH\Filters\Filters.php(173): Myth\Auth\Filters\PermissionFilter->before(Object(CodeIgniter\HTTP\IncomingRequest), [...])
 2 SYSTEMPATH\CodeIgniter.php(455): CodeIgniter\Filters\Filters->run('C:\\', 'before')
 3 SYSTEMPATH\CodeIgniter.php(351): CodeIgniter\CodeIgniter->handleRequest(null, Object(Config\Cache), false)
 4 FCPATH\index.php(67): CodeIgniter\CodeIgniter->run()
CRITICAL - 2024-07-09 16:45:42 --> You do not have sufficient permissions to access that page.
in VENDORPATH\myth\auth\src\Filters\PermissionFilter.php on line 47.
 1 SYSTEMPATH\Filters\Filters.php(173): Myth\Auth\Filters\PermissionFilter->before(Object(CodeIgniter\HTTP\IncomingRequest), [...])
 2 SYSTEMPATH\CodeIgniter.php(455): CodeIgniter\Filters\Filters->run('C:\\', 'before')
 3 SYSTEMPATH\CodeIgniter.php(351): CodeIgniter\CodeIgniter->handleRequest(null, Object(Config\Cache), false)
 4 FCPATH\index.php(67): CodeIgniter\CodeIgniter->run()
CRITICAL - 2024-07-09 16:45:42 --> You do not have sufficient permissions to access that page.
in VENDORPATH\myth\auth\src\Filters\PermissionFilter.php on line 47.
 1 SYSTEMPATH\Filters\Filters.php(173): Myth\Auth\Filters\PermissionFilter->before(Object(CodeIgniter\HTTP\IncomingRequest), [...])
 2 SYSTEMPATH\CodeIgniter.php(455): CodeIgniter\Filters\Filters->run('C:\\', 'before')
 3 SYSTEMPATH\CodeIgniter.php(351): CodeIgniter\CodeIgniter->handleRequest(null, Object(Config\Cache), false)
 4 FCPATH\index.php(67): CodeIgniter\CodeIgniter->run()
CRITICAL - 2024-07-09 16:45:42 --> You do not have sufficient permissions to access that page.
in VENDORPATH\myth\auth\src\Filters\PermissionFilter.php on line 47.
 1 SYSTEMPATH\Filters\Filters.php(173): Myth\Auth\Filters\PermissionFilter->before(Object(CodeIgniter\HTTP\IncomingRequest), [...])
 2 SYSTEMPATH\CodeIgniter.php(455): CodeIgniter\Filters\Filters->run('C:\\', 'before')
 3 SYSTEMPATH\CodeIgniter.php(351): CodeIgniter\CodeIgniter->handleRequest(null, Object(Config\Cache), false)
 4 FCPATH\index.php(67): CodeIgniter\CodeIgniter->run()
CRITICAL - 2024-07-09 16:45:42 --> You do not have sufficient permissions to access that page.
in VENDORPATH\myth\auth\src\Filters\PermissionFilter.php on line 47.
 1 SYSTEMPATH\Filters\Filters.php(173): Myth\Auth\Filters\PermissionFilter->before(Object(CodeIgniter\HTTP\IncomingRequest), [...])
 2 SYSTEMPATH\CodeIgniter.php(455): CodeIgniter\Filters\Filters->run('C:\\', 'before')
 3 SYSTEMPATH\CodeIgniter.php(351): CodeIgniter\CodeIgniter->handleRequest(null, Object(Config\Cache), false)
 4 FCPATH\index.php(67): CodeIgniter\CodeIgniter->run()
CRITICAL - 2024-07-09 16:45:43 --> You do not have sufficient permissions to access that page.
in VENDORPATH\myth\auth\src\Filters\PermissionFilter.php on line 47.
 1 SYSTEMPATH\Filters\Filters.php(173): Myth\Auth\Filters\PermissionFilter->before(Object(CodeIgniter\HTTP\IncomingRequest), [...])
 2 SYSTEMPATH\CodeIgniter.php(455): CodeIgniter\Filters\Filters->run('C:\\', 'before')
 3 SYSTEMPATH\CodeIgniter.php(351): CodeIgniter\CodeIgniter->handleRequest(null, Object(Config\Cache), false)
 4 FCPATH\index.php(67): CodeIgniter\CodeIgniter->run()
CRITICAL - 2024-07-09 16:45:43 --> You do not have sufficient permissions to access that page.
in VENDORPATH\myth\auth\src\Filters\PermissionFilter.php on line 47.
 1 SYSTEMPATH\Filters\Filters.php(173): Myth\Auth\Filters\PermissionFilter->before(Object(CodeIgniter\HTTP\IncomingRequest), [...])
 2 SYSTEMPATH\CodeIgniter.php(455): CodeIgniter\Filters\Filters->run('C:\\', 'before')
 3 SYSTEMPATH\CodeIgniter.php(351): CodeIgniter\CodeIgniter->handleRequest(null, Object(Config\Cache), false)
 4 FCPATH\index.php(67): CodeIgniter\CodeIgniter->run()
CRITICAL - 2024-07-09 16:45:43 --> You do not have sufficient permissions to access that page.
in VENDORPATH\myth\auth\src\Filters\PermissionFilter.php on line 47.
 1 SYSTEMPATH\Filters\Filters.php(173): Myth\Auth\Filters\PermissionFilter->before(Object(CodeIgniter\HTTP\IncomingRequest), [...])
 2 SYSTEMPATH\CodeIgniter.php(455): CodeIgniter\Filters\Filters->run('C:\\', 'before')
 3 SYSTEMPATH\CodeIgniter.php(351): CodeIgniter\CodeIgniter->handleRequest(null, Object(Config\Cache), false)
 4 FCPATH\index.php(67): CodeIgniter\CodeIgniter->run()
CRITICAL - 2024-07-09 16:45:43 --> You do not have sufficient permissions to access that page.
in VENDORPATH\myth\auth\src\Filters\PermissionFilter.php on line 47.
 1 SYSTEMPATH\Filters\Filters.php(173): Myth\Auth\Filters\PermissionFilter->before(Object(CodeIgniter\HTTP\IncomingRequest), [...])
 2 SYSTEMPATH\CodeIgniter.php(455): CodeIgniter\Filters\Filters->run('C:\\', 'before')
 3 SYSTEMPATH\CodeIgniter.php(351): CodeIgniter\CodeIgniter->handleRequest(null, Object(Config\Cache), false)
 4 FCPATH\index.php(67): CodeIgniter\CodeIgniter->run()
CRITICAL - 2024-07-09 16:45:59 --> You do not have sufficient permissions to access that page.
in VENDORPATH\myth\auth\src\Filters\PermissionFilter.php on line 47.
 1 SYSTEMPATH\Filters\Filters.php(173): Myth\Auth\Filters\PermissionFilter->before(Object(CodeIgniter\HTTP\IncomingRequest), [...])
 2 SYSTEMPATH\CodeIgniter.php(455): CodeIgniter\Filters\Filters->run('C:\\', 'before')
 3 SYSTEMPATH\CodeIgniter.php(351): CodeIgniter\CodeIgniter->handleRequest(null, Object(Config\Cache), false)
 4 FCPATH\index.php(67): CodeIgniter\CodeIgniter->run()
CRITICAL - 2024-07-09 16:46:03 --> You do not have sufficient permissions to access that page.
in VENDORPATH\myth\auth\src\Filters\PermissionFilter.php on line 47.
 1 SYSTEMPATH\Filters\Filters.php(173): Myth\Auth\Filters\PermissionFilter->before(Object(CodeIgniter\HTTP\IncomingRequest), [...])
 2 SYSTEMPATH\CodeIgniter.php(455): CodeIgniter\Filters\Filters->run('C:\\', 'before')
 3 SYSTEMPATH\CodeIgniter.php(351): CodeIgniter\CodeIgniter->handleRequest(null, Object(Config\Cache), false)
 4 FCPATH\index.php(67): CodeIgniter\CodeIgniter->run()
CRITICAL - 2024-07-09 16:46:04 --> You do not have sufficient permissions to access that page.
in VENDORPATH\myth\auth\src\Filters\PermissionFilter.php on line 47.
 1 SYSTEMPATH\Filters\Filters.php(173): Myth\Auth\Filters\PermissionFilter->before(Object(CodeIgniter\HTTP\IncomingRequest), [...])
 2 SYSTEMPATH\CodeIgniter.php(455): CodeIgniter\Filters\Filters->run('C:\\', 'before')
 3 SYSTEMPATH\CodeIgniter.php(351): CodeIgniter\CodeIgniter->handleRequest(null, Object(Config\Cache), false)
 4 FCPATH\index.php(67): CodeIgniter\CodeIgniter->run()
CRITICAL - 2024-07-09 16:46:04 --> You do not have sufficient permissions to access that page.
in VENDORPATH\myth\auth\src\Filters\PermissionFilter.php on line 47.
 1 SYSTEMPATH\Filters\Filters.php(173): Myth\Auth\Filters\PermissionFilter->before(Object(CodeIgniter\HTTP\IncomingRequest), [...])
 2 SYSTEMPATH\CodeIgniter.php(455): CodeIgniter\Filters\Filters->run('C:\\', 'before')
 3 SYSTEMPATH\CodeIgniter.php(351): CodeIgniter\CodeIgniter->handleRequest(null, Object(Config\Cache), false)
 4 FCPATH\index.php(67): CodeIgniter\CodeIgniter->run()
CRITICAL - 2024-07-09 16:46:04 --> You do not have sufficient permissions to access that page.
in VENDORPATH\myth\auth\src\Filters\PermissionFilter.php on line 47.
 1 SYSTEMPATH\Filters\Filters.php(173): Myth\Auth\Filters\PermissionFilter->before(Object(CodeIgniter\HTTP\IncomingRequest), [...])
 2 SYSTEMPATH\CodeIgniter.php(455): CodeIgniter\Filters\Filters->run('C:\\', 'before')
 3 SYSTEMPATH\CodeIgniter.php(351): CodeIgniter\CodeIgniter->handleRequest(null, Object(Config\Cache), false)
 4 FCPATH\index.php(67): CodeIgniter\CodeIgniter->run()
CRITICAL - 2024-07-09 16:46:05 --> You do not have sufficient permissions to access that page.
in VENDORPATH\myth\auth\src\Filters\PermissionFilter.php on line 47.
 1 SYSTEMPATH\Filters\Filters.php(173): Myth\Auth\Filters\PermissionFilter->before(Object(CodeIgniter\HTTP\IncomingRequest), [...])
 2 SYSTEMPATH\CodeIgniter.php(455): CodeIgniter\Filters\Filters->run('C:\\', 'before')
 3 SYSTEMPATH\CodeIgniter.php(351): CodeIgniter\CodeIgniter->handleRequest(null, Object(Config\Cache), false)
 4 FCPATH\index.php(67): CodeIgniter\CodeIgniter->run()
CRITICAL - 2024-07-09 16:46:05 --> You do not have sufficient permissions to access that page.
in VENDORPATH\myth\auth\src\Filters\PermissionFilter.php on line 47.
 1 SYSTEMPATH\Filters\Filters.php(173): Myth\Auth\Filters\PermissionFilter->before(Object(CodeIgniter\HTTP\IncomingRequest), [...])
 2 SYSTEMPATH\CodeIgniter.php(455): CodeIgniter\Filters\Filters->run('C:\\', 'before')
 3 SYSTEMPATH\CodeIgniter.php(351): CodeIgniter\CodeIgniter->handleRequest(null, Object(Config\Cache), false)
 4 FCPATH\index.php(67): CodeIgniter\CodeIgniter->run()
CRITICAL - 2024-07-09 16:46:44 --> You do not have sufficient permissions to access that page.
in VENDORPATH\myth\auth\src\Filters\PermissionFilter.php on line 47.
 1 SYSTEMPATH\Filters\Filters.php(173): Myth\Auth\Filters\PermissionFilter->before(Object(CodeIgniter\HTTP\IncomingRequest), [...])
 2 SYSTEMPATH\CodeIgniter.php(455): CodeIgniter\Filters\Filters->run('C:\\', 'before')
 3 SYSTEMPATH\CodeIgniter.php(351): CodeIgniter\CodeIgniter->handleRequest(null, Object(Config\Cache), false)
 4 FCPATH\index.php(67): CodeIgniter\CodeIgniter->run()
CRITICAL - 2024-07-09 16:46:56 --> You do not have sufficient permissions to access that page.
in VENDORPATH\myth\auth\src\Filters\PermissionFilter.php on line 47.
 1 SYSTEMPATH\Filters\Filters.php(173): Myth\Auth\Filters\PermissionFilter->before(Object(CodeIgniter\HTTP\IncomingRequest), [...])
 2 SYSTEMPATH\CodeIgniter.php(455): CodeIgniter\Filters\Filters->run('C:\\', 'before')
 3 SYSTEMPATH\CodeIgniter.php(351): CodeIgniter\CodeIgniter->handleRequest(null, Object(Config\Cache), false)
 4 FCPATH\index.php(67): CodeIgniter\CodeIgniter->run()
CRITICAL - 2024-07-09 16:47:11 --> You do not have sufficient permissions to access that page.
in VENDORPATH\myth\auth\src\Filters\PermissionFilter.php on line 47.
 1 SYSTEMPATH\Filters\Filters.php(173): Myth\Auth\Filters\PermissionFilter->before(Object(CodeIgniter\HTTP\IncomingRequest), [...])
 2 SYSTEMPATH\CodeIgniter.php(455): CodeIgniter\Filters\Filters->run('C:\\', 'before')
 3 SYSTEMPATH\CodeIgniter.php(351): CodeIgniter\CodeIgniter->handleRequest(null, Object(Config\Cache), false)
 4 FCPATH\index.php(67): CodeIgniter\CodeIgniter->run()
CRITICAL - 2024-07-09 16:47:13 --> You do not have sufficient permissions to access that page.
in VENDORPATH\myth\auth\src\Filters\PermissionFilter.php on line 47.
 1 SYSTEMPATH\Filters\Filters.php(173): Myth\Auth\Filters\PermissionFilter->before(Object(CodeIgniter\HTTP\IncomingRequest), [...])
 2 SYSTEMPATH\CodeIgniter.php(455): CodeIgniter\Filters\Filters->run('C:\\', 'before')
 3 SYSTEMPATH\CodeIgniter.php(351): CodeIgniter\CodeIgniter->handleRequest(null, Object(Config\Cache), false)
 4 FCPATH\index.php(67): CodeIgniter\CodeIgniter->run()
CRITICAL - 2024-07-09 16:47:14 --> You do not have sufficient permissions to access that page.
in VENDORPATH\myth\auth\src\Filters\PermissionFilter.php on line 47.
 1 SYSTEMPATH\Filters\Filters.php(173): Myth\Auth\Filters\PermissionFilter->before(Object(CodeIgniter\HTTP\IncomingRequest), [...])
 2 SYSTEMPATH\CodeIgniter.php(455): CodeIgniter\Filters\Filters->run('C:\\', 'before')
 3 SYSTEMPATH\CodeIgniter.php(351): CodeIgniter\CodeIgniter->handleRequest(null, Object(Config\Cache), false)
 4 FCPATH\index.php(67): CodeIgniter\CodeIgniter->run()
CRITICAL - 2024-07-09 16:47:15 --> You do not have sufficient permissions to access that page.
in VENDORPATH\myth\auth\src\Filters\PermissionFilter.php on line 47.
 1 SYSTEMPATH\Filters\Filters.php(173): Myth\Auth\Filters\PermissionFilter->before(Object(CodeIgniter\HTTP\IncomingRequest), [...])
 2 SYSTEMPATH\CodeIgniter.php(455): CodeIgniter\Filters\Filters->run('C:\\', 'before')
 3 SYSTEMPATH\CodeIgniter.php(351): CodeIgniter\CodeIgniter->handleRequest(null, Object(Config\Cache), false)
 4 FCPATH\index.php(67): CodeIgniter\CodeIgniter->run()
CRITICAL - 2024-07-09 16:47:22 --> You do not have sufficient permissions to access that page.
in VENDORPATH\myth\auth\src\Filters\PermissionFilter.php on line 47.
 1 SYSTEMPATH\Filters\Filters.php(173): Myth\Auth\Filters\PermissionFilter->before(Object(CodeIgniter\HTTP\IncomingRequest), [...])
 2 SYSTEMPATH\CodeIgniter.php(455): CodeIgniter\Filters\Filters->run('admin/potong/rcnproduksi', 'before')
 3 SYSTEMPATH\CodeIgniter.php(351): CodeIgniter\CodeIgniter->handleRequest(null, Object(Config\Cache), false)
 4 FCPATH\index.php(67): CodeIgniter\CodeIgniter->run()
CRITICAL - 2024-07-09 16:47:25 --> You do not have sufficient permissions to access that page.
in VENDORPATH\myth\auth\src\Filters\PermissionFilter.php on line 47.
 1 SYSTEMPATH\Filters\Filters.php(173): Myth\Auth\Filters\PermissionFilter->before(Object(CodeIgniter\HTTP\IncomingRequest), [...])
 2 SYSTEMPATH\CodeIgniter.php(455): CodeIgniter\Filters\Filters->run('admin/potong/rcnproduksi', 'before')
 3 SYSTEMPATH\CodeIgniter.php(351): CodeIgniter\CodeIgniter->handleRequest(null, Object(Config\Cache), false)
 4 FCPATH\index.php(67): CodeIgniter\CodeIgniter->run()
CRITICAL - 2024-07-09 16:48:14 --> You do not have sufficient permissions to access that page.
in VENDORPATH\myth\auth\src\Filters\PermissionFilter.php on line 47.
 1 SYSTEMPATH\Filters\Filters.php(173): Myth\Auth\Filters\PermissionFilter->before(Object(CodeIgniter\HTTP\IncomingRequest), [...])
 2 SYSTEMPATH\CodeIgniter.php(455): CodeIgniter\Filters\Filters->run('admin/potong/rcnproduksi', 'before')
 3 SYSTEMPATH\CodeIgniter.php(351): CodeIgniter\CodeIgniter->handleRequest(null, Object(Config\Cache), false)
 4 FCPATH\index.php(67): CodeIgniter\CodeIgniter->run()
CRITICAL - 2024-07-09 16:48:17 --> You do not have sufficient permissions to access that page.
in VENDORPATH\myth\auth\src\Filters\PermissionFilter.php on line 47.
 1 SYSTEMPATH\Filters\Filters.php(173): Myth\Auth\Filters\PermissionFilter->before(Object(CodeIgniter\HTTP\IncomingRequest), [...])
 2 SYSTEMPATH\CodeIgniter.php(455): CodeIgniter\Filters\Filters->run('admin/potong/rcnproduksi', 'before')
 3 SYSTEMPATH\CodeIgniter.php(351): CodeIgniter\CodeIgniter->handleRequest(null, Object(Config\Cache), false)
 4 FCPATH\index.php(67): CodeIgniter\CodeIgniter->run()
CRITICAL - 2024-07-09 16:48:34 --> You do not have sufficient permissions to access that page.
in VENDORPATH\myth\auth\src\Filters\PermissionFilter.php on line 47.
 1 SYSTEMPATH\Filters\Filters.php(173): Myth\Auth\Filters\PermissionFilter->before(Object(CodeIgniter\HTTP\IncomingRequest), [...])
 2 SYSTEMPATH\CodeIgniter.php(455): CodeIgniter\Filters\Filters->run('admin/potong/rcnproduksi', 'before')
 3 SYSTEMPATH\CodeIgniter.php(351): CodeIgniter\CodeIgniter->handleRequest(null, Object(Config\Cache), false)
 4 FCPATH\index.php(67): CodeIgniter\CodeIgniter->run()
ERROR - 2024-07-09 16:59:40 --> mysqli_sql_exception: Duplicate entry 'WH.PB.09.2023.094-ACLGN01950' for key 2 in C:\xampp\htdocs\wiharta\system\Database\MySQLi\Connection.php:292
Stack trace:
#0 C:\xampp\htdocs\wiharta\system\Database\MySQLi\Connection.php(292): mysqli->query('INSERT INTO `be...', 0)
#1 C:\xampp\htdocs\wiharta\system\Database\BaseConnection.php(666): CodeIgniter\Database\MySQLi\Connection->execute('INSERT INTO `be...')
#2 C:\xampp\htdocs\wiharta\system\Database\BaseConnection.php(593): CodeIgniter\Database\BaseConnection->simpleQuery('INSERT INTO `be...')
#3 C:\xampp\htdocs\wiharta\system\Database\BaseBuilder.php(1916): CodeIgniter\Database\BaseConnection->query('INSERT INTO `be...', Array, false)
#4 C:\xampp\htdocs\wiharta\system\Model.php(279): CodeIgniter\Database\BaseBuilder->insert()
#5 C:\xampp\htdocs\wiharta\system\BaseModel.php(749): CodeIgniter\Model->doInsert(Array)
#6 C:\xampp\htdocs\wiharta\system\Model.php(667): CodeIgniter\BaseModel->insert(Array, true)
#7 C:\xampp\htdocs\wiharta\app\Controllers\exim\Jurnalpembelian.php(214): CodeIgniter\Model->insert(Array)
#8 C:\xampp\htdocs\wiharta\system\CodeIgniter.php(927): App\Controllers\exim\Jurnalpembelian->Savejurnalpembelian()
#9 C:\xampp\htdocs\wiharta\system\CodeIgniter.php(482): CodeIgniter\CodeIgniter->runController(Object(App\Controllers\exim\Jurnalpembelian))
#10 C:\xampp\htdocs\wiharta\system\CodeIgniter.php(351): CodeIgniter\CodeIgniter->handleRequest(NULL, Object(Config\Cache), false)
#11 C:\xampp\htdocs\wiharta\public\index.php(67): CodeIgniter\CodeIgniter->run()
#12 {main}
ERROR - 2024-07-09 16:59:40 --> mysqli_sql_exception: Duplicate entry 'WH.PB.09.2023.094-ACLGN01950' for key 2 in C:\xampp\htdocs\wiharta\system\Database\MySQLi\Connection.php:292
Stack trace:
#0 C:\xampp\htdocs\wiharta\system\Database\MySQLi\Connection.php(292): mysqli->query('INSERT INTO `be...', 0)
#1 C:\xampp\htdocs\wiharta\system\Database\BaseConnection.php(666): CodeIgniter\Database\MySQLi\Connection->execute('INSERT INTO `be...')
#2 C:\xampp\htdocs\wiharta\system\Database\BaseConnection.php(593): CodeIgniter\Database\BaseConnection->simpleQuery('INSERT INTO `be...')
#3 C:\xampp\htdocs\wiharta\system\Database\BaseBuilder.php(1916): CodeIgniter\Database\BaseConnection->query('INSERT INTO `be...', Array, false)
#4 C:\xampp\htdocs\wiharta\system\Model.php(279): CodeIgniter\Database\BaseBuilder->insert()
#5 C:\xampp\htdocs\wiharta\system\BaseModel.php(749): CodeIgniter\Model->doInsert(Array)
#6 C:\xampp\htdocs\wiharta\system\Model.php(667): CodeIgniter\BaseModel->insert(Array, true)
#7 C:\xampp\htdocs\wiharta\app\Controllers\exim\Jurnalpembelian.php(234): CodeIgniter\Model->insert(Array)
#8 C:\xampp\htdocs\wiharta\system\CodeIgniter.php(927): App\Controllers\exim\Jurnalpembelian->Savejurnalpembelian()
#9 C:\xampp\htdocs\wiharta\system\CodeIgniter.php(482): CodeIgniter\CodeIgniter->runController(Object(App\Controllers\exim\Jurnalpembelian))
#10 C:\xampp\htdocs\wiharta\system\CodeIgniter.php(351): CodeIgniter\CodeIgniter->handleRequest(NULL, Object(Config\Cache), false)
#11 C:\xampp\htdocs\wiharta\public\index.php(67): CodeIgniter\CodeIgniter->run()
#12 {main}
ERROR - 2024-07-09 16:59:42 --> mysqli_sql_exception: Duplicate entry 'WH.PB.09.2023.094-ACLGN01950' for key 2 in C:\xampp\htdocs\wiharta\system\Database\MySQLi\Connection.php:292
Stack trace:
#0 C:\xampp\htdocs\wiharta\system\Database\MySQLi\Connection.php(292): mysqli->query('INSERT INTO `be...', 0)
#1 C:\xampp\htdocs\wiharta\system\Database\BaseConnection.php(666): CodeIgniter\Database\MySQLi\Connection->execute('INSERT INTO `be...')
#2 C:\xampp\htdocs\wiharta\system\Database\BaseConnection.php(593): CodeIgniter\Database\BaseConnection->simpleQuery('INSERT INTO `be...')
#3 C:\xampp\htdocs\wiharta\system\Database\BaseBuilder.php(1916): CodeIgniter\Database\BaseConnection->query('INSERT INTO `be...', Array, false)
#4 C:\xampp\htdocs\wiharta\system\Model.php(279): CodeIgniter\Database\BaseBuilder->insert()
#5 C:\xampp\htdocs\wiharta\system\BaseModel.php(749): CodeIgniter\Model->doInsert(Array)
#6 C:\xampp\htdocs\wiharta\system\Model.php(667): CodeIgniter\BaseModel->insert(Array, true)
#7 C:\xampp\htdocs\wiharta\app\Controllers\exim\Jurnalpembelian.php(214): CodeIgniter\Model->insert(Array)
#8 C:\xampp\htdocs\wiharta\system\CodeIgniter.php(927): App\Controllers\exim\Jurnalpembelian->Savejurnalpembelian()
#9 C:\xampp\htdocs\wiharta\system\CodeIgniter.php(482): CodeIgniter\CodeIgniter->runController(Object(App\Controllers\exim\Jurnalpembelian))
#10 C:\xampp\htdocs\wiharta\system\CodeIgniter.php(351): CodeIgniter\CodeIgniter->handleRequest(NULL, Object(Config\Cache), false)
#11 C:\xampp\htdocs\wiharta\public\index.php(67): CodeIgniter\CodeIgniter->run()
#12 {main}
ERROR - 2024-07-09 16:59:42 --> mysqli_sql_exception: Duplicate entry 'WH.PB.09.2023.094-ACLGN01950' for key 2 in C:\xampp\htdocs\wiharta\system\Database\MySQLi\Connection.php:292
Stack trace:
#0 C:\xampp\htdocs\wiharta\system\Database\MySQLi\Connection.php(292): mysqli->query('INSERT INTO `be...', 0)
#1 C:\xampp\htdocs\wiharta\system\Database\BaseConnection.php(666): CodeIgniter\Database\MySQLi\Connection->execute('INSERT INTO `be...')
#2 C:\xampp\htdocs\wiharta\system\Database\BaseConnection.php(593): CodeIgniter\Database\BaseConnection->simpleQuery('INSERT INTO `be...')
#3 C:\xampp\htdocs\wiharta\system\Database\BaseBuilder.php(1916): CodeIgniter\Database\BaseConnection->query('INSERT INTO `be...', Array, false)
#4 C:\xampp\htdocs\wiharta\system\Model.php(279): CodeIgniter\Database\BaseBuilder->insert()
#5 C:\xampp\htdocs\wiharta\system\BaseModel.php(749): CodeIgniter\Model->doInsert(Array)
#6 C:\xampp\htdocs\wiharta\system\Model.php(667): CodeIgniter\BaseModel->insert(Array, true)
#7 C:\xampp\htdocs\wiharta\app\Controllers\exim\Jurnalpembelian.php(234): CodeIgniter\Model->insert(Array)
#8 C:\xampp\htdocs\wiharta\system\CodeIgniter.php(927): App\Controllers\exim\Jurnalpembelian->Savejurnalpembelian()
#9 C:\xampp\htdocs\wiharta\system\CodeIgniter.php(482): CodeIgniter\CodeIgniter->runController(Object(App\Controllers\exim\Jurnalpembelian))
#10 C:\xampp\htdocs\wiharta\system\CodeIgniter.php(351): CodeIgniter\CodeIgniter->handleRequest(NULL, Object(Config\Cache), false)
#11 C:\xampp\htdocs\wiharta\public\index.php(67): CodeIgniter\CodeIgniter->run()
#12 {main}
ERROR - 2024-07-09 16:59:43 --> mysqli_sql_exception: Duplicate entry 'WH.PB.09.2023.094-ACLGN01950' for key 2 in C:\xampp\htdocs\wiharta\system\Database\MySQLi\Connection.php:292
Stack trace:
#0 C:\xampp\htdocs\wiharta\system\Database\MySQLi\Connection.php(292): mysqli->query('INSERT INTO `be...', 0)
#1 C:\xampp\htdocs\wiharta\system\Database\BaseConnection.php(666): CodeIgniter\Database\MySQLi\Connection->execute('INSERT INTO `be...')
#2 C:\xampp\htdocs\wiharta\system\Database\BaseConnection.php(593): CodeIgniter\Database\BaseConnection->simpleQuery('INSERT INTO `be...')
#3 C:\xampp\htdocs\wiharta\system\Database\BaseBuilder.php(1916): CodeIgniter\Database\BaseConnection->query('INSERT INTO `be...', Array, false)
#4 C:\xampp\htdocs\wiharta\system\Model.php(279): CodeIgniter\Database\BaseBuilder->insert()
#5 C:\xampp\htdocs\wiharta\system\BaseModel.php(749): CodeIgniter\Model->doInsert(Array)
#6 C:\xampp\htdocs\wiharta\system\Model.php(667): CodeIgniter\BaseModel->insert(Array, true)
#7 C:\xampp\htdocs\wiharta\app\Controllers\exim\Jurnalpembelian.php(214): CodeIgniter\Model->insert(Array)
#8 C:\xampp\htdocs\wiharta\system\CodeIgniter.php(927): App\Controllers\exim\Jurnalpembelian->Savejurnalpembelian()
#9 C:\xampp\htdocs\wiharta\system\CodeIgniter.php(482): CodeIgniter\CodeIgniter->runController(Object(App\Controllers\exim\Jurnalpembelian))
#10 C:\xampp\htdocs\wiharta\system\CodeIgniter.php(351): CodeIgniter\CodeIgniter->handleRequest(NULL, Object(Config\Cache), false)
#11 C:\xampp\htdocs\wiharta\public\index.php(67): CodeIgniter\CodeIgniter->run()
#12 {main}
ERROR - 2024-07-09 16:59:43 --> mysqli_sql_exception: Duplicate entry 'WH.PB.09.2023.094-ACLGN01950' for key 2 in C:\xampp\htdocs\wiharta\system\Database\MySQLi\Connection.php:292
Stack trace:
#0 C:\xampp\htdocs\wiharta\system\Database\MySQLi\Connection.php(292): mysqli->query('INSERT INTO `be...', 0)
#1 C:\xampp\htdocs\wiharta\system\Database\BaseConnection.php(666): CodeIgniter\Database\MySQLi\Connection->execute('INSERT INTO `be...')
#2 C:\xampp\htdocs\wiharta\system\Database\BaseConnection.php(593): CodeIgniter\Database\BaseConnection->simpleQuery('INSERT INTO `be...')
#3 C:\xampp\htdocs\wiharta\system\Database\BaseBuilder.php(1916): CodeIgniter\Database\BaseConnection->query('INSERT INTO `be...', Array, false)
#4 C:\xampp\htdocs\wiharta\system\Model.php(279): CodeIgniter\Database\BaseBuilder->insert()
#5 C:\xampp\htdocs\wiharta\system\BaseModel.php(749): CodeIgniter\Model->doInsert(Array)
#6 C:\xampp\htdocs\wiharta\system\Model.php(667): CodeIgniter\BaseModel->insert(Array, true)
#7 C:\xampp\htdocs\wiharta\app\Controllers\exim\Jurnalpembelian.php(234): CodeIgniter\Model->insert(Array)
#8 C:\xampp\htdocs\wiharta\system\CodeIgniter.php(927): App\Controllers\exim\Jurnalpembelian->Savejurnalpembelian()
#9 C:\xampp\htdocs\wiharta\system\CodeIgniter.php(482): CodeIgniter\CodeIgniter->runController(Object(App\Controllers\exim\Jurnalpembelian))
#10 C:\xampp\htdocs\wiharta\system\CodeIgniter.php(351): CodeIgniter\CodeIgniter->handleRequest(NULL, Object(Config\Cache), false)
#11 C:\xampp\htdocs\wiharta\public\index.php(67): CodeIgniter\CodeIgniter->run()
#12 {main}
ERROR - 2024-07-09 16:59:43 --> mysqli_sql_exception: Duplicate entry 'WH.PB.09.2023.094-ACLGN01950' for key 2 in C:\xampp\htdocs\wiharta\system\Database\MySQLi\Connection.php:292
Stack trace:
#0 C:\xampp\htdocs\wiharta\system\Database\MySQLi\Connection.php(292): mysqli->query('INSERT INTO `be...', 0)
#1 C:\xampp\htdocs\wiharta\system\Database\BaseConnection.php(666): CodeIgniter\Database\MySQLi\Connection->execute('INSERT INTO `be...')
#2 C:\xampp\htdocs\wiharta\system\Database\BaseConnection.php(593): CodeIgniter\Database\BaseConnection->simpleQuery('INSERT INTO `be...')
#3 C:\xampp\htdocs\wiharta\system\Database\BaseBuilder.php(1916): CodeIgniter\Database\BaseConnection->query('INSERT INTO `be...', Array, false)
#4 C:\xampp\htdocs\wiharta\system\Model.php(279): CodeIgniter\Database\BaseBuilder->insert()
#5 C:\xampp\htdocs\wiharta\system\BaseModel.php(749): CodeIgniter\Model->doInsert(Array)
#6 C:\xampp\htdocs\wiharta\system\Model.php(667): CodeIgniter\BaseModel->insert(Array, true)
#7 C:\xampp\htdocs\wiharta\app\Controllers\exim\Jurnalpembelian.php(214): CodeIgniter\Model->insert(Array)
#8 C:\xampp\htdocs\wiharta\system\CodeIgniter.php(927): App\Controllers\exim\Jurnalpembelian->Savejurnalpembelian()
#9 C:\xampp\htdocs\wiharta\system\CodeIgniter.php(482): CodeIgniter\CodeIgniter->runController(Object(App\Controllers\exim\Jurnalpembelian))
#10 C:\xampp\htdocs\wiharta\system\CodeIgniter.php(351): CodeIgniter\CodeIgniter->handleRequest(NULL, Object(Config\Cache), false)
#11 C:\xampp\htdocs\wiharta\public\index.php(67): CodeIgniter\CodeIgniter->run()
#12 {main}
ERROR - 2024-07-09 16:59:43 --> mysqli_sql_exception: Duplicate entry 'WH.PB.09.2023.094-ACLGN01950' for key 2 in C:\xampp\htdocs\wiharta\system\Database\MySQLi\Connection.php:292
Stack trace:
#0 C:\xampp\htdocs\wiharta\system\Database\MySQLi\Connection.php(292): mysqli->query('INSERT INTO `be...', 0)
#1 C:\xampp\htdocs\wiharta\system\Database\BaseConnection.php(666): CodeIgniter\Database\MySQLi\Connection->execute('INSERT INTO `be...')
#2 C:\xampp\htdocs\wiharta\system\Database\BaseConnection.php(593): CodeIgniter\Database\BaseConnection->simpleQuery('INSERT INTO `be...')
#3 C:\xampp\htdocs\wiharta\system\Database\BaseBuilder.php(1916): CodeIgniter\Database\BaseConnection->query('INSERT INTO `be...', Array, false)
#4 C:\xampp\htdocs\wiharta\system\Model.php(279): CodeIgniter\Database\BaseBuilder->insert()
#5 C:\xampp\htdocs\wiharta\system\BaseModel.php(749): CodeIgniter\Model->doInsert(Array)
#6 C:\xampp\htdocs\wiharta\system\Model.php(667): CodeIgniter\BaseModel->insert(Array, true)
#7 C:\xampp\htdocs\wiharta\app\Controllers\exim\Jurnalpembelian.php(234): CodeIgniter\Model->insert(Array)
#8 C:\xampp\htdocs\wiharta\system\CodeIgniter.php(927): App\Controllers\exim\Jurnalpembelian->Savejurnalpembelian()
#9 C:\xampp\htdocs\wiharta\system\CodeIgniter.php(482): CodeIgniter\CodeIgniter->runController(Object(App\Controllers\exim\Jurnalpembelian))
#10 C:\xampp\htdocs\wiharta\system\CodeIgniter.php(351): CodeIgniter\CodeIgniter->handleRequest(NULL, Object(Config\Cache), false)
#11 C:\xampp\htdocs\wiharta\public\index.php(67): CodeIgniter\CodeIgniter->run()
#12 {main}
ERROR - 2024-07-09 16:59:43 --> mysqli_sql_exception: Duplicate entry 'WH.PB.09.2023.094-ACLGN01950' for key 2 in C:\xampp\htdocs\wiharta\system\Database\MySQLi\Connection.php:292
Stack trace:
#0 C:\xampp\htdocs\wiharta\system\Database\MySQLi\Connection.php(292): mysqli->query('INSERT INTO `be...', 0)
#1 C:\xampp\htdocs\wiharta\system\Database\BaseConnection.php(666): CodeIgniter\Database\MySQLi\Connection->execute('INSERT INTO `be...')
#2 C:\xampp\htdocs\wiharta\system\Database\BaseConnection.php(593): CodeIgniter\Database\BaseConnection->simpleQuery('INSERT INTO `be...')
#3 C:\xampp\htdocs\wiharta\system\Database\BaseBuilder.php(1916): CodeIgniter\Database\BaseConnection->query('INSERT INTO `be...', Array, false)
#4 C:\xampp\htdocs\wiharta\system\Model.php(279): CodeIgniter\Database\BaseBuilder->insert()
#5 C:\xampp\htdocs\wiharta\system\BaseModel.php(749): CodeIgniter\Model->doInsert(Array)
#6 C:\xampp\htdocs\wiharta\system\Model.php(667): CodeIgniter\BaseModel->insert(Array, true)
#7 C:\xampp\htdocs\wiharta\app\Controllers\exim\Jurnalpembelian.php(214): CodeIgniter\Model->insert(Array)
#8 C:\xampp\htdocs\wiharta\system\CodeIgniter.php(927): App\Controllers\exim\Jurnalpembelian->Savejurnalpembelian()
#9 C:\xampp\htdocs\wiharta\system\CodeIgniter.php(482): CodeIgniter\CodeIgniter->runController(Object(App\Controllers\exim\Jurnalpembelian))
#10 C:\xampp\htdocs\wiharta\system\CodeIgniter.php(351): CodeIgniter\CodeIgniter->handleRequest(NULL, Object(Config\Cache), false)
#11 C:\xampp\htdocs\wiharta\public\index.php(67): CodeIgniter\CodeIgniter->run()
#12 {main}
ERROR - 2024-07-09 16:59:43 --> mysqli_sql_exception: Duplicate entry 'WH.PB.09.2023.094-ACLGN01950' for key 2 in C:\xampp\htdocs\wiharta\system\Database\MySQLi\Connection.php:292
Stack trace:
#0 C:\xampp\htdocs\wiharta\system\Database\MySQLi\Connection.php(292): mysqli->query('INSERT INTO `be...', 0)
#1 C:\xampp\htdocs\wiharta\system\Database\BaseConnection.php(666): CodeIgniter\Database\MySQLi\Connection->execute('INSERT INTO `be...')
#2 C:\xampp\htdocs\wiharta\system\Database\BaseConnection.php(593): CodeIgniter\Database\BaseConnection->simpleQuery('INSERT INTO `be...')
#3 C:\xampp\htdocs\wiharta\system\Database\BaseBuilder.php(1916): CodeIgniter\Database\BaseConnection->query('INSERT INTO `be...', Array, false)
#4 C:\xampp\htdocs\wiharta\system\Model.php(279): CodeIgniter\Database\BaseBuilder->insert()
#5 C:\xampp\htdocs\wiharta\system\BaseModel.php(749): CodeIgniter\Model->doInsert(Array)
#6 C:\xampp\htdocs\wiharta\system\Model.php(667): CodeIgniter\BaseModel->insert(Array, true)
#7 C:\xampp\htdocs\wiharta\app\Controllers\exim\Jurnalpembelian.php(234): CodeIgniter\Model->insert(Array)
#8 C:\xampp\htdocs\wiharta\system\CodeIgniter.php(927): App\Controllers\exim\Jurnalpembelian->Savejurnalpembelian()
#9 C:\xampp\htdocs\wiharta\system\CodeIgniter.php(482): CodeIgniter\CodeIgniter->runController(Object(App\Controllers\exim\Jurnalpembelian))
#10 C:\xampp\htdocs\wiharta\system\CodeIgniter.php(351): CodeIgniter\CodeIgniter->handleRequest(NULL, Object(Config\Cache), false)
#11 C:\xampp\htdocs\wiharta\public\index.php(67): CodeIgniter\CodeIgniter->run()
#12 {main}
ERROR - 2024-07-09 16:59:44 --> mysqli_sql_exception: Duplicate entry 'WH.PB.09.2023.094-ACLGN01950' for key 2 in C:\xampp\htdocs\wiharta\system\Database\MySQLi\Connection.php:292
Stack trace:
#0 C:\xampp\htdocs\wiharta\system\Database\MySQLi\Connection.php(292): mysqli->query('INSERT INTO `be...', 0)
#1 C:\xampp\htdocs\wiharta\system\Database\BaseConnection.php(666): CodeIgniter\Database\MySQLi\Connection->execute('INSERT INTO `be...')
#2 C:\xampp\htdocs\wiharta\system\Database\BaseConnection.php(593): CodeIgniter\Database\BaseConnection->simpleQuery('INSERT INTO `be...')
#3 C:\xampp\htdocs\wiharta\system\Database\BaseBuilder.php(1916): CodeIgniter\Database\BaseConnection->query('INSERT INTO `be...', Array, false)
#4 C:\xampp\htdocs\wiharta\system\Model.php(279): CodeIgniter\Database\BaseBuilder->insert()
#5 C:\xampp\htdocs\wiharta\system\BaseModel.php(749): CodeIgniter\Model->doInsert(Array)
#6 C:\xampp\htdocs\wiharta\system\Model.php(667): CodeIgniter\BaseModel->insert(Array, true)
#7 C:\xampp\htdocs\wiharta\app\Controllers\exim\Jurnalpembelian.php(214): CodeIgniter\Model->insert(Array)
#8 C:\xampp\htdocs\wiharta\system\CodeIgniter.php(927): App\Controllers\exim\Jurnalpembelian->Savejurnalpembelian()
#9 C:\xampp\htdocs\wiharta\system\CodeIgniter.php(482): CodeIgniter\CodeIgniter->runController(Object(App\Controllers\exim\Jurnalpembelian))
#10 C:\xampp\htdocs\wiharta\system\CodeIgniter.php(351): CodeIgniter\CodeIgniter->handleRequest(NULL, Object(Config\Cache), false)
#11 C:\xampp\htdocs\wiharta\public\index.php(67): CodeIgniter\CodeIgniter->run()
#12 {main}
ERROR - 2024-07-09 16:59:44 --> mysqli_sql_exception: Duplicate entry 'WH.PB.09.2023.094-ACLGN01950' for key 2 in C:\xampp\htdocs\wiharta\system\Database\MySQLi\Connection.php:292
Stack trace:
#0 C:\xampp\htdocs\wiharta\system\Database\MySQLi\Connection.php(292): mysqli->query('INSERT INTO `be...', 0)
#1 C:\xampp\htdocs\wiharta\system\Database\BaseConnection.php(666): CodeIgniter\Database\MySQLi\Connection->execute('INSERT INTO `be...')
#2 C:\xampp\htdocs\wiharta\system\Database\BaseConnection.php(593): CodeIgniter\Database\BaseConnection->simpleQuery('INSERT INTO `be...')
#3 C:\xampp\htdocs\wiharta\system\Database\BaseBuilder.php(1916): CodeIgniter\Database\BaseConnection->query('INSERT INTO `be...', Array, false)
#4 C:\xampp\htdocs\wiharta\system\Model.php(279): CodeIgniter\Database\BaseBuilder->insert()
#5 C:\xampp\htdocs\wiharta\system\BaseModel.php(749): CodeIgniter\Model->doInsert(Array)
#6 C:\xampp\htdocs\wiharta\system\Model.php(667): CodeIgniter\BaseModel->insert(Array, true)
#7 C:\xampp\htdocs\wiharta\app\Controllers\exim\Jurnalpembelian.php(234): CodeIgniter\Model->insert(Array)
#8 C:\xampp\htdocs\wiharta\system\CodeIgniter.php(927): App\Controllers\exim\Jurnalpembelian->Savejurnalpembelian()
#9 C:\xampp\htdocs\wiharta\system\CodeIgniter.php(482): CodeIgniter\CodeIgniter->runController(Object(App\Controllers\exim\Jurnalpembelian))
#10 C:\xampp\htdocs\wiharta\system\CodeIgniter.php(351): CodeIgniter\CodeIgniter->handleRequest(NULL, Object(Config\Cache), false)
#11 C:\xampp\htdocs\wiharta\public\index.php(67): CodeIgniter\CodeIgniter->run()
#12 {main}
ERROR - 2024-07-09 16:59:45 --> mysqli_sql_exception: Duplicate entry 'WH.PB.09.2023.094-ACLGN01950' for key 2 in C:\xampp\htdocs\wiharta\system\Database\MySQLi\Connection.php:292
Stack trace:
#0 C:\xampp\htdocs\wiharta\system\Database\MySQLi\Connection.php(292): mysqli->query('INSERT INTO `be...', 0)
#1 C:\xampp\htdocs\wiharta\system\Database\BaseConnection.php(666): CodeIgniter\Database\MySQLi\Connection->execute('INSERT INTO `be...')
#2 C:\xampp\htdocs\wiharta\system\Database\BaseConnection.php(593): CodeIgniter\Database\BaseConnection->simpleQuery('INSERT INTO `be...')
#3 C:\xampp\htdocs\wiharta\system\Database\BaseBuilder.php(1916): CodeIgniter\Database\BaseConnection->query('INSERT INTO `be...', Array, false)
#4 C:\xampp\htdocs\wiharta\system\Model.php(279): CodeIgniter\Database\BaseBuilder->insert()
#5 C:\xampp\htdocs\wiharta\system\BaseModel.php(749): CodeIgniter\Model->doInsert(Array)
#6 C:\xampp\htdocs\wiharta\system\Model.php(667): CodeIgniter\BaseModel->insert(Array, true)
#7 C:\xampp\htdocs\wiharta\app\Controllers\exim\Jurnalpembelian.php(214): CodeIgniter\Model->insert(Array)
#8 C:\xampp\htdocs\wiharta\system\CodeIgniter.php(927): App\Controllers\exim\Jurnalpembelian->Savejurnalpembelian()
#9 C:\xampp\htdocs\wiharta\system\CodeIgniter.php(482): CodeIgniter\CodeIgniter->runController(Object(App\Controllers\exim\Jurnalpembelian))
#10 C:\xampp\htdocs\wiharta\system\CodeIgniter.php(351): CodeIgniter\CodeIgniter->handleRequest(NULL, Object(Config\Cache), false)
#11 C:\xampp\htdocs\wiharta\public\index.php(67): CodeIgniter\CodeIgniter->run()
#12 {main}
ERROR - 2024-07-09 16:59:45 --> mysqli_sql_exception: Duplicate entry 'WH.PB.09.2023.094-ACLGN01950' for key 2 in C:\xampp\htdocs\wiharta\system\Database\MySQLi\Connection.php:292
Stack trace:
#0 C:\xampp\htdocs\wiharta\system\Database\MySQLi\Connection.php(292): mysqli->query('INSERT INTO `be...', 0)
#1 C:\xampp\htdocs\wiharta\system\Database\BaseConnection.php(666): CodeIgniter\Database\MySQLi\Connection->execute('INSERT INTO `be...')
#2 C:\xampp\htdocs\wiharta\system\Database\BaseConnection.php(593): CodeIgniter\Database\BaseConnection->simpleQuery('INSERT INTO `be...')
#3 C:\xampp\htdocs\wiharta\system\Database\BaseBuilder.php(1916): CodeIgniter\Database\BaseConnection->query('INSERT INTO `be...', Array, false)
#4 C:\xampp\htdocs\wiharta\system\Model.php(279): CodeIgniter\Database\BaseBuilder->insert()
#5 C:\xampp\htdocs\wiharta\system\BaseModel.php(749): CodeIgniter\Model->doInsert(Array)
#6 C:\xampp\htdocs\wiharta\system\Model.php(667): CodeIgniter\BaseModel->insert(Array, true)
#7 C:\xampp\htdocs\wiharta\app\Controllers\exim\Jurnalpembelian.php(234): CodeIgniter\Model->insert(Array)
#8 C:\xampp\htdocs\wiharta\system\CodeIgniter.php(927): App\Controllers\exim\Jurnalpembelian->Savejurnalpembelian()
#9 C:\xampp\htdocs\wiharta\system\CodeIgniter.php(482): CodeIgniter\CodeIgniter->runController(Object(App\Controllers\exim\Jurnalpembelian))
#10 C:\xampp\htdocs\wiharta\system\CodeIgniter.php(351): CodeIgniter\CodeIgniter->handleRequest(NULL, Object(Config\Cache), false)
#11 C:\xampp\htdocs\wiharta\public\index.php(67): CodeIgniter\CodeIgniter->run()
#12 {main}
ERROR - 2024-07-09 16:59:45 --> mysqli_sql_exception: Duplicate entry 'WH.PB.09.2023.094-ACLGN01950' for key 2 in C:\xampp\htdocs\wiharta\system\Database\MySQLi\Connection.php:292
Stack trace:
#0 C:\xampp\htdocs\wiharta\system\Database\MySQLi\Connection.php(292): mysqli->query('INSERT INTO `be...', 0)
#1 C:\xampp\htdocs\wiharta\system\Database\BaseConnection.php(666): CodeIgniter\Database\MySQLi\Connection->execute('INSERT INTO `be...')
#2 C:\xampp\htdocs\wiharta\system\Database\BaseConnection.php(593): CodeIgniter\Database\BaseConnection->simpleQuery('INSERT INTO `be...')
#3 C:\xampp\htdocs\wiharta\system\Database\BaseBuilder.php(1916): CodeIgniter\Database\BaseConnection->query('INSERT INTO `be...', Array, false)
#4 C:\xampp\htdocs\wiharta\system\Model.php(279): CodeIgniter\Database\BaseBuilder->insert()
#5 C:\xampp\htdocs\wiharta\system\BaseModel.php(749): CodeIgniter\Model->doInsert(Array)
#6 C:\xampp\htdocs\wiharta\system\Model.php(667): CodeIgniter\BaseModel->insert(Array, true)
#7 C:\xampp\htdocs\wiharta\app\Controllers\exim\Jurnalpembelian.php(214): CodeIgniter\Model->insert(Array)
#8 C:\xampp\htdocs\wiharta\system\CodeIgniter.php(927): App\Controllers\exim\Jurnalpembelian->Savejurnalpembelian()
#9 C:\xampp\htdocs\wiharta\system\CodeIgniter.php(482): CodeIgniter\CodeIgniter->runController(Object(App\Controllers\exim\Jurnalpembelian))
#10 C:\xampp\htdocs\wiharta\system\CodeIgniter.php(351): CodeIgniter\CodeIgniter->handleRequest(NULL, Object(Config\Cache), false)
#11 C:\xampp\htdocs\wiharta\public\index.php(67): CodeIgniter\CodeIgniter->run()
#12 {main}
ERROR - 2024-07-09 16:59:45 --> mysqli_sql_exception: Duplicate entry 'WH.PB.09.2023.094-ACLGN01950' for key 2 in C:\xampp\htdocs\wiharta\system\Database\MySQLi\Connection.php:292
Stack trace:
#0 C:\xampp\htdocs\wiharta\system\Database\MySQLi\Connection.php(292): mysqli->query('INSERT INTO `be...', 0)
#1 C:\xampp\htdocs\wiharta\system\Database\BaseConnection.php(666): CodeIgniter\Database\MySQLi\Connection->execute('INSERT INTO `be...')
#2 C:\xampp\htdocs\wiharta\system\Database\BaseConnection.php(593): CodeIgniter\Database\BaseConnection->simpleQuery('INSERT INTO `be...')
#3 C:\xampp\htdocs\wiharta\system\Database\BaseBuilder.php(1916): CodeIgniter\Database\BaseConnection->query('INSERT INTO `be...', Array, false)
#4 C:\xampp\htdocs\wiharta\system\Model.php(279): CodeIgniter\Database\BaseBuilder->insert()
#5 C:\xampp\htdocs\wiharta\system\BaseModel.php(749): CodeIgniter\Model->doInsert(Array)
#6 C:\xampp\htdocs\wiharta\system\Model.php(667): CodeIgniter\BaseModel->insert(Array, true)
#7 C:\xampp\htdocs\wiharta\app\Controllers\exim\Jurnalpembelian.php(234): CodeIgniter\Model->insert(Array)
#8 C:\xampp\htdocs\wiharta\system\CodeIgniter.php(927): App\Controllers\exim\Jurnalpembelian->Savejurnalpembelian()
#9 C:\xampp\htdocs\wiharta\system\CodeIgniter.php(482): CodeIgniter\CodeIgniter->runController(Object(App\Controllers\exim\Jurnalpembelian))
#10 C:\xampp\htdocs\wiharta\system\CodeIgniter.php(351): CodeIgniter\CodeIgniter->handleRequest(NULL, Object(Config\Cache), false)
#11 C:\xampp\htdocs\wiharta\public\index.php(67): CodeIgniter\CodeIgniter->run()
#12 {main}
ERROR - 2024-07-09 16:59:46 --> mysqli_sql_exception: Duplicate entry 'WH.PB.09.2023.094-ACLGN01950' for key 2 in C:\xampp\htdocs\wiharta\system\Database\MySQLi\Connection.php:292
Stack trace:
#0 C:\xampp\htdocs\wiharta\system\Database\MySQLi\Connection.php(292): mysqli->query('INSERT INTO `be...', 0)
#1 C:\xampp\htdocs\wiharta\system\Database\BaseConnection.php(666): CodeIgniter\Database\MySQLi\Connection->execute('INSERT INTO `be...')
#2 C:\xampp\htdocs\wiharta\system\Database\BaseConnection.php(593): CodeIgniter\Database\BaseConnection->simpleQuery('INSERT INTO `be...')
#3 C:\xampp\htdocs\wiharta\system\Database\BaseBuilder.php(1916): CodeIgniter\Database\BaseConnection->query('INSERT INTO `be...', Array, false)
#4 C:\xampp\htdocs\wiharta\system\Model.php(279): CodeIgniter\Database\BaseBuilder->insert()
#5 C:\xampp\htdocs\wiharta\system\BaseModel.php(749): CodeIgniter\Model->doInsert(Array)
#6 C:\xampp\htdocs\wiharta\system\Model.php(667): CodeIgniter\BaseModel->insert(Array, true)
#7 C:\xampp\htdocs\wiharta\app\Controllers\exim\Jurnalpembelian.php(214): CodeIgniter\Model->insert(Array)
#8 C:\xampp\htdocs\wiharta\system\CodeIgniter.php(927): App\Controllers\exim\Jurnalpembelian->Savejurnalpembelian()
#9 C:\xampp\htdocs\wiharta\system\CodeIgniter.php(482): CodeIgniter\CodeIgniter->runController(Object(App\Controllers\exim\Jurnalpembelian))
#10 C:\xampp\htdocs\wiharta\system\CodeIgniter.php(351): CodeIgniter\CodeIgniter->handleRequest(NULL, Object(Config\Cache), false)
#11 C:\xampp\htdocs\wiharta\public\index.php(67): CodeIgniter\CodeIgniter->run()
#12 {main}
ERROR - 2024-07-09 16:59:46 --> mysqli_sql_exception: Duplicate entry 'WH.PB.09.2023.094-ACLGN01950' for key 2 in C:\xampp\htdocs\wiharta\system\Database\MySQLi\Connection.php:292
Stack trace:
#0 C:\xampp\htdocs\wiharta\system\Database\MySQLi\Connection.php(292): mysqli->query('INSERT INTO `be...', 0)
#1 C:\xampp\htdocs\wiharta\system\Database\BaseConnection.php(666): CodeIgniter\Database\MySQLi\Connection->execute('INSERT INTO `be...')
#2 C:\xampp\htdocs\wiharta\system\Database\BaseConnection.php(593): CodeIgniter\Database\BaseConnection->simpleQuery('INSERT INTO `be...')
#3 C:\xampp\htdocs\wiharta\system\Database\BaseBuilder.php(1916): CodeIgniter\Database\BaseConnection->query('INSERT INTO `be...', Array, false)
#4 C:\xampp\htdocs\wiharta\system\Model.php(279): CodeIgniter\Database\BaseBuilder->insert()
#5 C:\xampp\htdocs\wiharta\system\BaseModel.php(749): CodeIgniter\Model->doInsert(Array)
#6 C:\xampp\htdocs\wiharta\system\Model.php(667): CodeIgniter\BaseModel->insert(Array, true)
#7 C:\xampp\htdocs\wiharta\app\Controllers\exim\Jurnalpembelian.php(234): CodeIgniter\Model->insert(Array)
#8 C:\xampp\htdocs\wiharta\system\CodeIgniter.php(927): App\Controllers\exim\Jurnalpembelian->Savejurnalpembelian()
#9 C:\xampp\htdocs\wiharta\system\CodeIgniter.php(482): CodeIgniter\CodeIgniter->runController(Object(App\Controllers\exim\Jurnalpembelian))
#10 C:\xampp\htdocs\wiharta\system\CodeIgniter.php(351): CodeIgniter\CodeIgniter->handleRequest(NULL, Object(Config\Cache), false)
#11 C:\xampp\htdocs\wiharta\public\index.php(67): CodeIgniter\CodeIgniter->run()
#12 {main}
ERROR - 2024-07-09 16:59:46 --> mysqli_sql_exception: Duplicate entry 'WH.PB.09.2023.094-ACLGN01950' for key 2 in C:\xampp\htdocs\wiharta\system\Database\MySQLi\Connection.php:292
Stack trace:
#0 C:\xampp\htdocs\wiharta\system\Database\MySQLi\Connection.php(292): mysqli->query('INSERT INTO `be...', 0)
#1 C:\xampp\htdocs\wiharta\system\Database\BaseConnection.php(666): CodeIgniter\Database\MySQLi\Connection->execute('INSERT INTO `be...')
#2 C:\xampp\htdocs\wiharta\system\Database\BaseConnection.php(593): CodeIgniter\Database\BaseConnection->simpleQuery('INSERT INTO `be...')
#3 C:\xampp\htdocs\wiharta\system\Database\BaseBuilder.php(1916): CodeIgniter\Database\BaseConnection->query('INSERT INTO `be...', Array, false)
#4 C:\xampp\htdocs\wiharta\system\Model.php(279): CodeIgniter\Database\BaseBuilder->insert()
#5 C:\xampp\htdocs\wiharta\system\BaseModel.php(749): CodeIgniter\Model->doInsert(Array)
#6 C:\xampp\htdocs\wiharta\system\Model.php(667): CodeIgniter\BaseModel->insert(Array, true)
#7 C:\xampp\htdocs\wiharta\app\Controllers\exim\Jurnalpembelian.php(214): CodeIgniter\Model->insert(Array)
#8 C:\xampp\htdocs\wiharta\system\CodeIgniter.php(927): App\Controllers\exim\Jurnalpembelian->Savejurnalpembelian()
#9 C:\xampp\htdocs\wiharta\system\CodeIgniter.php(482): CodeIgniter\CodeIgniter->runController(Object(App\Controllers\exim\Jurnalpembelian))
#10 C:\xampp\htdocs\wiharta\system\CodeIgniter.php(351): CodeIgniter\CodeIgniter->handleRequest(NULL, Object(Config\Cache), false)
#11 C:\xampp\htdocs\wiharta\public\index.php(67): CodeIgniter\CodeIgniter->run()
#12 {main}
ERROR - 2024-07-09 16:59:46 --> mysqli_sql_exception: Duplicate entry 'WH.PB.09.2023.094-ACLGN01950' for key 2 in C:\xampp\htdocs\wiharta\system\Database\MySQLi\Connection.php:292
Stack trace:
#0 C:\xampp\htdocs\wiharta\system\Database\MySQLi\Connection.php(292): mysqli->query('INSERT INTO `be...', 0)
#1 C:\xampp\htdocs\wiharta\system\Database\BaseConnection.php(666): CodeIgniter\Database\MySQLi\Connection->execute('INSERT INTO `be...')
#2 C:\xampp\htdocs\wiharta\system\Database\BaseConnection.php(593): CodeIgniter\Database\BaseConnection->simpleQuery('INSERT INTO `be...')
#3 C:\xampp\htdocs\wiharta\system\Database\BaseBuilder.php(1916): CodeIgniter\Database\BaseConnection->query('INSERT INTO `be...', Array, false)
#4 C:\xampp\htdocs\wiharta\system\Model.php(279): CodeIgniter\Database\BaseBuilder->insert()
#5 C:\xampp\htdocs\wiharta\system\BaseModel.php(749): CodeIgniter\Model->doInsert(Array)
#6 C:\xampp\htdocs\wiharta\system\Model.php(667): CodeIgniter\BaseModel->insert(Array, true)
#7 C:\xampp\htdocs\wiharta\app\Controllers\exim\Jurnalpembelian.php(234): CodeIgniter\Model->insert(Array)
#8 C:\xampp\htdocs\wiharta\system\CodeIgniter.php(927): App\Controllers\exim\Jurnalpembelian->Savejurnalpembelian()
#9 C:\xampp\htdocs\wiharta\system\CodeIgniter.php(482): CodeIgniter\CodeIgniter->runController(Object(App\Controllers\exim\Jurnalpembelian))
#10 C:\xampp\htdocs\wiharta\system\CodeIgniter.php(351): CodeIgniter\CodeIgniter->handleRequest(NULL, Object(Config\Cache), false)
#11 C:\xampp\htdocs\wiharta\public\index.php(67): CodeIgniter\CodeIgniter->run()
#12 {main}
ERROR - 2024-07-09 16:59:46 --> mysqli_sql_exception: Duplicate entry 'WH.PB.09.2023.094-ACLGN01950' for key 2 in C:\xampp\htdocs\wiharta\system\Database\MySQLi\Connection.php:292
Stack trace:
#0 C:\xampp\htdocs\wiharta\system\Database\MySQLi\Connection.php(292): mysqli->query('INSERT INTO `be...', 0)
#1 C:\xampp\htdocs\wiharta\system\Database\BaseConnection.php(666): CodeIgniter\Database\MySQLi\Connection->execute('INSERT INTO `be...')
#2 C:\xampp\htdocs\wiharta\system\Database\BaseConnection.php(593): CodeIgniter\Database\BaseConnection->simpleQuery('INSERT INTO `be...')
#3 C:\xampp\htdocs\wiharta\system\Database\BaseBuilder.php(1916): CodeIgniter\Database\BaseConnection->query('INSERT INTO `be...', Array, false)
#4 C:\xampp\htdocs\wiharta\system\Model.php(279): CodeIgniter\Database\BaseBuilder->insert()
#5 C:\xampp\htdocs\wiharta\system\BaseModel.php(749): CodeIgniter\Model->doInsert(Array)
#6 C:\xampp\htdocs\wiharta\system\Model.php(667): CodeIgniter\BaseModel->insert(Array, true)
#7 C:\xampp\htdocs\wiharta\app\Controllers\exim\Jurnalpembelian.php(214): CodeIgniter\Model->insert(Array)
#8 C:\xampp\htdocs\wiharta\system\CodeIgniter.php(927): App\Controllers\exim\Jurnalpembelian->Savejurnalpembelian()
#9 C:\xampp\htdocs\wiharta\system\CodeIgniter.php(482): CodeIgniter\CodeIgniter->runController(Object(App\Controllers\exim\Jurnalpembelian))
#10 C:\xampp\htdocs\wiharta\system\CodeIgniter.php(351): CodeIgniter\CodeIgniter->handleRequest(NULL, Object(Config\Cache), false)
#11 C:\xampp\htdocs\wiharta\public\index.php(67): CodeIgniter\CodeIgniter->run()
#12 {main}
ERROR - 2024-07-09 16:59:46 --> mysqli_sql_exception: Duplicate entry 'WH.PB.09.2023.094-ACLGN01950' for key 2 in C:\xampp\htdocs\wiharta\system\Database\MySQLi\Connection.php:292
Stack trace:
#0 C:\xampp\htdocs\wiharta\system\Database\MySQLi\Connection.php(292): mysqli->query('INSERT INTO `be...', 0)
#1 C:\xampp\htdocs\wiharta\system\Database\BaseConnection.php(666): CodeIgniter\Database\MySQLi\Connection->execute('INSERT INTO `be...')
#2 C:\xampp\htdocs\wiharta\system\Database\BaseConnection.php(593): CodeIgniter\Database\BaseConnection->simpleQuery('INSERT INTO `be...')
#3 C:\xampp\htdocs\wiharta\system\Database\BaseBuilder.php(1916): CodeIgniter\Database\BaseConnection->query('INSERT INTO `be...', Array, false)
#4 C:\xampp\htdocs\wiharta\system\Model.php(279): CodeIgniter\Database\BaseBuilder->insert()
#5 C:\xampp\htdocs\wiharta\system\BaseModel.php(749): CodeIgniter\Model->doInsert(Array)
#6 C:\xampp\htdocs\wiharta\system\Model.php(667): CodeIgniter\BaseModel->insert(Array, true)
#7 C:\xampp\htdocs\wiharta\app\Controllers\exim\Jurnalpembelian.php(234): CodeIgniter\Model->insert(Array)
#8 C:\xampp\htdocs\wiharta\system\CodeIgniter.php(927): App\Controllers\exim\Jurnalpembelian->Savejurnalpembelian()
#9 C:\xampp\htdocs\wiharta\system\CodeIgniter.php(482): CodeIgniter\CodeIgniter->runController(Object(App\Controllers\exim\Jurnalpembelian))
#10 C:\xampp\htdocs\wiharta\system\CodeIgniter.php(351): CodeIgniter\CodeIgniter->handleRequest(NULL, Object(Config\Cache), false)
#11 C:\xampp\htdocs\wiharta\public\index.php(67): CodeIgniter\CodeIgniter->run()
#12 {main}
CRITICAL - 2024-07-09 23:33:19 --> Undefined array key "vendor"
in APPPATH\Controllers\potong\Rcnproduksi.php on line 135.
 1 APPPATH\Controllers\potong\Rcnproduksi.php(135): CodeIgniter\Debug\Exceptions->errorHandler(2, 'Undefined array key "vendor"', 'APPPATH\\Controllers\\potong\\Rcnproduksi.php', 135)
 2 SYSTEMPATH\CodeIgniter.php(927): App\Controllers\potong\Rcnproduksi->Edit()
 3 SYSTEMPATH\CodeIgniter.php(482): CodeIgniter\CodeIgniter->runController(Object(App\Controllers\potong\Rcnproduksi))
 4 SYSTEMPATH\CodeIgniter.php(351): CodeIgniter\CodeIgniter->handleRequest(null, Object(Config\Cache), false)
 5 FCPATH\index.php(67): CodeIgniter\CodeIgniter->run()
