CRITICAL - 2023-02-24 09:04:22 --> Undefined variable $query
in APPPATH\Models\RekapAll_model.php on line 235.
 1 APPPATH\Models\RekapAll_model.php(235): CodeIgniter\Debug\Exceptions->errorHandler(2, 'Undefined variable $query', 'APPPATH\\Models\\RekapAll_model.php', 235)
 2 APPPATH\Controllers\Rekap.php(109): App\Models\RekapAll_model->DKPHarian([...])
 3 SYSTEMPATH\CodeIgniter.php(927): App\Controllers\Rekap->Tabelabsenlaporanharian()
 4 SYSTEMPATH\CodeIgniter.php(482): CodeIgniter\CodeIgniter->runController(Object(App\Controllers\Rekap))
 5 SYSTEMPATH\CodeIgniter.php(351): CodeIgniter\CodeIgniter->handleRequest(null, Object(Config\Cache), false)
 6 FCPATH\index.php(67): CodeIgniter\CodeIgniter->run()
 7 SYSTEMPATH\Commands\Server\rewrite.php(46): require_once('FCPATH\\index.php')
CRITICAL - 2023-02-24 09:07:13 --> foreach() argument must be of type array|object, string given
in APPPATH\Views\rekap\tabelharian.php on line 53.
 1 APPPATH\Views\rekap\tabelharian.php(53): CodeIgniter\Debug\Exceptions->errorHandler(2, 'foreach() argument must be of type array|object, string given', 'APPPATH\\Views\\rekap\\tabelharian.php', 53)
 2 SYSTEMPATH\View\View.php(213): include('APPPATH\\Views\\rekap\\tabelharian.php')
 3 SYSTEMPATH\View\View.php(216): CodeIgniter\View\View->CodeIgniter\View\{closure}()
 4 SYSTEMPATH\Common.php(1134): CodeIgniter\View\View->render('rekap/tabelharian', [], true)
 5 APPPATH\Controllers\Rekap.php(138): view('rekap/tabelharian', [...])
 6 SYSTEMPATH\CodeIgniter.php(927): App\Controllers\Rekap->Tabelabsenlaporanharian()
 7 SYSTEMPATH\CodeIgniter.php(482): CodeIgniter\CodeIgniter->runController(Object(App\Controllers\Rekap))
 8 SYSTEMPATH\CodeIgniter.php(351): CodeIgniter\CodeIgniter->handleRequest(null, Object(Config\Cache), false)
 9 FCPATH\index.php(67): CodeIgniter\CodeIgniter->run()
10 SYSTEMPATH\Commands\Server\rewrite.php(46): require_once('FCPATH\\index.php')
CRITICAL - 2023-02-24 09:07:48 --> foreach() argument must be of type array|object, string given
in APPPATH\Views\rekap\tabelharian.php on line 60.
 1 APPPATH\Views\rekap\tabelharian.php(60): CodeIgniter\Debug\Exceptions->errorHandler(2, 'foreach() argument must be of type array|object, string given', 'APPPATH\\Views\\rekap\\tabelharian.php', 60)
 2 SYSTEMPATH\View\View.php(213): include('APPPATH\\Views\\rekap\\tabelharian.php')
 3 SYSTEMPATH\View\View.php(216): CodeIgniter\View\View->CodeIgniter\View\{closure}()
 4 SYSTEMPATH\Common.php(1134): CodeIgniter\View\View->render('rekap/tabelharian', [], true)
 5 APPPATH\Controllers\Rekap.php(138): view('rekap/tabelharian', [...])
 6 SYSTEMPATH\CodeIgniter.php(927): App\Controllers\Rekap->Tabelabsenlaporanharian()
 7 SYSTEMPATH\CodeIgniter.php(482): CodeIgniter\CodeIgniter->runController(Object(App\Controllers\Rekap))
 8 SYSTEMPATH\CodeIgniter.php(351): CodeIgniter\CodeIgniter->handleRequest(null, Object(Config\Cache), false)
 9 FCPATH\index.php(67): CodeIgniter\CodeIgniter->run()
10 SYSTEMPATH\Commands\Server\rewrite.php(46): require_once('FCPATH\\index.php')
CRITICAL - 2023-02-24 09:10:21 --> Undefined array key "pembagian4_nama"
in APPPATH\Views\rekap\tabelharian.php on line 55.
 1 APPPATH\Views\rekap\tabelharian.php(55): CodeIgniter\Debug\Exceptions->errorHandler(2, 'Undefined array key "pembagian4_nama"', 'APPPATH\\Views\\rekap\\tabelharian.php', 55)
 2 SYSTEMPATH\View\View.php(213): include('APPPATH\\Views\\rekap\\tabelharian.php')
 3 SYSTEMPATH\View\View.php(216): CodeIgniter\View\View->CodeIgniter\View\{closure}()
 4 SYSTEMPATH\Common.php(1134): CodeIgniter\View\View->render('rekap/tabelharian', [], true)
 5 APPPATH\Controllers\Rekap.php(138): view('rekap/tabelharian', [...])
 6 SYSTEMPATH\CodeIgniter.php(927): App\Controllers\Rekap->Tabelabsenlaporanharian()
 7 SYSTEMPATH\CodeIgniter.php(482): CodeIgniter\CodeIgniter->runController(Object(App\Controllers\Rekap))
 8 SYSTEMPATH\CodeIgniter.php(351): CodeIgniter\CodeIgniter->handleRequest(null, Object(Config\Cache), false)
 9 FCPATH\index.php(67): CodeIgniter\CodeIgniter->run()
10 SYSTEMPATH\Commands\Server\rewrite.php(46): require_once('FCPATH\\index.php')
CRITICAL - 2023-02-24 09:11:40 --> Undefined array key "pembagian2_nama"
in APPPATH\Views\rekap\tabelharian.php on line 55.
 1 APPPATH\Views\rekap\tabelharian.php(55): CodeIgniter\Debug\Exceptions->errorHandler(2, 'Undefined array key "pembagian2_nama"', 'APPPATH\\Views\\rekap\\tabelharian.php', 55)
 2 SYSTEMPATH\View\View.php(213): include('APPPATH\\Views\\rekap\\tabelharian.php')
 3 SYSTEMPATH\View\View.php(216): CodeIgniter\View\View->CodeIgniter\View\{closure}()
 4 SYSTEMPATH\Common.php(1134): CodeIgniter\View\View->render('rekap/tabelharian', [], true)
 5 APPPATH\Controllers\Rekap.php(138): view('rekap/tabelharian', [...])
 6 SYSTEMPATH\CodeIgniter.php(927): App\Controllers\Rekap->Tabelabsenlaporanharian()
 7 SYSTEMPATH\CodeIgniter.php(482): CodeIgniter\CodeIgniter->runController(Object(App\Controllers\Rekap))
 8 SYSTEMPATH\CodeIgniter.php(351): CodeIgniter\CodeIgniter->handleRequest(null, Object(Config\Cache), false)
 9 FCPATH\index.php(67): CodeIgniter\CodeIgniter->run()
10 SYSTEMPATH\Commands\Server\rewrite.php(46): require_once('FCPATH\\index.php')
CRITICAL - 2023-02-24 09:32:06 --> foreach() argument must be of type array|object, string given
in APPPATH\Views\rekap\tabelharian.php on line 52.
 1 APPPATH\Views\rekap\tabelharian.php(52): CodeIgniter\Debug\Exceptions->errorHandler(2, 'foreach() argument must be of type array|object, string given', 'APPPATH\\Views\\rekap\\tabelharian.php', 52)
 2 SYSTEMPATH\View\View.php(213): include('APPPATH\\Views\\rekap\\tabelharian.php')
 3 SYSTEMPATH\View\View.php(216): CodeIgniter\View\View->CodeIgniter\View\{closure}()
 4 SYSTEMPATH\Common.php(1134): CodeIgniter\View\View->render('rekap/tabelharian', [], true)
 5 APPPATH\Controllers\Rekap.php(138): view('rekap/tabelharian', [...])
 6 SYSTEMPATH\CodeIgniter.php(927): App\Controllers\Rekap->Tabelabsenlaporanharian()
 7 SYSTEMPATH\CodeIgniter.php(482): CodeIgniter\CodeIgniter->runController(Object(App\Controllers\Rekap))
 8 SYSTEMPATH\CodeIgniter.php(351): CodeIgniter\CodeIgniter->handleRequest(null, Object(Config\Cache), false)
 9 FCPATH\index.php(67): CodeIgniter\CodeIgniter->run()
10 SYSTEMPATH\Commands\Server\rewrite.php(46): require_once('FCPATH\\index.php')
CRITICAL - 2023-02-24 09:32:55 --> Undefined variable $dh2
in APPPATH\Views\rekap\tabelharian.php on line 54.
 1 APPPATH\Views\rekap\tabelharian.php(54): CodeIgniter\Debug\Exceptions->errorHandler(2, 'Undefined variable $dh2', 'APPPATH\\Views\\rekap\\tabelharian.php', 54)
 2 SYSTEMPATH\View\View.php(213): include('APPPATH\\Views\\rekap\\tabelharian.php')
 3 SYSTEMPATH\View\View.php(216): CodeIgniter\View\View->CodeIgniter\View\{closure}()
 4 SYSTEMPATH\Common.php(1134): CodeIgniter\View\View->render('rekap/tabelharian', [], true)
 5 APPPATH\Controllers\Rekap.php(138): view('rekap/tabelharian', [...])
 6 SYSTEMPATH\CodeIgniter.php(927): App\Controllers\Rekap->Tabelabsenlaporanharian()
 7 SYSTEMPATH\CodeIgniter.php(482): CodeIgniter\CodeIgniter->runController(Object(App\Controllers\Rekap))
 8 SYSTEMPATH\CodeIgniter.php(351): CodeIgniter\CodeIgniter->handleRequest(null, Object(Config\Cache), false)
 9 FCPATH\index.php(67): CodeIgniter\CodeIgniter->run()
10 SYSTEMPATH\Commands\Server\rewrite.php(46): require_once('FCPATH\\index.php')
CRITICAL - 2023-02-24 09:36:12 --> foreach() argument must be of type array|object, string given
in APPPATH\Views\rekap\tabelharian.php on line 52.
 1 APPPATH\Views\rekap\tabelharian.php(52): CodeIgniter\Debug\Exceptions->errorHandler(2, 'foreach() argument must be of type array|object, string given', 'APPPATH\\Views\\rekap\\tabelharian.php', 52)
 2 SYSTEMPATH\View\View.php(213): include('APPPATH\\Views\\rekap\\tabelharian.php')
 3 SYSTEMPATH\View\View.php(216): CodeIgniter\View\View->CodeIgniter\View\{closure}()
 4 SYSTEMPATH\Common.php(1134): CodeIgniter\View\View->render('rekap/tabelharian', [], true)
 5 APPPATH\Controllers\Rekap.php(138): view('rekap/tabelharian', [...])
 6 SYSTEMPATH\CodeIgniter.php(927): App\Controllers\Rekap->Tabelabsenlaporanharian()
 7 SYSTEMPATH\CodeIgniter.php(482): CodeIgniter\CodeIgniter->runController(Object(App\Controllers\Rekap))
 8 SYSTEMPATH\CodeIgniter.php(351): CodeIgniter\CodeIgniter->handleRequest(null, Object(Config\Cache), false)
 9 FCPATH\index.php(67): CodeIgniter\CodeIgniter->run()
10 SYSTEMPATH\Commands\Server\rewrite.php(46): require_once('FCPATH\\index.php')
CRITICAL - 2023-02-24 09:37:07 --> Undefined array key 0
in APPPATH\Views\rekap\tabelharian.php on line 54.
 1 APPPATH\Views\rekap\tabelharian.php(54): CodeIgniter\Debug\Exceptions->errorHandler(2, 'Undefined array key 0', 'APPPATH\\Views\\rekap\\tabelharian.php', 54)
 2 SYSTEMPATH\View\View.php(213): include('APPPATH\\Views\\rekap\\tabelharian.php')
 3 SYSTEMPATH\View\View.php(216): CodeIgniter\View\View->CodeIgniter\View\{closure}()
 4 SYSTEMPATH\Common.php(1134): CodeIgniter\View\View->render('rekap/tabelharian', [], true)
 5 APPPATH\Controllers\Rekap.php(138): view('rekap/tabelharian', [...])
 6 SYSTEMPATH\CodeIgniter.php(927): App\Controllers\Rekap->Tabelabsenlaporanharian()
 7 SYSTEMPATH\CodeIgniter.php(482): CodeIgniter\CodeIgniter->runController(Object(App\Controllers\Rekap))
 8 SYSTEMPATH\CodeIgniter.php(351): CodeIgniter\CodeIgniter->handleRequest(null, Object(Config\Cache), false)
 9 FCPATH\index.php(67): CodeIgniter\CodeIgniter->run()
10 SYSTEMPATH\Commands\Server\rewrite.php(46): require_once('FCPATH\\index.php')
CRITICAL - 2023-02-24 09:37:55 --> Cannot access offset of type string on string
in APPPATH\Views\rekap\tabelharian.php on line 54.
 1 SYSTEMPATH\View\View.php(213): include()
 2 SYSTEMPATH\View\View.php(216): CodeIgniter\View\View->CodeIgniter\View\{closure}()
 3 SYSTEMPATH\Common.php(1134): CodeIgniter\View\View->render('rekap/tabelharian', [], true)
 4 APPPATH\Controllers\Rekap.php(138): view('rekap/tabelharian', [...])
 5 SYSTEMPATH\CodeIgniter.php(927): App\Controllers\Rekap->Tabelabsenlaporanharian()
 6 SYSTEMPATH\CodeIgniter.php(482): CodeIgniter\CodeIgniter->runController(Object(App\Controllers\Rekap))
 7 SYSTEMPATH\CodeIgniter.php(351): CodeIgniter\CodeIgniter->handleRequest(null, Object(Config\Cache), false)
 8 FCPATH\index.php(67): CodeIgniter\CodeIgniter->run()
 9 SYSTEMPATH\Commands\Server\rewrite.php(46): require_once('FCPATH\\index.php')
CRITICAL - 2023-02-24 09:39:25 --> Cannot access offset of type string on string
in APPPATH\Views\rekap\tabelharian.php on line 52.
 1 SYSTEMPATH\View\View.php(213): include()
 2 SYSTEMPATH\View\View.php(216): CodeIgniter\View\View->CodeIgniter\View\{closure}()
 3 SYSTEMPATH\Common.php(1134): CodeIgniter\View\View->render('rekap/tabelharian', [], true)
 4 APPPATH\Controllers\Rekap.php(138): view('rekap/tabelharian', [...])
 5 SYSTEMPATH\CodeIgniter.php(927): App\Controllers\Rekap->Tabelabsenlaporanharian()
 6 SYSTEMPATH\CodeIgniter.php(482): CodeIgniter\CodeIgniter->runController(Object(App\Controllers\Rekap))
 7 SYSTEMPATH\CodeIgniter.php(351): CodeIgniter\CodeIgniter->handleRequest(null, Object(Config\Cache), false)
 8 FCPATH\index.php(67): CodeIgniter\CodeIgniter->run()
 9 SYSTEMPATH\Commands\Server\rewrite.php(46): require_once('FCPATH\\index.php')
CRITICAL - 2023-02-24 11:02:52 --> foreach() argument must be of type array|object, string given
in APPPATH\Views\rekap\tabelharian.php on line 52.
 1 APPPATH\Views\rekap\tabelharian.php(52): CodeIgniter\Debug\Exceptions->errorHandler(2, 'foreach() argument must be of type array|object, string given', 'APPPATH\\Views\\rekap\\tabelharian.php', 52)
 2 SYSTEMPATH\View\View.php(213): include('APPPATH\\Views\\rekap\\tabelharian.php')
 3 SYSTEMPATH\View\View.php(216): CodeIgniter\View\View->CodeIgniter\View\{closure}()
 4 SYSTEMPATH\Common.php(1134): CodeIgniter\View\View->render('rekap/tabelharian', [], true)
 5 APPPATH\Controllers\Rekap.php(138): view('rekap/tabelharian', [...])
 6 SYSTEMPATH\CodeIgniter.php(927): App\Controllers\Rekap->Tabelabsenlaporanharian()
 7 SYSTEMPATH\CodeIgniter.php(482): CodeIgniter\CodeIgniter->runController(Object(App\Controllers\Rekap))
 8 SYSTEMPATH\CodeIgniter.php(351): CodeIgniter\CodeIgniter->handleRequest(null, Object(Config\Cache), false)
 9 FCPATH\index.php(67): CodeIgniter\CodeIgniter->run()
10 SYSTEMPATH\Commands\Server\rewrite.php(46): require_once('FCPATH\\index.php')
CRITICAL - 2023-02-24 11:03:17 --> Cannot access offset of type string on string
in APPPATH\Views\rekap\tabelharian.php on line 54.
 1 SYSTEMPATH\View\View.php(213): include()
 2 SYSTEMPATH\View\View.php(216): CodeIgniter\View\View->CodeIgniter\View\{closure}()
 3 SYSTEMPATH\Common.php(1134): CodeIgniter\View\View->render('rekap/tabelharian', [], true)
 4 APPPATH\Controllers\Rekap.php(138): view('rekap/tabelharian', [...])
 5 SYSTEMPATH\CodeIgniter.php(927): App\Controllers\Rekap->Tabelabsenlaporanharian()
 6 SYSTEMPATH\CodeIgniter.php(482): CodeIgniter\CodeIgniter->runController(Object(App\Controllers\Rekap))
 7 SYSTEMPATH\CodeIgniter.php(351): CodeIgniter\CodeIgniter->handleRequest(null, Object(Config\Cache), false)
 8 FCPATH\index.php(67): CodeIgniter\CodeIgniter->run()
 9 SYSTEMPATH\Commands\Server\rewrite.php(46): require_once('FCPATH\\index.php')
