CRITICAL - 2023-03-02 08:47:04 --> Undefined array key "pembagian2_nama"
in APPPATH\Views\rekap\tabelharian.php on line 55.
 1 APPPATH\Views\rekap\tabelharian.php(55): CodeIgniter\Debug\Exceptions->errorHandler(2, 'Undefined array key "pembagian2_nama"', 'APPPATH\\Views\\rekap\\tabelharian.php', 55)
 2 SYSTEMPATH\View\View.php(213): include('APPPATH\\Views\\rekap\\tabelharian.php')
 3 SYSTEMPATH\View\View.php(216): CodeIgniter\View\View->CodeIgniter\View\{closure}()
 4 SYSTEMPATH\Common.php(1134): CodeIgniter\View\View->render('rekap/tabelharian', [], true)
 5 APPPATH\Controllers\Rekap.php(148): view('rekap/tabelharian', [...])
 6 SYSTEMPATH\CodeIgniter.php(927): App\Controllers\Rekap->Tabelabsenlaporanharian()
 7 SYSTEMPATH\CodeIgniter.php(482): CodeIgniter\CodeIgniter->runController(Object(App\Controllers\Rekap))
 8 SYSTEMPATH\CodeIgniter.php(351): CodeIgniter\CodeIgniter->handleRequest(null, Object(Config\Cache), false)
 9 FCPATH\index.php(67): CodeIgniter\CodeIgniter->run()
10 SYSTEMPATH\Commands\Server\rewrite.php(46): require_once('FCPATH\\index.php')
CRITICAL - 2023-03-02 08:48:18 --> Undefined array key "pembagian2_nama"
in APPPATH\Views\rekap\tabelharian.php on line 52.
 1 APPPATH\Views\rekap\tabelharian.php(52): CodeIgniter\Debug\Exceptions->errorHandler(2, 'Undefined array key "pembagian2_nama"', 'APPPATH\\Views\\rekap\\tabelharian.php', 52)
 2 SYSTEMPATH\View\View.php(213): include('APPPATH\\Views\\rekap\\tabelharian.php')
 3 SYSTEMPATH\View\View.php(216): CodeIgniter\View\View->CodeIgniter\View\{closure}()
 4 SYSTEMPATH\Common.php(1134): CodeIgniter\View\View->render('rekap/tabelharian', [], true)
 5 APPPATH\Controllers\Rekap.php(148): view('rekap/tabelharian', [...])
 6 SYSTEMPATH\CodeIgniter.php(927): App\Controllers\Rekap->Tabelabsenlaporanharian()
 7 SYSTEMPATH\CodeIgniter.php(482): CodeIgniter\CodeIgniter->runController(Object(App\Controllers\Rekap))
 8 SYSTEMPATH\CodeIgniter.php(351): CodeIgniter\CodeIgniter->handleRequest(null, Object(Config\Cache), false)
 9 FCPATH\index.php(67): CodeIgniter\CodeIgniter->run()
10 SYSTEMPATH\Commands\Server\rewrite.php(46): require_once('FCPATH\\index.php')
CRITICAL - 2023-03-02 10:06:42 --> Undefined array key "pembagian2_nama"
in APPPATH\Views\rekap\tabelharian.php on line 56.
 1 APPPATH\Views\rekap\tabelharian.php(56): CodeIgniter\Debug\Exceptions->errorHandler(2, 'Undefined array key "pembagian2_nama"', 'APPPATH\\Views\\rekap\\tabelharian.php', 56)
 2 SYSTEMPATH\View\View.php(213): include('APPPATH\\Views\\rekap\\tabelharian.php')
 3 SYSTEMPATH\View\View.php(216): CodeIgniter\View\View->CodeIgniter\View\{closure}()
 4 SYSTEMPATH\Common.php(1134): CodeIgniter\View\View->render('rekap/tabelharian', [], true)
 5 APPPATH\Controllers\Rekap.php(148): view('rekap/tabelharian', [...])
 6 SYSTEMPATH\CodeIgniter.php(927): App\Controllers\Rekap->Tabelabsenlaporanharian()
 7 SYSTEMPATH\CodeIgniter.php(482): CodeIgniter\CodeIgniter->runController(Object(App\Controllers\Rekap))
 8 SYSTEMPATH\CodeIgniter.php(351): CodeIgniter\CodeIgniter->handleRequest(null, Object(Config\Cache), false)
 9 FCPATH\index.php(67): CodeIgniter\CodeIgniter->run()
10 SYSTEMPATH\Commands\Server\rewrite.php(46): require_once('FCPATH\\index.php')
CRITICAL - 2023-03-02 10:27:22 --> Undefined array key "pembagian4_id"
in APPPATH\Views\rekap\tabelharian.php on line 59.
 1 APPPATH\Views\rekap\tabelharian.php(59): CodeIgniter\Debug\Exceptions->errorHandler(2, 'Undefined array key "pembagian4_id"', 'APPPATH\\Views\\rekap\\tabelharian.php', 59)
 2 SYSTEMPATH\View\View.php(213): include('APPPATH\\Views\\rekap\\tabelharian.php')
 3 SYSTEMPATH\View\View.php(216): CodeIgniter\View\View->CodeIgniter\View\{closure}()
 4 SYSTEMPATH\Common.php(1134): CodeIgniter\View\View->render('rekap/tabelharian', [], true)
 5 APPPATH\Controllers\Rekap.php(148): view('rekap/tabelharian', [...])
 6 SYSTEMPATH\CodeIgniter.php(927): App\Controllers\Rekap->Tabelabsenlaporanharian()
 7 SYSTEMPATH\CodeIgniter.php(482): CodeIgniter\CodeIgniter->runController(Object(App\Controllers\Rekap))
 8 SYSTEMPATH\CodeIgniter.php(351): CodeIgniter\CodeIgniter->handleRequest(null, Object(Config\Cache), false)
 9 FCPATH\index.php(67): CodeIgniter\CodeIgniter->run()
10 SYSTEMPATH\Commands\Server\rewrite.php(46): require_once('FCPATH\\index.php')
CRITICAL - 2023-03-02 11:24:39 --> Undefined array key "pembagian4_id"
in APPPATH\Views\rekap\tabelharian.php on line 55.
 1 APPPATH\Views\rekap\tabelharian.php(55): CodeIgniter\Debug\Exceptions->errorHandler(2, 'Undefined array key "pembagian4_id"', 'APPPATH\\Views\\rekap\\tabelharian.php', 55)
 2 SYSTEMPATH\View\View.php(213): include('APPPATH\\Views\\rekap\\tabelharian.php')
 3 SYSTEMPATH\View\View.php(216): CodeIgniter\View\View->CodeIgniter\View\{closure}()
 4 SYSTEMPATH\Common.php(1134): CodeIgniter\View\View->render('rekap/tabelharian', [], true)
 5 APPPATH\Controllers\Rekap.php(148): view('rekap/tabelharian', [...])
 6 SYSTEMPATH\CodeIgniter.php(927): App\Controllers\Rekap->Tabelabsenlaporanharian()
 7 SYSTEMPATH\CodeIgniter.php(482): CodeIgniter\CodeIgniter->runController(Object(App\Controllers\Rekap))
 8 SYSTEMPATH\CodeIgniter.php(351): CodeIgniter\CodeIgniter->handleRequest(null, Object(Config\Cache), false)
 9 FCPATH\index.php(67): CodeIgniter\CodeIgniter->run()
10 SYSTEMPATH\Commands\Server\rewrite.php(46): require_once('FCPATH\\index.php')
CRITICAL - 2023-03-02 14:18:16 --> Undefined array key "queryunit"
in APPPATH\Controllers\Rekap.php on line 112.
 1 APPPATH\Controllers\Rekap.php(112): CodeIgniter\Debug\Exceptions->errorHandler(2, 'Undefined array key "queryunit"', 'APPPATH\\Controllers\\Rekap.php', 112)
 2 SYSTEMPATH\CodeIgniter.php(927): App\Controllers\Rekap->Tabelabsenlaporanharian()
 3 SYSTEMPATH\CodeIgniter.php(482): CodeIgniter\CodeIgniter->runController(Object(App\Controllers\Rekap))
 4 SYSTEMPATH\CodeIgniter.php(351): CodeIgniter\CodeIgniter->handleRequest(null, Object(Config\Cache), false)
 5 FCPATH\index.php(67): CodeIgniter\CodeIgniter->run()
 6 SYSTEMPATH\Commands\Server\rewrite.php(46): require_once('FCPATH\\index.php')
CRITICAL - 2023-03-02 14:24:09 --> Undefined array key "tglrekap"
in APPPATH\Views\rekap\tabelharian.php on line 27.
 1 APPPATH\Views\rekap\tabelharian.php(27): CodeIgniter\Debug\Exceptions->errorHandler(2, 'Undefined array key "tglrekap"', 'APPPATH\\Views\\rekap\\tabelharian.php', 27)
 2 SYSTEMPATH\View\View.php(213): include('APPPATH\\Views\\rekap\\tabelharian.php')
 3 SYSTEMPATH\View\View.php(216): CodeIgniter\View\View->CodeIgniter\View\{closure}()
 4 SYSTEMPATH\Common.php(1134): CodeIgniter\View\View->render('rekap/tabelharian', [], true)
 5 APPPATH\Controllers\Rekap.php(151): view('rekap/tabelharian', [...])
 6 SYSTEMPATH\CodeIgniter.php(927): App\Controllers\Rekap->Tabelabsenlaporanharian()
 7 SYSTEMPATH\CodeIgniter.php(482): CodeIgniter\CodeIgniter->runController(Object(App\Controllers\Rekap))
 8 SYSTEMPATH\CodeIgniter.php(351): CodeIgniter\CodeIgniter->handleRequest(null, Object(Config\Cache), false)
 9 FCPATH\index.php(67): CodeIgniter\CodeIgniter->run()
10 SYSTEMPATH\Commands\Server\rewrite.php(46): require_once('FCPATH\\index.php')
CRITICAL - 2023-03-02 14:29:06 --> Undefined array key "tglrekap"
in APPPATH\Views\rekap\tabelharian.php on line 27.
 1 APPPATH\Views\rekap\tabelharian.php(27): CodeIgniter\Debug\Exceptions->errorHandler(2, 'Undefined array key "tglrekap"', 'APPPATH\\Views\\rekap\\tabelharian.php', 27)
 2 SYSTEMPATH\View\View.php(213): include('APPPATH\\Views\\rekap\\tabelharian.php')
 3 SYSTEMPATH\View\View.php(216): CodeIgniter\View\View->CodeIgniter\View\{closure}()
 4 SYSTEMPATH\Common.php(1134): CodeIgniter\View\View->render('rekap/tabelharian', [], true)
 5 APPPATH\Controllers\Rekap.php(150): view('rekap/tabelharian', [...])
 6 SYSTEMPATH\CodeIgniter.php(927): App\Controllers\Rekap->Tabelabsenlaporanharian()
 7 SYSTEMPATH\CodeIgniter.php(482): CodeIgniter\CodeIgniter->runController(Object(App\Controllers\Rekap))
 8 SYSTEMPATH\CodeIgniter.php(351): CodeIgniter\CodeIgniter->handleRequest(null, Object(Config\Cache), false)
 9 FCPATH\index.php(67): CodeIgniter\CodeIgniter->run()
10 SYSTEMPATH\Commands\Server\rewrite.php(46): require_once('FCPATH\\index.php')
CRITICAL - 2023-03-02 15:13:51 --> Undefined array key "tglrekap"
in APPPATH\Views\rekap\tabelharian.php on line 27.
 1 APPPATH\Views\rekap\tabelharian.php(27): CodeIgniter\Debug\Exceptions->errorHandler(2, 'Undefined array key "tglrekap"', 'APPPATH\\Views\\rekap\\tabelharian.php', 27)
 2 SYSTEMPATH\View\View.php(213): include('APPPATH\\Views\\rekap\\tabelharian.php')
 3 SYSTEMPATH\View\View.php(216): CodeIgniter\View\View->CodeIgniter\View\{closure}()
 4 SYSTEMPATH\Common.php(1134): CodeIgniter\View\View->render('rekap/tabelharian', [], true)
 5 APPPATH\Controllers\Rekap.php(150): view('rekap/tabelharian', [...])
 6 SYSTEMPATH\CodeIgniter.php(927): App\Controllers\Rekap->Tabelabsenlaporanharian()
 7 SYSTEMPATH\CodeIgniter.php(482): CodeIgniter\CodeIgniter->runController(Object(App\Controllers\Rekap))
 8 SYSTEMPATH\CodeIgniter.php(351): CodeIgniter\CodeIgniter->handleRequest(null, Object(Config\Cache), false)
 9 FCPATH\index.php(67): CodeIgniter\CodeIgniter->run()
10 SYSTEMPATH\Commands\Server\rewrite.php(46): require_once('FCPATH\\index.php')
CRITICAL - 2023-03-02 15:36:47 --> Array to string conversion
in APPPATH\Views\rekap\tabelharian.php on line 28.
 1 APPPATH\Views\rekap\tabelharian.php(28): CodeIgniter\Debug\Exceptions->errorHandler(2, 'Array to string conversion', 'APPPATH\\Views\\rekap\\tabelharian.php', 28)
 2 SYSTEMPATH\View\View.php(213): include('APPPATH\\Views\\rekap\\tabelharian.php')
 3 SYSTEMPATH\View\View.php(216): CodeIgniter\View\View->CodeIgniter\View\{closure}()
 4 SYSTEMPATH\Common.php(1134): CodeIgniter\View\View->render('rekap/tabelharian', [], true)
 5 APPPATH\Controllers\Rekap.php(150): view('rekap/tabelharian', [...])
 6 SYSTEMPATH\CodeIgniter.php(927): App\Controllers\Rekap->Tabelabsenlaporanharian()
 7 SYSTEMPATH\CodeIgniter.php(482): CodeIgniter\CodeIgniter->runController(Object(App\Controllers\Rekap))
 8 SYSTEMPATH\CodeIgniter.php(351): CodeIgniter\CodeIgniter->handleRequest(null, Object(Config\Cache), false)
 9 FCPATH\index.php(67): CodeIgniter\CodeIgniter->run()
10 SYSTEMPATH\Commands\Server\rewrite.php(46): require_once('FCPATH\\index.php')
