ERROR - 2024-07-10 01:09:51 --> mysqli_sql_exception: Unknown column 'potong_mtipe_new.kodetipe' in 'order clause' in C:\xampp\htdocs\wiharta\system\Database\MySQLi\Connection.php:292
Stack trace:
#0 C:\xampp\htdocs\wiharta\system\Database\MySQLi\Connection.php(292): mysqli->query('SELECT `potong_...', 0)
#1 C:\xampp\htdocs\wiharta\system\Database\BaseConnection.php(666): CodeIgniter\Database\MySQLi\Connection->execute('SELECT `potong_...')
#2 C:\xampp\htdocs\wiharta\system\Database\BaseConnection.php(593): CodeIgniter\Database\BaseConnection->simpleQuery('SELECT `potong_...')
#3 C:\xampp\htdocs\wiharta\system\Database\BaseBuilder.php(1585): CodeIgniter\Database\BaseConnection->query('SELECT `potong_...', Array, false)
#4 C:\xampp\htdocs\wiharta\app\Models\potong\produksi\Prosesproduksi_model.php(71): CodeIgniter\Database\BaseBuilder->get()
#5 C:\xampp\htdocs\wiharta\app\Controllers\potong\Prosesproduksi.php(131): App\Models\potong\produksi\Prosesproduksi_model->get_datatablesdetailrealisasi(Array)
#6 C:\xampp\htdocs\wiharta\system\CodeIgniter.php(927): App\Controllers\potong\Prosesproduksi->Datatablesri()
#7 C:\xampp\htdocs\wiharta\system\CodeIgniter.php(482): CodeIgniter\CodeIgniter->runController(Object(App\Controllers\potong\Prosesproduksi))
#8 C:\xampp\htdocs\wiharta\system\CodeIgniter.php(351): CodeIgniter\CodeIgniter->handleRequest(NULL, Object(Config\Cache), false)
#9 C:\xampp\htdocs\wiharta\public\index.php(67): CodeIgniter\CodeIgniter->run()
#10 {main}
CRITICAL - 2024-07-10 01:09:51 --> Call to a member function getResult() on bool
in APPPATH\Models\potong\produksi\Prosesproduksi_model.php on line 72.
 1 APPPATH\Controllers\potong\Prosesproduksi.php(131): App\Models\potong\produksi\Prosesproduksi_model->get_datatablesdetailrealisasi([...])
 2 SYSTEMPATH\CodeIgniter.php(927): App\Controllers\potong\Prosesproduksi->Datatablesri()
 3 SYSTEMPATH\CodeIgniter.php(482): CodeIgniter\CodeIgniter->runController(Object(App\Controllers\potong\Prosesproduksi))
 4 SYSTEMPATH\CodeIgniter.php(351): CodeIgniter\CodeIgniter->handleRequest(null, Object(Config\Cache), false)
 5 FCPATH\index.php(67): CodeIgniter\CodeIgniter->run()
ERROR - 2024-07-10 01:11:46 --> mysqli_sql_exception: Unknown column 'potong_mtipe_new.kodetipe' in 'order clause' in C:\xampp\htdocs\wiharta\system\Database\MySQLi\Connection.php:292
Stack trace:
#0 C:\xampp\htdocs\wiharta\system\Database\MySQLi\Connection.php(292): mysqli->query('SELECT `potong_...', 0)
#1 C:\xampp\htdocs\wiharta\system\Database\BaseConnection.php(666): CodeIgniter\Database\MySQLi\Connection->execute('SELECT `potong_...')
#2 C:\xampp\htdocs\wiharta\system\Database\BaseConnection.php(593): CodeIgniter\Database\BaseConnection->simpleQuery('SELECT `potong_...')
#3 C:\xampp\htdocs\wiharta\system\Database\BaseBuilder.php(1585): CodeIgniter\Database\BaseConnection->query('SELECT `potong_...', Array, false)
#4 C:\xampp\htdocs\wiharta\app\Models\potong\produksi\Prosesproduksi_model.php(70): CodeIgniter\Database\BaseBuilder->get()
#5 C:\xampp\htdocs\wiharta\app\Controllers\potong\Prosesproduksi.php(131): App\Models\potong\produksi\Prosesproduksi_model->get_datatablesdetailrealisasi(Array)
#6 C:\xampp\htdocs\wiharta\system\CodeIgniter.php(927): App\Controllers\potong\Prosesproduksi->Datatablesri()
#7 C:\xampp\htdocs\wiharta\system\CodeIgniter.php(482): CodeIgniter\CodeIgniter->runController(Object(App\Controllers\potong\Prosesproduksi))
#8 C:\xampp\htdocs\wiharta\system\CodeIgniter.php(351): CodeIgniter\CodeIgniter->handleRequest(NULL, Object(Config\Cache), false)
#9 C:\xampp\htdocs\wiharta\public\index.php(67): CodeIgniter\CodeIgniter->run()
#10 {main}
CRITICAL - 2024-07-10 01:11:46 --> Call to a member function getResult() on bool
in APPPATH\Models\potong\produksi\Prosesproduksi_model.php on line 71.
 1 APPPATH\Controllers\potong\Prosesproduksi.php(131): App\Models\potong\produksi\Prosesproduksi_model->get_datatablesdetailrealisasi([...])
 2 SYSTEMPATH\CodeIgniter.php(927): App\Controllers\potong\Prosesproduksi->Datatablesri()
 3 SYSTEMPATH\CodeIgniter.php(482): CodeIgniter\CodeIgniter->runController(Object(App\Controllers\potong\Prosesproduksi))
 4 SYSTEMPATH\CodeIgniter.php(351): CodeIgniter\CodeIgniter->handleRequest(null, Object(Config\Cache), false)
 5 FCPATH\index.php(67): CodeIgniter\CodeIgniter->run()
CRITICAL - 2024-07-10 01:25:45 --> Undefined variable $analyst
in APPPATH\Views\potong\prosesproduksi\realisasi.php on line 30.
 1 APPPATH\Views\potong\prosesproduksi\realisasi.php(30): CodeIgniter\Debug\Exceptions->errorHandler(2, 'Undefined variable $analyst', 'APPPATH\\Views\\potong\\prosesproduksi\\realisasi.php', 30)
 2 SYSTEMPATH\View\View.php(213): include('APPPATH\\Views\\potong\\prosesproduksi\\realisasi.php')
 3 SYSTEMPATH\View\View.php(216): CodeIgniter\View\View->CodeIgniter\View\{closure}()
 4 SYSTEMPATH\Common.php(1134): CodeIgniter\View\View->render('potong/prosesproduksi/realisasi', [], true)
 5 APPPATH\Controllers\potong\Prosesproduksi.php(133): view('potong/prosesproduksi/realisasi', [...])
 6 SYSTEMPATH\CodeIgniter.php(927): App\Controllers\potong\Prosesproduksi->Carirls()
 7 SYSTEMPATH\CodeIgniter.php(482): CodeIgniter\CodeIgniter->runController(Object(App\Controllers\potong\Prosesproduksi))
 8 SYSTEMPATH\CodeIgniter.php(351): CodeIgniter\CodeIgniter->handleRequest(null, Object(Config\Cache), false)
 9 FCPATH\index.php(67): CodeIgniter\CodeIgniter->run()
CRITICAL - 2024-07-10 09:27:32 --> Undefined array key "vendor"
in APPPATH\Controllers\potong\Rcnproduksi.php on line 135.
 1 APPPATH\Controllers\potong\Rcnproduksi.php(135): CodeIgniter\Debug\Exceptions->errorHandler(2, 'Undefined array key "vendor"', 'APPPATH\\Controllers\\potong\\Rcnproduksi.php', 135)
 2 SYSTEMPATH\CodeIgniter.php(927): App\Controllers\potong\Rcnproduksi->Edit()
 3 SYSTEMPATH\CodeIgniter.php(482): CodeIgniter\CodeIgniter->runController(Object(App\Controllers\potong\Rcnproduksi))
 4 SYSTEMPATH\CodeIgniter.php(351): CodeIgniter\CodeIgniter->handleRequest(null, Object(Config\Cache), false)
 5 FCPATH\index.php(67): CodeIgniter\CodeIgniter->run()
ERROR - 2024-07-10 13:21:24 --> Error connecting to the database: mysqli_sql_exception: Too many connections in C:\xampp\htdocs\wiharta\system\Database\MySQLi\Connection.php:171
Stack trace:
#0 C:\xampp\htdocs\wiharta\system\Database\MySQLi\Connection.php(171): mysqli->real_connect('154.100.100.3', 'root', '', 'mps_mrp', 3306, '', 0)
#1 C:\xampp\htdocs\wiharta\system\Database\BaseConnection.php(382): CodeIgniter\Database\MySQLi\Connection->connect(false)
#2 C:\xampp\htdocs\wiharta\system\Database\BaseConnection.php(561): CodeIgniter\Database\BaseConnection->initialize()
#3 C:\xampp\htdocs\wiharta\system\Database\BaseBuilder.php(1585): CodeIgniter\Database\BaseConnection->query('SELECT *\nFROM `...', Array, false)
#4 C:\xampp\htdocs\wiharta\system\Model.php(250): CodeIgniter\Database\BaseBuilder->get()
#5 C:\xampp\htdocs\wiharta\system\BaseModel.php(623): CodeIgniter\Model->doFirst()
#6 C:\xampp\htdocs\wiharta\app\Controllers\potong\Prosesproduksi.php(121): CodeIgniter\BaseModel->first()
#7 C:\xampp\htdocs\wiharta\system\CodeIgniter.php(927): App\Controllers\potong\Prosesproduksi->Carirls()
#8 C:\xampp\htdocs\wiharta\system\CodeIgniter.php(482): CodeIgniter\CodeIgniter->runController(Object(App\Controllers\potong\Prosesproduksi))
#9 C:\xampp\htdocs\wiharta\system\CodeIgniter.php(351): CodeIgniter\CodeIgniter->handleRequest(NULL, Object(Config\Cache), false)
#10 C:\xampp\htdocs\wiharta\public\index.php(67): CodeIgniter\CodeIgniter->run()
#11 {main}

Next CodeIgniter\Database\Exceptions\DatabaseException: Too many connections in C:\xampp\htdocs\wiharta\system\Database\MySQLi\Connection.php:215
Stack trace:
#0 C:\xampp\htdocs\wiharta\system\Database\BaseConnection.php(382): CodeIgniter\Database\MySQLi\Connection->connect(false)
#1 C:\xampp\htdocs\wiharta\system\Database\BaseConnection.php(561): CodeIgniter\Database\BaseConnection->initialize()
#2 C:\xampp\htdocs\wiharta\system\Database\BaseBuilder.php(1585): CodeIgniter\Database\BaseConnection->query('SELECT *\nFROM `...', Array, false)
#3 C:\xampp\htdocs\wiharta\system\Model.php(250): CodeIgniter\Database\BaseBuilder->get()
#4 C:\xampp\htdocs\wiharta\system\BaseModel.php(623): CodeIgniter\Model->doFirst()
#5 C:\xampp\htdocs\wiharta\app\Controllers\potong\Prosesproduksi.php(121): CodeIgniter\BaseModel->first()
#6 C:\xampp\htdocs\wiharta\system\CodeIgniter.php(927): App\Controllers\potong\Prosesproduksi->Carirls()
#7 C:\xampp\htdocs\wiharta\system\CodeIgniter.php(482): CodeIgniter\CodeIgniter->runController(Object(App\Controllers\potong\Prosesproduksi))
#8 C:\xampp\htdocs\wiharta\system\CodeIgniter.php(351): CodeIgniter\CodeIgniter->handleRequest(NULL, Object(Config\Cache), false)
#9 C:\xampp\htdocs\wiharta\public\index.php(67): CodeIgniter\CodeIgniter->run()
#10 {main}
CRITICAL - 2024-07-10 13:21:24 --> Unable to connect to the database.
Main connection [MySQLi]: Too many connections
in SYSTEMPATH\Database\BaseConnection.php on line 418.
 1 SYSTEMPATH\Database\BaseConnection.php(561): CodeIgniter\Database\BaseConnection->initialize()
 2 SYSTEMPATH\Database\BaseBuilder.php(1585): CodeIgniter\Database\BaseConnection->query('SELECT *
FROM `potong_rcn`
WHERE `norcn` = :norcn:
 LIMIT 1', [...], false)
 3 SYSTEMPATH\Model.php(250): CodeIgniter\Database\BaseBuilder->get()
 4 SYSTEMPATH\BaseModel.php(623): CodeIgniter\Model->doFirst()
 5 APPPATH\Controllers\potong\Prosesproduksi.php(121): CodeIgniter\BaseModel->first()
 6 SYSTEMPATH\CodeIgniter.php(927): App\Controllers\potong\Prosesproduksi->Carirls()
 7 SYSTEMPATH\CodeIgniter.php(482): CodeIgniter\CodeIgniter->runController(Object(App\Controllers\potong\Prosesproduksi))
 8 SYSTEMPATH\CodeIgniter.php(351): CodeIgniter\CodeIgniter->handleRequest(null, Object(Config\Cache), false)
 9 FCPATH\index.php(67): CodeIgniter\CodeIgniter->run()
ERROR - 2024-07-10 13:21:27 --> Error connecting to the database: mysqli_sql_exception: Too many connections in C:\xampp\htdocs\wiharta\system\Database\MySQLi\Connection.php:171
Stack trace:
#0 C:\xampp\htdocs\wiharta\system\Database\MySQLi\Connection.php(171): mysqli->real_connect('154.100.100.3', 'root', '', 'mps_mrp', 3306, '', 0)
#1 C:\xampp\htdocs\wiharta\system\Database\BaseConnection.php(382): CodeIgniter\Database\MySQLi\Connection->connect(false)
#2 C:\xampp\htdocs\wiharta\system\Database\BaseConnection.php(561): CodeIgniter\Database\BaseConnection->initialize()
#3 C:\xampp\htdocs\wiharta\system\Database\BaseBuilder.php(1585): CodeIgniter\Database\BaseConnection->query('SELECT *\nFROM `...', Array, false)
#4 C:\xampp\htdocs\wiharta\system\Model.php(250): CodeIgniter\Database\BaseBuilder->get()
#5 C:\xampp\htdocs\wiharta\system\BaseModel.php(623): CodeIgniter\Model->doFirst()
#6 C:\xampp\htdocs\wiharta\app\Controllers\potong\Prosesproduksi.php(121): CodeIgniter\BaseModel->first()
#7 C:\xampp\htdocs\wiharta\system\CodeIgniter.php(927): App\Controllers\potong\Prosesproduksi->Carirls()
#8 C:\xampp\htdocs\wiharta\system\CodeIgniter.php(482): CodeIgniter\CodeIgniter->runController(Object(App\Controllers\potong\Prosesproduksi))
#9 C:\xampp\htdocs\wiharta\system\CodeIgniter.php(351): CodeIgniter\CodeIgniter->handleRequest(NULL, Object(Config\Cache), false)
#10 C:\xampp\htdocs\wiharta\public\index.php(67): CodeIgniter\CodeIgniter->run()
#11 {main}

Next CodeIgniter\Database\Exceptions\DatabaseException: Too many connections in C:\xampp\htdocs\wiharta\system\Database\MySQLi\Connection.php:215
Stack trace:
#0 C:\xampp\htdocs\wiharta\system\Database\BaseConnection.php(382): CodeIgniter\Database\MySQLi\Connection->connect(false)
#1 C:\xampp\htdocs\wiharta\system\Database\BaseConnection.php(561): CodeIgniter\Database\BaseConnection->initialize()
#2 C:\xampp\htdocs\wiharta\system\Database\BaseBuilder.php(1585): CodeIgniter\Database\BaseConnection->query('SELECT *\nFROM `...', Array, false)
#3 C:\xampp\htdocs\wiharta\system\Model.php(250): CodeIgniter\Database\BaseBuilder->get()
#4 C:\xampp\htdocs\wiharta\system\BaseModel.php(623): CodeIgniter\Model->doFirst()
#5 C:\xampp\htdocs\wiharta\app\Controllers\potong\Prosesproduksi.php(121): CodeIgniter\BaseModel->first()
#6 C:\xampp\htdocs\wiharta\system\CodeIgniter.php(927): App\Controllers\potong\Prosesproduksi->Carirls()
#7 C:\xampp\htdocs\wiharta\system\CodeIgniter.php(482): CodeIgniter\CodeIgniter->runController(Object(App\Controllers\potong\Prosesproduksi))
#8 C:\xampp\htdocs\wiharta\system\CodeIgniter.php(351): CodeIgniter\CodeIgniter->handleRequest(NULL, Object(Config\Cache), false)
#9 C:\xampp\htdocs\wiharta\public\index.php(67): CodeIgniter\CodeIgniter->run()
#10 {main}
CRITICAL - 2024-07-10 13:21:27 --> Unable to connect to the database.
Main connection [MySQLi]: Too many connections
in SYSTEMPATH\Database\BaseConnection.php on line 418.
 1 SYSTEMPATH\Database\BaseConnection.php(561): CodeIgniter\Database\BaseConnection->initialize()
 2 SYSTEMPATH\Database\BaseBuilder.php(1585): CodeIgniter\Database\BaseConnection->query('SELECT *
FROM `potong_rcn`
WHERE `norcn` = :norcn:
 LIMIT 1', [...], false)
 3 SYSTEMPATH\Model.php(250): CodeIgniter\Database\BaseBuilder->get()
 4 SYSTEMPATH\BaseModel.php(623): CodeIgniter\Model->doFirst()
 5 APPPATH\Controllers\potong\Prosesproduksi.php(121): CodeIgniter\BaseModel->first()
 6 SYSTEMPATH\CodeIgniter.php(927): App\Controllers\potong\Prosesproduksi->Carirls()
 7 SYSTEMPATH\CodeIgniter.php(482): CodeIgniter\CodeIgniter->runController(Object(App\Controllers\potong\Prosesproduksi))
 8 SYSTEMPATH\CodeIgniter.php(351): CodeIgniter\CodeIgniter->handleRequest(null, Object(Config\Cache), false)
 9 FCPATH\index.php(67): CodeIgniter\CodeIgniter->run()
ERROR - 2024-07-10 13:33:26 --> Error connecting to the database: mysqli_sql_exception: Too many connections in C:\xampp\htdocs\wiharta\system\Database\MySQLi\Connection.php:171
Stack trace:
#0 C:\xampp\htdocs\wiharta\system\Database\MySQLi\Connection.php(171): mysqli->real_connect('154.100.100.3', 'root', '', 'mps_mrp', 3306, '', 0)
#1 C:\xampp\htdocs\wiharta\system\Database\BaseConnection.php(382): CodeIgniter\Database\MySQLi\Connection->connect(false)
#2 C:\xampp\htdocs\wiharta\system\Database\BaseConnection.php(561): CodeIgniter\Database\BaseConnection->initialize()
#3 C:\xampp\htdocs\wiharta\system\Database\BaseBuilder.php(1585): CodeIgniter\Database\BaseConnection->query('SELECT `potong_...', Array, false)
#4 C:\xampp\htdocs\wiharta\app\Models\potong\item\Tipedtl_model.php(89): CodeIgniter\Database\BaseBuilder->get()
#5 C:\xampp\htdocs\wiharta\app\Controllers\potong\Item.php(182): App\Models\potong\item\Tipedtl_model->get_datatablestipeitem(Array)
#6 C:\xampp\htdocs\wiharta\system\CodeIgniter.php(927): App\Controllers\potong\Item->Datatablestipeitem()
#7 C:\xampp\htdocs\wiharta\system\CodeIgniter.php(482): CodeIgniter\CodeIgniter->runController(Object(App\Controllers\potong\Item))
#8 C:\xampp\htdocs\wiharta\system\CodeIgniter.php(351): CodeIgniter\CodeIgniter->handleRequest(NULL, Object(Config\Cache), false)
#9 C:\xampp\htdocs\wiharta\public\index.php(67): CodeIgniter\CodeIgniter->run()
#10 {main}

Next CodeIgniter\Database\Exceptions\DatabaseException: Too many connections in C:\xampp\htdocs\wiharta\system\Database\MySQLi\Connection.php:215
Stack trace:
#0 C:\xampp\htdocs\wiharta\system\Database\BaseConnection.php(382): CodeIgniter\Database\MySQLi\Connection->connect(false)
#1 C:\xampp\htdocs\wiharta\system\Database\BaseConnection.php(561): CodeIgniter\Database\BaseConnection->initialize()
#2 C:\xampp\htdocs\wiharta\system\Database\BaseBuilder.php(1585): CodeIgniter\Database\BaseConnection->query('SELECT `potong_...', Array, false)
#3 C:\xampp\htdocs\wiharta\app\Models\potong\item\Tipedtl_model.php(89): CodeIgniter\Database\BaseBuilder->get()
#4 C:\xampp\htdocs\wiharta\app\Controllers\potong\Item.php(182): App\Models\potong\item\Tipedtl_model->get_datatablestipeitem(Array)
#5 C:\xampp\htdocs\wiharta\system\CodeIgniter.php(927): App\Controllers\potong\Item->Datatablestipeitem()
#6 C:\xampp\htdocs\wiharta\system\CodeIgniter.php(482): CodeIgniter\CodeIgniter->runController(Object(App\Controllers\potong\Item))
#7 C:\xampp\htdocs\wiharta\system\CodeIgniter.php(351): CodeIgniter\CodeIgniter->handleRequest(NULL, Object(Config\Cache), false)
#8 C:\xampp\htdocs\wiharta\public\index.php(67): CodeIgniter\CodeIgniter->run()
#9 {main}
CRITICAL - 2024-07-10 13:33:26 --> Unable to connect to the database.
Main connection [MySQLi]: Too many connections
in SYSTEMPATH\Database\BaseConnection.php on line 418.
 1 SYSTEMPATH\Database\BaseConnection.php(561): CodeIgniter\Database\BaseConnection->initialize()
 2 SYSTEMPATH\Database\BaseBuilder.php(1585): CodeIgniter\Database\BaseConnection->query('SELECT `potong_mtipe_dtl_new`.`seq`, `potong_mitem_new`.`kodeitem`, `potong_mitem_new`.`namaitem`, `potong_mtipe_new`.`kodetipe`, `potong_mtipe_new`.`namatipe`, `potong_mtipe_dtl_new`.`jml`
FROM `potong_mtipe_dtl_new`
JOIN `potong_mtipe_new` ON potong_mtipe_new.`kodetipe`=potong_mtipe_dtl_new.`kodetipe`
JOIN `potong_mitem_new` ON potong_mitem_new.`kodeitem`=potong_mtipe_dtl_new.`kodeitem`
WHERE `potong_mtipe_new`.`kodetipe` LIKE :potong_mtipe_new.`kodetipe`: ESCAPE \'!\'
ORDER BY `potong_mtipe_new`.`kodetipe` ASC
 LIMIT 25', [...], false)
 3 APPPATH\Models\potong\item\Tipedtl_model.php(89): CodeIgniter\Database\BaseBuilder->get()
 4 APPPATH\Controllers\potong\Item.php(182): App\Models\potong\item\Tipedtl_model->get_datatablestipeitem([...])
 5 SYSTEMPATH\CodeIgniter.php(927): App\Controllers\potong\Item->Datatablestipeitem()
 6 SYSTEMPATH\CodeIgniter.php(482): CodeIgniter\CodeIgniter->runController(Object(App\Controllers\potong\Item))
 7 SYSTEMPATH\CodeIgniter.php(351): CodeIgniter\CodeIgniter->handleRequest(null, Object(Config\Cache), false)
 8 FCPATH\index.php(67): CodeIgniter\CodeIgniter->run()
ERROR - 2024-07-10 13:33:34 --> Error connecting to the database: mysqli_sql_exception: Too many connections in C:\xampp\htdocs\wiharta\system\Database\MySQLi\Connection.php:171
Stack trace:
#0 C:\xampp\htdocs\wiharta\system\Database\MySQLi\Connection.php(171): mysqli->real_connect('154.100.100.3', 'root', '', 'mps_mrp', 3306, '', 0)
#1 C:\xampp\htdocs\wiharta\system\Database\BaseConnection.php(382): CodeIgniter\Database\MySQLi\Connection->connect(false)
#2 C:\xampp\htdocs\wiharta\system\Database\BaseConnection.php(561): CodeIgniter\Database\BaseConnection->initialize()
#3 C:\xampp\htdocs\wiharta\system\Database\BaseBuilder.php(1585): CodeIgniter\Database\BaseConnection->query('SELECT *\nFROM `...', Array, false)
#4 C:\xampp\htdocs\wiharta\system\Model.php(223): CodeIgniter\Database\BaseBuilder->get()
#5 C:\xampp\htdocs\wiharta\system\BaseModel.php(585): CodeIgniter\Model->doFindAll(0, 0)
#6 C:\xampp\htdocs\wiharta\app\Controllers\potong\Item.php(32): CodeIgniter\BaseModel->findAll()
#7 C:\xampp\htdocs\wiharta\system\CodeIgniter.php(927): App\Controllers\potong\Item->Index()
#8 C:\xampp\htdocs\wiharta\system\CodeIgniter.php(482): CodeIgniter\CodeIgniter->runController(Object(App\Controllers\potong\Item))
#9 C:\xampp\htdocs\wiharta\system\CodeIgniter.php(351): CodeIgniter\CodeIgniter->handleRequest(NULL, Object(Config\Cache), false)
#10 C:\xampp\htdocs\wiharta\public\index.php(67): CodeIgniter\CodeIgniter->run()
#11 {main}

Next CodeIgniter\Database\Exceptions\DatabaseException: Too many connections in C:\xampp\htdocs\wiharta\system\Database\MySQLi\Connection.php:215
Stack trace:
#0 C:\xampp\htdocs\wiharta\system\Database\BaseConnection.php(382): CodeIgniter\Database\MySQLi\Connection->connect(false)
#1 C:\xampp\htdocs\wiharta\system\Database\BaseConnection.php(561): CodeIgniter\Database\BaseConnection->initialize()
#2 C:\xampp\htdocs\wiharta\system\Database\BaseBuilder.php(1585): CodeIgniter\Database\BaseConnection->query('SELECT *\nFROM `...', Array, false)
#3 C:\xampp\htdocs\wiharta\system\Model.php(223): CodeIgniter\Database\BaseBuilder->get()
#4 C:\xampp\htdocs\wiharta\system\BaseModel.php(585): CodeIgniter\Model->doFindAll(0, 0)
#5 C:\xampp\htdocs\wiharta\app\Controllers\potong\Item.php(32): CodeIgniter\BaseModel->findAll()
#6 C:\xampp\htdocs\wiharta\system\CodeIgniter.php(927): App\Controllers\potong\Item->Index()
#7 C:\xampp\htdocs\wiharta\system\CodeIgniter.php(482): CodeIgniter\CodeIgniter->runController(Object(App\Controllers\potong\Item))
#8 C:\xampp\htdocs\wiharta\system\CodeIgniter.php(351): CodeIgniter\CodeIgniter->handleRequest(NULL, Object(Config\Cache), false)
#9 C:\xampp\htdocs\wiharta\public\index.php(67): CodeIgniter\CodeIgniter->run()
#10 {main}
CRITICAL - 2024-07-10 13:33:34 --> Unable to connect to the database.
Main connection [MySQLi]: Too many connections
in SYSTEMPATH\Database\BaseConnection.php on line 418.
 1 SYSTEMPATH\Database\BaseConnection.php(561): CodeIgniter\Database\BaseConnection->initialize()
 2 SYSTEMPATH\Database\BaseBuilder.php(1585): CodeIgniter\Database\BaseConnection->query('SELECT *
FROM `potong_mtipe_new`', [], false)
 3 SYSTEMPATH\Model.php(223): CodeIgniter\Database\BaseBuilder->get()
 4 SYSTEMPATH\BaseModel.php(585): CodeIgniter\Model->doFindAll(0, 0)
 5 APPPATH\Controllers\potong\Item.php(32): CodeIgniter\BaseModel->findAll()
 6 SYSTEMPATH\CodeIgniter.php(927): App\Controllers\potong\Item->Index()
 7 SYSTEMPATH\CodeIgniter.php(482): CodeIgniter\CodeIgniter->runController(Object(App\Controllers\potong\Item))
 8 SYSTEMPATH\CodeIgniter.php(351): CodeIgniter\CodeIgniter->handleRequest(null, Object(Config\Cache), false)
 9 FCPATH\index.php(67): CodeIgniter\CodeIgniter->run()
ERROR - 2024-07-10 13:34:07 --> Error connecting to the database: mysqli_sql_exception: Too many connections in C:\xampp\htdocs\wiharta\system\Database\MySQLi\Connection.php:171
Stack trace:
#0 C:\xampp\htdocs\wiharta\system\Database\MySQLi\Connection.php(171): mysqli->real_connect('154.100.100.3', 'root', '', 'mps_mrp', 3306, '', 0)
#1 C:\xampp\htdocs\wiharta\system\Database\BaseConnection.php(382): CodeIgniter\Database\MySQLi\Connection->connect(false)
#2 C:\xampp\htdocs\wiharta\system\Database\BaseConnection.php(561): CodeIgniter\Database\BaseConnection->initialize()
#3 C:\xampp\htdocs\wiharta\system\Database\BaseBuilder.php(1585): CodeIgniter\Database\BaseConnection->query('SELECT *\nFROM `...', Array, false)
#4 C:\xampp\htdocs\wiharta\system\Model.php(223): CodeIgniter\Database\BaseBuilder->get()
#5 C:\xampp\htdocs\wiharta\system\BaseModel.php(585): CodeIgniter\Model->doFindAll(0, 0)
#6 C:\xampp\htdocs\wiharta\app\Controllers\potong\Item.php(32): CodeIgniter\BaseModel->findAll()
#7 C:\xampp\htdocs\wiharta\system\CodeIgniter.php(927): App\Controllers\potong\Item->Index()
#8 C:\xampp\htdocs\wiharta\system\CodeIgniter.php(482): CodeIgniter\CodeIgniter->runController(Object(App\Controllers\potong\Item))
#9 C:\xampp\htdocs\wiharta\system\CodeIgniter.php(351): CodeIgniter\CodeIgniter->handleRequest(NULL, Object(Config\Cache), false)
#10 C:\xampp\htdocs\wiharta\public\index.php(67): CodeIgniter\CodeIgniter->run()
#11 {main}

Next CodeIgniter\Database\Exceptions\DatabaseException: Too many connections in C:\xampp\htdocs\wiharta\system\Database\MySQLi\Connection.php:215
Stack trace:
#0 C:\xampp\htdocs\wiharta\system\Database\BaseConnection.php(382): CodeIgniter\Database\MySQLi\Connection->connect(false)
#1 C:\xampp\htdocs\wiharta\system\Database\BaseConnection.php(561): CodeIgniter\Database\BaseConnection->initialize()
#2 C:\xampp\htdocs\wiharta\system\Database\BaseBuilder.php(1585): CodeIgniter\Database\BaseConnection->query('SELECT *\nFROM `...', Array, false)
#3 C:\xampp\htdocs\wiharta\system\Model.php(223): CodeIgniter\Database\BaseBuilder->get()
#4 C:\xampp\htdocs\wiharta\system\BaseModel.php(585): CodeIgniter\Model->doFindAll(0, 0)
#5 C:\xampp\htdocs\wiharta\app\Controllers\potong\Item.php(32): CodeIgniter\BaseModel->findAll()
#6 C:\xampp\htdocs\wiharta\system\CodeIgniter.php(927): App\Controllers\potong\Item->Index()
#7 C:\xampp\htdocs\wiharta\system\CodeIgniter.php(482): CodeIgniter\CodeIgniter->runController(Object(App\Controllers\potong\Item))
#8 C:\xampp\htdocs\wiharta\system\CodeIgniter.php(351): CodeIgniter\CodeIgniter->handleRequest(NULL, Object(Config\Cache), false)
#9 C:\xampp\htdocs\wiharta\public\index.php(67): CodeIgniter\CodeIgniter->run()
#10 {main}
CRITICAL - 2024-07-10 13:34:07 --> Unable to connect to the database.
Main connection [MySQLi]: Too many connections
in SYSTEMPATH\Database\BaseConnection.php on line 418.
 1 SYSTEMPATH\Database\BaseConnection.php(561): CodeIgniter\Database\BaseConnection->initialize()
 2 SYSTEMPATH\Database\BaseBuilder.php(1585): CodeIgniter\Database\BaseConnection->query('SELECT *
FROM `potong_mtipe_new`', [], false)
 3 SYSTEMPATH\Model.php(223): CodeIgniter\Database\BaseBuilder->get()
 4 SYSTEMPATH\BaseModel.php(585): CodeIgniter\Model->doFindAll(0, 0)
 5 APPPATH\Controllers\potong\Item.php(32): CodeIgniter\BaseModel->findAll()
 6 SYSTEMPATH\CodeIgniter.php(927): App\Controllers\potong\Item->Index()
 7 SYSTEMPATH\CodeIgniter.php(482): CodeIgniter\CodeIgniter->runController(Object(App\Controllers\potong\Item))
 8 SYSTEMPATH\CodeIgniter.php(351): CodeIgniter\CodeIgniter->handleRequest(null, Object(Config\Cache), false)
 9 FCPATH\index.php(67): CodeIgniter\CodeIgniter->run()
ERROR - 2024-07-10 13:34:10 --> Error connecting to the database: mysqli_sql_exception: Too many connections in C:\xampp\htdocs\wiharta\system\Database\MySQLi\Connection.php:171
Stack trace:
#0 C:\xampp\htdocs\wiharta\system\Database\MySQLi\Connection.php(171): mysqli->real_connect('154.100.100.3', 'root', '', 'mps_mrp', 3306, '', 0)
#1 C:\xampp\htdocs\wiharta\system\Database\BaseConnection.php(382): CodeIgniter\Database\MySQLi\Connection->connect(false)
#2 C:\xampp\htdocs\wiharta\system\Database\BaseConnection.php(561): CodeIgniter\Database\BaseConnection->initialize()
#3 C:\xampp\htdocs\wiharta\system\Database\BaseBuilder.php(1585): CodeIgniter\Database\BaseConnection->query('SELECT *\nFROM `...', Array, false)
#4 C:\xampp\htdocs\wiharta\system\Model.php(223): CodeIgniter\Database\BaseBuilder->get()
#5 C:\xampp\htdocs\wiharta\system\BaseModel.php(585): CodeIgniter\Model->doFindAll(0, 0)
#6 C:\xampp\htdocs\wiharta\app\Controllers\potong\Item.php(32): CodeIgniter\BaseModel->findAll()
#7 C:\xampp\htdocs\wiharta\system\CodeIgniter.php(927): App\Controllers\potong\Item->Index()
#8 C:\xampp\htdocs\wiharta\system\CodeIgniter.php(482): CodeIgniter\CodeIgniter->runController(Object(App\Controllers\potong\Item))
#9 C:\xampp\htdocs\wiharta\system\CodeIgniter.php(351): CodeIgniter\CodeIgniter->handleRequest(NULL, Object(Config\Cache), false)
#10 C:\xampp\htdocs\wiharta\public\index.php(67): CodeIgniter\CodeIgniter->run()
#11 {main}

Next CodeIgniter\Database\Exceptions\DatabaseException: Too many connections in C:\xampp\htdocs\wiharta\system\Database\MySQLi\Connection.php:215
Stack trace:
#0 C:\xampp\htdocs\wiharta\system\Database\BaseConnection.php(382): CodeIgniter\Database\MySQLi\Connection->connect(false)
#1 C:\xampp\htdocs\wiharta\system\Database\BaseConnection.php(561): CodeIgniter\Database\BaseConnection->initialize()
#2 C:\xampp\htdocs\wiharta\system\Database\BaseBuilder.php(1585): CodeIgniter\Database\BaseConnection->query('SELECT *\nFROM `...', Array, false)
#3 C:\xampp\htdocs\wiharta\system\Model.php(223): CodeIgniter\Database\BaseBuilder->get()
#4 C:\xampp\htdocs\wiharta\system\BaseModel.php(585): CodeIgniter\Model->doFindAll(0, 0)
#5 C:\xampp\htdocs\wiharta\app\Controllers\potong\Item.php(32): CodeIgniter\BaseModel->findAll()
#6 C:\xampp\htdocs\wiharta\system\CodeIgniter.php(927): App\Controllers\potong\Item->Index()
#7 C:\xampp\htdocs\wiharta\system\CodeIgniter.php(482): CodeIgniter\CodeIgniter->runController(Object(App\Controllers\potong\Item))
#8 C:\xampp\htdocs\wiharta\system\CodeIgniter.php(351): CodeIgniter\CodeIgniter->handleRequest(NULL, Object(Config\Cache), false)
#9 C:\xampp\htdocs\wiharta\public\index.php(67): CodeIgniter\CodeIgniter->run()
#10 {main}
CRITICAL - 2024-07-10 13:34:10 --> Unable to connect to the database.
Main connection [MySQLi]: Too many connections
in SYSTEMPATH\Database\BaseConnection.php on line 418.
 1 SYSTEMPATH\Database\BaseConnection.php(561): CodeIgniter\Database\BaseConnection->initialize()
 2 SYSTEMPATH\Database\BaseBuilder.php(1585): CodeIgniter\Database\BaseConnection->query('SELECT *
FROM `potong_mtipe_new`', [], false)
 3 SYSTEMPATH\Model.php(223): CodeIgniter\Database\BaseBuilder->get()
 4 SYSTEMPATH\BaseModel.php(585): CodeIgniter\Model->doFindAll(0, 0)
 5 APPPATH\Controllers\potong\Item.php(32): CodeIgniter\BaseModel->findAll()
 6 SYSTEMPATH\CodeIgniter.php(927): App\Controllers\potong\Item->Index()
 7 SYSTEMPATH\CodeIgniter.php(482): CodeIgniter\CodeIgniter->runController(Object(App\Controllers\potong\Item))
 8 SYSTEMPATH\CodeIgniter.php(351): CodeIgniter\CodeIgniter->handleRequest(null, Object(Config\Cache), false)
 9 FCPATH\index.php(67): CodeIgniter\CodeIgniter->run()
ERROR - 2024-07-10 13:34:11 --> Error connecting to the database: mysqli_sql_exception: Too many connections in C:\xampp\htdocs\wiharta\system\Database\MySQLi\Connection.php:171
Stack trace:
#0 C:\xampp\htdocs\wiharta\system\Database\MySQLi\Connection.php(171): mysqli->real_connect('154.100.100.3', 'root', '', 'mps_mrp', 3306, '', 0)
#1 C:\xampp\htdocs\wiharta\system\Database\BaseConnection.php(382): CodeIgniter\Database\MySQLi\Connection->connect(false)
#2 C:\xampp\htdocs\wiharta\system\Database\BaseConnection.php(561): CodeIgniter\Database\BaseConnection->initialize()
#3 C:\xampp\htdocs\wiharta\system\Database\BaseBuilder.php(1585): CodeIgniter\Database\BaseConnection->query('SELECT *\nFROM `...', Array, false)
#4 C:\xampp\htdocs\wiharta\system\Model.php(223): CodeIgniter\Database\BaseBuilder->get()
#5 C:\xampp\htdocs\wiharta\system\BaseModel.php(585): CodeIgniter\Model->doFindAll(0, 0)
#6 C:\xampp\htdocs\wiharta\app\Controllers\potong\Item.php(32): CodeIgniter\BaseModel->findAll()
#7 C:\xampp\htdocs\wiharta\system\CodeIgniter.php(927): App\Controllers\potong\Item->Index()
#8 C:\xampp\htdocs\wiharta\system\CodeIgniter.php(482): CodeIgniter\CodeIgniter->runController(Object(App\Controllers\potong\Item))
#9 C:\xampp\htdocs\wiharta\system\CodeIgniter.php(351): CodeIgniter\CodeIgniter->handleRequest(NULL, Object(Config\Cache), false)
#10 C:\xampp\htdocs\wiharta\public\index.php(67): CodeIgniter\CodeIgniter->run()
#11 {main}

Next CodeIgniter\Database\Exceptions\DatabaseException: Too many connections in C:\xampp\htdocs\wiharta\system\Database\MySQLi\Connection.php:215
Stack trace:
#0 C:\xampp\htdocs\wiharta\system\Database\BaseConnection.php(382): CodeIgniter\Database\MySQLi\Connection->connect(false)
#1 C:\xampp\htdocs\wiharta\system\Database\BaseConnection.php(561): CodeIgniter\Database\BaseConnection->initialize()
#2 C:\xampp\htdocs\wiharta\system\Database\BaseBuilder.php(1585): CodeIgniter\Database\BaseConnection->query('SELECT *\nFROM `...', Array, false)
#3 C:\xampp\htdocs\wiharta\system\Model.php(223): CodeIgniter\Database\BaseBuilder->get()
#4 C:\xampp\htdocs\wiharta\system\BaseModel.php(585): CodeIgniter\Model->doFindAll(0, 0)
#5 C:\xampp\htdocs\wiharta\app\Controllers\potong\Item.php(32): CodeIgniter\BaseModel->findAll()
#6 C:\xampp\htdocs\wiharta\system\CodeIgniter.php(927): App\Controllers\potong\Item->Index()
#7 C:\xampp\htdocs\wiharta\system\CodeIgniter.php(482): CodeIgniter\CodeIgniter->runController(Object(App\Controllers\potong\Item))
#8 C:\xampp\htdocs\wiharta\system\CodeIgniter.php(351): CodeIgniter\CodeIgniter->handleRequest(NULL, Object(Config\Cache), false)
#9 C:\xampp\htdocs\wiharta\public\index.php(67): CodeIgniter\CodeIgniter->run()
#10 {main}
CRITICAL - 2024-07-10 13:34:11 --> Unable to connect to the database.
Main connection [MySQLi]: Too many connections
in SYSTEMPATH\Database\BaseConnection.php on line 418.
 1 SYSTEMPATH\Database\BaseConnection.php(561): CodeIgniter\Database\BaseConnection->initialize()
 2 SYSTEMPATH\Database\BaseBuilder.php(1585): CodeIgniter\Database\BaseConnection->query('SELECT *
FROM `potong_mtipe_new`', [], false)
 3 SYSTEMPATH\Model.php(223): CodeIgniter\Database\BaseBuilder->get()
 4 SYSTEMPATH\BaseModel.php(585): CodeIgniter\Model->doFindAll(0, 0)
 5 APPPATH\Controllers\potong\Item.php(32): CodeIgniter\BaseModel->findAll()
 6 SYSTEMPATH\CodeIgniter.php(927): App\Controllers\potong\Item->Index()
 7 SYSTEMPATH\CodeIgniter.php(482): CodeIgniter\CodeIgniter->runController(Object(App\Controllers\potong\Item))
 8 SYSTEMPATH\CodeIgniter.php(351): CodeIgniter\CodeIgniter->handleRequest(null, Object(Config\Cache), false)
 9 FCPATH\index.php(67): CodeIgniter\CodeIgniter->run()
ERROR - 2024-07-10 13:34:13 --> Error connecting to the database: mysqli_sql_exception: Too many connections in C:\xampp\htdocs\wiharta\system\Database\MySQLi\Connection.php:171
Stack trace:
#0 C:\xampp\htdocs\wiharta\system\Database\MySQLi\Connection.php(171): mysqli->real_connect('154.100.100.3', 'root', '', 'mps_mrp', 3306, '', 0)
#1 C:\xampp\htdocs\wiharta\system\Database\BaseConnection.php(382): CodeIgniter\Database\MySQLi\Connection->connect(false)
#2 C:\xampp\htdocs\wiharta\system\Database\BaseConnection.php(561): CodeIgniter\Database\BaseConnection->initialize()
#3 C:\xampp\htdocs\wiharta\system\Database\BaseBuilder.php(1585): CodeIgniter\Database\BaseConnection->query('SELECT *\nFROM `...', Array, false)
#4 C:\xampp\htdocs\wiharta\system\Model.php(223): CodeIgniter\Database\BaseBuilder->get()
#5 C:\xampp\htdocs\wiharta\system\BaseModel.php(585): CodeIgniter\Model->doFindAll(0, 0)
#6 C:\xampp\htdocs\wiharta\app\Controllers\potong\Item.php(32): CodeIgniter\BaseModel->findAll()
#7 C:\xampp\htdocs\wiharta\system\CodeIgniter.php(927): App\Controllers\potong\Item->Index()
#8 C:\xampp\htdocs\wiharta\system\CodeIgniter.php(482): CodeIgniter\CodeIgniter->runController(Object(App\Controllers\potong\Item))
#9 C:\xampp\htdocs\wiharta\system\CodeIgniter.php(351): CodeIgniter\CodeIgniter->handleRequest(NULL, Object(Config\Cache), false)
#10 C:\xampp\htdocs\wiharta\public\index.php(67): CodeIgniter\CodeIgniter->run()
#11 {main}

Next CodeIgniter\Database\Exceptions\DatabaseException: Too many connections in C:\xampp\htdocs\wiharta\system\Database\MySQLi\Connection.php:215
Stack trace:
#0 C:\xampp\htdocs\wiharta\system\Database\BaseConnection.php(382): CodeIgniter\Database\MySQLi\Connection->connect(false)
#1 C:\xampp\htdocs\wiharta\system\Database\BaseConnection.php(561): CodeIgniter\Database\BaseConnection->initialize()
#2 C:\xampp\htdocs\wiharta\system\Database\BaseBuilder.php(1585): CodeIgniter\Database\BaseConnection->query('SELECT *\nFROM `...', Array, false)
#3 C:\xampp\htdocs\wiharta\system\Model.php(223): CodeIgniter\Database\BaseBuilder->get()
#4 C:\xampp\htdocs\wiharta\system\BaseModel.php(585): CodeIgniter\Model->doFindAll(0, 0)
#5 C:\xampp\htdocs\wiharta\app\Controllers\potong\Item.php(32): CodeIgniter\BaseModel->findAll()
#6 C:\xampp\htdocs\wiharta\system\CodeIgniter.php(927): App\Controllers\potong\Item->Index()
#7 C:\xampp\htdocs\wiharta\system\CodeIgniter.php(482): CodeIgniter\CodeIgniter->runController(Object(App\Controllers\potong\Item))
#8 C:\xampp\htdocs\wiharta\system\CodeIgniter.php(351): CodeIgniter\CodeIgniter->handleRequest(NULL, Object(Config\Cache), false)
#9 C:\xampp\htdocs\wiharta\public\index.php(67): CodeIgniter\CodeIgniter->run()
#10 {main}
CRITICAL - 2024-07-10 13:34:13 --> Unable to connect to the database.
Main connection [MySQLi]: Too many connections
in SYSTEMPATH\Database\BaseConnection.php on line 418.
 1 SYSTEMPATH\Database\BaseConnection.php(561): CodeIgniter\Database\BaseConnection->initialize()
 2 SYSTEMPATH\Database\BaseBuilder.php(1585): CodeIgniter\Database\BaseConnection->query('SELECT *
FROM `potong_mtipe_new`', [], false)
 3 SYSTEMPATH\Model.php(223): CodeIgniter\Database\BaseBuilder->get()
 4 SYSTEMPATH\BaseModel.php(585): CodeIgniter\Model->doFindAll(0, 0)
 5 APPPATH\Controllers\potong\Item.php(32): CodeIgniter\BaseModel->findAll()
 6 SYSTEMPATH\CodeIgniter.php(927): App\Controllers\potong\Item->Index()
 7 SYSTEMPATH\CodeIgniter.php(482): CodeIgniter\CodeIgniter->runController(Object(App\Controllers\potong\Item))
 8 SYSTEMPATH\CodeIgniter.php(351): CodeIgniter\CodeIgniter->handleRequest(null, Object(Config\Cache), false)
 9 FCPATH\index.php(67): CodeIgniter\CodeIgniter->run()
ERROR - 2024-07-10 13:34:13 --> Error connecting to the database: mysqli_sql_exception: Too many connections in C:\xampp\htdocs\wiharta\system\Database\MySQLi\Connection.php:171
Stack trace:
#0 C:\xampp\htdocs\wiharta\system\Database\MySQLi\Connection.php(171): mysqli->real_connect('154.100.100.3', 'root', '', 'mps_mrp', 3306, '', 0)
#1 C:\xampp\htdocs\wiharta\system\Database\BaseConnection.php(382): CodeIgniter\Database\MySQLi\Connection->connect(false)
#2 C:\xampp\htdocs\wiharta\system\Database\BaseConnection.php(561): CodeIgniter\Database\BaseConnection->initialize()
#3 C:\xampp\htdocs\wiharta\system\Database\BaseBuilder.php(1585): CodeIgniter\Database\BaseConnection->query('SELECT *\nFROM `...', Array, false)
#4 C:\xampp\htdocs\wiharta\system\Model.php(223): CodeIgniter\Database\BaseBuilder->get()
#5 C:\xampp\htdocs\wiharta\system\BaseModel.php(585): CodeIgniter\Model->doFindAll(0, 0)
#6 C:\xampp\htdocs\wiharta\app\Controllers\potong\Item.php(32): CodeIgniter\BaseModel->findAll()
#7 C:\xampp\htdocs\wiharta\system\CodeIgniter.php(927): App\Controllers\potong\Item->Index()
#8 C:\xampp\htdocs\wiharta\system\CodeIgniter.php(482): CodeIgniter\CodeIgniter->runController(Object(App\Controllers\potong\Item))
#9 C:\xampp\htdocs\wiharta\system\CodeIgniter.php(351): CodeIgniter\CodeIgniter->handleRequest(NULL, Object(Config\Cache), false)
#10 C:\xampp\htdocs\wiharta\public\index.php(67): CodeIgniter\CodeIgniter->run()
#11 {main}

Next CodeIgniter\Database\Exceptions\DatabaseException: Too many connections in C:\xampp\htdocs\wiharta\system\Database\MySQLi\Connection.php:215
Stack trace:
#0 C:\xampp\htdocs\wiharta\system\Database\BaseConnection.php(382): CodeIgniter\Database\MySQLi\Connection->connect(false)
#1 C:\xampp\htdocs\wiharta\system\Database\BaseConnection.php(561): CodeIgniter\Database\BaseConnection->initialize()
#2 C:\xampp\htdocs\wiharta\system\Database\BaseBuilder.php(1585): CodeIgniter\Database\BaseConnection->query('SELECT *\nFROM `...', Array, false)
#3 C:\xampp\htdocs\wiharta\system\Model.php(223): CodeIgniter\Database\BaseBuilder->get()
#4 C:\xampp\htdocs\wiharta\system\BaseModel.php(585): CodeIgniter\Model->doFindAll(0, 0)
#5 C:\xampp\htdocs\wiharta\app\Controllers\potong\Item.php(32): CodeIgniter\BaseModel->findAll()
#6 C:\xampp\htdocs\wiharta\system\CodeIgniter.php(927): App\Controllers\potong\Item->Index()
#7 C:\xampp\htdocs\wiharta\system\CodeIgniter.php(482): CodeIgniter\CodeIgniter->runController(Object(App\Controllers\potong\Item))
#8 C:\xampp\htdocs\wiharta\system\CodeIgniter.php(351): CodeIgniter\CodeIgniter->handleRequest(NULL, Object(Config\Cache), false)
#9 C:\xampp\htdocs\wiharta\public\index.php(67): CodeIgniter\CodeIgniter->run()
#10 {main}
CRITICAL - 2024-07-10 13:34:13 --> Unable to connect to the database.
Main connection [MySQLi]: Too many connections
in SYSTEMPATH\Database\BaseConnection.php on line 418.
 1 SYSTEMPATH\Database\BaseConnection.php(561): CodeIgniter\Database\BaseConnection->initialize()
 2 SYSTEMPATH\Database\BaseBuilder.php(1585): CodeIgniter\Database\BaseConnection->query('SELECT *
FROM `potong_mtipe_new`', [], false)
 3 SYSTEMPATH\Model.php(223): CodeIgniter\Database\BaseBuilder->get()
 4 SYSTEMPATH\BaseModel.php(585): CodeIgniter\Model->doFindAll(0, 0)
 5 APPPATH\Controllers\potong\Item.php(32): CodeIgniter\BaseModel->findAll()
 6 SYSTEMPATH\CodeIgniter.php(927): App\Controllers\potong\Item->Index()
 7 SYSTEMPATH\CodeIgniter.php(482): CodeIgniter\CodeIgniter->runController(Object(App\Controllers\potong\Item))
 8 SYSTEMPATH\CodeIgniter.php(351): CodeIgniter\CodeIgniter->handleRequest(null, Object(Config\Cache), false)
 9 FCPATH\index.php(67): CodeIgniter\CodeIgniter->run()
ERROR - 2024-07-10 13:34:14 --> Error connecting to the database: mysqli_sql_exception: Too many connections in C:\xampp\htdocs\wiharta\system\Database\MySQLi\Connection.php:171
Stack trace:
#0 C:\xampp\htdocs\wiharta\system\Database\MySQLi\Connection.php(171): mysqli->real_connect('154.100.100.3', 'root', '', 'mps_mrp', 3306, '', 0)
#1 C:\xampp\htdocs\wiharta\system\Database\BaseConnection.php(382): CodeIgniter\Database\MySQLi\Connection->connect(false)
#2 C:\xampp\htdocs\wiharta\system\Database\BaseConnection.php(561): CodeIgniter\Database\BaseConnection->initialize()
#3 C:\xampp\htdocs\wiharta\system\Database\BaseBuilder.php(1585): CodeIgniter\Database\BaseConnection->query('SELECT *\nFROM `...', Array, false)
#4 C:\xampp\htdocs\wiharta\system\Model.php(223): CodeIgniter\Database\BaseBuilder->get()
#5 C:\xampp\htdocs\wiharta\system\BaseModel.php(585): CodeIgniter\Model->doFindAll(0, 0)
#6 C:\xampp\htdocs\wiharta\app\Controllers\potong\Item.php(32): CodeIgniter\BaseModel->findAll()
#7 C:\xampp\htdocs\wiharta\system\CodeIgniter.php(927): App\Controllers\potong\Item->Index()
#8 C:\xampp\htdocs\wiharta\system\CodeIgniter.php(482): CodeIgniter\CodeIgniter->runController(Object(App\Controllers\potong\Item))
#9 C:\xampp\htdocs\wiharta\system\CodeIgniter.php(351): CodeIgniter\CodeIgniter->handleRequest(NULL, Object(Config\Cache), false)
#10 C:\xampp\htdocs\wiharta\public\index.php(67): CodeIgniter\CodeIgniter->run()
#11 {main}

Next CodeIgniter\Database\Exceptions\DatabaseException: Too many connections in C:\xampp\htdocs\wiharta\system\Database\MySQLi\Connection.php:215
Stack trace:
#0 C:\xampp\htdocs\wiharta\system\Database\BaseConnection.php(382): CodeIgniter\Database\MySQLi\Connection->connect(false)
#1 C:\xampp\htdocs\wiharta\system\Database\BaseConnection.php(561): CodeIgniter\Database\BaseConnection->initialize()
#2 C:\xampp\htdocs\wiharta\system\Database\BaseBuilder.php(1585): CodeIgniter\Database\BaseConnection->query('SELECT *\nFROM `...', Array, false)
#3 C:\xampp\htdocs\wiharta\system\Model.php(223): CodeIgniter\Database\BaseBuilder->get()
#4 C:\xampp\htdocs\wiharta\system\BaseModel.php(585): CodeIgniter\Model->doFindAll(0, 0)
#5 C:\xampp\htdocs\wiharta\app\Controllers\potong\Item.php(32): CodeIgniter\BaseModel->findAll()
#6 C:\xampp\htdocs\wiharta\system\CodeIgniter.php(927): App\Controllers\potong\Item->Index()
#7 C:\xampp\htdocs\wiharta\system\CodeIgniter.php(482): CodeIgniter\CodeIgniter->runController(Object(App\Controllers\potong\Item))
#8 C:\xampp\htdocs\wiharta\system\CodeIgniter.php(351): CodeIgniter\CodeIgniter->handleRequest(NULL, Object(Config\Cache), false)
#9 C:\xampp\htdocs\wiharta\public\index.php(67): CodeIgniter\CodeIgniter->run()
#10 {main}
CRITICAL - 2024-07-10 13:34:14 --> Unable to connect to the database.
Main connection [MySQLi]: Too many connections
in SYSTEMPATH\Database\BaseConnection.php on line 418.
 1 SYSTEMPATH\Database\BaseConnection.php(561): CodeIgniter\Database\BaseConnection->initialize()
 2 SYSTEMPATH\Database\BaseBuilder.php(1585): CodeIgniter\Database\BaseConnection->query('SELECT *
FROM `potong_mtipe_new`', [], false)
 3 SYSTEMPATH\Model.php(223): CodeIgniter\Database\BaseBuilder->get()
 4 SYSTEMPATH\BaseModel.php(585): CodeIgniter\Model->doFindAll(0, 0)
 5 APPPATH\Controllers\potong\Item.php(32): CodeIgniter\BaseModel->findAll()
 6 SYSTEMPATH\CodeIgniter.php(927): App\Controllers\potong\Item->Index()
 7 SYSTEMPATH\CodeIgniter.php(482): CodeIgniter\CodeIgniter->runController(Object(App\Controllers\potong\Item))
 8 SYSTEMPATH\CodeIgniter.php(351): CodeIgniter\CodeIgniter->handleRequest(null, Object(Config\Cache), false)
 9 FCPATH\index.php(67): CodeIgniter\CodeIgniter->run()
ERROR - 2024-07-10 13:34:14 --> Error connecting to the database: mysqli_sql_exception: Too many connections in C:\xampp\htdocs\wiharta\system\Database\MySQLi\Connection.php:171
Stack trace:
#0 C:\xampp\htdocs\wiharta\system\Database\MySQLi\Connection.php(171): mysqli->real_connect('154.100.100.3', 'root', '', 'mps_mrp', 3306, '', 0)
#1 C:\xampp\htdocs\wiharta\system\Database\BaseConnection.php(382): CodeIgniter\Database\MySQLi\Connection->connect(false)
#2 C:\xampp\htdocs\wiharta\system\Database\BaseConnection.php(561): CodeIgniter\Database\BaseConnection->initialize()
#3 C:\xampp\htdocs\wiharta\system\Database\BaseBuilder.php(1585): CodeIgniter\Database\BaseConnection->query('SELECT *\nFROM `...', Array, false)
#4 C:\xampp\htdocs\wiharta\system\Model.php(223): CodeIgniter\Database\BaseBuilder->get()
#5 C:\xampp\htdocs\wiharta\system\BaseModel.php(585): CodeIgniter\Model->doFindAll(0, 0)
#6 C:\xampp\htdocs\wiharta\app\Controllers\potong\Item.php(32): CodeIgniter\BaseModel->findAll()
#7 C:\xampp\htdocs\wiharta\system\CodeIgniter.php(927): App\Controllers\potong\Item->Index()
#8 C:\xampp\htdocs\wiharta\system\CodeIgniter.php(482): CodeIgniter\CodeIgniter->runController(Object(App\Controllers\potong\Item))
#9 C:\xampp\htdocs\wiharta\system\CodeIgniter.php(351): CodeIgniter\CodeIgniter->handleRequest(NULL, Object(Config\Cache), false)
#10 C:\xampp\htdocs\wiharta\public\index.php(67): CodeIgniter\CodeIgniter->run()
#11 {main}

Next CodeIgniter\Database\Exceptions\DatabaseException: Too many connections in C:\xampp\htdocs\wiharta\system\Database\MySQLi\Connection.php:215
Stack trace:
#0 C:\xampp\htdocs\wiharta\system\Database\BaseConnection.php(382): CodeIgniter\Database\MySQLi\Connection->connect(false)
#1 C:\xampp\htdocs\wiharta\system\Database\BaseConnection.php(561): CodeIgniter\Database\BaseConnection->initialize()
#2 C:\xampp\htdocs\wiharta\system\Database\BaseBuilder.php(1585): CodeIgniter\Database\BaseConnection->query('SELECT *\nFROM `...', Array, false)
#3 C:\xampp\htdocs\wiharta\system\Model.php(223): CodeIgniter\Database\BaseBuilder->get()
#4 C:\xampp\htdocs\wiharta\system\BaseModel.php(585): CodeIgniter\Model->doFindAll(0, 0)
#5 C:\xampp\htdocs\wiharta\app\Controllers\potong\Item.php(32): CodeIgniter\BaseModel->findAll()
#6 C:\xampp\htdocs\wiharta\system\CodeIgniter.php(927): App\Controllers\potong\Item->Index()
#7 C:\xampp\htdocs\wiharta\system\CodeIgniter.php(482): CodeIgniter\CodeIgniter->runController(Object(App\Controllers\potong\Item))
#8 C:\xampp\htdocs\wiharta\system\CodeIgniter.php(351): CodeIgniter\CodeIgniter->handleRequest(NULL, Object(Config\Cache), false)
#9 C:\xampp\htdocs\wiharta\public\index.php(67): CodeIgniter\CodeIgniter->run()
#10 {main}
CRITICAL - 2024-07-10 13:34:14 --> Unable to connect to the database.
Main connection [MySQLi]: Too many connections
in SYSTEMPATH\Database\BaseConnection.php on line 418.
 1 SYSTEMPATH\Database\BaseConnection.php(561): CodeIgniter\Database\BaseConnection->initialize()
 2 SYSTEMPATH\Database\BaseBuilder.php(1585): CodeIgniter\Database\BaseConnection->query('SELECT *
FROM `potong_mtipe_new`', [], false)
 3 SYSTEMPATH\Model.php(223): CodeIgniter\Database\BaseBuilder->get()
 4 SYSTEMPATH\BaseModel.php(585): CodeIgniter\Model->doFindAll(0, 0)
 5 APPPATH\Controllers\potong\Item.php(32): CodeIgniter\BaseModel->findAll()
 6 SYSTEMPATH\CodeIgniter.php(927): App\Controllers\potong\Item->Index()
 7 SYSTEMPATH\CodeIgniter.php(482): CodeIgniter\CodeIgniter->runController(Object(App\Controllers\potong\Item))
 8 SYSTEMPATH\CodeIgniter.php(351): CodeIgniter\CodeIgniter->handleRequest(null, Object(Config\Cache), false)
 9 FCPATH\index.php(67): CodeIgniter\CodeIgniter->run()
ERROR - 2024-07-10 13:34:15 --> Error connecting to the database: mysqli_sql_exception: Too many connections in C:\xampp\htdocs\wiharta\system\Database\MySQLi\Connection.php:171
Stack trace:
#0 C:\xampp\htdocs\wiharta\system\Database\MySQLi\Connection.php(171): mysqli->real_connect('154.100.100.3', 'root', '', 'mps_mrp', 3306, '', 0)
#1 C:\xampp\htdocs\wiharta\system\Database\BaseConnection.php(382): CodeIgniter\Database\MySQLi\Connection->connect(false)
#2 C:\xampp\htdocs\wiharta\system\Database\BaseConnection.php(561): CodeIgniter\Database\BaseConnection->initialize()
#3 C:\xampp\htdocs\wiharta\system\Database\BaseBuilder.php(1585): CodeIgniter\Database\BaseConnection->query('SELECT *\nFROM `...', Array, false)
#4 C:\xampp\htdocs\wiharta\system\Model.php(223): CodeIgniter\Database\BaseBuilder->get()
#5 C:\xampp\htdocs\wiharta\system\BaseModel.php(585): CodeIgniter\Model->doFindAll(0, 0)
#6 C:\xampp\htdocs\wiharta\app\Controllers\potong\Item.php(32): CodeIgniter\BaseModel->findAll()
#7 C:\xampp\htdocs\wiharta\system\CodeIgniter.php(927): App\Controllers\potong\Item->Index()
#8 C:\xampp\htdocs\wiharta\system\CodeIgniter.php(482): CodeIgniter\CodeIgniter->runController(Object(App\Controllers\potong\Item))
#9 C:\xampp\htdocs\wiharta\system\CodeIgniter.php(351): CodeIgniter\CodeIgniter->handleRequest(NULL, Object(Config\Cache), false)
#10 C:\xampp\htdocs\wiharta\public\index.php(67): CodeIgniter\CodeIgniter->run()
#11 {main}

Next CodeIgniter\Database\Exceptions\DatabaseException: Too many connections in C:\xampp\htdocs\wiharta\system\Database\MySQLi\Connection.php:215
Stack trace:
#0 C:\xampp\htdocs\wiharta\system\Database\BaseConnection.php(382): CodeIgniter\Database\MySQLi\Connection->connect(false)
#1 C:\xampp\htdocs\wiharta\system\Database\BaseConnection.php(561): CodeIgniter\Database\BaseConnection->initialize()
#2 C:\xampp\htdocs\wiharta\system\Database\BaseBuilder.php(1585): CodeIgniter\Database\BaseConnection->query('SELECT *\nFROM `...', Array, false)
#3 C:\xampp\htdocs\wiharta\system\Model.php(223): CodeIgniter\Database\BaseBuilder->get()
#4 C:\xampp\htdocs\wiharta\system\BaseModel.php(585): CodeIgniter\Model->doFindAll(0, 0)
#5 C:\xampp\htdocs\wiharta\app\Controllers\potong\Item.php(32): CodeIgniter\BaseModel->findAll()
#6 C:\xampp\htdocs\wiharta\system\CodeIgniter.php(927): App\Controllers\potong\Item->Index()
#7 C:\xampp\htdocs\wiharta\system\CodeIgniter.php(482): CodeIgniter\CodeIgniter->runController(Object(App\Controllers\potong\Item))
#8 C:\xampp\htdocs\wiharta\system\CodeIgniter.php(351): CodeIgniter\CodeIgniter->handleRequest(NULL, Object(Config\Cache), false)
#9 C:\xampp\htdocs\wiharta\public\index.php(67): CodeIgniter\CodeIgniter->run()
#10 {main}
CRITICAL - 2024-07-10 13:34:15 --> Unable to connect to the database.
Main connection [MySQLi]: Too many connections
in SYSTEMPATH\Database\BaseConnection.php on line 418.
 1 SYSTEMPATH\Database\BaseConnection.php(561): CodeIgniter\Database\BaseConnection->initialize()
 2 SYSTEMPATH\Database\BaseBuilder.php(1585): CodeIgniter\Database\BaseConnection->query('SELECT *
FROM `potong_mtipe_new`', [], false)
 3 SYSTEMPATH\Model.php(223): CodeIgniter\Database\BaseBuilder->get()
 4 SYSTEMPATH\BaseModel.php(585): CodeIgniter\Model->doFindAll(0, 0)
 5 APPPATH\Controllers\potong\Item.php(32): CodeIgniter\BaseModel->findAll()
 6 SYSTEMPATH\CodeIgniter.php(927): App\Controllers\potong\Item->Index()
 7 SYSTEMPATH\CodeIgniter.php(482): CodeIgniter\CodeIgniter->runController(Object(App\Controllers\potong\Item))
 8 SYSTEMPATH\CodeIgniter.php(351): CodeIgniter\CodeIgniter->handleRequest(null, Object(Config\Cache), false)
 9 FCPATH\index.php(67): CodeIgniter\CodeIgniter->run()
ERROR - 2024-07-10 13:34:16 --> Error connecting to the database: mysqli_sql_exception: Too many connections in C:\xampp\htdocs\wiharta\system\Database\MySQLi\Connection.php:171
Stack trace:
#0 C:\xampp\htdocs\wiharta\system\Database\MySQLi\Connection.php(171): mysqli->real_connect('154.100.100.3', 'root', '', 'mps_mrp', 3306, '', 0)
#1 C:\xampp\htdocs\wiharta\system\Database\BaseConnection.php(382): CodeIgniter\Database\MySQLi\Connection->connect(false)
#2 C:\xampp\htdocs\wiharta\system\Database\BaseConnection.php(561): CodeIgniter\Database\BaseConnection->initialize()
#3 C:\xampp\htdocs\wiharta\system\Database\BaseBuilder.php(1585): CodeIgniter\Database\BaseConnection->query('SELECT *\nFROM `...', Array, false)
#4 C:\xampp\htdocs\wiharta\system\Model.php(223): CodeIgniter\Database\BaseBuilder->get()
#5 C:\xampp\htdocs\wiharta\system\BaseModel.php(585): CodeIgniter\Model->doFindAll(0, 0)
#6 C:\xampp\htdocs\wiharta\app\Controllers\potong\Item.php(32): CodeIgniter\BaseModel->findAll()
#7 C:\xampp\htdocs\wiharta\system\CodeIgniter.php(927): App\Controllers\potong\Item->Index()
#8 C:\xampp\htdocs\wiharta\system\CodeIgniter.php(482): CodeIgniter\CodeIgniter->runController(Object(App\Controllers\potong\Item))
#9 C:\xampp\htdocs\wiharta\system\CodeIgniter.php(351): CodeIgniter\CodeIgniter->handleRequest(NULL, Object(Config\Cache), false)
#10 C:\xampp\htdocs\wiharta\public\index.php(67): CodeIgniter\CodeIgniter->run()
#11 {main}

Next CodeIgniter\Database\Exceptions\DatabaseException: Too many connections in C:\xampp\htdocs\wiharta\system\Database\MySQLi\Connection.php:215
Stack trace:
#0 C:\xampp\htdocs\wiharta\system\Database\BaseConnection.php(382): CodeIgniter\Database\MySQLi\Connection->connect(false)
#1 C:\xampp\htdocs\wiharta\system\Database\BaseConnection.php(561): CodeIgniter\Database\BaseConnection->initialize()
#2 C:\xampp\htdocs\wiharta\system\Database\BaseBuilder.php(1585): CodeIgniter\Database\BaseConnection->query('SELECT *\nFROM `...', Array, false)
#3 C:\xampp\htdocs\wiharta\system\Model.php(223): CodeIgniter\Database\BaseBuilder->get()
#4 C:\xampp\htdocs\wiharta\system\BaseModel.php(585): CodeIgniter\Model->doFindAll(0, 0)
#5 C:\xampp\htdocs\wiharta\app\Controllers\potong\Item.php(32): CodeIgniter\BaseModel->findAll()
#6 C:\xampp\htdocs\wiharta\system\CodeIgniter.php(927): App\Controllers\potong\Item->Index()
#7 C:\xampp\htdocs\wiharta\system\CodeIgniter.php(482): CodeIgniter\CodeIgniter->runController(Object(App\Controllers\potong\Item))
#8 C:\xampp\htdocs\wiharta\system\CodeIgniter.php(351): CodeIgniter\CodeIgniter->handleRequest(NULL, Object(Config\Cache), false)
#9 C:\xampp\htdocs\wiharta\public\index.php(67): CodeIgniter\CodeIgniter->run()
#10 {main}
CRITICAL - 2024-07-10 13:34:16 --> Unable to connect to the database.
Main connection [MySQLi]: Too many connections
in SYSTEMPATH\Database\BaseConnection.php on line 418.
 1 SYSTEMPATH\Database\BaseConnection.php(561): CodeIgniter\Database\BaseConnection->initialize()
 2 SYSTEMPATH\Database\BaseBuilder.php(1585): CodeIgniter\Database\BaseConnection->query('SELECT *
FROM `potong_mtipe_new`', [], false)
 3 SYSTEMPATH\Model.php(223): CodeIgniter\Database\BaseBuilder->get()
 4 SYSTEMPATH\BaseModel.php(585): CodeIgniter\Model->doFindAll(0, 0)
 5 APPPATH\Controllers\potong\Item.php(32): CodeIgniter\BaseModel->findAll()
 6 SYSTEMPATH\CodeIgniter.php(927): App\Controllers\potong\Item->Index()
 7 SYSTEMPATH\CodeIgniter.php(482): CodeIgniter\CodeIgniter->runController(Object(App\Controllers\potong\Item))
 8 SYSTEMPATH\CodeIgniter.php(351): CodeIgniter\CodeIgniter->handleRequest(null, Object(Config\Cache), false)
 9 FCPATH\index.php(67): CodeIgniter\CodeIgniter->run()
ERROR - 2024-07-10 13:34:22 --> Error connecting to the database: mysqli_sql_exception: Too many connections in C:\xampp\htdocs\wiharta\system\Database\MySQLi\Connection.php:171
Stack trace:
#0 C:\xampp\htdocs\wiharta\system\Database\MySQLi\Connection.php(171): mysqli->real_connect('154.100.100.3', 'root', '', 'mps_mrp', 3306, '', 0)
#1 C:\xampp\htdocs\wiharta\system\Database\BaseConnection.php(382): CodeIgniter\Database\MySQLi\Connection->connect(false)
#2 C:\xampp\htdocs\wiharta\system\Database\BaseConnection.php(561): CodeIgniter\Database\BaseConnection->initialize()
#3 C:\xampp\htdocs\wiharta\system\Database\BaseBuilder.php(1585): CodeIgniter\Database\BaseConnection->query('SELECT *\nFROM `...', Array, false)
#4 C:\xampp\htdocs\wiharta\system\Model.php(223): CodeIgniter\Database\BaseBuilder->get()
#5 C:\xampp\htdocs\wiharta\system\BaseModel.php(585): CodeIgniter\Model->doFindAll(0, 0)
#6 C:\xampp\htdocs\wiharta\app\Controllers\potong\Item.php(32): CodeIgniter\BaseModel->findAll()
#7 C:\xampp\htdocs\wiharta\system\CodeIgniter.php(927): App\Controllers\potong\Item->Index()
#8 C:\xampp\htdocs\wiharta\system\CodeIgniter.php(482): CodeIgniter\CodeIgniter->runController(Object(App\Controllers\potong\Item))
#9 C:\xampp\htdocs\wiharta\system\CodeIgniter.php(351): CodeIgniter\CodeIgniter->handleRequest(NULL, Object(Config\Cache), false)
#10 C:\xampp\htdocs\wiharta\public\index.php(67): CodeIgniter\CodeIgniter->run()
#11 {main}

Next CodeIgniter\Database\Exceptions\DatabaseException: Too many connections in C:\xampp\htdocs\wiharta\system\Database\MySQLi\Connection.php:215
Stack trace:
#0 C:\xampp\htdocs\wiharta\system\Database\BaseConnection.php(382): CodeIgniter\Database\MySQLi\Connection->connect(false)
#1 C:\xampp\htdocs\wiharta\system\Database\BaseConnection.php(561): CodeIgniter\Database\BaseConnection->initialize()
#2 C:\xampp\htdocs\wiharta\system\Database\BaseBuilder.php(1585): CodeIgniter\Database\BaseConnection->query('SELECT *\nFROM `...', Array, false)
#3 C:\xampp\htdocs\wiharta\system\Model.php(223): CodeIgniter\Database\BaseBuilder->get()
#4 C:\xampp\htdocs\wiharta\system\BaseModel.php(585): CodeIgniter\Model->doFindAll(0, 0)
#5 C:\xampp\htdocs\wiharta\app\Controllers\potong\Item.php(32): CodeIgniter\BaseModel->findAll()
#6 C:\xampp\htdocs\wiharta\system\CodeIgniter.php(927): App\Controllers\potong\Item->Index()
#7 C:\xampp\htdocs\wiharta\system\CodeIgniter.php(482): CodeIgniter\CodeIgniter->runController(Object(App\Controllers\potong\Item))
#8 C:\xampp\htdocs\wiharta\system\CodeIgniter.php(351): CodeIgniter\CodeIgniter->handleRequest(NULL, Object(Config\Cache), false)
#9 C:\xampp\htdocs\wiharta\public\index.php(67): CodeIgniter\CodeIgniter->run()
#10 {main}
CRITICAL - 2024-07-10 13:34:22 --> Unable to connect to the database.
Main connection [MySQLi]: Too many connections
in SYSTEMPATH\Database\BaseConnection.php on line 418.
 1 SYSTEMPATH\Database\BaseConnection.php(561): CodeIgniter\Database\BaseConnection->initialize()
 2 SYSTEMPATH\Database\BaseBuilder.php(1585): CodeIgniter\Database\BaseConnection->query('SELECT *
FROM `potong_mtipe_new`', [], false)
 3 SYSTEMPATH\Model.php(223): CodeIgniter\Database\BaseBuilder->get()
 4 SYSTEMPATH\BaseModel.php(585): CodeIgniter\Model->doFindAll(0, 0)
 5 APPPATH\Controllers\potong\Item.php(32): CodeIgniter\BaseModel->findAll()
 6 SYSTEMPATH\CodeIgniter.php(927): App\Controllers\potong\Item->Index()
 7 SYSTEMPATH\CodeIgniter.php(482): CodeIgniter\CodeIgniter->runController(Object(App\Controllers\potong\Item))
 8 SYSTEMPATH\CodeIgniter.php(351): CodeIgniter\CodeIgniter->handleRequest(null, Object(Config\Cache), false)
 9 FCPATH\index.php(67): CodeIgniter\CodeIgniter->run()
ERROR - 2024-07-10 13:34:23 --> Error connecting to the database: mysqli_sql_exception: Too many connections in C:\xampp\htdocs\wiharta\system\Database\MySQLi\Connection.php:171
Stack trace:
#0 C:\xampp\htdocs\wiharta\system\Database\MySQLi\Connection.php(171): mysqli->real_connect('154.100.100.3', 'root', '', 'mps_mrp', 3306, '', 0)
#1 C:\xampp\htdocs\wiharta\system\Database\BaseConnection.php(382): CodeIgniter\Database\MySQLi\Connection->connect(false)
#2 C:\xampp\htdocs\wiharta\system\Database\BaseConnection.php(561): CodeIgniter\Database\BaseConnection->initialize()
#3 C:\xampp\htdocs\wiharta\system\Database\BaseBuilder.php(1585): CodeIgniter\Database\BaseConnection->query('SELECT *\nFROM `...', Array, false)
#4 C:\xampp\htdocs\wiharta\system\Model.php(223): CodeIgniter\Database\BaseBuilder->get()
#5 C:\xampp\htdocs\wiharta\system\BaseModel.php(585): CodeIgniter\Model->doFindAll(0, 0)
#6 C:\xampp\htdocs\wiharta\app\Controllers\potong\Item.php(32): CodeIgniter\BaseModel->findAll()
#7 C:\xampp\htdocs\wiharta\system\CodeIgniter.php(927): App\Controllers\potong\Item->Index()
#8 C:\xampp\htdocs\wiharta\system\CodeIgniter.php(482): CodeIgniter\CodeIgniter->runController(Object(App\Controllers\potong\Item))
#9 C:\xampp\htdocs\wiharta\system\CodeIgniter.php(351): CodeIgniter\CodeIgniter->handleRequest(NULL, Object(Config\Cache), false)
#10 C:\xampp\htdocs\wiharta\public\index.php(67): CodeIgniter\CodeIgniter->run()
#11 {main}

Next CodeIgniter\Database\Exceptions\DatabaseException: Too many connections in C:\xampp\htdocs\wiharta\system\Database\MySQLi\Connection.php:215
Stack trace:
#0 C:\xampp\htdocs\wiharta\system\Database\BaseConnection.php(382): CodeIgniter\Database\MySQLi\Connection->connect(false)
#1 C:\xampp\htdocs\wiharta\system\Database\BaseConnection.php(561): CodeIgniter\Database\BaseConnection->initialize()
#2 C:\xampp\htdocs\wiharta\system\Database\BaseBuilder.php(1585): CodeIgniter\Database\BaseConnection->query('SELECT *\nFROM `...', Array, false)
#3 C:\xampp\htdocs\wiharta\system\Model.php(223): CodeIgniter\Database\BaseBuilder->get()
#4 C:\xampp\htdocs\wiharta\system\BaseModel.php(585): CodeIgniter\Model->doFindAll(0, 0)
#5 C:\xampp\htdocs\wiharta\app\Controllers\potong\Item.php(32): CodeIgniter\BaseModel->findAll()
#6 C:\xampp\htdocs\wiharta\system\CodeIgniter.php(927): App\Controllers\potong\Item->Index()
#7 C:\xampp\htdocs\wiharta\system\CodeIgniter.php(482): CodeIgniter\CodeIgniter->runController(Object(App\Controllers\potong\Item))
#8 C:\xampp\htdocs\wiharta\system\CodeIgniter.php(351): CodeIgniter\CodeIgniter->handleRequest(NULL, Object(Config\Cache), false)
#9 C:\xampp\htdocs\wiharta\public\index.php(67): CodeIgniter\CodeIgniter->run()
#10 {main}
CRITICAL - 2024-07-10 13:34:23 --> Unable to connect to the database.
Main connection [MySQLi]: Too many connections
in SYSTEMPATH\Database\BaseConnection.php on line 418.
 1 SYSTEMPATH\Database\BaseConnection.php(561): CodeIgniter\Database\BaseConnection->initialize()
 2 SYSTEMPATH\Database\BaseBuilder.php(1585): CodeIgniter\Database\BaseConnection->query('SELECT *
FROM `potong_mtipe_new`', [], false)
 3 SYSTEMPATH\Model.php(223): CodeIgniter\Database\BaseBuilder->get()
 4 SYSTEMPATH\BaseModel.php(585): CodeIgniter\Model->doFindAll(0, 0)
 5 APPPATH\Controllers\potong\Item.php(32): CodeIgniter\BaseModel->findAll()
 6 SYSTEMPATH\CodeIgniter.php(927): App\Controllers\potong\Item->Index()
 7 SYSTEMPATH\CodeIgniter.php(482): CodeIgniter\CodeIgniter->runController(Object(App\Controllers\potong\Item))
 8 SYSTEMPATH\CodeIgniter.php(351): CodeIgniter\CodeIgniter->handleRequest(null, Object(Config\Cache), false)
 9 FCPATH\index.php(67): CodeIgniter\CodeIgniter->run()
ERROR - 2024-07-10 13:34:24 --> Error connecting to the database: mysqli_sql_exception: Too many connections in C:\xampp\htdocs\wiharta\system\Database\MySQLi\Connection.php:171
Stack trace:
#0 C:\xampp\htdocs\wiharta\system\Database\MySQLi\Connection.php(171): mysqli->real_connect('154.100.100.3', 'root', '', 'mps_mrp', 3306, '', 0)
#1 C:\xampp\htdocs\wiharta\system\Database\BaseConnection.php(382): CodeIgniter\Database\MySQLi\Connection->connect(false)
#2 C:\xampp\htdocs\wiharta\system\Database\BaseConnection.php(561): CodeIgniter\Database\BaseConnection->initialize()
#3 C:\xampp\htdocs\wiharta\system\Database\BaseBuilder.php(1585): CodeIgniter\Database\BaseConnection->query('SELECT *\nFROM `...', Array, false)
#4 C:\xampp\htdocs\wiharta\system\Model.php(223): CodeIgniter\Database\BaseBuilder->get()
#5 C:\xampp\htdocs\wiharta\system\BaseModel.php(585): CodeIgniter\Model->doFindAll(0, 0)
#6 C:\xampp\htdocs\wiharta\app\Controllers\potong\Item.php(32): CodeIgniter\BaseModel->findAll()
#7 C:\xampp\htdocs\wiharta\system\CodeIgniter.php(927): App\Controllers\potong\Item->Index()
#8 C:\xampp\htdocs\wiharta\system\CodeIgniter.php(482): CodeIgniter\CodeIgniter->runController(Object(App\Controllers\potong\Item))
#9 C:\xampp\htdocs\wiharta\system\CodeIgniter.php(351): CodeIgniter\CodeIgniter->handleRequest(NULL, Object(Config\Cache), false)
#10 C:\xampp\htdocs\wiharta\public\index.php(67): CodeIgniter\CodeIgniter->run()
#11 {main}

Next CodeIgniter\Database\Exceptions\DatabaseException: Too many connections in C:\xampp\htdocs\wiharta\system\Database\MySQLi\Connection.php:215
Stack trace:
#0 C:\xampp\htdocs\wiharta\system\Database\BaseConnection.php(382): CodeIgniter\Database\MySQLi\Connection->connect(false)
#1 C:\xampp\htdocs\wiharta\system\Database\BaseConnection.php(561): CodeIgniter\Database\BaseConnection->initialize()
#2 C:\xampp\htdocs\wiharta\system\Database\BaseBuilder.php(1585): CodeIgniter\Database\BaseConnection->query('SELECT *\nFROM `...', Array, false)
#3 C:\xampp\htdocs\wiharta\system\Model.php(223): CodeIgniter\Database\BaseBuilder->get()
#4 C:\xampp\htdocs\wiharta\system\BaseModel.php(585): CodeIgniter\Model->doFindAll(0, 0)
#5 C:\xampp\htdocs\wiharta\app\Controllers\potong\Item.php(32): CodeIgniter\BaseModel->findAll()
#6 C:\xampp\htdocs\wiharta\system\CodeIgniter.php(927): App\Controllers\potong\Item->Index()
#7 C:\xampp\htdocs\wiharta\system\CodeIgniter.php(482): CodeIgniter\CodeIgniter->runController(Object(App\Controllers\potong\Item))
#8 C:\xampp\htdocs\wiharta\system\CodeIgniter.php(351): CodeIgniter\CodeIgniter->handleRequest(NULL, Object(Config\Cache), false)
#9 C:\xampp\htdocs\wiharta\public\index.php(67): CodeIgniter\CodeIgniter->run()
#10 {main}
CRITICAL - 2024-07-10 13:34:24 --> Unable to connect to the database.
Main connection [MySQLi]: Too many connections
in SYSTEMPATH\Database\BaseConnection.php on line 418.
 1 SYSTEMPATH\Database\BaseConnection.php(561): CodeIgniter\Database\BaseConnection->initialize()
 2 SYSTEMPATH\Database\BaseBuilder.php(1585): CodeIgniter\Database\BaseConnection->query('SELECT *
FROM `potong_mtipe_new`', [], false)
 3 SYSTEMPATH\Model.php(223): CodeIgniter\Database\BaseBuilder->get()
 4 SYSTEMPATH\BaseModel.php(585): CodeIgniter\Model->doFindAll(0, 0)
 5 APPPATH\Controllers\potong\Item.php(32): CodeIgniter\BaseModel->findAll()
 6 SYSTEMPATH\CodeIgniter.php(927): App\Controllers\potong\Item->Index()
 7 SYSTEMPATH\CodeIgniter.php(482): CodeIgniter\CodeIgniter->runController(Object(App\Controllers\potong\Item))
 8 SYSTEMPATH\CodeIgniter.php(351): CodeIgniter\CodeIgniter->handleRequest(null, Object(Config\Cache), false)
 9 FCPATH\index.php(67): CodeIgniter\CodeIgniter->run()
ERROR - 2024-07-10 13:34:25 --> Error connecting to the database: mysqli_sql_exception: Too many connections in C:\xampp\htdocs\wiharta\system\Database\MySQLi\Connection.php:171
Stack trace:
#0 C:\xampp\htdocs\wiharta\system\Database\MySQLi\Connection.php(171): mysqli->real_connect('154.100.100.3', 'root', '', 'mps_mrp', 3306, '', 0)
#1 C:\xampp\htdocs\wiharta\system\Database\BaseConnection.php(382): CodeIgniter\Database\MySQLi\Connection->connect(false)
#2 C:\xampp\htdocs\wiharta\system\Database\BaseConnection.php(561): CodeIgniter\Database\BaseConnection->initialize()
#3 C:\xampp\htdocs\wiharta\system\Database\BaseBuilder.php(1585): CodeIgniter\Database\BaseConnection->query('SELECT *\nFROM `...', Array, false)
#4 C:\xampp\htdocs\wiharta\system\Model.php(223): CodeIgniter\Database\BaseBuilder->get()
#5 C:\xampp\htdocs\wiharta\system\BaseModel.php(585): CodeIgniter\Model->doFindAll(0, 0)
#6 C:\xampp\htdocs\wiharta\app\Controllers\potong\Item.php(32): CodeIgniter\BaseModel->findAll()
#7 C:\xampp\htdocs\wiharta\system\CodeIgniter.php(927): App\Controllers\potong\Item->Index()
#8 C:\xampp\htdocs\wiharta\system\CodeIgniter.php(482): CodeIgniter\CodeIgniter->runController(Object(App\Controllers\potong\Item))
#9 C:\xampp\htdocs\wiharta\system\CodeIgniter.php(351): CodeIgniter\CodeIgniter->handleRequest(NULL, Object(Config\Cache), false)
#10 C:\xampp\htdocs\wiharta\public\index.php(67): CodeIgniter\CodeIgniter->run()
#11 {main}

Next CodeIgniter\Database\Exceptions\DatabaseException: Too many connections in C:\xampp\htdocs\wiharta\system\Database\MySQLi\Connection.php:215
Stack trace:
#0 C:\xampp\htdocs\wiharta\system\Database\BaseConnection.php(382): CodeIgniter\Database\MySQLi\Connection->connect(false)
#1 C:\xampp\htdocs\wiharta\system\Database\BaseConnection.php(561): CodeIgniter\Database\BaseConnection->initialize()
#2 C:\xampp\htdocs\wiharta\system\Database\BaseBuilder.php(1585): CodeIgniter\Database\BaseConnection->query('SELECT *\nFROM `...', Array, false)
#3 C:\xampp\htdocs\wiharta\system\Model.php(223): CodeIgniter\Database\BaseBuilder->get()
#4 C:\xampp\htdocs\wiharta\system\BaseModel.php(585): CodeIgniter\Model->doFindAll(0, 0)
#5 C:\xampp\htdocs\wiharta\app\Controllers\potong\Item.php(32): CodeIgniter\BaseModel->findAll()
#6 C:\xampp\htdocs\wiharta\system\CodeIgniter.php(927): App\Controllers\potong\Item->Index()
#7 C:\xampp\htdocs\wiharta\system\CodeIgniter.php(482): CodeIgniter\CodeIgniter->runController(Object(App\Controllers\potong\Item))
#8 C:\xampp\htdocs\wiharta\system\CodeIgniter.php(351): CodeIgniter\CodeIgniter->handleRequest(NULL, Object(Config\Cache), false)
#9 C:\xampp\htdocs\wiharta\public\index.php(67): CodeIgniter\CodeIgniter->run()
#10 {main}
CRITICAL - 2024-07-10 13:34:25 --> Unable to connect to the database.
Main connection [MySQLi]: Too many connections
in SYSTEMPATH\Database\BaseConnection.php on line 418.
 1 SYSTEMPATH\Database\BaseConnection.php(561): CodeIgniter\Database\BaseConnection->initialize()
 2 SYSTEMPATH\Database\BaseBuilder.php(1585): CodeIgniter\Database\BaseConnection->query('SELECT *
FROM `potong_mtipe_new`', [], false)
 3 SYSTEMPATH\Model.php(223): CodeIgniter\Database\BaseBuilder->get()
 4 SYSTEMPATH\BaseModel.php(585): CodeIgniter\Model->doFindAll(0, 0)
 5 APPPATH\Controllers\potong\Item.php(32): CodeIgniter\BaseModel->findAll()
 6 SYSTEMPATH\CodeIgniter.php(927): App\Controllers\potong\Item->Index()
 7 SYSTEMPATH\CodeIgniter.php(482): CodeIgniter\CodeIgniter->runController(Object(App\Controllers\potong\Item))
 8 SYSTEMPATH\CodeIgniter.php(351): CodeIgniter\CodeIgniter->handleRequest(null, Object(Config\Cache), false)
 9 FCPATH\index.php(67): CodeIgniter\CodeIgniter->run()
ERROR - 2024-07-10 13:34:26 --> Error connecting to the database: mysqli_sql_exception: Too many connections in C:\xampp\htdocs\wiharta\system\Database\MySQLi\Connection.php:171
Stack trace:
#0 C:\xampp\htdocs\wiharta\system\Database\MySQLi\Connection.php(171): mysqli->real_connect('154.100.100.3', 'root', '', 'mps_mrp', 3306, '', 0)
#1 C:\xampp\htdocs\wiharta\system\Database\BaseConnection.php(382): CodeIgniter\Database\MySQLi\Connection->connect(false)
#2 C:\xampp\htdocs\wiharta\system\Database\BaseConnection.php(561): CodeIgniter\Database\BaseConnection->initialize()
#3 C:\xampp\htdocs\wiharta\system\Database\BaseBuilder.php(1585): CodeIgniter\Database\BaseConnection->query('SELECT *\nFROM `...', Array, false)
#4 C:\xampp\htdocs\wiharta\system\Model.php(223): CodeIgniter\Database\BaseBuilder->get()
#5 C:\xampp\htdocs\wiharta\system\BaseModel.php(585): CodeIgniter\Model->doFindAll(0, 0)
#6 C:\xampp\htdocs\wiharta\app\Controllers\potong\Item.php(32): CodeIgniter\BaseModel->findAll()
#7 C:\xampp\htdocs\wiharta\system\CodeIgniter.php(927): App\Controllers\potong\Item->Index()
#8 C:\xampp\htdocs\wiharta\system\CodeIgniter.php(482): CodeIgniter\CodeIgniter->runController(Object(App\Controllers\potong\Item))
#9 C:\xampp\htdocs\wiharta\system\CodeIgniter.php(351): CodeIgniter\CodeIgniter->handleRequest(NULL, Object(Config\Cache), false)
#10 C:\xampp\htdocs\wiharta\public\index.php(67): CodeIgniter\CodeIgniter->run()
#11 {main}

Next CodeIgniter\Database\Exceptions\DatabaseException: Too many connections in C:\xampp\htdocs\wiharta\system\Database\MySQLi\Connection.php:215
Stack trace:
#0 C:\xampp\htdocs\wiharta\system\Database\BaseConnection.php(382): CodeIgniter\Database\MySQLi\Connection->connect(false)
#1 C:\xampp\htdocs\wiharta\system\Database\BaseConnection.php(561): CodeIgniter\Database\BaseConnection->initialize()
#2 C:\xampp\htdocs\wiharta\system\Database\BaseBuilder.php(1585): CodeIgniter\Database\BaseConnection->query('SELECT *\nFROM `...', Array, false)
#3 C:\xampp\htdocs\wiharta\system\Model.php(223): CodeIgniter\Database\BaseBuilder->get()
#4 C:\xampp\htdocs\wiharta\system\BaseModel.php(585): CodeIgniter\Model->doFindAll(0, 0)
#5 C:\xampp\htdocs\wiharta\app\Controllers\potong\Item.php(32): CodeIgniter\BaseModel->findAll()
#6 C:\xampp\htdocs\wiharta\system\CodeIgniter.php(927): App\Controllers\potong\Item->Index()
#7 C:\xampp\htdocs\wiharta\system\CodeIgniter.php(482): CodeIgniter\CodeIgniter->runController(Object(App\Controllers\potong\Item))
#8 C:\xampp\htdocs\wiharta\system\CodeIgniter.php(351): CodeIgniter\CodeIgniter->handleRequest(NULL, Object(Config\Cache), false)
#9 C:\xampp\htdocs\wiharta\public\index.php(67): CodeIgniter\CodeIgniter->run()
#10 {main}
CRITICAL - 2024-07-10 13:34:26 --> Unable to connect to the database.
Main connection [MySQLi]: Too many connections
in SYSTEMPATH\Database\BaseConnection.php on line 418.
 1 SYSTEMPATH\Database\BaseConnection.php(561): CodeIgniter\Database\BaseConnection->initialize()
 2 SYSTEMPATH\Database\BaseBuilder.php(1585): CodeIgniter\Database\BaseConnection->query('SELECT *
FROM `potong_mtipe_new`', [], false)
 3 SYSTEMPATH\Model.php(223): CodeIgniter\Database\BaseBuilder->get()
 4 SYSTEMPATH\BaseModel.php(585): CodeIgniter\Model->doFindAll(0, 0)
 5 APPPATH\Controllers\potong\Item.php(32): CodeIgniter\BaseModel->findAll()
 6 SYSTEMPATH\CodeIgniter.php(927): App\Controllers\potong\Item->Index()
 7 SYSTEMPATH\CodeIgniter.php(482): CodeIgniter\CodeIgniter->runController(Object(App\Controllers\potong\Item))
 8 SYSTEMPATH\CodeIgniter.php(351): CodeIgniter\CodeIgniter->handleRequest(null, Object(Config\Cache), false)
 9 FCPATH\index.php(67): CodeIgniter\CodeIgniter->run()
ERROR - 2024-07-10 13:55:11 --> mysqli_sql_exception: Server shutdown in progress in C:\xampp\htdocs\wiharta\system\Database\MySQLi\Connection.php:292
Stack trace:
#0 C:\xampp\htdocs\wiharta\system\Database\MySQLi\Connection.php(292): mysqli->query('SELECT COUNT(*)...', 0)
#1 C:\xampp\htdocs\wiharta\system\Database\BaseConnection.php(666): CodeIgniter\Database\MySQLi\Connection->execute('SELECT COUNT(*)...')
#2 C:\xampp\htdocs\wiharta\system\Database\BaseConnection.php(593): CodeIgniter\Database\BaseConnection->simpleQuery('SELECT COUNT(*)...')
#3 C:\xampp\htdocs\wiharta\system\Database\BaseBuilder.php(1669): CodeIgniter\Database\BaseConnection->query('SELECT COUNT(*)...', Array, false)
#4 C:\xampp\htdocs\wiharta\app\Models\exim\barangjadi\MutasiProduksi_model.php(309): CodeIgniter\Database\BaseBuilder->countAllResults()
#5 C:\xampp\htdocs\wiharta\app\Controllers\exim\MutasiProduksi.php(631): App\Models\exim\barangjadi\MutasiProduksi_model->count_filteredmutasiproduksi(Array)
#6 C:\xampp\htdocs\wiharta\system\CodeIgniter.php(927): App\Controllers\exim\Mutasiproduksi->Datatablesmutasiproduksi()
#7 C:\xampp\htdocs\wiharta\system\CodeIgniter.php(482): CodeIgniter\CodeIgniter->runController(Object(App\Controllers\exim\Mutasiproduksi))
#8 C:\xampp\htdocs\wiharta\system\CodeIgniter.php(351): CodeIgniter\CodeIgniter->handleRequest(NULL, Object(Config\Cache), false)
#9 C:\xampp\htdocs\wiharta\public\index.php(67): CodeIgniter\CodeIgniter->run()
#10 {main}
ERROR - 2024-07-10 13:55:12 --> Error connecting to the database: mysqli_sql_exception: No connection could be made because the target machine actively refused it in C:\xampp\htdocs\wiharta\system\Database\MySQLi\Connection.php:171
Stack trace:
#0 C:\xampp\htdocs\wiharta\system\Database\MySQLi\Connection.php(171): mysqli->real_connect('154.100.100.3', 'root', '', 'mps_mrp', 3306, '', 0)
#1 C:\xampp\htdocs\wiharta\system\Database\BaseConnection.php(382): CodeIgniter\Database\MySQLi\Connection->connect(false)
#2 C:\xampp\htdocs\wiharta\system\Database\BaseConnection.php(561): CodeIgniter\Database\BaseConnection->initialize()
#3 C:\xampp\htdocs\wiharta\system\Database\BaseBuilder.php(1585): CodeIgniter\Database\BaseConnection->query('SELECT `beacuka...', Array, false)
#4 C:\xampp\htdocs\wiharta\app\Models\exim\barangjadi\MutasiProduksi_model.php(302): CodeIgniter\Database\BaseBuilder->get()
#5 C:\xampp\htdocs\wiharta\app\Controllers\exim\MutasiProduksi.php(586): App\Models\exim\barangjadi\MutasiProduksi_model->get_datatablesmutasiproduksi(Array)
#6 C:\xampp\htdocs\wiharta\system\CodeIgniter.php(927): App\Controllers\exim\Mutasiproduksi->Datatablesmutasiproduksi()
#7 C:\xampp\htdocs\wiharta\system\CodeIgniter.php(482): CodeIgniter\CodeIgniter->runController(Object(App\Controllers\exim\Mutasiproduksi))
#8 C:\xampp\htdocs\wiharta\system\CodeIgniter.php(351): CodeIgniter\CodeIgniter->handleRequest(NULL, Object(Config\Cache), false)
#9 C:\xampp\htdocs\wiharta\public\index.php(67): CodeIgniter\CodeIgniter->run()
#10 {main}

Next CodeIgniter\Database\Exceptions\DatabaseException: No connection could be made because the target machine actively refused it in C:\xampp\htdocs\wiharta\system\Database\MySQLi\Connection.php:215
Stack trace:
#0 C:\xampp\htdocs\wiharta\system\Database\BaseConnection.php(382): CodeIgniter\Database\MySQLi\Connection->connect(false)
#1 C:\xampp\htdocs\wiharta\system\Database\BaseConnection.php(561): CodeIgniter\Database\BaseConnection->initialize()
#2 C:\xampp\htdocs\wiharta\system\Database\BaseBuilder.php(1585): CodeIgniter\Database\BaseConnection->query('SELECT `beacuka...', Array, false)
#3 C:\xampp\htdocs\wiharta\app\Models\exim\barangjadi\MutasiProduksi_model.php(302): CodeIgniter\Database\BaseBuilder->get()
#4 C:\xampp\htdocs\wiharta\app\Controllers\exim\MutasiProduksi.php(586): App\Models\exim\barangjadi\MutasiProduksi_model->get_datatablesmutasiproduksi(Array)
#5 C:\xampp\htdocs\wiharta\system\CodeIgniter.php(927): App\Controllers\exim\Mutasiproduksi->Datatablesmutasiproduksi()
#6 C:\xampp\htdocs\wiharta\system\CodeIgniter.php(482): CodeIgniter\CodeIgniter->runController(Object(App\Controllers\exim\Mutasiproduksi))
#7 C:\xampp\htdocs\wiharta\system\CodeIgniter.php(351): CodeIgniter\CodeIgniter->handleRequest(NULL, Object(Config\Cache), false)
#8 C:\xampp\htdocs\wiharta\public\index.php(67): CodeIgniter\CodeIgniter->run()
#9 {main}
CRITICAL - 2024-07-10 13:55:12 --> Unable to connect to the database.
Main connection [MySQLi]: No connection could be made because the target machine actively refused it
in SYSTEMPATH\Database\BaseConnection.php on line 418.
 1 SYSTEMPATH\Database\BaseConnection.php(561): CodeIgniter\Database\BaseConnection->initialize()
 2 SYSTEMPATH\Database\BaseBuilder.php(1585): CodeIgniter\Database\BaseConnection->query('SELECT `beacukai_mutasi_hdr`.`kode`, `beacukai_mutasi_hdr`.`kode2`, CONCAT(beacukai_mutasi_hdr.`analyst_asal`, \'/\', beacukai_mutasi_hdr.`analyst_tujuan`) AS kodemutasi, `item_ccn`.`hpl` AS `hpl`, `beacukai_mutasi_hdr`.`tgl`, `beacukai_mutasi_dtl`.`sec`, `no_aju`, `beacukai_mutasi_dtl`.`item`, `beacukai_mutasi_dtl`.`code`, `asal`, `tb_kode_fg`.`nama_item`, `item_ccn`.`item_description`, IF(tb_kode_fg.`nama_item`=\'PPMF\', `beacukai_mutasi_dtl`.`kg`, beacukai_mutasi_dtl.`qty`) AS alltotalqty, `beacukai_mutasi_dtl`.`kg` AS `kgm`, `beacukai_mutasi_dtl`.`iduser` AS `user`, `beacukai_mutasi_dtl`.`updated_at`
FROM `beacukai_mutasi_dtl`
JOIN `beacukai_mutasi_hdr` ON `beacukai_mutasi_dtl`.`kode`=`beacukai_mutasi_hdr`.`kode`
JOIN `item_ccn` ON `item_ccn`.`item`=`beacukai_mutasi_dtl`.`item`
LEFT JOIN (select analyst,analyst_name as asal from beacukai_analyst) as asl ON `asl`.`analyst`=`beacukai_mutasi_hdr`.`lokasi_asal`
LEFT JOIN (select analyst,analyst_name as tujuan from beacukai_analyst) as tjn ON `tjn`.`analyst`=`beacukai_mutasi_hdr`.`lokasi_tujuan`
LEFT JOIN `tb_kode_fg` ON tb_kode_fg.`kode_bb`=item_ccn.`hpl`
WHERE `beacukai_mutasi_hdr`.`analyst_asal` LIKE :beacukai_mutasi_hdr.`analyst_asal`: ESCAPE \'!\'
AND  `beacukai_mutasi_hdr`.`analyst_tujuan` LIKE :beacukai_mutasi_hdr.`analyst_tujuan`: ESCAPE \'!\'
AND  `beacukai_mutasi_dtl`.`item` LIKE :beacukai_mutasi_dtl.item: ESCAPE \'!\'
AND `beacukai_mutasi_hdr`.`tgl` >= :beacukai_mutasi_hdr.`tgl`:
AND `beacukai_mutasi_hdr`.`tgl` <= :beacukai_mutasi_hdr.`tgl`.1:
AND   (
`beacukai_mutasi_hdr`.`kode2` LIKE :beacukai_mutasi_hdr.kode2: ESCAPE \'!\'
OR  `beacukai_mutasi_hdr`.`tgl` LIKE :beacukai_mutasi_hdr.`tgl`.2: ESCAPE \'!\'
OR  `no_aju` LIKE :no_aju: ESCAPE \'!\'
OR  `beacukai_mutasi_dtl`.`item` LIKE :beacukai_mutasi_dtl.item.1: ESCAPE \'!\'
OR  `asl`.`asal` LIKE :asl.asal: ESCAPE \'!\'
OR  `tb_kode_fg`.`nama_item` LIKE :tb_kode_fg.`nama_item`: ESCAPE \'!\'
OR  `item_ccn`.`item_description` LIKE :item_ccn.`item_description`: ESCAPE \'!\'
OR  `beacukai_mutasi_dtl`.`qty` LIKE :beacukai_mutasi_dtl.`qty`: ESCAPE \'!\'
OR  `beacukai_mutasi_dtl`.`kg` LIKE :beacukai_mutasi_dtl.`kg`: ESCAPE \'!\'
OR  `beacukai_mutasi_dtl`.`iduser` LIKE :beacukai_mutasi_dtl.`iduser`: ESCAPE \'!\'
OR  `beacukai_mutasi_dtl`.`updated_at` LIKE :beacukai_mutasi_dtl.`updated_at`: ESCAPE \'!\'
OR  `beacukai_mutasi_dtl`.`updated_at` LIKE :beacukai_mutasi_dtl.`updated_at`.1: ESCAPE \'!\'
 )
ORDER BY `item_ccn`.`item_description` ASC', [...], false)
 3 APPPATH\Models\exim\barangjadi\MutasiProduksi_model.php(302): CodeIgniter\Database\BaseBuilder->get()
 4 APPPATH\Controllers\exim\MutasiProduksi.php(586): App\Models\exim\barangjadi\MutasiProduksi_model->get_datatablesmutasiproduksi([...])
 5 SYSTEMPATH\CodeIgniter.php(927): App\Controllers\exim\Mutasiproduksi->Datatablesmutasiproduksi()
 6 SYSTEMPATH\CodeIgniter.php(482): CodeIgniter\CodeIgniter->runController(Object(App\Controllers\exim\Mutasiproduksi))
 7 SYSTEMPATH\CodeIgniter.php(351): CodeIgniter\CodeIgniter->handleRequest(null, Object(Config\Cache), false)
 8 FCPATH\index.php(67): CodeIgniter\CodeIgniter->run()
ERROR - 2024-07-10 13:55:21 --> Error connecting to the database: mysqli_sql_exception: No connection could be made because the target machine actively refused it in C:\xampp\htdocs\wiharta\system\Database\MySQLi\Connection.php:171
Stack trace:
#0 C:\xampp\htdocs\wiharta\system\Database\MySQLi\Connection.php(171): mysqli->real_connect('154.100.100.3', 'root', '', 'mps_mrp', 3306, '', 0)
#1 C:\xampp\htdocs\wiharta\system\Database\BaseConnection.php(382): CodeIgniter\Database\MySQLi\Connection->connect(false)
#2 C:\xampp\htdocs\wiharta\system\Database\BaseConnection.php(561): CodeIgniter\Database\BaseConnection->initialize()
#3 C:\xampp\htdocs\wiharta\app\Models\exim\barangjadi\Saldoawal_model.php(48): CodeIgniter\Database\BaseConnection->query('SELECT analyst,...')
#4 C:\xampp\htdocs\wiharta\app\Controllers\exim\MutasiProduksi.php(32): App\Models\exim\barangjadi\Saldoawal_model->Lokasi()
#5 C:\xampp\htdocs\wiharta\system\CodeIgniter.php(927): App\Controllers\exim\Mutasiproduksi->Index()
#6 C:\xampp\htdocs\wiharta\system\CodeIgniter.php(482): CodeIgniter\CodeIgniter->runController(Object(App\Controllers\exim\Mutasiproduksi))
#7 C:\xampp\htdocs\wiharta\system\CodeIgniter.php(351): CodeIgniter\CodeIgniter->handleRequest(NULL, Object(Config\Cache), false)
#8 C:\xampp\htdocs\wiharta\public\index.php(67): CodeIgniter\CodeIgniter->run()
#9 {main}

Next CodeIgniter\Database\Exceptions\DatabaseException: No connection could be made because the target machine actively refused it in C:\xampp\htdocs\wiharta\system\Database\MySQLi\Connection.php:215
Stack trace:
#0 C:\xampp\htdocs\wiharta\system\Database\BaseConnection.php(382): CodeIgniter\Database\MySQLi\Connection->connect(false)
#1 C:\xampp\htdocs\wiharta\system\Database\BaseConnection.php(561): CodeIgniter\Database\BaseConnection->initialize()
#2 C:\xampp\htdocs\wiharta\app\Models\exim\barangjadi\Saldoawal_model.php(48): CodeIgniter\Database\BaseConnection->query('SELECT analyst,...')
#3 C:\xampp\htdocs\wiharta\app\Controllers\exim\MutasiProduksi.php(32): App\Models\exim\barangjadi\Saldoawal_model->Lokasi()
#4 C:\xampp\htdocs\wiharta\system\CodeIgniter.php(927): App\Controllers\exim\Mutasiproduksi->Index()
#5 C:\xampp\htdocs\wiharta\system\CodeIgniter.php(482): CodeIgniter\CodeIgniter->runController(Object(App\Controllers\exim\Mutasiproduksi))
#6 C:\xampp\htdocs\wiharta\system\CodeIgniter.php(351): CodeIgniter\CodeIgniter->handleRequest(NULL, Object(Config\Cache), false)
#7 C:\xampp\htdocs\wiharta\public\index.php(67): CodeIgniter\CodeIgniter->run()
#8 {main}
CRITICAL - 2024-07-10 13:55:21 --> Unable to connect to the database.
Main connection [MySQLi]: No connection could be made because the target machine actively refused it
in SYSTEMPATH\Database\BaseConnection.php on line 418.
 1 SYSTEMPATH\Database\BaseConnection.php(561): CodeIgniter\Database\BaseConnection->initialize()
 2 APPPATH\Models\exim\barangjadi\Saldoawal_model.php(48): CodeIgniter\Database\BaseConnection->query('SELECT analyst, analyst_code, analyst_name FROM beacukai_analyst')
 3 APPPATH\Controllers\exim\MutasiProduksi.php(32): App\Models\exim\barangjadi\Saldoawal_model->Lokasi()
 4 SYSTEMPATH\CodeIgniter.php(927): App\Controllers\exim\Mutasiproduksi->Index()
 5 SYSTEMPATH\CodeIgniter.php(482): CodeIgniter\CodeIgniter->runController(Object(App\Controllers\exim\Mutasiproduksi))
 6 SYSTEMPATH\CodeIgniter.php(351): CodeIgniter\CodeIgniter->handleRequest(null, Object(Config\Cache), false)
 7 FCPATH\index.php(67): CodeIgniter\CodeIgniter->run()
ERROR - 2024-07-10 13:55:34 --> Error connecting to the database: mysqli_sql_exception: No connection could be made because the target machine actively refused it in C:\xampp\htdocs\wiharta\system\Database\MySQLi\Connection.php:171
Stack trace:
#0 C:\xampp\htdocs\wiharta\system\Database\MySQLi\Connection.php(171): mysqli->real_connect('154.100.100.3', 'root', '', 'mps_mrp', 3306, '', 0)
#1 C:\xampp\htdocs\wiharta\system\Database\BaseConnection.php(382): CodeIgniter\Database\MySQLi\Connection->connect(false)
#2 C:\xampp\htdocs\wiharta\system\Database\BaseConnection.php(561): CodeIgniter\Database\BaseConnection->initialize()
#3 C:\xampp\htdocs\wiharta\app\Models\exim\barangjadi\Saldoawal_model.php(48): CodeIgniter\Database\BaseConnection->query('SELECT analyst,...')
#4 C:\xampp\htdocs\wiharta\app\Controllers\exim\MutasiProduksi.php(32): App\Models\exim\barangjadi\Saldoawal_model->Lokasi()
#5 C:\xampp\htdocs\wiharta\system\CodeIgniter.php(927): App\Controllers\exim\Mutasiproduksi->Index()
#6 C:\xampp\htdocs\wiharta\system\CodeIgniter.php(482): CodeIgniter\CodeIgniter->runController(Object(App\Controllers\exim\Mutasiproduksi))
#7 C:\xampp\htdocs\wiharta\system\CodeIgniter.php(351): CodeIgniter\CodeIgniter->handleRequest(NULL, Object(Config\Cache), false)
#8 C:\xampp\htdocs\wiharta\public\index.php(67): CodeIgniter\CodeIgniter->run()
#9 {main}

Next CodeIgniter\Database\Exceptions\DatabaseException: No connection could be made because the target machine actively refused it in C:\xampp\htdocs\wiharta\system\Database\MySQLi\Connection.php:215
Stack trace:
#0 C:\xampp\htdocs\wiharta\system\Database\BaseConnection.php(382): CodeIgniter\Database\MySQLi\Connection->connect(false)
#1 C:\xampp\htdocs\wiharta\system\Database\BaseConnection.php(561): CodeIgniter\Database\BaseConnection->initialize()
#2 C:\xampp\htdocs\wiharta\app\Models\exim\barangjadi\Saldoawal_model.php(48): CodeIgniter\Database\BaseConnection->query('SELECT analyst,...')
#3 C:\xampp\htdocs\wiharta\app\Controllers\exim\MutasiProduksi.php(32): App\Models\exim\barangjadi\Saldoawal_model->Lokasi()
#4 C:\xampp\htdocs\wiharta\system\CodeIgniter.php(927): App\Controllers\exim\Mutasiproduksi->Index()
#5 C:\xampp\htdocs\wiharta\system\CodeIgniter.php(482): CodeIgniter\CodeIgniter->runController(Object(App\Controllers\exim\Mutasiproduksi))
#6 C:\xampp\htdocs\wiharta\system\CodeIgniter.php(351): CodeIgniter\CodeIgniter->handleRequest(NULL, Object(Config\Cache), false)
#7 C:\xampp\htdocs\wiharta\public\index.php(67): CodeIgniter\CodeIgniter->run()
#8 {main}
CRITICAL - 2024-07-10 13:55:34 --> Unable to connect to the database.
Main connection [MySQLi]: No connection could be made because the target machine actively refused it
in SYSTEMPATH\Database\BaseConnection.php on line 418.
 1 SYSTEMPATH\Database\BaseConnection.php(561): CodeIgniter\Database\BaseConnection->initialize()
 2 APPPATH\Models\exim\barangjadi\Saldoawal_model.php(48): CodeIgniter\Database\BaseConnection->query('SELECT analyst, analyst_code, analyst_name FROM beacukai_analyst')
 3 APPPATH\Controllers\exim\MutasiProduksi.php(32): App\Models\exim\barangjadi\Saldoawal_model->Lokasi()
 4 SYSTEMPATH\CodeIgniter.php(927): App\Controllers\exim\Mutasiproduksi->Index()
 5 SYSTEMPATH\CodeIgniter.php(482): CodeIgniter\CodeIgniter->runController(Object(App\Controllers\exim\Mutasiproduksi))
 6 SYSTEMPATH\CodeIgniter.php(351): CodeIgniter\CodeIgniter->handleRequest(null, Object(Config\Cache), false)
 7 FCPATH\index.php(67): CodeIgniter\CodeIgniter->run()
