CRITICAL - 2023-04-07 08:41:40 --> Undefined array key "item_description"
in APPPATH\Controllers\Gudang\Produksi.php on line 106.
 1 APPPATH\Controllers\Gudang\Produksi.php(106): CodeIgniter\Debug\Exceptions->errorHandler(2, 'Undefined array key "item_description"', 'APPPATH\\Controllers\\Gudang\\Produksi.php', 106)
 2 SYSTEMPATH\CodeIgniter.php(927): App\Controllers\Gudang\Produksi->Namaitem()
 3 SYSTEMPATH\CodeIgniter.php(482): CodeIgniter\CodeIgniter->runController(Object(App\Controllers\Gudang\Produksi))
 4 SYSTEMPATH\CodeIgniter.php(351): CodeIgniter\CodeIgniter->handleRequest(null, Object(Config\Cache), false)
 5 FCPATH\index.php(67): CodeIgniter\CodeIgniter->run()
 6 SYSTEMPATH\Commands\Server\rewrite.php(46): require_once('FCPATH\\index.php')
CRITICAL - 2023-04-07 14:04:51 --> Call to undefined method App\Models\Gudang\Item_ccn_model::Customeraddr
in SYSTEMPATH\Model.php on line 774.
 1 APPPATH\Controllers\Gudang\Produksi.php(137): CodeIgniter\Model->__call('Customeraddr', [...])
 2 SYSTEMPATH\CodeIgniter.php(927): App\Controllers\Gudang\Produksi->Customeraddr()
 3 SYSTEMPATH\CodeIgniter.php(482): CodeIgniter\CodeIgniter->runController(Object(App\Controllers\Gudang\Produksi))
 4 SYSTEMPATH\CodeIgniter.php(351): CodeIgniter\CodeIgniter->handleRequest(null, Object(Config\Cache), false)
 5 FCPATH\index.php(67): CodeIgniter\CodeIgniter->run()
 6 SYSTEMPATH\Commands\Server\rewrite.php(46): require_once('FCPATH\\index.php')
CRITICAL - 2023-04-07 14:05:24 --> Call to undefined method App\Models\Gudang\Customer_model::Customeraddr
in SYSTEMPATH\Model.php on line 774.
 1 APPPATH\Controllers\Gudang\Produksi.php(137): CodeIgniter\Model->__call('Customeraddr', [...])
 2 SYSTEMPATH\CodeIgniter.php(927): App\Controllers\Gudang\Produksi->Customeraddr()
 3 SYSTEMPATH\CodeIgniter.php(482): CodeIgniter\CodeIgniter->runController(Object(App\Controllers\Gudang\Produksi))
 4 SYSTEMPATH\CodeIgniter.php(351): CodeIgniter\CodeIgniter->handleRequest(null, Object(Config\Cache), false)
 5 FCPATH\index.php(67): CodeIgniter\CodeIgniter->run()
 6 SYSTEMPATH\Commands\Server\rewrite.php(46): require_once('FCPATH\\index.php')
