ERROR - 2024-06-26 09:10:12 --> mysqli_sql_exception: Column 'tglinv' in field list is ambiguous in C:\xampp\htdocs\wiharta\system\Database\MySQLi\Connection.php:292
Stack trace:
#0 C:\xampp\htdocs\wiharta\system\Database\MySQLi\Connection.php(292): mysqli->query('SELECT COUNT(*)...', 0)
#1 C:\xampp\htdocs\wiharta\system\Database\BaseConnection.php(666): CodeIgniter\Database\MySQLi\Connection->execute('SELECT COUNT(*)...')
#2 C:\xampp\htdocs\wiharta\system\Database\BaseConnection.php(593): CodeIgniter\Database\BaseConnection->simpleQuery('SELECT COUNT(*)...')
#3 C:\xampp\htdocs\wiharta\system\Database\BaseBuilder.php(1669): CodeIgniter\Database\BaseConnection->query('SELECT COUNT(*)...', Array, false)
#4 C:\xampp\htdocs\wiharta\system\Model.php(551): CodeIgniter\Database\BaseBuilder->countAllResults(true)
#5 C:\xampp\htdocs\wiharta\app\Models\exim\barangjadi\Exportmutasi_model.php(242): CodeIgniter\Model->countAllResults()
#6 C:\xampp\htdocs\wiharta\app\Controllers\exim\Exportmutasi.php(408): App\Models\exim\barangjadi\Exportmutasi_model->count_allexportmutasi()
#7 C:\xampp\htdocs\wiharta\system\CodeIgniter.php(927): App\Controllers\exim\Exportmutasi->Datatablesexport()
#8 C:\xampp\htdocs\wiharta\system\CodeIgniter.php(482): CodeIgniter\CodeIgniter->runController(Object(App\Controllers\exim\Exportmutasi))
#9 C:\xampp\htdocs\wiharta\system\CodeIgniter.php(351): CodeIgniter\CodeIgniter->handleRequest(NULL, Object(Config\Cache), false)
#10 C:\xampp\htdocs\wiharta\public\index.php(67): CodeIgniter\CodeIgniter->run()
#11 {main}
ERROR - 2024-06-26 09:10:22 --> mysqli_sql_exception: Column 'tglinv' in field list is ambiguous in C:\xampp\htdocs\wiharta\system\Database\MySQLi\Connection.php:292
Stack trace:
#0 C:\xampp\htdocs\wiharta\system\Database\MySQLi\Connection.php(292): mysqli->query('SELECT COUNT(*)...', 0)
#1 C:\xampp\htdocs\wiharta\system\Database\BaseConnection.php(666): CodeIgniter\Database\MySQLi\Connection->execute('SELECT COUNT(*)...')
#2 C:\xampp\htdocs\wiharta\system\Database\BaseConnection.php(593): CodeIgniter\Database\BaseConnection->simpleQuery('SELECT COUNT(*)...')
#3 C:\xampp\htdocs\wiharta\system\Database\BaseBuilder.php(1669): CodeIgniter\Database\BaseConnection->query('SELECT COUNT(*)...', Array, false)
#4 C:\xampp\htdocs\wiharta\system\Model.php(551): CodeIgniter\Database\BaseBuilder->countAllResults(true)
#5 C:\xampp\htdocs\wiharta\app\Models\exim\barangjadi\Exportmutasi_model.php(242): CodeIgniter\Model->countAllResults()
#6 C:\xampp\htdocs\wiharta\app\Controllers\exim\Exportmutasi.php(408): App\Models\exim\barangjadi\Exportmutasi_model->count_allexportmutasi()
#7 C:\xampp\htdocs\wiharta\system\CodeIgniter.php(927): App\Controllers\exim\Exportmutasi->Datatablesexport()
#8 C:\xampp\htdocs\wiharta\system\CodeIgniter.php(482): CodeIgniter\CodeIgniter->runController(Object(App\Controllers\exim\Exportmutasi))
#9 C:\xampp\htdocs\wiharta\system\CodeIgniter.php(351): CodeIgniter\CodeIgniter->handleRequest(NULL, Object(Config\Cache), false)
#10 C:\xampp\htdocs\wiharta\public\index.php(67): CodeIgniter\CodeIgniter->run()
#11 {main}
ERROR - 2024-06-26 09:10:24 --> mysqli_sql_exception: Column 'tglinv' in field list is ambiguous in C:\xampp\htdocs\wiharta\system\Database\MySQLi\Connection.php:292
Stack trace:
#0 C:\xampp\htdocs\wiharta\system\Database\MySQLi\Connection.php(292): mysqli->query('SELECT COUNT(*)...', 0)
#1 C:\xampp\htdocs\wiharta\system\Database\BaseConnection.php(666): CodeIgniter\Database\MySQLi\Connection->execute('SELECT COUNT(*)...')
#2 C:\xampp\htdocs\wiharta\system\Database\BaseConnection.php(593): CodeIgniter\Database\BaseConnection->simpleQuery('SELECT COUNT(*)...')
#3 C:\xampp\htdocs\wiharta\system\Database\BaseBuilder.php(1669): CodeIgniter\Database\BaseConnection->query('SELECT COUNT(*)...', Array, false)
#4 C:\xampp\htdocs\wiharta\system\Model.php(551): CodeIgniter\Database\BaseBuilder->countAllResults(true)
#5 C:\xampp\htdocs\wiharta\app\Models\exim\barangjadi\Exportmutasi_model.php(242): CodeIgniter\Model->countAllResults()
#6 C:\xampp\htdocs\wiharta\app\Controllers\exim\Exportmutasi.php(408): App\Models\exim\barangjadi\Exportmutasi_model->count_allexportmutasi()
#7 C:\xampp\htdocs\wiharta\system\CodeIgniter.php(927): App\Controllers\exim\Exportmutasi->Datatablesexport()
#8 C:\xampp\htdocs\wiharta\system\CodeIgniter.php(482): CodeIgniter\CodeIgniter->runController(Object(App\Controllers\exim\Exportmutasi))
#9 C:\xampp\htdocs\wiharta\system\CodeIgniter.php(351): CodeIgniter\CodeIgniter->handleRequest(NULL, Object(Config\Cache), false)
#10 C:\xampp\htdocs\wiharta\public\index.php(67): CodeIgniter\CodeIgniter->run()
#11 {main}
ERROR - 2024-06-26 09:10:31 --> mysqli_sql_exception: Column 'tglinv' in field list is ambiguous in C:\xampp\htdocs\wiharta\system\Database\MySQLi\Connection.php:292
Stack trace:
#0 C:\xampp\htdocs\wiharta\system\Database\MySQLi\Connection.php(292): mysqli->query('SELECT COUNT(*)...', 0)
#1 C:\xampp\htdocs\wiharta\system\Database\BaseConnection.php(666): CodeIgniter\Database\MySQLi\Connection->execute('SELECT COUNT(*)...')
#2 C:\xampp\htdocs\wiharta\system\Database\BaseConnection.php(593): CodeIgniter\Database\BaseConnection->simpleQuery('SELECT COUNT(*)...')
#3 C:\xampp\htdocs\wiharta\system\Database\BaseBuilder.php(1669): CodeIgniter\Database\BaseConnection->query('SELECT COUNT(*)...', Array, false)
#4 C:\xampp\htdocs\wiharta\system\Model.php(551): CodeIgniter\Database\BaseBuilder->countAllResults(true)
#5 C:\xampp\htdocs\wiharta\app\Models\exim\barangjadi\Exportmutasi_model.php(242): CodeIgniter\Model->countAllResults()
#6 C:\xampp\htdocs\wiharta\app\Controllers\exim\Exportmutasi.php(408): App\Models\exim\barangjadi\Exportmutasi_model->count_allexportmutasi()
#7 C:\xampp\htdocs\wiharta\system\CodeIgniter.php(927): App\Controllers\exim\Exportmutasi->Datatablesexport()
#8 C:\xampp\htdocs\wiharta\system\CodeIgniter.php(482): CodeIgniter\CodeIgniter->runController(Object(App\Controllers\exim\Exportmutasi))
#9 C:\xampp\htdocs\wiharta\system\CodeIgniter.php(351): CodeIgniter\CodeIgniter->handleRequest(NULL, Object(Config\Cache), false)
#10 C:\xampp\htdocs\wiharta\public\index.php(67): CodeIgniter\CodeIgniter->run()
#11 {main}
ERROR - 2024-06-26 09:10:37 --> mysqli_sql_exception: Column 'tglinv' in field list is ambiguous in C:\xampp\htdocs\wiharta\system\Database\MySQLi\Connection.php:292
Stack trace:
#0 C:\xampp\htdocs\wiharta\system\Database\MySQLi\Connection.php(292): mysqli->query('SELECT COUNT(*)...', 0)
#1 C:\xampp\htdocs\wiharta\system\Database\BaseConnection.php(666): CodeIgniter\Database\MySQLi\Connection->execute('SELECT COUNT(*)...')
#2 C:\xampp\htdocs\wiharta\system\Database\BaseConnection.php(593): CodeIgniter\Database\BaseConnection->simpleQuery('SELECT COUNT(*)...')
#3 C:\xampp\htdocs\wiharta\system\Database\BaseBuilder.php(1669): CodeIgniter\Database\BaseConnection->query('SELECT COUNT(*)...', Array, false)
#4 C:\xampp\htdocs\wiharta\system\Model.php(551): CodeIgniter\Database\BaseBuilder->countAllResults(true)
#5 C:\xampp\htdocs\wiharta\app\Models\exim\barangjadi\Exportmutasi_model.php(242): CodeIgniter\Model->countAllResults()
#6 C:\xampp\htdocs\wiharta\app\Controllers\exim\Exportmutasi.php(408): App\Models\exim\barangjadi\Exportmutasi_model->count_allexportmutasi()
#7 C:\xampp\htdocs\wiharta\system\CodeIgniter.php(927): App\Controllers\exim\Exportmutasi->Datatablesexport()
#8 C:\xampp\htdocs\wiharta\system\CodeIgniter.php(482): CodeIgniter\CodeIgniter->runController(Object(App\Controllers\exim\Exportmutasi))
#9 C:\xampp\htdocs\wiharta\system\CodeIgniter.php(351): CodeIgniter\CodeIgniter->handleRequest(NULL, Object(Config\Cache), false)
#10 C:\xampp\htdocs\wiharta\public\index.php(67): CodeIgniter\CodeIgniter->run()
#11 {main}
ERROR - 2024-06-26 10:04:18 --> mysqli_sql_exception: You have an error in your SQL syntax; check the manual that corresponds to your MySQL server version for the right syntax to use near '%' OR item_ccn.`item` LIKE '%is-903'%' ORDER BY dtl.`itemdtl` DESC LIMIT 10' at line 1 in C:\xampp\htdocs\wiharta\system\Database\MySQLi\Connection.php:292
Stack trace:
#0 C:\xampp\htdocs\wiharta\system\Database\MySQLi\Connection.php(292): mysqli->query('SELECT item_ccn...', 0)
#1 C:\xampp\htdocs\wiharta\system\Database\BaseConnection.php(666): CodeIgniter\Database\MySQLi\Connection->execute('SELECT item_ccn...')
#2 C:\xampp\htdocs\wiharta\system\Database\BaseConnection.php(593): CodeIgniter\Database\BaseConnection->simpleQuery('SELECT item_ccn...')
#3 C:\xampp\htdocs\wiharta\app\Models\exim\barangjadi\MutasiProduksi_model.php(181): CodeIgniter\Database\BaseConnection->query('SELECT item_ccn...')
#4 C:\xampp\htdocs\wiharta\app\Controllers\exim\MutasiProduksi.php(64): App\Models\exim\barangjadi\MutasiProduksi_model->Allitemserver('is-903'')
#5 C:\xampp\htdocs\wiharta\system\CodeIgniter.php(927): App\Controllers\exim\Mutasiproduksi->Searchitem()
#6 C:\xampp\htdocs\wiharta\system\CodeIgniter.php(482): CodeIgniter\CodeIgniter->runController(Object(App\Controllers\exim\Mutasiproduksi))
#7 C:\xampp\htdocs\wiharta\system\CodeIgniter.php(351): CodeIgniter\CodeIgniter->handleRequest(NULL, Object(Config\Cache), false)
#8 C:\xampp\htdocs\wiharta\public\index.php(67): CodeIgniter\CodeIgniter->run()
#9 {main}
CRITICAL - 2024-06-26 10:04:18 --> Call to a member function getResultArray() on bool
in APPPATH\Models\exim\barangjadi\MutasiProduksi_model.php on line 182.
 1 APPPATH\Controllers\exim\MutasiProduksi.php(64): App\Models\exim\barangjadi\MutasiProduksi_model->Allitemserver('is-903\'')
 2 SYSTEMPATH\CodeIgniter.php(927): App\Controllers\exim\Mutasiproduksi->Searchitem()
 3 SYSTEMPATH\CodeIgniter.php(482): CodeIgniter\CodeIgniter->runController(Object(App\Controllers\exim\Mutasiproduksi))
 4 SYSTEMPATH\CodeIgniter.php(351): CodeIgniter\CodeIgniter->handleRequest(null, Object(Config\Cache), false)
 5 FCPATH\index.php(67): CodeIgniter\CodeIgniter->run()
