ERROR - 2024-05-07 09:32:58 --> Error connecting to the database: mysqli_sql_exception: A connection attempt failed because the connected party did not properly respond after a period of time, or established connection failed because connected host has failed to respond in C:\xampp\htdocs\wiharta\system\Database\MySQLi\Connection.php:171
Stack trace:
#0 C:\xampp\htdocs\wiharta\system\Database\MySQLi\Connection.php(171): mysqli->real_connect('154.100.100.3', 'root', '', 'mps_mrp', 3306, '', 0)
#1 C:\xampp\htdocs\wiharta\system\Database\BaseConnection.php(382): CodeIgniter\Database\MySQLi\Connection->connect(false)
#2 C:\xampp\htdocs\wiharta\system\Database\BaseConnection.php(561): CodeIgniter\Database\BaseConnection->initialize()
#3 C:\xampp\htdocs\wiharta\app\Models\exim\barangjadi\MutasiProduksi_model.php(196): CodeIgniter\Database\BaseConnection->query('SELECT analyst_...')
#4 C:\xampp\htdocs\wiharta\app\Controllers\exim\MutasiProduksi.php(393): App\Models\exim\barangjadi\MutasiProduksi_model->Kodelok2('JBLFTK')
#5 C:\xampp\htdocs\wiharta\system\CodeIgniter.php(927): App\Controllers\exim\Mutasiproduksi->Addmutasiproduksi()
#6 C:\xampp\htdocs\wiharta\system\CodeIgniter.php(482): CodeIgniter\CodeIgniter->runController(Object(App\Controllers\exim\Mutasiproduksi))
#7 C:\xampp\htdocs\wiharta\system\CodeIgniter.php(351): CodeIgniter\CodeIgniter->handleRequest(NULL, Object(Config\Cache), false)
#8 C:\xampp\htdocs\wiharta\public\index.php(67): CodeIgniter\CodeIgniter->run()
#9 {main}

Next CodeIgniter\Database\Exceptions\DatabaseException: A connection attempt failed because the connected party did not properly respond after a period of time, or established connection failed because connected host has failed to respond in C:\xampp\htdocs\wiharta\system\Database\MySQLi\Connection.php:215
Stack trace:
#0 C:\xampp\htdocs\wiharta\system\Database\BaseConnection.php(382): CodeIgniter\Database\MySQLi\Connection->connect(false)
#1 C:\xampp\htdocs\wiharta\system\Database\BaseConnection.php(561): CodeIgniter\Database\BaseConnection->initialize()
#2 C:\xampp\htdocs\wiharta\app\Models\exim\barangjadi\MutasiProduksi_model.php(196): CodeIgniter\Database\BaseConnection->query('SELECT analyst_...')
#3 C:\xampp\htdocs\wiharta\app\Controllers\exim\MutasiProduksi.php(393): App\Models\exim\barangjadi\MutasiProduksi_model->Kodelok2('JBLFTK')
#4 C:\xampp\htdocs\wiharta\system\CodeIgniter.php(927): App\Controllers\exim\Mutasiproduksi->Addmutasiproduksi()
#5 C:\xampp\htdocs\wiharta\system\CodeIgniter.php(482): CodeIgniter\CodeIgniter->runController(Object(App\Controllers\exim\Mutasiproduksi))
#6 C:\xampp\htdocs\wiharta\system\CodeIgniter.php(351): CodeIgniter\CodeIgniter->handleRequest(NULL, Object(Config\Cache), false)
#7 C:\xampp\htdocs\wiharta\public\index.php(67): CodeIgniter\CodeIgniter->run()
#8 {main}
CRITICAL - 2024-05-07 09:32:58 --> Unable to connect to the database.
Main connection [MySQLi]: A connection attempt failed because the connected party did not properly respond after a period of time, or established connection failed because connected host has failed to respond
in SYSTEMPATH\Database\BaseConnection.php on line 418.
 1 SYSTEMPATH\Database\BaseConnection.php(561): CodeIgniter\Database\BaseConnection->initialize()
 2 APPPATH\Models\exim\barangjadi\MutasiProduksi_model.php(196): CodeIgniter\Database\BaseConnection->query('SELECT analyst_code FROM beacukai_analyst WHERE analyst=\'JBLFTK\'')
 3 APPPATH\Controllers\exim\MutasiProduksi.php(393): App\Models\exim\barangjadi\MutasiProduksi_model->Kodelok2('JBLFTK')
 4 SYSTEMPATH\CodeIgniter.php(927): App\Controllers\exim\Mutasiproduksi->Addmutasiproduksi()
 5 SYSTEMPATH\CodeIgniter.php(482): CodeIgniter\CodeIgniter->runController(Object(App\Controllers\exim\Mutasiproduksi))
 6 SYSTEMPATH\CodeIgniter.php(351): CodeIgniter\CodeIgniter->handleRequest(null, Object(Config\Cache), false)
 7 FCPATH\index.php(67): CodeIgniter\CodeIgniter->run()
ERROR - 2024-05-07 10:07:13 --> mysqli_sql_exception: MySQL server has gone away in C:\xampp\htdocs\wiharta\system\Database\MySQLi\Connection.php:292
Stack trace:
#0 C:\xampp\htdocs\wiharta\system\Database\MySQLi\Connection.php(292): mysqli->query('SELECT item_ccn...', 0)
#1 C:\xampp\htdocs\wiharta\system\Database\BaseConnection.php(666): CodeIgniter\Database\MySQLi\Connection->execute('SELECT item_ccn...')
#2 C:\xampp\htdocs\wiharta\system\Database\BaseConnection.php(593): CodeIgniter\Database\BaseConnection->simpleQuery('SELECT item_ccn...')
#3 C:\xampp\htdocs\wiharta\app\Models\exim\barangjadi\MutasiProduksi_model.php(181): CodeIgniter\Database\BaseConnection->query('SELECT item_ccn...')
#4 C:\xampp\htdocs\wiharta\app\Controllers\exim\MutasiProduksi.php(64): App\Models\exim\barangjadi\MutasiProduksi_model->Allitemserver('mgc-')
#5 C:\xampp\htdocs\wiharta\system\CodeIgniter.php(927): App\Controllers\exim\Mutasiproduksi->Searchitem()
#6 C:\xampp\htdocs\wiharta\system\CodeIgniter.php(482): CodeIgniter\CodeIgniter->runController(Object(App\Controllers\exim\Mutasiproduksi))
#7 C:\xampp\htdocs\wiharta\system\CodeIgniter.php(351): CodeIgniter\CodeIgniter->handleRequest(NULL, Object(Config\Cache), false)
#8 C:\xampp\htdocs\wiharta\public\index.php(67): CodeIgniter\CodeIgniter->run()
#9 {main}
CRITICAL - 2024-05-07 10:07:13 --> Call to a member function getResultArray() on bool
in APPPATH\Models\exim\barangjadi\MutasiProduksi_model.php on line 182.
 1 APPPATH\Controllers\exim\MutasiProduksi.php(64): App\Models\exim\barangjadi\MutasiProduksi_model->Allitemserver('mgc-')
 2 SYSTEMPATH\CodeIgniter.php(927): App\Controllers\exim\Mutasiproduksi->Searchitem()
 3 SYSTEMPATH\CodeIgniter.php(482): CodeIgniter\CodeIgniter->runController(Object(App\Controllers\exim\Mutasiproduksi))
 4 SYSTEMPATH\CodeIgniter.php(351): CodeIgniter\CodeIgniter->handleRequest(null, Object(Config\Cache), false)
 5 FCPATH\index.php(67): CodeIgniter\CodeIgniter->run()
ERROR - 2024-05-07 13:28:51 --> mysqli_sql_exception: Column 'tglinv' in field list is ambiguous in C:\xampp\htdocs\wiharta\system\Database\MySQLi\Connection.php:292
Stack trace:
#0 C:\xampp\htdocs\wiharta\system\Database\MySQLi\Connection.php(292): mysqli->query('SELECT COUNT(*)...', 0)
#1 C:\xampp\htdocs\wiharta\system\Database\BaseConnection.php(666): CodeIgniter\Database\MySQLi\Connection->execute('SELECT COUNT(*)...')
#2 C:\xampp\htdocs\wiharta\system\Database\BaseConnection.php(593): CodeIgniter\Database\BaseConnection->simpleQuery('SELECT COUNT(*)...')
#3 C:\xampp\htdocs\wiharta\system\Database\BaseBuilder.php(1669): CodeIgniter\Database\BaseConnection->query('SELECT COUNT(*)...', Array, false)
#4 C:\xampp\htdocs\wiharta\system\Model.php(551): CodeIgniter\Database\BaseBuilder->countAllResults(true)
#5 C:\xampp\htdocs\wiharta\app\Models\exim\barangjadi\Exportmutasi_model.php(242): CodeIgniter\Model->countAllResults()
#6 C:\xampp\htdocs\wiharta\app\Controllers\exim\Exportmutasi.php(408): App\Models\exim\barangjadi\Exportmutasi_model->count_allexportmutasi()
#7 C:\xampp\htdocs\wiharta\system\CodeIgniter.php(927): App\Controllers\exim\Exportmutasi->Datatablesexport()
#8 C:\xampp\htdocs\wiharta\system\CodeIgniter.php(482): CodeIgniter\CodeIgniter->runController(Object(App\Controllers\exim\Exportmutasi))
#9 C:\xampp\htdocs\wiharta\system\CodeIgniter.php(351): CodeIgniter\CodeIgniter->handleRequest(NULL, Object(Config\Cache), false)
#10 C:\xampp\htdocs\wiharta\public\index.php(67): CodeIgniter\CodeIgniter->run()
#11 {main}
ERROR - 2024-05-07 13:29:22 --> mysqli_sql_exception: Column 'tglinv' in field list is ambiguous in C:\xampp\htdocs\wiharta\system\Database\MySQLi\Connection.php:292
Stack trace:
#0 C:\xampp\htdocs\wiharta\system\Database\MySQLi\Connection.php(292): mysqli->query('SELECT COUNT(*)...', 0)
#1 C:\xampp\htdocs\wiharta\system\Database\BaseConnection.php(666): CodeIgniter\Database\MySQLi\Connection->execute('SELECT COUNT(*)...')
#2 C:\xampp\htdocs\wiharta\system\Database\BaseConnection.php(593): CodeIgniter\Database\BaseConnection->simpleQuery('SELECT COUNT(*)...')
#3 C:\xampp\htdocs\wiharta\system\Database\BaseBuilder.php(1669): CodeIgniter\Database\BaseConnection->query('SELECT COUNT(*)...', Array, false)
#4 C:\xampp\htdocs\wiharta\system\Model.php(551): CodeIgniter\Database\BaseBuilder->countAllResults(true)
#5 C:\xampp\htdocs\wiharta\app\Models\exim\barangjadi\Exportmutasi_model.php(242): CodeIgniter\Model->countAllResults()
#6 C:\xampp\htdocs\wiharta\app\Controllers\exim\Exportmutasi.php(408): App\Models\exim\barangjadi\Exportmutasi_model->count_allexportmutasi()
#7 C:\xampp\htdocs\wiharta\system\CodeIgniter.php(927): App\Controllers\exim\Exportmutasi->Datatablesexport()
#8 C:\xampp\htdocs\wiharta\system\CodeIgniter.php(482): CodeIgniter\CodeIgniter->runController(Object(App\Controllers\exim\Exportmutasi))
#9 C:\xampp\htdocs\wiharta\system\CodeIgniter.php(351): CodeIgniter\CodeIgniter->handleRequest(NULL, Object(Config\Cache), false)
#10 C:\xampp\htdocs\wiharta\public\index.php(67): CodeIgniter\CodeIgniter->run()
#11 {main}
ERROR - 2024-05-07 13:29:24 --> mysqli_sql_exception: Column 'tglinv' in field list is ambiguous in C:\xampp\htdocs\wiharta\system\Database\MySQLi\Connection.php:292
Stack trace:
#0 C:\xampp\htdocs\wiharta\system\Database\MySQLi\Connection.php(292): mysqli->query('SELECT COUNT(*)...', 0)
#1 C:\xampp\htdocs\wiharta\system\Database\BaseConnection.php(666): CodeIgniter\Database\MySQLi\Connection->execute('SELECT COUNT(*)...')
#2 C:\xampp\htdocs\wiharta\system\Database\BaseConnection.php(593): CodeIgniter\Database\BaseConnection->simpleQuery('SELECT COUNT(*)...')
#3 C:\xampp\htdocs\wiharta\system\Database\BaseBuilder.php(1669): CodeIgniter\Database\BaseConnection->query('SELECT COUNT(*)...', Array, false)
#4 C:\xampp\htdocs\wiharta\system\Model.php(551): CodeIgniter\Database\BaseBuilder->countAllResults(true)
#5 C:\xampp\htdocs\wiharta\app\Models\exim\barangjadi\Exportmutasi_model.php(242): CodeIgniter\Model->countAllResults()
#6 C:\xampp\htdocs\wiharta\app\Controllers\exim\Exportmutasi.php(408): App\Models\exim\barangjadi\Exportmutasi_model->count_allexportmutasi()
#7 C:\xampp\htdocs\wiharta\system\CodeIgniter.php(927): App\Controllers\exim\Exportmutasi->Datatablesexport()
#8 C:\xampp\htdocs\wiharta\system\CodeIgniter.php(482): CodeIgniter\CodeIgniter->runController(Object(App\Controllers\exim\Exportmutasi))
#9 C:\xampp\htdocs\wiharta\system\CodeIgniter.php(351): CodeIgniter\CodeIgniter->handleRequest(NULL, Object(Config\Cache), false)
#10 C:\xampp\htdocs\wiharta\public\index.php(67): CodeIgniter\CodeIgniter->run()
#11 {main}
ERROR - 2024-05-07 13:29:31 --> mysqli_sql_exception: Column 'tglinv' in field list is ambiguous in C:\xampp\htdocs\wiharta\system\Database\MySQLi\Connection.php:292
Stack trace:
#0 C:\xampp\htdocs\wiharta\system\Database\MySQLi\Connection.php(292): mysqli->query('SELECT COUNT(*)...', 0)
#1 C:\xampp\htdocs\wiharta\system\Database\BaseConnection.php(666): CodeIgniter\Database\MySQLi\Connection->execute('SELECT COUNT(*)...')
#2 C:\xampp\htdocs\wiharta\system\Database\BaseConnection.php(593): CodeIgniter\Database\BaseConnection->simpleQuery('SELECT COUNT(*)...')
#3 C:\xampp\htdocs\wiharta\system\Database\BaseBuilder.php(1669): CodeIgniter\Database\BaseConnection->query('SELECT COUNT(*)...', Array, false)
#4 C:\xampp\htdocs\wiharta\system\Model.php(551): CodeIgniter\Database\BaseBuilder->countAllResults(true)
#5 C:\xampp\htdocs\wiharta\app\Models\exim\barangjadi\Exportmutasi_model.php(242): CodeIgniter\Model->countAllResults()
#6 C:\xampp\htdocs\wiharta\app\Controllers\exim\Exportmutasi.php(408): App\Models\exim\barangjadi\Exportmutasi_model->count_allexportmutasi()
#7 C:\xampp\htdocs\wiharta\system\CodeIgniter.php(927): App\Controllers\exim\Exportmutasi->Datatablesexport()
#8 C:\xampp\htdocs\wiharta\system\CodeIgniter.php(482): CodeIgniter\CodeIgniter->runController(Object(App\Controllers\exim\Exportmutasi))
#9 C:\xampp\htdocs\wiharta\system\CodeIgniter.php(351): CodeIgniter\CodeIgniter->handleRequest(NULL, Object(Config\Cache), false)
#10 C:\xampp\htdocs\wiharta\public\index.php(67): CodeIgniter\CodeIgniter->run()
#11 {main}
ERROR - 2024-05-07 13:29:31 --> mysqli_sql_exception: Column 'tglinv' in field list is ambiguous in C:\xampp\htdocs\wiharta\system\Database\MySQLi\Connection.php:292
Stack trace:
#0 C:\xampp\htdocs\wiharta\system\Database\MySQLi\Connection.php(292): mysqli->query('SELECT COUNT(*)...', 0)
#1 C:\xampp\htdocs\wiharta\system\Database\BaseConnection.php(666): CodeIgniter\Database\MySQLi\Connection->execute('SELECT COUNT(*)...')
#2 C:\xampp\htdocs\wiharta\system\Database\BaseConnection.php(593): CodeIgniter\Database\BaseConnection->simpleQuery('SELECT COUNT(*)...')
#3 C:\xampp\htdocs\wiharta\system\Database\BaseBuilder.php(1669): CodeIgniter\Database\BaseConnection->query('SELECT COUNT(*)...', Array, false)
#4 C:\xampp\htdocs\wiharta\system\Model.php(551): CodeIgniter\Database\BaseBuilder->countAllResults(true)
#5 C:\xampp\htdocs\wiharta\app\Models\exim\barangjadi\Exportmutasi_model.php(242): CodeIgniter\Model->countAllResults()
#6 C:\xampp\htdocs\wiharta\app\Controllers\exim\Exportmutasi.php(408): App\Models\exim\barangjadi\Exportmutasi_model->count_allexportmutasi()
#7 C:\xampp\htdocs\wiharta\system\CodeIgniter.php(927): App\Controllers\exim\Exportmutasi->Datatablesexport()
#8 C:\xampp\htdocs\wiharta\system\CodeIgniter.php(482): CodeIgniter\CodeIgniter->runController(Object(App\Controllers\exim\Exportmutasi))
#9 C:\xampp\htdocs\wiharta\system\CodeIgniter.php(351): CodeIgniter\CodeIgniter->handleRequest(NULL, Object(Config\Cache), false)
#10 C:\xampp\htdocs\wiharta\public\index.php(67): CodeIgniter\CodeIgniter->run()
#11 {main}
ERROR - 2024-05-07 13:29:32 --> mysqli_sql_exception: Column 'tglinv' in field list is ambiguous in C:\xampp\htdocs\wiharta\system\Database\MySQLi\Connection.php:292
Stack trace:
#0 C:\xampp\htdocs\wiharta\system\Database\MySQLi\Connection.php(292): mysqli->query('SELECT COUNT(*)...', 0)
#1 C:\xampp\htdocs\wiharta\system\Database\BaseConnection.php(666): CodeIgniter\Database\MySQLi\Connection->execute('SELECT COUNT(*)...')
#2 C:\xampp\htdocs\wiharta\system\Database\BaseConnection.php(593): CodeIgniter\Database\BaseConnection->simpleQuery('SELECT COUNT(*)...')
#3 C:\xampp\htdocs\wiharta\system\Database\BaseBuilder.php(1669): CodeIgniter\Database\BaseConnection->query('SELECT COUNT(*)...', Array, false)
#4 C:\xampp\htdocs\wiharta\system\Model.php(551): CodeIgniter\Database\BaseBuilder->countAllResults(true)
#5 C:\xampp\htdocs\wiharta\app\Models\exim\barangjadi\Exportmutasi_model.php(242): CodeIgniter\Model->countAllResults()
#6 C:\xampp\htdocs\wiharta\app\Controllers\exim\Exportmutasi.php(408): App\Models\exim\barangjadi\Exportmutasi_model->count_allexportmutasi()
#7 C:\xampp\htdocs\wiharta\system\CodeIgniter.php(927): App\Controllers\exim\Exportmutasi->Datatablesexport()
#8 C:\xampp\htdocs\wiharta\system\CodeIgniter.php(482): CodeIgniter\CodeIgniter->runController(Object(App\Controllers\exim\Exportmutasi))
#9 C:\xampp\htdocs\wiharta\system\CodeIgniter.php(351): CodeIgniter\CodeIgniter->handleRequest(NULL, Object(Config\Cache), false)
#10 C:\xampp\htdocs\wiharta\public\index.php(67): CodeIgniter\CodeIgniter->run()
#11 {main}
ERROR - 2024-05-07 13:29:48 --> mysqli_sql_exception: Column 'tglinv' in field list is ambiguous in C:\xampp\htdocs\wiharta\system\Database\MySQLi\Connection.php:292
Stack trace:
#0 C:\xampp\htdocs\wiharta\system\Database\MySQLi\Connection.php(292): mysqli->query('SELECT COUNT(*)...', 0)
#1 C:\xampp\htdocs\wiharta\system\Database\BaseConnection.php(666): CodeIgniter\Database\MySQLi\Connection->execute('SELECT COUNT(*)...')
#2 C:\xampp\htdocs\wiharta\system\Database\BaseConnection.php(593): CodeIgniter\Database\BaseConnection->simpleQuery('SELECT COUNT(*)...')
#3 C:\xampp\htdocs\wiharta\system\Database\BaseBuilder.php(1669): CodeIgniter\Database\BaseConnection->query('SELECT COUNT(*)...', Array, false)
#4 C:\xampp\htdocs\wiharta\system\Model.php(551): CodeIgniter\Database\BaseBuilder->countAllResults(true)
#5 C:\xampp\htdocs\wiharta\app\Models\exim\barangjadi\Exportmutasi_model.php(242): CodeIgniter\Model->countAllResults()
#6 C:\xampp\htdocs\wiharta\app\Controllers\exim\Exportmutasi.php(408): App\Models\exim\barangjadi\Exportmutasi_model->count_allexportmutasi()
#7 C:\xampp\htdocs\wiharta\system\CodeIgniter.php(927): App\Controllers\exim\Exportmutasi->Datatablesexport()
#8 C:\xampp\htdocs\wiharta\system\CodeIgniter.php(482): CodeIgniter\CodeIgniter->runController(Object(App\Controllers\exim\Exportmutasi))
#9 C:\xampp\htdocs\wiharta\system\CodeIgniter.php(351): CodeIgniter\CodeIgniter->handleRequest(NULL, Object(Config\Cache), false)
#10 C:\xampp\htdocs\wiharta\public\index.php(67): CodeIgniter\CodeIgniter->run()
#11 {main}
ERROR - 2024-05-07 13:31:07 --> mysqli_sql_exception: Column 'tglinv' in field list is ambiguous in C:\xampp\htdocs\wiharta\system\Database\MySQLi\Connection.php:292
Stack trace:
#0 C:\xampp\htdocs\wiharta\system\Database\MySQLi\Connection.php(292): mysqli->query('SELECT COUNT(*)...', 0)
#1 C:\xampp\htdocs\wiharta\system\Database\BaseConnection.php(666): CodeIgniter\Database\MySQLi\Connection->execute('SELECT COUNT(*)...')
#2 C:\xampp\htdocs\wiharta\system\Database\BaseConnection.php(593): CodeIgniter\Database\BaseConnection->simpleQuery('SELECT COUNT(*)...')
#3 C:\xampp\htdocs\wiharta\system\Database\BaseBuilder.php(1669): CodeIgniter\Database\BaseConnection->query('SELECT COUNT(*)...', Array, false)
#4 C:\xampp\htdocs\wiharta\system\Model.php(551): CodeIgniter\Database\BaseBuilder->countAllResults(true)
#5 C:\xampp\htdocs\wiharta\app\Models\exim\barangjadi\Exportmutasi_model.php(242): CodeIgniter\Model->countAllResults()
#6 C:\xampp\htdocs\wiharta\app\Controllers\exim\Exportmutasi.php(408): App\Models\exim\barangjadi\Exportmutasi_model->count_allexportmutasi()
#7 C:\xampp\htdocs\wiharta\system\CodeIgniter.php(927): App\Controllers\exim\Exportmutasi->Datatablesexport()
#8 C:\xampp\htdocs\wiharta\system\CodeIgniter.php(482): CodeIgniter\CodeIgniter->runController(Object(App\Controllers\exim\Exportmutasi))
#9 C:\xampp\htdocs\wiharta\system\CodeIgniter.php(351): CodeIgniter\CodeIgniter->handleRequest(NULL, Object(Config\Cache), false)
#10 C:\xampp\htdocs\wiharta\public\index.php(67): CodeIgniter\CodeIgniter->run()
#11 {main}
ERROR - 2024-05-07 13:31:32 --> mysqli_sql_exception: MySQL server has gone away in C:\xampp\htdocs\wiharta\system\Database\MySQLi\Connection.php:292
Stack trace:
#0 C:\xampp\htdocs\wiharta\system\Database\MySQLi\Connection.php(292): mysqli->query('SELECT `beacuka...', 0)
#1 C:\xampp\htdocs\wiharta\system\Database\BaseConnection.php(666): CodeIgniter\Database\MySQLi\Connection->execute('SELECT `beacuka...')
#2 C:\xampp\htdocs\wiharta\system\Database\BaseConnection.php(593): CodeIgniter\Database\BaseConnection->simpleQuery('SELECT `beacuka...')
#3 C:\xampp\htdocs\wiharta\system\Database\BaseBuilder.php(1585): CodeIgniter\Database\BaseConnection->query('SELECT `beacuka...', Array, false)
#4 C:\xampp\htdocs\wiharta\app\Models\exim\barangjadi\MutasiProduksi_model.php(302): CodeIgniter\Database\BaseBuilder->get()
#5 C:\xampp\htdocs\wiharta\app\Controllers\exim\MutasiProduksi.php(586): App\Models\exim\barangjadi\MutasiProduksi_model->get_datatablesmutasiproduksi(Array)
#6 C:\xampp\htdocs\wiharta\system\CodeIgniter.php(927): App\Controllers\exim\Mutasiproduksi->Datatablesmutasiproduksi()
#7 C:\xampp\htdocs\wiharta\system\CodeIgniter.php(482): CodeIgniter\CodeIgniter->runController(Object(App\Controllers\exim\Mutasiproduksi))
#8 C:\xampp\htdocs\wiharta\system\CodeIgniter.php(351): CodeIgniter\CodeIgniter->handleRequest(NULL, Object(Config\Cache), false)
#9 C:\xampp\htdocs\wiharta\public\index.php(67): CodeIgniter\CodeIgniter->run()
#10 {main}
CRITICAL - 2024-05-07 13:31:32 --> Call to a member function getResult() on bool
in APPPATH\Models\exim\barangjadi\MutasiProduksi_model.php on line 303.
 1 APPPATH\Controllers\exim\MutasiProduksi.php(586): App\Models\exim\barangjadi\MutasiProduksi_model->get_datatablesmutasiproduksi([...])
 2 SYSTEMPATH\CodeIgniter.php(927): App\Controllers\exim\Mutasiproduksi->Datatablesmutasiproduksi()
 3 SYSTEMPATH\CodeIgniter.php(482): CodeIgniter\CodeIgniter->runController(Object(App\Controllers\exim\Mutasiproduksi))
 4 SYSTEMPATH\CodeIgniter.php(351): CodeIgniter\CodeIgniter->handleRequest(null, Object(Config\Cache), false)
 5 FCPATH\index.php(67): CodeIgniter\CodeIgniter->run()
ERROR - 2024-05-07 13:34:32 --> mysqli_sql_exception: Column 'tglinv' in field list is ambiguous in C:\xampp\htdocs\wiharta\system\Database\MySQLi\Connection.php:292
Stack trace:
#0 C:\xampp\htdocs\wiharta\system\Database\MySQLi\Connection.php(292): mysqli->query('SELECT COUNT(*)...', 0)
#1 C:\xampp\htdocs\wiharta\system\Database\BaseConnection.php(666): CodeIgniter\Database\MySQLi\Connection->execute('SELECT COUNT(*)...')
#2 C:\xampp\htdocs\wiharta\system\Database\BaseConnection.php(593): CodeIgniter\Database\BaseConnection->simpleQuery('SELECT COUNT(*)...')
#3 C:\xampp\htdocs\wiharta\system\Database\BaseBuilder.php(1669): CodeIgniter\Database\BaseConnection->query('SELECT COUNT(*)...', Array, false)
#4 C:\xampp\htdocs\wiharta\system\Model.php(551): CodeIgniter\Database\BaseBuilder->countAllResults(true)
#5 C:\xampp\htdocs\wiharta\app\Models\exim\barangjadi\Exportmutasi_model.php(242): CodeIgniter\Model->countAllResults()
#6 C:\xampp\htdocs\wiharta\app\Controllers\exim\Exportmutasi.php(408): App\Models\exim\barangjadi\Exportmutasi_model->count_allexportmutasi()
#7 C:\xampp\htdocs\wiharta\system\CodeIgniter.php(927): App\Controllers\exim\Exportmutasi->Datatablesexport()
#8 C:\xampp\htdocs\wiharta\system\CodeIgniter.php(482): CodeIgniter\CodeIgniter->runController(Object(App\Controllers\exim\Exportmutasi))
#9 C:\xampp\htdocs\wiharta\system\CodeIgniter.php(351): CodeIgniter\CodeIgniter->handleRequest(NULL, Object(Config\Cache), false)
#10 C:\xampp\htdocs\wiharta\public\index.php(67): CodeIgniter\CodeIgniter->run()
#11 {main}
ERROR - 2024-05-07 13:38:27 --> mysqli_sql_exception: Column 'tglinv' in field list is ambiguous in C:\xampp\htdocs\wiharta\system\Database\MySQLi\Connection.php:292
Stack trace:
#0 C:\xampp\htdocs\wiharta\system\Database\MySQLi\Connection.php(292): mysqli->query('SELECT COUNT(*)...', 0)
#1 C:\xampp\htdocs\wiharta\system\Database\BaseConnection.php(666): CodeIgniter\Database\MySQLi\Connection->execute('SELECT COUNT(*)...')
#2 C:\xampp\htdocs\wiharta\system\Database\BaseConnection.php(593): CodeIgniter\Database\BaseConnection->simpleQuery('SELECT COUNT(*)...')
#3 C:\xampp\htdocs\wiharta\system\Database\BaseBuilder.php(1669): CodeIgniter\Database\BaseConnection->query('SELECT COUNT(*)...', Array, false)
#4 C:\xampp\htdocs\wiharta\system\Model.php(551): CodeIgniter\Database\BaseBuilder->countAllResults(true)
#5 C:\xampp\htdocs\wiharta\app\Models\exim\barangjadi\Exportmutasi_model.php(242): CodeIgniter\Model->countAllResults()
#6 C:\xampp\htdocs\wiharta\app\Controllers\exim\Exportmutasi.php(408): App\Models\exim\barangjadi\Exportmutasi_model->count_allexportmutasi()
#7 C:\xampp\htdocs\wiharta\system\CodeIgniter.php(927): App\Controllers\exim\Exportmutasi->Datatablesexport()
#8 C:\xampp\htdocs\wiharta\system\CodeIgniter.php(482): CodeIgniter\CodeIgniter->runController(Object(App\Controllers\exim\Exportmutasi))
#9 C:\xampp\htdocs\wiharta\system\CodeIgniter.php(351): CodeIgniter\CodeIgniter->handleRequest(NULL, Object(Config\Cache), false)
#10 C:\xampp\htdocs\wiharta\public\index.php(67): CodeIgniter\CodeIgniter->run()
#11 {main}
ERROR - 2024-05-07 13:43:22 --> mysqli_sql_exception: Column 'tglinv' in field list is ambiguous in C:\xampp\htdocs\wiharta\system\Database\MySQLi\Connection.php:292
Stack trace:
#0 C:\xampp\htdocs\wiharta\system\Database\MySQLi\Connection.php(292): mysqli->query('SELECT COUNT(*)...', 0)
#1 C:\xampp\htdocs\wiharta\system\Database\BaseConnection.php(666): CodeIgniter\Database\MySQLi\Connection->execute('SELECT COUNT(*)...')
#2 C:\xampp\htdocs\wiharta\system\Database\BaseConnection.php(593): CodeIgniter\Database\BaseConnection->simpleQuery('SELECT COUNT(*)...')
#3 C:\xampp\htdocs\wiharta\system\Database\BaseBuilder.php(1669): CodeIgniter\Database\BaseConnection->query('SELECT COUNT(*)...', Array, false)
#4 C:\xampp\htdocs\wiharta\system\Model.php(551): CodeIgniter\Database\BaseBuilder->countAllResults(true)
#5 C:\xampp\htdocs\wiharta\app\Models\exim\barangjadi\Exportmutasi_model.php(242): CodeIgniter\Model->countAllResults()
#6 C:\xampp\htdocs\wiharta\app\Controllers\exim\Exportmutasi.php(408): App\Models\exim\barangjadi\Exportmutasi_model->count_allexportmutasi()
#7 C:\xampp\htdocs\wiharta\system\CodeIgniter.php(927): App\Controllers\exim\Exportmutasi->Datatablesexport()
#8 C:\xampp\htdocs\wiharta\system\CodeIgniter.php(482): CodeIgniter\CodeIgniter->runController(Object(App\Controllers\exim\Exportmutasi))
#9 C:\xampp\htdocs\wiharta\system\CodeIgniter.php(351): CodeIgniter\CodeIgniter->handleRequest(NULL, Object(Config\Cache), false)
#10 C:\xampp\htdocs\wiharta\public\index.php(67): CodeIgniter\CodeIgniter->run()
#11 {main}
ERROR - 2024-05-07 13:44:42 --> mysqli_sql_exception: Column 'tglinv' in field list is ambiguous in C:\xampp\htdocs\wiharta\system\Database\MySQLi\Connection.php:292
Stack trace:
#0 C:\xampp\htdocs\wiharta\system\Database\MySQLi\Connection.php(292): mysqli->query('SELECT COUNT(*)...', 0)
#1 C:\xampp\htdocs\wiharta\system\Database\BaseConnection.php(666): CodeIgniter\Database\MySQLi\Connection->execute('SELECT COUNT(*)...')
#2 C:\xampp\htdocs\wiharta\system\Database\BaseConnection.php(593): CodeIgniter\Database\BaseConnection->simpleQuery('SELECT COUNT(*)...')
#3 C:\xampp\htdocs\wiharta\system\Database\BaseBuilder.php(1669): CodeIgniter\Database\BaseConnection->query('SELECT COUNT(*)...', Array, false)
#4 C:\xampp\htdocs\wiharta\system\Model.php(551): CodeIgniter\Database\BaseBuilder->countAllResults(true)
#5 C:\xampp\htdocs\wiharta\app\Models\exim\barangjadi\Exportmutasi_model.php(242): CodeIgniter\Model->countAllResults()
#6 C:\xampp\htdocs\wiharta\app\Controllers\exim\Exportmutasi.php(408): App\Models\exim\barangjadi\Exportmutasi_model->count_allexportmutasi()
#7 C:\xampp\htdocs\wiharta\system\CodeIgniter.php(927): App\Controllers\exim\Exportmutasi->Datatablesexport()
#8 C:\xampp\htdocs\wiharta\system\CodeIgniter.php(482): CodeIgniter\CodeIgniter->runController(Object(App\Controllers\exim\Exportmutasi))
#9 C:\xampp\htdocs\wiharta\system\CodeIgniter.php(351): CodeIgniter\CodeIgniter->handleRequest(NULL, Object(Config\Cache), false)
#10 C:\xampp\htdocs\wiharta\public\index.php(67): CodeIgniter\CodeIgniter->run()
#11 {main}
ERROR - 2024-05-07 13:49:49 --> mysqli_sql_exception: Column 'tglinv' in field list is ambiguous in C:\xampp\htdocs\wiharta\system\Database\MySQLi\Connection.php:292
Stack trace:
#0 C:\xampp\htdocs\wiharta\system\Database\MySQLi\Connection.php(292): mysqli->query('SELECT COUNT(*)...', 0)
#1 C:\xampp\htdocs\wiharta\system\Database\BaseConnection.php(666): CodeIgniter\Database\MySQLi\Connection->execute('SELECT COUNT(*)...')
#2 C:\xampp\htdocs\wiharta\system\Database\BaseConnection.php(593): CodeIgniter\Database\BaseConnection->simpleQuery('SELECT COUNT(*)...')
#3 C:\xampp\htdocs\wiharta\system\Database\BaseBuilder.php(1669): CodeIgniter\Database\BaseConnection->query('SELECT COUNT(*)...', Array, false)
#4 C:\xampp\htdocs\wiharta\system\Model.php(551): CodeIgniter\Database\BaseBuilder->countAllResults(true)
#5 C:\xampp\htdocs\wiharta\app\Models\exim\barangjadi\Exportmutasi_model.php(242): CodeIgniter\Model->countAllResults()
#6 C:\xampp\htdocs\wiharta\app\Controllers\exim\Exportmutasi.php(408): App\Models\exim\barangjadi\Exportmutasi_model->count_allexportmutasi()
#7 C:\xampp\htdocs\wiharta\system\CodeIgniter.php(927): App\Controllers\exim\Exportmutasi->Datatablesexport()
#8 C:\xampp\htdocs\wiharta\system\CodeIgniter.php(482): CodeIgniter\CodeIgniter->runController(Object(App\Controllers\exim\Exportmutasi))
#9 C:\xampp\htdocs\wiharta\system\CodeIgniter.php(351): CodeIgniter\CodeIgniter->handleRequest(NULL, Object(Config\Cache), false)
#10 C:\xampp\htdocs\wiharta\public\index.php(67): CodeIgniter\CodeIgniter->run()
#11 {main}
ERROR - 2024-05-07 13:49:49 --> mysqli_sql_exception: Column 'tglinv' in field list is ambiguous in C:\xampp\htdocs\wiharta\system\Database\MySQLi\Connection.php:292
Stack trace:
#0 C:\xampp\htdocs\wiharta\system\Database\MySQLi\Connection.php(292): mysqli->query('SELECT COUNT(*)...', 0)
#1 C:\xampp\htdocs\wiharta\system\Database\BaseConnection.php(666): CodeIgniter\Database\MySQLi\Connection->execute('SELECT COUNT(*)...')
#2 C:\xampp\htdocs\wiharta\system\Database\BaseConnection.php(593): CodeIgniter\Database\BaseConnection->simpleQuery('SELECT COUNT(*)...')
#3 C:\xampp\htdocs\wiharta\system\Database\BaseBuilder.php(1669): CodeIgniter\Database\BaseConnection->query('SELECT COUNT(*)...', Array, false)
#4 C:\xampp\htdocs\wiharta\system\Model.php(551): CodeIgniter\Database\BaseBuilder->countAllResults(true)
#5 C:\xampp\htdocs\wiharta\app\Models\exim\barangjadi\Exportmutasi_model.php(242): CodeIgniter\Model->countAllResults()
#6 C:\xampp\htdocs\wiharta\app\Controllers\exim\Exportmutasi.php(408): App\Models\exim\barangjadi\Exportmutasi_model->count_allexportmutasi()
#7 C:\xampp\htdocs\wiharta\system\CodeIgniter.php(927): App\Controllers\exim\Exportmutasi->Datatablesexport()
#8 C:\xampp\htdocs\wiharta\system\CodeIgniter.php(482): CodeIgniter\CodeIgniter->runController(Object(App\Controllers\exim\Exportmutasi))
#9 C:\xampp\htdocs\wiharta\system\CodeIgniter.php(351): CodeIgniter\CodeIgniter->handleRequest(NULL, Object(Config\Cache), false)
#10 C:\xampp\htdocs\wiharta\public\index.php(67): CodeIgniter\CodeIgniter->run()
#11 {main}
ERROR - 2024-05-07 13:49:50 --> mysqli_sql_exception: Column 'tglinv' in field list is ambiguous in C:\xampp\htdocs\wiharta\system\Database\MySQLi\Connection.php:292
Stack trace:
#0 C:\xampp\htdocs\wiharta\system\Database\MySQLi\Connection.php(292): mysqli->query('SELECT COUNT(*)...', 0)
#1 C:\xampp\htdocs\wiharta\system\Database\BaseConnection.php(666): CodeIgniter\Database\MySQLi\Connection->execute('SELECT COUNT(*)...')
#2 C:\xampp\htdocs\wiharta\system\Database\BaseConnection.php(593): CodeIgniter\Database\BaseConnection->simpleQuery('SELECT COUNT(*)...')
#3 C:\xampp\htdocs\wiharta\system\Database\BaseBuilder.php(1669): CodeIgniter\Database\BaseConnection->query('SELECT COUNT(*)...', Array, false)
#4 C:\xampp\htdocs\wiharta\system\Model.php(551): CodeIgniter\Database\BaseBuilder->countAllResults(true)
#5 C:\xampp\htdocs\wiharta\app\Models\exim\barangjadi\Exportmutasi_model.php(242): CodeIgniter\Model->countAllResults()
#6 C:\xampp\htdocs\wiharta\app\Controllers\exim\Exportmutasi.php(408): App\Models\exim\barangjadi\Exportmutasi_model->count_allexportmutasi()
#7 C:\xampp\htdocs\wiharta\system\CodeIgniter.php(927): App\Controllers\exim\Exportmutasi->Datatablesexport()
#8 C:\xampp\htdocs\wiharta\system\CodeIgniter.php(482): CodeIgniter\CodeIgniter->runController(Object(App\Controllers\exim\Exportmutasi))
#9 C:\xampp\htdocs\wiharta\system\CodeIgniter.php(351): CodeIgniter\CodeIgniter->handleRequest(NULL, Object(Config\Cache), false)
#10 C:\xampp\htdocs\wiharta\public\index.php(67): CodeIgniter\CodeIgniter->run()
#11 {main}
ERROR - 2024-05-07 13:49:59 --> mysqli_sql_exception: Column 'tglinv' in field list is ambiguous in C:\xampp\htdocs\wiharta\system\Database\MySQLi\Connection.php:292
Stack trace:
#0 C:\xampp\htdocs\wiharta\system\Database\MySQLi\Connection.php(292): mysqli->query('SELECT COUNT(*)...', 0)
#1 C:\xampp\htdocs\wiharta\system\Database\BaseConnection.php(666): CodeIgniter\Database\MySQLi\Connection->execute('SELECT COUNT(*)...')
#2 C:\xampp\htdocs\wiharta\system\Database\BaseConnection.php(593): CodeIgniter\Database\BaseConnection->simpleQuery('SELECT COUNT(*)...')
#3 C:\xampp\htdocs\wiharta\system\Database\BaseBuilder.php(1669): CodeIgniter\Database\BaseConnection->query('SELECT COUNT(*)...', Array, false)
#4 C:\xampp\htdocs\wiharta\system\Model.php(551): CodeIgniter\Database\BaseBuilder->countAllResults(true)
#5 C:\xampp\htdocs\wiharta\app\Models\exim\barangjadi\Exportmutasi_model.php(242): CodeIgniter\Model->countAllResults()
#6 C:\xampp\htdocs\wiharta\app\Controllers\exim\Exportmutasi.php(408): App\Models\exim\barangjadi\Exportmutasi_model->count_allexportmutasi()
#7 C:\xampp\htdocs\wiharta\system\CodeIgniter.php(927): App\Controllers\exim\Exportmutasi->Datatablesexport()
#8 C:\xampp\htdocs\wiharta\system\CodeIgniter.php(482): CodeIgniter\CodeIgniter->runController(Object(App\Controllers\exim\Exportmutasi))
#9 C:\xampp\htdocs\wiharta\system\CodeIgniter.php(351): CodeIgniter\CodeIgniter->handleRequest(NULL, Object(Config\Cache), false)
#10 C:\xampp\htdocs\wiharta\public\index.php(67): CodeIgniter\CodeIgniter->run()
#11 {main}
ERROR - 2024-05-07 13:50:43 --> mysqli_sql_exception: Column 'tglinv' in field list is ambiguous in C:\xampp\htdocs\wiharta\system\Database\MySQLi\Connection.php:292
Stack trace:
#0 C:\xampp\htdocs\wiharta\system\Database\MySQLi\Connection.php(292): mysqli->query('SELECT COUNT(*)...', 0)
#1 C:\xampp\htdocs\wiharta\system\Database\BaseConnection.php(666): CodeIgniter\Database\MySQLi\Connection->execute('SELECT COUNT(*)...')
#2 C:\xampp\htdocs\wiharta\system\Database\BaseConnection.php(593): CodeIgniter\Database\BaseConnection->simpleQuery('SELECT COUNT(*)...')
#3 C:\xampp\htdocs\wiharta\system\Database\BaseBuilder.php(1669): CodeIgniter\Database\BaseConnection->query('SELECT COUNT(*)...', Array, false)
#4 C:\xampp\htdocs\wiharta\system\Model.php(551): CodeIgniter\Database\BaseBuilder->countAllResults(true)
#5 C:\xampp\htdocs\wiharta\app\Models\exim\barangjadi\Exportmutasi_model.php(242): CodeIgniter\Model->countAllResults()
#6 C:\xampp\htdocs\wiharta\app\Controllers\exim\Exportmutasi.php(408): App\Models\exim\barangjadi\Exportmutasi_model->count_allexportmutasi()
#7 C:\xampp\htdocs\wiharta\system\CodeIgniter.php(927): App\Controllers\exim\Exportmutasi->Datatablesexport()
#8 C:\xampp\htdocs\wiharta\system\CodeIgniter.php(482): CodeIgniter\CodeIgniter->runController(Object(App\Controllers\exim\Exportmutasi))
#9 C:\xampp\htdocs\wiharta\system\CodeIgniter.php(351): CodeIgniter\CodeIgniter->handleRequest(NULL, Object(Config\Cache), false)
#10 C:\xampp\htdocs\wiharta\public\index.php(67): CodeIgniter\CodeIgniter->run()
#11 {main}
ERROR - 2024-05-07 13:51:41 --> mysqli_sql_exception: Column 'tglinv' in field list is ambiguous in C:\xampp\htdocs\wiharta\system\Database\MySQLi\Connection.php:292
Stack trace:
#0 C:\xampp\htdocs\wiharta\system\Database\MySQLi\Connection.php(292): mysqli->query('SELECT COUNT(*)...', 0)
#1 C:\xampp\htdocs\wiharta\system\Database\BaseConnection.php(666): CodeIgniter\Database\MySQLi\Connection->execute('SELECT COUNT(*)...')
#2 C:\xampp\htdocs\wiharta\system\Database\BaseConnection.php(593): CodeIgniter\Database\BaseConnection->simpleQuery('SELECT COUNT(*)...')
#3 C:\xampp\htdocs\wiharta\system\Database\BaseBuilder.php(1669): CodeIgniter\Database\BaseConnection->query('SELECT COUNT(*)...', Array, false)
#4 C:\xampp\htdocs\wiharta\system\Model.php(551): CodeIgniter\Database\BaseBuilder->countAllResults(true)
#5 C:\xampp\htdocs\wiharta\app\Models\exim\barangjadi\Exportmutasi_model.php(242): CodeIgniter\Model->countAllResults()
#6 C:\xampp\htdocs\wiharta\app\Controllers\exim\Exportmutasi.php(408): App\Models\exim\barangjadi\Exportmutasi_model->count_allexportmutasi()
#7 C:\xampp\htdocs\wiharta\system\CodeIgniter.php(927): App\Controllers\exim\Exportmutasi->Datatablesexport()
#8 C:\xampp\htdocs\wiharta\system\CodeIgniter.php(482): CodeIgniter\CodeIgniter->runController(Object(App\Controllers\exim\Exportmutasi))
#9 C:\xampp\htdocs\wiharta\system\CodeIgniter.php(351): CodeIgniter\CodeIgniter->handleRequest(NULL, Object(Config\Cache), false)
#10 C:\xampp\htdocs\wiharta\public\index.php(67): CodeIgniter\CodeIgniter->run()
#11 {main}
