ERROR - 2024-07-17 10:35:37 --> Error connecting to the database: mysqli_sql_exception: Too many connections in C:\xampp\htdocs\wiharta\system\Database\MySQLi\Connection.php:171
Stack trace:
#0 C:\xampp\htdocs\wiharta\system\Database\MySQLi\Connection.php(171): mysqli->real_connect('154.100.100.3', 'root', '', 'exim_wka', 3306, '', 0)
#1 C:\xampp\htdocs\wiharta\system\Database\BaseConnection.php(382): CodeIgniter\Database\MySQLi\Connection->connect(false)
#2 C:\xampp\htdocs\wiharta\system\Database\BaseConnection.php(561): CodeIgniter\Database\BaseConnection->initialize()
#3 C:\xampp\htdocs\wiharta\app\Models\exim\Useritv_model.php(29): CodeIgniter\Database\BaseConnection->query('SELECT COUNT(US...')
#4 C:\xampp\htdocs\wiharta\app\Controllers\exim\Exportmutasi.php(36): App\Models\exim\Useritv_model->Countuserbc()
#5 C:\xampp\htdocs\wiharta\system\CodeIgniter.php(927): App\Controllers\exim\Exportmutasi->Index()
#6 C:\xampp\htdocs\wiharta\system\CodeIgniter.php(482): CodeIgniter\CodeIgniter->runController(Object(App\Controllers\exim\Exportmutasi))
#7 C:\xampp\htdocs\wiharta\system\CodeIgniter.php(351): CodeIgniter\CodeIgniter->handleRequest(NULL, Object(Config\Cache), false)
#8 C:\xampp\htdocs\wiharta\public\index.php(67): CodeIgniter\CodeIgniter->run()
#9 {main}

Next CodeIgniter\Database\Exceptions\DatabaseException: Too many connections in C:\xampp\htdocs\wiharta\system\Database\MySQLi\Connection.php:215
Stack trace:
#0 C:\xampp\htdocs\wiharta\system\Database\BaseConnection.php(382): CodeIgniter\Database\MySQLi\Connection->connect(false)
#1 C:\xampp\htdocs\wiharta\system\Database\BaseConnection.php(561): CodeIgniter\Database\BaseConnection->initialize()
#2 C:\xampp\htdocs\wiharta\app\Models\exim\Useritv_model.php(29): CodeIgniter\Database\BaseConnection->query('SELECT COUNT(US...')
#3 C:\xampp\htdocs\wiharta\app\Controllers\exim\Exportmutasi.php(36): App\Models\exim\Useritv_model->Countuserbc()
#4 C:\xampp\htdocs\wiharta\system\CodeIgniter.php(927): App\Controllers\exim\Exportmutasi->Index()
#5 C:\xampp\htdocs\wiharta\system\CodeIgniter.php(482): CodeIgniter\CodeIgniter->runController(Object(App\Controllers\exim\Exportmutasi))
#6 C:\xampp\htdocs\wiharta\system\CodeIgniter.php(351): CodeIgniter\CodeIgniter->handleRequest(NULL, Object(Config\Cache), false)
#7 C:\xampp\htdocs\wiharta\public\index.php(67): CodeIgniter\CodeIgniter->run()
#8 {main}
CRITICAL - 2024-07-17 10:35:37 --> Unable to connect to the database.
Main connection [MySQLi]: Too many connections
in SYSTEMPATH\Database\BaseConnection.php on line 418.
 1 SYSTEMPATH\Database\BaseConnection.php(561): CodeIgniter\Database\BaseConnection->initialize()
 2 APPPATH\Models\exim\Useritv_model.php(29): CodeIgniter\Database\BaseConnection->query('SELECT COUNT(USER) AS user FROM log_login WHERE USER=\'beacukai\'')
 3 APPPATH\Controllers\exim\Exportmutasi.php(36): App\Models\exim\Useritv_model->Countuserbc()
 4 SYSTEMPATH\CodeIgniter.php(927): App\Controllers\exim\Exportmutasi->Index()
 5 SYSTEMPATH\CodeIgniter.php(482): CodeIgniter\CodeIgniter->runController(Object(App\Controllers\exim\Exportmutasi))
 6 SYSTEMPATH\CodeIgniter.php(351): CodeIgniter\CodeIgniter->handleRequest(null, Object(Config\Cache), false)
 7 FCPATH\index.php(67): CodeIgniter\CodeIgniter->run()
ERROR - 2024-07-17 10:35:45 --> Error connecting to the database: mysqli_sql_exception: Too many connections in C:\xampp\htdocs\wiharta\system\Database\MySQLi\Connection.php:171
Stack trace:
#0 C:\xampp\htdocs\wiharta\system\Database\MySQLi\Connection.php(171): mysqli->real_connect('154.100.100.3', 'root', '', 'exim_wka', 3306, '', 0)
#1 C:\xampp\htdocs\wiharta\system\Database\BaseConnection.php(382): CodeIgniter\Database\MySQLi\Connection->connect(false)
#2 C:\xampp\htdocs\wiharta\system\Database\BaseConnection.php(561): CodeIgniter\Database\BaseConnection->initialize()
#3 C:\xampp\htdocs\wiharta\app\Models\exim\Useritv_model.php(29): CodeIgniter\Database\BaseConnection->query('SELECT COUNT(US...')
#4 C:\xampp\htdocs\wiharta\app\Controllers\exim\Exportmutasi.php(36): App\Models\exim\Useritv_model->Countuserbc()
#5 C:\xampp\htdocs\wiharta\system\CodeIgniter.php(927): App\Controllers\exim\Exportmutasi->Index()
#6 C:\xampp\htdocs\wiharta\system\CodeIgniter.php(482): CodeIgniter\CodeIgniter->runController(Object(App\Controllers\exim\Exportmutasi))
#7 C:\xampp\htdocs\wiharta\system\CodeIgniter.php(351): CodeIgniter\CodeIgniter->handleRequest(NULL, Object(Config\Cache), false)
#8 C:\xampp\htdocs\wiharta\public\index.php(67): CodeIgniter\CodeIgniter->run()
#9 {main}

Next CodeIgniter\Database\Exceptions\DatabaseException: Too many connections in C:\xampp\htdocs\wiharta\system\Database\MySQLi\Connection.php:215
Stack trace:
#0 C:\xampp\htdocs\wiharta\system\Database\BaseConnection.php(382): CodeIgniter\Database\MySQLi\Connection->connect(false)
#1 C:\xampp\htdocs\wiharta\system\Database\BaseConnection.php(561): CodeIgniter\Database\BaseConnection->initialize()
#2 C:\xampp\htdocs\wiharta\app\Models\exim\Useritv_model.php(29): CodeIgniter\Database\BaseConnection->query('SELECT COUNT(US...')
#3 C:\xampp\htdocs\wiharta\app\Controllers\exim\Exportmutasi.php(36): App\Models\exim\Useritv_model->Countuserbc()
#4 C:\xampp\htdocs\wiharta\system\CodeIgniter.php(927): App\Controllers\exim\Exportmutasi->Index()
#5 C:\xampp\htdocs\wiharta\system\CodeIgniter.php(482): CodeIgniter\CodeIgniter->runController(Object(App\Controllers\exim\Exportmutasi))
#6 C:\xampp\htdocs\wiharta\system\CodeIgniter.php(351): CodeIgniter\CodeIgniter->handleRequest(NULL, Object(Config\Cache), false)
#7 C:\xampp\htdocs\wiharta\public\index.php(67): CodeIgniter\CodeIgniter->run()
#8 {main}
CRITICAL - 2024-07-17 10:35:45 --> Unable to connect to the database.
Main connection [MySQLi]: Too many connections
in SYSTEMPATH\Database\BaseConnection.php on line 418.
 1 SYSTEMPATH\Database\BaseConnection.php(561): CodeIgniter\Database\BaseConnection->initialize()
 2 APPPATH\Models\exim\Useritv_model.php(29): CodeIgniter\Database\BaseConnection->query('SELECT COUNT(USER) AS user FROM log_login WHERE USER=\'beacukai\'')
 3 APPPATH\Controllers\exim\Exportmutasi.php(36): App\Models\exim\Useritv_model->Countuserbc()
 4 SYSTEMPATH\CodeIgniter.php(927): App\Controllers\exim\Exportmutasi->Index()
 5 SYSTEMPATH\CodeIgniter.php(482): CodeIgniter\CodeIgniter->runController(Object(App\Controllers\exim\Exportmutasi))
 6 SYSTEMPATH\CodeIgniter.php(351): CodeIgniter\CodeIgniter->handleRequest(null, Object(Config\Cache), false)
 7 FCPATH\index.php(67): CodeIgniter\CodeIgniter->run()
ERROR - 2024-07-17 10:36:48 --> Error connecting to the database: mysqli_sql_exception: Too many connections in C:\xampp\htdocs\wiharta\system\Database\MySQLi\Connection.php:171
Stack trace:
#0 C:\xampp\htdocs\wiharta\system\Database\MySQLi\Connection.php(171): mysqli->real_connect('154.100.100.3', 'root', '', 'exim_wka', 3306, '', 0)
#1 C:\xampp\htdocs\wiharta\system\Database\BaseConnection.php(382): CodeIgniter\Database\MySQLi\Connection->connect(false)
#2 C:\xampp\htdocs\wiharta\system\Database\BaseConnection.php(561): CodeIgniter\Database\BaseConnection->initialize()
#3 C:\xampp\htdocs\wiharta\app\Models\exim\Useritv_model.php(29): CodeIgniter\Database\BaseConnection->query('SELECT COUNT(US...')
#4 C:\xampp\htdocs\wiharta\app\Controllers\exim\Exportmutasi.php(36): App\Models\exim\Useritv_model->Countuserbc()
#5 C:\xampp\htdocs\wiharta\system\CodeIgniter.php(927): App\Controllers\exim\Exportmutasi->Index()
#6 C:\xampp\htdocs\wiharta\system\CodeIgniter.php(482): CodeIgniter\CodeIgniter->runController(Object(App\Controllers\exim\Exportmutasi))
#7 C:\xampp\htdocs\wiharta\system\CodeIgniter.php(351): CodeIgniter\CodeIgniter->handleRequest(NULL, Object(Config\Cache), false)
#8 C:\xampp\htdocs\wiharta\public\index.php(67): CodeIgniter\CodeIgniter->run()
#9 {main}

Next CodeIgniter\Database\Exceptions\DatabaseException: Too many connections in C:\xampp\htdocs\wiharta\system\Database\MySQLi\Connection.php:215
Stack trace:
#0 C:\xampp\htdocs\wiharta\system\Database\BaseConnection.php(382): CodeIgniter\Database\MySQLi\Connection->connect(false)
#1 C:\xampp\htdocs\wiharta\system\Database\BaseConnection.php(561): CodeIgniter\Database\BaseConnection->initialize()
#2 C:\xampp\htdocs\wiharta\app\Models\exim\Useritv_model.php(29): CodeIgniter\Database\BaseConnection->query('SELECT COUNT(US...')
#3 C:\xampp\htdocs\wiharta\app\Controllers\exim\Exportmutasi.php(36): App\Models\exim\Useritv_model->Countuserbc()
#4 C:\xampp\htdocs\wiharta\system\CodeIgniter.php(927): App\Controllers\exim\Exportmutasi->Index()
#5 C:\xampp\htdocs\wiharta\system\CodeIgniter.php(482): CodeIgniter\CodeIgniter->runController(Object(App\Controllers\exim\Exportmutasi))
#6 C:\xampp\htdocs\wiharta\system\CodeIgniter.php(351): CodeIgniter\CodeIgniter->handleRequest(NULL, Object(Config\Cache), false)
#7 C:\xampp\htdocs\wiharta\public\index.php(67): CodeIgniter\CodeIgniter->run()
#8 {main}
CRITICAL - 2024-07-17 10:36:48 --> Unable to connect to the database.
Main connection [MySQLi]: Too many connections
in SYSTEMPATH\Database\BaseConnection.php on line 418.
 1 SYSTEMPATH\Database\BaseConnection.php(561): CodeIgniter\Database\BaseConnection->initialize()
 2 APPPATH\Models\exim\Useritv_model.php(29): CodeIgniter\Database\BaseConnection->query('SELECT COUNT(USER) AS user FROM log_login WHERE USER=\'beacukai\'')
 3 APPPATH\Controllers\exim\Exportmutasi.php(36): App\Models\exim\Useritv_model->Countuserbc()
 4 SYSTEMPATH\CodeIgniter.php(927): App\Controllers\exim\Exportmutasi->Index()
 5 SYSTEMPATH\CodeIgniter.php(482): CodeIgniter\CodeIgniter->runController(Object(App\Controllers\exim\Exportmutasi))
 6 SYSTEMPATH\CodeIgniter.php(351): CodeIgniter\CodeIgniter->handleRequest(null, Object(Config\Cache), false)
 7 FCPATH\index.php(67): CodeIgniter\CodeIgniter->run()
ERROR - 2024-07-17 10:37:18 --> Error connecting to the database: mysqli_sql_exception: Too many connections in C:\xampp\htdocs\wiharta\system\Database\MySQLi\Connection.php:171
Stack trace:
#0 C:\xampp\htdocs\wiharta\system\Database\MySQLi\Connection.php(171): mysqli->real_connect('154.100.100.3', 'root', '', 'exim_wka', 3306, '', 0)
#1 C:\xampp\htdocs\wiharta\system\Database\BaseConnection.php(382): CodeIgniter\Database\MySQLi\Connection->connect(false)
#2 C:\xampp\htdocs\wiharta\system\Database\BaseConnection.php(561): CodeIgniter\Database\BaseConnection->initialize()
#3 C:\xampp\htdocs\wiharta\app\Models\exim\Useritv_model.php(29): CodeIgniter\Database\BaseConnection->query('SELECT COUNT(US...')
#4 C:\xampp\htdocs\wiharta\app\Controllers\exim\Jurnalpenerimaanbank.php(46): App\Models\exim\Useritv_model->Countuserbc()
#5 C:\xampp\htdocs\wiharta\system\CodeIgniter.php(927): App\Controllers\exim\Jurnalpenerimaanbank->Index()
#6 C:\xampp\htdocs\wiharta\system\CodeIgniter.php(482): CodeIgniter\CodeIgniter->runController(Object(App\Controllers\exim\Jurnalpenerimaanbank))
#7 C:\xampp\htdocs\wiharta\system\CodeIgniter.php(351): CodeIgniter\CodeIgniter->handleRequest(NULL, Object(Config\Cache), false)
#8 C:\xampp\htdocs\wiharta\public\index.php(67): CodeIgniter\CodeIgniter->run()
#9 {main}

Next CodeIgniter\Database\Exceptions\DatabaseException: Too many connections in C:\xampp\htdocs\wiharta\system\Database\MySQLi\Connection.php:215
Stack trace:
#0 C:\xampp\htdocs\wiharta\system\Database\BaseConnection.php(382): CodeIgniter\Database\MySQLi\Connection->connect(false)
#1 C:\xampp\htdocs\wiharta\system\Database\BaseConnection.php(561): CodeIgniter\Database\BaseConnection->initialize()
#2 C:\xampp\htdocs\wiharta\app\Models\exim\Useritv_model.php(29): CodeIgniter\Database\BaseConnection->query('SELECT COUNT(US...')
#3 C:\xampp\htdocs\wiharta\app\Controllers\exim\Jurnalpenerimaanbank.php(46): App\Models\exim\Useritv_model->Countuserbc()
#4 C:\xampp\htdocs\wiharta\system\CodeIgniter.php(927): App\Controllers\exim\Jurnalpenerimaanbank->Index()
#5 C:\xampp\htdocs\wiharta\system\CodeIgniter.php(482): CodeIgniter\CodeIgniter->runController(Object(App\Controllers\exim\Jurnalpenerimaanbank))
#6 C:\xampp\htdocs\wiharta\system\CodeIgniter.php(351): CodeIgniter\CodeIgniter->handleRequest(NULL, Object(Config\Cache), false)
#7 C:\xampp\htdocs\wiharta\public\index.php(67): CodeIgniter\CodeIgniter->run()
#8 {main}
CRITICAL - 2024-07-17 10:37:18 --> Unable to connect to the database.
Main connection [MySQLi]: Too many connections
in SYSTEMPATH\Database\BaseConnection.php on line 418.
 1 SYSTEMPATH\Database\BaseConnection.php(561): CodeIgniter\Database\BaseConnection->initialize()
 2 APPPATH\Models\exim\Useritv_model.php(29): CodeIgniter\Database\BaseConnection->query('SELECT COUNT(USER) AS user FROM log_login WHERE USER=\'beacukai\'')
 3 APPPATH\Controllers\exim\Jurnalpenerimaanbank.php(46): App\Models\exim\Useritv_model->Countuserbc()
 4 SYSTEMPATH\CodeIgniter.php(927): App\Controllers\exim\Jurnalpenerimaanbank->Index()
 5 SYSTEMPATH\CodeIgniter.php(482): CodeIgniter\CodeIgniter->runController(Object(App\Controllers\exim\Jurnalpenerimaanbank))
 6 SYSTEMPATH\CodeIgniter.php(351): CodeIgniter\CodeIgniter->handleRequest(null, Object(Config\Cache), false)
 7 FCPATH\index.php(67): CodeIgniter\CodeIgniter->run()
ERROR - 2024-07-17 12:16:31 --> mysqli_sql_exception: Column 'tglinv' in field list is ambiguous in C:\xampp\htdocs\wiharta\system\Database\MySQLi\Connection.php:292
Stack trace:
#0 C:\xampp\htdocs\wiharta\system\Database\MySQLi\Connection.php(292): mysqli->query('SELECT COUNT(*)...', 0)
#1 C:\xampp\htdocs\wiharta\system\Database\BaseConnection.php(666): CodeIgniter\Database\MySQLi\Connection->execute('SELECT COUNT(*)...')
#2 C:\xampp\htdocs\wiharta\system\Database\BaseConnection.php(593): CodeIgniter\Database\BaseConnection->simpleQuery('SELECT COUNT(*)...')
#3 C:\xampp\htdocs\wiharta\system\Database\BaseBuilder.php(1669): CodeIgniter\Database\BaseConnection->query('SELECT COUNT(*)...', Array, false)
#4 C:\xampp\htdocs\wiharta\system\Model.php(551): CodeIgniter\Database\BaseBuilder->countAllResults(true)
#5 C:\xampp\htdocs\wiharta\app\Models\exim\barangjadi\Exportmutasi_model.php(242): CodeIgniter\Model->countAllResults()
#6 C:\xampp\htdocs\wiharta\app\Controllers\exim\Exportmutasi.php(408): App\Models\exim\barangjadi\Exportmutasi_model->count_allexportmutasi()
#7 C:\xampp\htdocs\wiharta\system\CodeIgniter.php(927): App\Controllers\exim\Exportmutasi->Datatablesexport()
#8 C:\xampp\htdocs\wiharta\system\CodeIgniter.php(482): CodeIgniter\CodeIgniter->runController(Object(App\Controllers\exim\Exportmutasi))
#9 C:\xampp\htdocs\wiharta\system\CodeIgniter.php(351): CodeIgniter\CodeIgniter->handleRequest(NULL, Object(Config\Cache), false)
#10 C:\xampp\htdocs\wiharta\public\index.php(67): CodeIgniter\CodeIgniter->run()
#11 {main}
CRITICAL - 2024-07-17 18:02:37 --> filesize(): stat failed for C:\xampp\htdocs\wiharta\writable\session/ci_sessionu41k8m0sd99tbcng9qdlotpqgk5tvam8
in SYSTEMPATH\Session\Handlers\FileHandler.php on line 161.
 1 [internal function]: CodeIgniter\Debug\Exceptions->errorHandler(2, 'filesize(): stat failed for C:\\xampp\\htdocs\\wiharta\\writable\\session/ci_sessionu41k8m0sd99tbcng9qdlotpqgk5tvam8', 'SYSTEMPATH\\Session\\Handlers\\FileHandler.php', 161)
 2 SYSTEMPATH\Session\Handlers\FileHandler.php(161): filesize('ROOTPATH\\writable\\session/ci_sessionu41k8m0sd99tbcng9qdlotpqgk5tvam8')
 3 [internal function]: CodeIgniter\Session\Handlers\FileHandler->read('u41k8m0sd99tbcng9qdlotpqgk5tvam8')
 4 SYSTEMPATH\Session\Session.php(912): session_start()
 5 SYSTEMPATH\Session\Session.php(234): CodeIgniter\Session\Session->startSession()
 6 SYSTEMPATH\Config\Services.php(665): CodeIgniter\Session\Session->start()
 7 SYSTEMPATH\Config\BaseService.php(253): CodeIgniter\Config\Services::session(Object(Config\App), false)
 8 SYSTEMPATH\Config\BaseService.php(194): CodeIgniter\Config\BaseService::__callStatic('session', [...])
 9 SYSTEMPATH\Config\Services.php(637): CodeIgniter\Config\BaseService::getSharedInstance('session', null)
10 SYSTEMPATH\Config\BaseService.php(253): CodeIgniter\Config\Services::session()
11 SYSTEMPATH\Common.php(931): CodeIgniter\Config\BaseService::__callStatic('session', [])
12 VENDORPATH\myth\auth\src\Authentication\AuthenticationBase.php(128): session('logged_in')
13 VENDORPATH\myth\auth\src\Authentication\LocalAuthenticator.php(67): Myth\Auth\Authentication\AuthenticationBase->isLoggedIn()
14 VENDORPATH\myth\auth\src\Filters\PermissionFilter.php(21): Myth\Auth\Authentication\LocalAuthenticator->check()
15 SYSTEMPATH\Filters\Filters.php(173): Myth\Auth\Filters\PermissionFilter->before(Object(CodeIgniter\HTTP\IncomingRequest), [...])
16 SYSTEMPATH\CodeIgniter.php(455): CodeIgniter\Filters\Filters->run('admin/laporan/tabellaporanbulanan', 'before')
17 SYSTEMPATH\CodeIgniter.php(351): CodeIgniter\CodeIgniter->handleRequest(null, Object(Config\Cache), false)
18 FCPATH\index.php(67): CodeIgniter\CodeIgniter->run()
CRITICAL - 2024-07-17 22:06:47 --> 6 : Could not resolve host: apiliburnasional.vercel.app
in SYSTEMPATH\HTTP\CURLRequest.php on line 655.
 1 SYSTEMPATH\HTTP\CURLRequest.php(655): CodeIgniter\HTTP\Exceptions\HTTPException::forCurlError('6', 'Could not resolve host: apiliburnasional.vercel.app')
 2 SYSTEMPATH\HTTP\CURLRequest.php(363): CodeIgniter\HTTP\CURLRequest->sendRequest([...])
 3 SYSTEMPATH\HTTP\CURLRequest.php(136): CodeIgniter\HTTP\CURLRequest->send('GET', 'https://apiliburnasional.vercel.app/api?bulan=07&tahun=2024')
 4 APPPATH\Controllers\Laporan.php(100): CodeIgniter\HTTP\CURLRequest->request('GET', 'https://apiliburnasional.vercel.app/api?bulan=07&tahun=2024')
 5 SYSTEMPATH\CodeIgniter.php(927): App\Controllers\Laporan->Tabelabsenlaporanbulanan()
 6 SYSTEMPATH\CodeIgniter.php(482): CodeIgniter\CodeIgniter->runController(Object(App\Controllers\Laporan))
 7 SYSTEMPATH\CodeIgniter.php(351): CodeIgniter\CodeIgniter->handleRequest(null, Object(Config\Cache), false)
 8 FCPATH\index.php(67): CodeIgniter\CodeIgniter->run()
CRITICAL - 2024-07-17 22:07:06 --> 6 : Could not resolve host: apiliburnasional.vercel.app
in SYSTEMPATH\HTTP\CURLRequest.php on line 655.
 1 SYSTEMPATH\HTTP\CURLRequest.php(655): CodeIgniter\HTTP\Exceptions\HTTPException::forCurlError('6', 'Could not resolve host: apiliburnasional.vercel.app')
 2 SYSTEMPATH\HTTP\CURLRequest.php(363): CodeIgniter\HTTP\CURLRequest->sendRequest([...])
 3 SYSTEMPATH\HTTP\CURLRequest.php(136): CodeIgniter\HTTP\CURLRequest->send('GET', 'https://apiliburnasional.vercel.app/api?bulan=06&tahun=2024')
 4 APPPATH\Controllers\Laporan.php(100): CodeIgniter\HTTP\CURLRequest->request('GET', 'https://apiliburnasional.vercel.app/api?bulan=06&tahun=2024')
 5 SYSTEMPATH\CodeIgniter.php(927): App\Controllers\Laporan->Tabelabsenlaporanbulanan()
 6 SYSTEMPATH\CodeIgniter.php(482): CodeIgniter\CodeIgniter->runController(Object(App\Controllers\Laporan))
 7 SYSTEMPATH\CodeIgniter.php(351): CodeIgniter\CodeIgniter->handleRequest(null, Object(Config\Cache), false)
 8 FCPATH\index.php(67): CodeIgniter\CodeIgniter->run()
CRITICAL - 2024-07-17 22:07:54 --> 6 : Could not resolve host: apiliburnasional.vercel.app
in SYSTEMPATH\HTTP\CURLRequest.php on line 655.
 1 SYSTEMPATH\HTTP\CURLRequest.php(655): CodeIgniter\HTTP\Exceptions\HTTPException::forCurlError('6', 'Could not resolve host: apiliburnasional.vercel.app')
 2 SYSTEMPATH\HTTP\CURLRequest.php(363): CodeIgniter\HTTP\CURLRequest->sendRequest([...])
 3 SYSTEMPATH\HTTP\CURLRequest.php(136): CodeIgniter\HTTP\CURLRequest->send('GET', 'https://apiliburnasional.vercel.app/api?bulan=06&tahun=2024')
 4 APPPATH\Controllers\Laporan.php(100): CodeIgniter\HTTP\CURLRequest->request('GET', 'https://apiliburnasional.vercel.app/api?bulan=06&tahun=2024')
 5 SYSTEMPATH\CodeIgniter.php(927): App\Controllers\Laporan->Tabelabsenlaporanbulanan()
 6 SYSTEMPATH\CodeIgniter.php(482): CodeIgniter\CodeIgniter->runController(Object(App\Controllers\Laporan))
 7 SYSTEMPATH\CodeIgniter.php(351): CodeIgniter\CodeIgniter->handleRequest(null, Object(Config\Cache), false)
 8 FCPATH\index.php(67): CodeIgniter\CodeIgniter->run()
CRITICAL - 2024-07-17 22:33:52 --> Class "Config\Database" not found
in SYSTEMPATH\Model.php on line 137.
 1 SYSTEMPATH\Config\Factories.php(129): CodeIgniter\Model->__construct(null)
 2 SYSTEMPATH\Config\Factories.php(86): CodeIgniter\Config\Factories::__callStatic('models', [...])
 3 SYSTEMPATH\Common.php(809): CodeIgniter\Config\Factories::models('Myth\\Auth\\Models\\UserModel', [...], null)
 4 VENDORPATH\myth\auth\src\Config\Services.php(27): model('Myth\\Auth\\Models\\UserModel')
 5 SYSTEMPATH\Config\BaseService.php(253): Myth\Auth\Config\Services::authentication('local', null, null, false)
 6 SYSTEMPATH\Config\BaseService.php(194): CodeIgniter\Config\BaseService::__callStatic('authentication', [...])
 7 VENDORPATH\myth\auth\src\Config\Services.php(24): CodeIgniter\Config\BaseService::getSharedInstance('authentication', 'local', null, null)
 8 SYSTEMPATH\Config\BaseService.php(253): Myth\Auth\Config\Services::authentication()
 9 SYSTEMPATH\Common.php(959): CodeIgniter\Config\BaseService::__callStatic('authentication', [])
10 VENDORPATH\myth\auth\src\Filters\BaseFilter.php(42): service('authentication')
11 SYSTEMPATH\Filters\Filters.php(166): Myth\Auth\Filters\BaseFilter->__construct()
12 SYSTEMPATH\CodeIgniter.php(455): CodeIgniter\Filters\Filters->run('admin/laporanbulanan', 'before')
13 SYSTEMPATH\CodeIgniter.php(351): CodeIgniter\CodeIgniter->handleRequest(null, Object(Config\Cache), false)
14 FCPATH\index.php(67): CodeIgniter\CodeIgniter->run()
ERROR - 2024-07-17 22:37:15 --> mysqli_sql_exception: Table 'fin_pro.att_log' doesn't exist in C:\xampp\htdocs\wiharta\system\Database\MySQLi\Connection.php:292
Stack trace:
#0 C:\xampp\htdocs\wiharta\system\Database\MySQLi\Connection.php(292): mysqli->query('SELECT MIN(DATE...', 0)
#1 C:\xampp\htdocs\wiharta\system\Database\BaseConnection.php(666): CodeIgniter\Database\MySQLi\Connection->execute('SELECT MIN(DATE...')
#2 C:\xampp\htdocs\wiharta\system\Database\BaseConnection.php(593): CodeIgniter\Database\BaseConnection->simpleQuery('SELECT MIN(DATE...')
#3 C:\xampp\htdocs\wiharta\system\Database\BaseBuilder.php(1585): CodeIgniter\Database\BaseConnection->query('SELECT MIN(DATE...', Array, false)
#4 C:\xampp\htdocs\wiharta\system\Model.php(772): CodeIgniter\Database\BaseBuilder->get()
#5 C:\xampp\htdocs\wiharta\app\Models\Laporan_model.php(186): CodeIgniter\Model->__call('get', Array)
#6 C:\xampp\htdocs\wiharta\app\Controllers\Laporan.php(149): App\Models\Laporan_model->Dataabsen(Array)
#7 C:\xampp\htdocs\wiharta\system\CodeIgniter.php(927): App\Controllers\Laporan->Tabelabsenlaporanbulanan()
#8 C:\xampp\htdocs\wiharta\system\CodeIgniter.php(482): CodeIgniter\CodeIgniter->runController(Object(App\Controllers\Laporan))
#9 C:\xampp\htdocs\wiharta\system\CodeIgniter.php(351): CodeIgniter\CodeIgniter->handleRequest(NULL, Object(Config\Cache), false)
#10 C:\xampp\htdocs\wiharta\public\index.php(67): CodeIgniter\CodeIgniter->run()
#11 {main}
ERROR - 2024-07-17 22:37:15 --> mysqli_sql_exception: Table 'fin_pro.att_log' doesn't exist in C:\xampp\htdocs\wiharta\system\Database\MySQLi\Connection.php:292
Stack trace:
#0 C:\xampp\htdocs\wiharta\system\Database\MySQLi\Connection.php(292): mysqli->query('SELECT MIN(DATE...', 0)
#1 C:\xampp\htdocs\wiharta\system\Database\BaseConnection.php(666): CodeIgniter\Database\MySQLi\Connection->execute('SELECT MIN(DATE...')
#2 C:\xampp\htdocs\wiharta\system\Database\BaseConnection.php(593): CodeIgniter\Database\BaseConnection->simpleQuery('SELECT MIN(DATE...')
#3 C:\xampp\htdocs\wiharta\system\Database\BaseBuilder.php(1585): CodeIgniter\Database\BaseConnection->query('SELECT MIN(DATE...', Array, false)
#4 C:\xampp\htdocs\wiharta\system\Model.php(772): CodeIgniter\Database\BaseBuilder->get()
#5 C:\xampp\htdocs\wiharta\app\Models\Laporan_model.php(186): CodeIgniter\Model->__call('get', Array)
#6 C:\xampp\htdocs\wiharta\app\Controllers\Laporan.php(149): App\Models\Laporan_model->Dataabsen(Array)
#7 C:\xampp\htdocs\wiharta\system\CodeIgniter.php(927): App\Controllers\Laporan->Tabelabsenlaporanbulanan()
#8 C:\xampp\htdocs\wiharta\system\CodeIgniter.php(482): CodeIgniter\CodeIgniter->runController(Object(App\Controllers\Laporan))
#9 C:\xampp\htdocs\wiharta\system\CodeIgniter.php(351): CodeIgniter\CodeIgniter->handleRequest(NULL, Object(Config\Cache), false)
#10 C:\xampp\htdocs\wiharta\public\index.php(67): CodeIgniter\CodeIgniter->run()
#11 {main}
ERROR - 2024-07-17 22:37:15 --> mysqli_sql_exception: Table 'fin_pro.att_log' doesn't exist in C:\xampp\htdocs\wiharta\system\Database\MySQLi\Connection.php:292
Stack trace:
#0 C:\xampp\htdocs\wiharta\system\Database\MySQLi\Connection.php(292): mysqli->query('SELECT MIN(DATE...', 0)
#1 C:\xampp\htdocs\wiharta\system\Database\BaseConnection.php(666): CodeIgniter\Database\MySQLi\Connection->execute('SELECT MIN(DATE...')
#2 C:\xampp\htdocs\wiharta\system\Database\BaseConnection.php(593): CodeIgniter\Database\BaseConnection->simpleQuery('SELECT MIN(DATE...')
#3 C:\xampp\htdocs\wiharta\system\Database\BaseBuilder.php(1585): CodeIgniter\Database\BaseConnection->query('SELECT MIN(DATE...', Array, false)
#4 C:\xampp\htdocs\wiharta\system\Model.php(772): CodeIgniter\Database\BaseBuilder->get()
#5 C:\xampp\htdocs\wiharta\app\Models\Laporan_model.php(186): CodeIgniter\Model->__call('get', Array)
#6 C:\xampp\htdocs\wiharta\app\Controllers\Laporan.php(149): App\Models\Laporan_model->Dataabsen(Array)
#7 C:\xampp\htdocs\wiharta\system\CodeIgniter.php(927): App\Controllers\Laporan->Tabelabsenlaporanbulanan()
#8 C:\xampp\htdocs\wiharta\system\CodeIgniter.php(482): CodeIgniter\CodeIgniter->runController(Object(App\Controllers\Laporan))
#9 C:\xampp\htdocs\wiharta\system\CodeIgniter.php(351): CodeIgniter\CodeIgniter->handleRequest(NULL, Object(Config\Cache), false)
#10 C:\xampp\htdocs\wiharta\public\index.php(67): CodeIgniter\CodeIgniter->run()
#11 {main}
ERROR - 2024-07-17 22:37:15 --> mysqli_sql_exception: Table 'fin_pro.att_log' doesn't exist in C:\xampp\htdocs\wiharta\system\Database\MySQLi\Connection.php:292
Stack trace:
#0 C:\xampp\htdocs\wiharta\system\Database\MySQLi\Connection.php(292): mysqli->query('SELECT MIN(DATE...', 0)
#1 C:\xampp\htdocs\wiharta\system\Database\BaseConnection.php(666): CodeIgniter\Database\MySQLi\Connection->execute('SELECT MIN(DATE...')
#2 C:\xampp\htdocs\wiharta\system\Database\BaseConnection.php(593): CodeIgniter\Database\BaseConnection->simpleQuery('SELECT MIN(DATE...')
#3 C:\xampp\htdocs\wiharta\system\Database\BaseBuilder.php(1585): CodeIgniter\Database\BaseConnection->query('SELECT MIN(DATE...', Array, false)
#4 C:\xampp\htdocs\wiharta\system\Model.php(772): CodeIgniter\Database\BaseBuilder->get()
#5 C:\xampp\htdocs\wiharta\app\Models\Laporan_model.php(186): CodeIgniter\Model->__call('get', Array)
#6 C:\xampp\htdocs\wiharta\app\Controllers\Laporan.php(149): App\Models\Laporan_model->Dataabsen(Array)
#7 C:\xampp\htdocs\wiharta\system\CodeIgniter.php(927): App\Controllers\Laporan->Tabelabsenlaporanbulanan()
#8 C:\xampp\htdocs\wiharta\system\CodeIgniter.php(482): CodeIgniter\CodeIgniter->runController(Object(App\Controllers\Laporan))
#9 C:\xampp\htdocs\wiharta\system\CodeIgniter.php(351): CodeIgniter\CodeIgniter->handleRequest(NULL, Object(Config\Cache), false)
#10 C:\xampp\htdocs\wiharta\public\index.php(67): CodeIgniter\CodeIgniter->run()
#11 {main}
ERROR - 2024-07-17 22:37:15 --> mysqli_sql_exception: Table 'fin_pro.att_log' doesn't exist in C:\xampp\htdocs\wiharta\system\Database\MySQLi\Connection.php:292
Stack trace:
#0 C:\xampp\htdocs\wiharta\system\Database\MySQLi\Connection.php(292): mysqli->query('SELECT MIN(DATE...', 0)
#1 C:\xampp\htdocs\wiharta\system\Database\BaseConnection.php(666): CodeIgniter\Database\MySQLi\Connection->execute('SELECT MIN(DATE...')
#2 C:\xampp\htdocs\wiharta\system\Database\BaseConnection.php(593): CodeIgniter\Database\BaseConnection->simpleQuery('SELECT MIN(DATE...')
#3 C:\xampp\htdocs\wiharta\system\Database\BaseBuilder.php(1585): CodeIgniter\Database\BaseConnection->query('SELECT MIN(DATE...', Array, false)
#4 C:\xampp\htdocs\wiharta\system\Model.php(772): CodeIgniter\Database\BaseBuilder->get()
#5 C:\xampp\htdocs\wiharta\app\Models\Laporan_model.php(186): CodeIgniter\Model->__call('get', Array)
#6 C:\xampp\htdocs\wiharta\app\Controllers\Laporan.php(149): App\Models\Laporan_model->Dataabsen(Array)
#7 C:\xampp\htdocs\wiharta\system\CodeIgniter.php(927): App\Controllers\Laporan->Tabelabsenlaporanbulanan()
#8 C:\xampp\htdocs\wiharta\system\CodeIgniter.php(482): CodeIgniter\CodeIgniter->runController(Object(App\Controllers\Laporan))
#9 C:\xampp\htdocs\wiharta\system\CodeIgniter.php(351): CodeIgniter\CodeIgniter->handleRequest(NULL, Object(Config\Cache), false)
#10 C:\xampp\htdocs\wiharta\public\index.php(67): CodeIgniter\CodeIgniter->run()
#11 {main}
ERROR - 2024-07-17 22:37:15 --> mysqli_sql_exception: Table 'fin_pro.att_log' doesn't exist in C:\xampp\htdocs\wiharta\system\Database\MySQLi\Connection.php:292
Stack trace:
#0 C:\xampp\htdocs\wiharta\system\Database\MySQLi\Connection.php(292): mysqli->query('SELECT MIN(DATE...', 0)
#1 C:\xampp\htdocs\wiharta\system\Database\BaseConnection.php(666): CodeIgniter\Database\MySQLi\Connection->execute('SELECT MIN(DATE...')
#2 C:\xampp\htdocs\wiharta\system\Database\BaseConnection.php(593): CodeIgniter\Database\BaseConnection->simpleQuery('SELECT MIN(DATE...')
#3 C:\xampp\htdocs\wiharta\system\Database\BaseBuilder.php(1585): CodeIgniter\Database\BaseConnection->query('SELECT MIN(DATE...', Array, false)
#4 C:\xampp\htdocs\wiharta\system\Model.php(772): CodeIgniter\Database\BaseBuilder->get()
#5 C:\xampp\htdocs\wiharta\app\Models\Laporan_model.php(186): CodeIgniter\Model->__call('get', Array)
#6 C:\xampp\htdocs\wiharta\app\Controllers\Laporan.php(149): App\Models\Laporan_model->Dataabsen(Array)
#7 C:\xampp\htdocs\wiharta\system\CodeIgniter.php(927): App\Controllers\Laporan->Tabelabsenlaporanbulanan()
#8 C:\xampp\htdocs\wiharta\system\CodeIgniter.php(482): CodeIgniter\CodeIgniter->runController(Object(App\Controllers\Laporan))
#9 C:\xampp\htdocs\wiharta\system\CodeIgniter.php(351): CodeIgniter\CodeIgniter->handleRequest(NULL, Object(Config\Cache), false)
#10 C:\xampp\htdocs\wiharta\public\index.php(67): CodeIgniter\CodeIgniter->run()
#11 {main}
ERROR - 2024-07-17 22:37:15 --> mysqli_sql_exception: Table 'fin_pro.att_log' doesn't exist in C:\xampp\htdocs\wiharta\system\Database\MySQLi\Connection.php:292
Stack trace:
#0 C:\xampp\htdocs\wiharta\system\Database\MySQLi\Connection.php(292): mysqli->query('SELECT MAX(DATE...', 0)
#1 C:\xampp\htdocs\wiharta\system\Database\BaseConnection.php(666): CodeIgniter\Database\MySQLi\Connection->execute('SELECT MAX(DATE...')
#2 C:\xampp\htdocs\wiharta\system\Database\BaseConnection.php(593): CodeIgniter\Database\BaseConnection->simpleQuery('SELECT MAX(DATE...')
#3 C:\xampp\htdocs\wiharta\system\Database\BaseBuilder.php(1585): CodeIgniter\Database\BaseConnection->query('SELECT MAX(DATE...', Array, false)
#4 C:\xampp\htdocs\wiharta\system\Model.php(772): CodeIgniter\Database\BaseBuilder->get()
#5 C:\xampp\htdocs\wiharta\app\Models\Laporan_model.php(193): CodeIgniter\Model->__call('get', Array)
#6 C:\xampp\htdocs\wiharta\app\Controllers\Laporan.php(149): App\Models\Laporan_model->Dataabsen(Array)
#7 C:\xampp\htdocs\wiharta\system\CodeIgniter.php(927): App\Controllers\Laporan->Tabelabsenlaporanbulanan()
#8 C:\xampp\htdocs\wiharta\system\CodeIgniter.php(482): CodeIgniter\CodeIgniter->runController(Object(App\Controllers\Laporan))
#9 C:\xampp\htdocs\wiharta\system\CodeIgniter.php(351): CodeIgniter\CodeIgniter->handleRequest(NULL, Object(Config\Cache), false)
#10 C:\xampp\htdocs\wiharta\public\index.php(67): CodeIgniter\CodeIgniter->run()
#11 {main}
CRITICAL - 2024-07-17 22:37:15 --> Call to a member function getResultArray() on bool
in APPPATH\Models\Laporan_model.php on line 186.
 1 APPPATH\Controllers\Laporan.php(149): App\Models\Laporan_model->Dataabsen([...])
 2 SYSTEMPATH\CodeIgniter.php(927): App\Controllers\Laporan->Tabelabsenlaporanbulanan()
 3 SYSTEMPATH\CodeIgniter.php(482): CodeIgniter\CodeIgniter->runController(Object(App\Controllers\Laporan))
 4 SYSTEMPATH\CodeIgniter.php(351): CodeIgniter\CodeIgniter->handleRequest(null, Object(Config\Cache), false)
 5 FCPATH\index.php(67): CodeIgniter\CodeIgniter->run()
CRITICAL - 2024-07-17 22:37:15 --> Call to a member function getResultArray() on bool
in APPPATH\Models\Laporan_model.php on line 186.
 1 APPPATH\Controllers\Laporan.php(149): App\Models\Laporan_model->Dataabsen([...])
 2 SYSTEMPATH\CodeIgniter.php(927): App\Controllers\Laporan->Tabelabsenlaporanbulanan()
 3 SYSTEMPATH\CodeIgniter.php(482): CodeIgniter\CodeIgniter->runController(Object(App\Controllers\Laporan))
 4 SYSTEMPATH\CodeIgniter.php(351): CodeIgniter\CodeIgniter->handleRequest(null, Object(Config\Cache), false)
 5 FCPATH\index.php(67): CodeIgniter\CodeIgniter->run()
CRITICAL - 2024-07-17 22:37:15 --> Call to a member function getResultArray() on bool
in APPPATH\Models\Laporan_model.php on line 186.
 1 APPPATH\Controllers\Laporan.php(149): App\Models\Laporan_model->Dataabsen([...])
 2 SYSTEMPATH\CodeIgniter.php(927): App\Controllers\Laporan->Tabelabsenlaporanbulanan()
 3 SYSTEMPATH\CodeIgniter.php(482): CodeIgniter\CodeIgniter->runController(Object(App\Controllers\Laporan))
 4 SYSTEMPATH\CodeIgniter.php(351): CodeIgniter\CodeIgniter->handleRequest(null, Object(Config\Cache), false)
 5 FCPATH\index.php(67): CodeIgniter\CodeIgniter->run()
CRITICAL - 2024-07-17 22:37:15 --> Call to a member function getResultArray() on bool
in APPPATH\Models\Laporan_model.php on line 186.
 1 APPPATH\Controllers\Laporan.php(149): App\Models\Laporan_model->Dataabsen([...])
 2 SYSTEMPATH\CodeIgniter.php(927): App\Controllers\Laporan->Tabelabsenlaporanbulanan()
 3 SYSTEMPATH\CodeIgniter.php(482): CodeIgniter\CodeIgniter->runController(Object(App\Controllers\Laporan))
 4 SYSTEMPATH\CodeIgniter.php(351): CodeIgniter\CodeIgniter->handleRequest(null, Object(Config\Cache), false)
 5 FCPATH\index.php(67): CodeIgniter\CodeIgniter->run()
CRITICAL - 2024-07-17 22:37:15 --> Call to a member function getResultArray() on bool
in APPPATH\Models\Laporan_model.php on line 186.
 1 APPPATH\Controllers\Laporan.php(149): App\Models\Laporan_model->Dataabsen([...])
 2 SYSTEMPATH\CodeIgniter.php(927): App\Controllers\Laporan->Tabelabsenlaporanbulanan()
 3 SYSTEMPATH\CodeIgniter.php(482): CodeIgniter\CodeIgniter->runController(Object(App\Controllers\Laporan))
 4 SYSTEMPATH\CodeIgniter.php(351): CodeIgniter\CodeIgniter->handleRequest(null, Object(Config\Cache), false)
 5 FCPATH\index.php(67): CodeIgniter\CodeIgniter->run()
CRITICAL - 2024-07-17 22:37:15 --> Call to a member function getResultArray() on bool
in APPPATH\Models\Laporan_model.php on line 186.
 1 APPPATH\Controllers\Laporan.php(149): App\Models\Laporan_model->Dataabsen([...])
 2 SYSTEMPATH\CodeIgniter.php(927): App\Controllers\Laporan->Tabelabsenlaporanbulanan()
 3 SYSTEMPATH\CodeIgniter.php(482): CodeIgniter\CodeIgniter->runController(Object(App\Controllers\Laporan))
 4 SYSTEMPATH\CodeIgniter.php(351): CodeIgniter\CodeIgniter->handleRequest(null, Object(Config\Cache), false)
 5 FCPATH\index.php(67): CodeIgniter\CodeIgniter->run()
CRITICAL - 2024-07-17 22:37:15 --> Call to a member function getResultArray() on bool
in APPPATH\Models\Laporan_model.php on line 193.
 1 APPPATH\Controllers\Laporan.php(149): App\Models\Laporan_model->Dataabsen([...])
 2 SYSTEMPATH\CodeIgniter.php(927): App\Controllers\Laporan->Tabelabsenlaporanbulanan()
 3 SYSTEMPATH\CodeIgniter.php(482): CodeIgniter\CodeIgniter->runController(Object(App\Controllers\Laporan))
 4 SYSTEMPATH\CodeIgniter.php(351): CodeIgniter\CodeIgniter->handleRequest(null, Object(Config\Cache), false)
 5 FCPATH\index.php(67): CodeIgniter\CodeIgniter->run()
ERROR - 2024-07-17 22:37:15 --> mysqli_sql_exception: Table 'fin_pro.att_log' doesn't exist in C:\xampp\htdocs\wiharta\system\Database\MySQLi\Connection.php:292
Stack trace:
#0 C:\xampp\htdocs\wiharta\system\Database\MySQLi\Connection.php(292): mysqli->query('SELECT MIN(DATE...', 0)
#1 C:\xampp\htdocs\wiharta\system\Database\BaseConnection.php(666): CodeIgniter\Database\MySQLi\Connection->execute('SELECT MIN(DATE...')
#2 C:\xampp\htdocs\wiharta\system\Database\BaseConnection.php(593): CodeIgniter\Database\BaseConnection->simpleQuery('SELECT MIN(DATE...')
#3 C:\xampp\htdocs\wiharta\system\Database\BaseBuilder.php(1585): CodeIgniter\Database\BaseConnection->query('SELECT MIN(DATE...', Array, false)
#4 C:\xampp\htdocs\wiharta\system\Model.php(772): CodeIgniter\Database\BaseBuilder->get()
#5 C:\xampp\htdocs\wiharta\app\Models\Laporan_model.php(186): CodeIgniter\Model->__call('get', Array)
#6 C:\xampp\htdocs\wiharta\app\Controllers\Laporan.php(149): App\Models\Laporan_model->Dataabsen(Array)
#7 C:\xampp\htdocs\wiharta\system\CodeIgniter.php(927): App\Controllers\Laporan->Tabelabsenlaporanbulanan()
#8 C:\xampp\htdocs\wiharta\system\CodeIgniter.php(482): CodeIgniter\CodeIgniter->runController(Object(App\Controllers\Laporan))
#9 C:\xampp\htdocs\wiharta\system\CodeIgniter.php(351): CodeIgniter\CodeIgniter->handleRequest(NULL, Object(Config\Cache), false)
#10 C:\xampp\htdocs\wiharta\public\index.php(67): CodeIgniter\CodeIgniter->run()
#11 {main}
CRITICAL - 2024-07-17 22:37:15 --> Call to a member function getResultArray() on bool
in APPPATH\Models\Laporan_model.php on line 186.
 1 APPPATH\Controllers\Laporan.php(149): App\Models\Laporan_model->Dataabsen([...])
 2 SYSTEMPATH\CodeIgniter.php(927): App\Controllers\Laporan->Tabelabsenlaporanbulanan()
 3 SYSTEMPATH\CodeIgniter.php(482): CodeIgniter\CodeIgniter->runController(Object(App\Controllers\Laporan))
 4 SYSTEMPATH\CodeIgniter.php(351): CodeIgniter\CodeIgniter->handleRequest(null, Object(Config\Cache), false)
 5 FCPATH\index.php(67): CodeIgniter\CodeIgniter->run()
