ERROR - 2024-05-14 11:30:01 --> mysqli_sql_exception: MySQL server has gone away in C:\xampp\htdocs\wiharta\system\Database\MySQLi\Connection.php:292
Stack trace:
#0 C:\xampp\htdocs\wiharta\system\Database\MySQLi\Connection.php(292): mysqli->query('SELECT beacukai...', 0)
#1 C:\xampp\htdocs\wiharta\system\Database\BaseConnection.php(666): CodeIgniter\Database\MySQLi\Connection->execute('SELECT beacukai...')
#2 C:\xampp\htdocs\wiharta\system\Database\BaseConnection.php(593): CodeIgniter\Database\BaseConnection->simpleQuery('SELECT beacukai...')
#3 C:\xampp\htdocs\wiharta\app\Models\exim\jurnal\Jurnalpengeluaranbank_model.php(41): CodeIgniter\Database\BaseConnection->query('SELECT beacukai...')
#4 C:\xampp\htdocs\wiharta\app\Controllers\exim\Jurnalpengeluaranbank.php(70): App\Models\exim\jurnal\Jurnalpengeluaranbank_model->Inv()
#5 C:\xampp\htdocs\wiharta\system\CodeIgniter.php(927): App\Controllers\exim\Jurnalpengeluaranbank->Tambah()
#6 C:\xampp\htdocs\wiharta\system\CodeIgniter.php(482): CodeIgniter\CodeIgniter->runController(Object(App\Controllers\exim\Jurnalpengeluaranbank))
#7 C:\xampp\htdocs\wiharta\system\CodeIgniter.php(351): CodeIgniter\CodeIgniter->handleRequest(NULL, Object(Config\Cache), false)
#8 C:\xampp\htdocs\wiharta\public\index.php(67): CodeIgniter\CodeIgniter->run()
#9 {main}
CRITICAL - 2024-05-14 11:30:01 --> Call to a member function getResultArray() on bool
in APPPATH\Models\exim\jurnal\Jurnalpengeluaranbank_model.php on line 45.
 1 APPPATH\Controllers\exim\Jurnalpengeluaranbank.php(70): App\Models\exim\jurnal\Jurnalpengeluaranbank_model->Inv()
 2 SYSTEMPATH\CodeIgniter.php(927): App\Controllers\exim\Jurnalpengeluaranbank->Tambah()
 3 SYSTEMPATH\CodeIgniter.php(482): CodeIgniter\CodeIgniter->runController(Object(App\Controllers\exim\Jurnalpengeluaranbank))
 4 SYSTEMPATH\CodeIgniter.php(351): CodeIgniter\CodeIgniter->handleRequest(null, Object(Config\Cache), false)
 5 FCPATH\index.php(67): CodeIgniter\CodeIgniter->run()
CRITICAL - 2024-05-14 11:34:44 --> Trying to access array offset on value of type null
in APPPATH\Views\exim\jurnal\jurnalpengeluaranbank\edit.php on line 7.
 1 APPPATH\Views\exim\jurnal\jurnalpengeluaranbank\edit.php(7): CodeIgniter\Debug\Exceptions->errorHandler(2, 'Trying to access array offset on value of type null', 'APPPATH\\Views\\exim\\jurnal\\jurnalpengeluaranbank\\edit.php', 7)
 2 SYSTEMPATH\View\View.php(213): include('APPPATH\\Views\\exim\\jurnal\\jurnalpengeluaranbank\\edit.php')
 3 SYSTEMPATH\View\View.php(216): CodeIgniter\View\View->CodeIgniter\View\{closure}()
 4 SYSTEMPATH\Common.php(1134): CodeIgniter\View\View->render('exim/jurnal/jurnalpengeluaranbank/edit', [], true)
 5 APPPATH\Controllers\exim\Jurnalpengeluaranbank.php(117): view('exim/jurnal/jurnalpengeluaranbank/edit', [...])
 6 SYSTEMPATH\CodeIgniter.php(927): App\Controllers\exim\Jurnalpengeluaranbank->Edit()
 7 SYSTEMPATH\CodeIgniter.php(482): CodeIgniter\CodeIgniter->runController(Object(App\Controllers\exim\Jurnalpengeluaranbank))
 8 SYSTEMPATH\CodeIgniter.php(351): CodeIgniter\CodeIgniter->handleRequest(null, Object(Config\Cache), false)
 9 FCPATH\index.php(67): CodeIgniter\CodeIgniter->run()
CRITICAL - 2024-05-14 11:35:05 --> Trying to access array offset on value of type null
in APPPATH\Views\exim\jurnal\jurnalpengeluaranbank\edit.php on line 7.
 1 APPPATH\Views\exim\jurnal\jurnalpengeluaranbank\edit.php(7): CodeIgniter\Debug\Exceptions->errorHandler(2, 'Trying to access array offset on value of type null', 'APPPATH\\Views\\exim\\jurnal\\jurnalpengeluaranbank\\edit.php', 7)
 2 SYSTEMPATH\View\View.php(213): include('APPPATH\\Views\\exim\\jurnal\\jurnalpengeluaranbank\\edit.php')
 3 SYSTEMPATH\View\View.php(216): CodeIgniter\View\View->CodeIgniter\View\{closure}()
 4 SYSTEMPATH\Common.php(1134): CodeIgniter\View\View->render('exim/jurnal/jurnalpengeluaranbank/edit', [], true)
 5 APPPATH\Controllers\exim\Jurnalpengeluaranbank.php(117): view('exim/jurnal/jurnalpengeluaranbank/edit', [...])
 6 SYSTEMPATH\CodeIgniter.php(927): App\Controllers\exim\Jurnalpengeluaranbank->Edit()
 7 SYSTEMPATH\CodeIgniter.php(482): CodeIgniter\CodeIgniter->runController(Object(App\Controllers\exim\Jurnalpengeluaranbank))
 8 SYSTEMPATH\CodeIgniter.php(351): CodeIgniter\CodeIgniter->handleRequest(null, Object(Config\Cache), false)
 9 FCPATH\index.php(67): CodeIgniter\CodeIgniter->run()
CRITICAL - 2024-05-14 11:35:48 --> Trying to access array offset on value of type null
in APPPATH\Views\exim\jurnal\jurnalpengeluaranbank\edit.php on line 7.
 1 APPPATH\Views\exim\jurnal\jurnalpengeluaranbank\edit.php(7): CodeIgniter\Debug\Exceptions->errorHandler(2, 'Trying to access array offset on value of type null', 'APPPATH\\Views\\exim\\jurnal\\jurnalpengeluaranbank\\edit.php', 7)
 2 SYSTEMPATH\View\View.php(213): include('APPPATH\\Views\\exim\\jurnal\\jurnalpengeluaranbank\\edit.php')
 3 SYSTEMPATH\View\View.php(216): CodeIgniter\View\View->CodeIgniter\View\{closure}()
 4 SYSTEMPATH\Common.php(1134): CodeIgniter\View\View->render('exim/jurnal/jurnalpengeluaranbank/edit', [], true)
 5 APPPATH\Controllers\exim\Jurnalpengeluaranbank.php(117): view('exim/jurnal/jurnalpengeluaranbank/edit', [...])
 6 SYSTEMPATH\CodeIgniter.php(927): App\Controllers\exim\Jurnalpengeluaranbank->Edit()
 7 SYSTEMPATH\CodeIgniter.php(482): CodeIgniter\CodeIgniter->runController(Object(App\Controllers\exim\Jurnalpengeluaranbank))
 8 SYSTEMPATH\CodeIgniter.php(351): CodeIgniter\CodeIgniter->handleRequest(null, Object(Config\Cache), false)
 9 FCPATH\index.php(67): CodeIgniter\CodeIgniter->run()
CRITICAL - 2024-05-14 14:59:04 --> Trying to access array offset on value of type null
in APPPATH\Views\exim\jurnal\jurnalpengeluaranbank\edit.php on line 7.
 1 APPPATH\Views\exim\jurnal\jurnalpengeluaranbank\edit.php(7): CodeIgniter\Debug\Exceptions->errorHandler(2, 'Trying to access array offset on value of type null', 'APPPATH\\Views\\exim\\jurnal\\jurnalpengeluaranbank\\edit.php', 7)
 2 SYSTEMPATH\View\View.php(213): include('APPPATH\\Views\\exim\\jurnal\\jurnalpengeluaranbank\\edit.php')
 3 SYSTEMPATH\View\View.php(216): CodeIgniter\View\View->CodeIgniter\View\{closure}()
 4 SYSTEMPATH\Common.php(1134): CodeIgniter\View\View->render('exim/jurnal/jurnalpengeluaranbank/edit', [], true)
 5 APPPATH\Controllers\exim\Jurnalpengeluaranbank.php(117): view('exim/jurnal/jurnalpengeluaranbank/edit', [...])
 6 SYSTEMPATH\CodeIgniter.php(927): App\Controllers\exim\Jurnalpengeluaranbank->Edit()
 7 SYSTEMPATH\CodeIgniter.php(482): CodeIgniter\CodeIgniter->runController(Object(App\Controllers\exim\Jurnalpengeluaranbank))
 8 SYSTEMPATH\CodeIgniter.php(351): CodeIgniter\CodeIgniter->handleRequest(null, Object(Config\Cache), false)
 9 FCPATH\index.php(67): CodeIgniter\CodeIgniter->run()
CRITICAL - 2024-05-14 14:59:07 --> Trying to access array offset on value of type null
in APPPATH\Views\exim\jurnal\jurnalpengeluaranbank\edit.php on line 7.
 1 APPPATH\Views\exim\jurnal\jurnalpengeluaranbank\edit.php(7): CodeIgniter\Debug\Exceptions->errorHandler(2, 'Trying to access array offset on value of type null', 'APPPATH\\Views\\exim\\jurnal\\jurnalpengeluaranbank\\edit.php', 7)
 2 SYSTEMPATH\View\View.php(213): include('APPPATH\\Views\\exim\\jurnal\\jurnalpengeluaranbank\\edit.php')
 3 SYSTEMPATH\View\View.php(216): CodeIgniter\View\View->CodeIgniter\View\{closure}()
 4 SYSTEMPATH\Common.php(1134): CodeIgniter\View\View->render('exim/jurnal/jurnalpengeluaranbank/edit', [], true)
 5 APPPATH\Controllers\exim\Jurnalpengeluaranbank.php(117): view('exim/jurnal/jurnalpengeluaranbank/edit', [...])
 6 SYSTEMPATH\CodeIgniter.php(927): App\Controllers\exim\Jurnalpengeluaranbank->Edit()
 7 SYSTEMPATH\CodeIgniter.php(482): CodeIgniter\CodeIgniter->runController(Object(App\Controllers\exim\Jurnalpengeluaranbank))
 8 SYSTEMPATH\CodeIgniter.php(351): CodeIgniter\CodeIgniter->handleRequest(null, Object(Config\Cache), false)
 9 FCPATH\index.php(67): CodeIgniter\CodeIgniter->run()
CRITICAL - 2024-05-14 14:59:14 --> Trying to access array offset on value of type null
in APPPATH\Views\exim\jurnal\jurnalpengeluaranbank\edit.php on line 7.
 1 APPPATH\Views\exim\jurnal\jurnalpengeluaranbank\edit.php(7): CodeIgniter\Debug\Exceptions->errorHandler(2, 'Trying to access array offset on value of type null', 'APPPATH\\Views\\exim\\jurnal\\jurnalpengeluaranbank\\edit.php', 7)
 2 SYSTEMPATH\View\View.php(213): include('APPPATH\\Views\\exim\\jurnal\\jurnalpengeluaranbank\\edit.php')
 3 SYSTEMPATH\View\View.php(216): CodeIgniter\View\View->CodeIgniter\View\{closure}()
 4 SYSTEMPATH\Common.php(1134): CodeIgniter\View\View->render('exim/jurnal/jurnalpengeluaranbank/edit', [], true)
 5 APPPATH\Controllers\exim\Jurnalpengeluaranbank.php(117): view('exim/jurnal/jurnalpengeluaranbank/edit', [...])
 6 SYSTEMPATH\CodeIgniter.php(927): App\Controllers\exim\Jurnalpengeluaranbank->Edit()
 7 SYSTEMPATH\CodeIgniter.php(482): CodeIgniter\CodeIgniter->runController(Object(App\Controllers\exim\Jurnalpengeluaranbank))
 8 SYSTEMPATH\CodeIgniter.php(351): CodeIgniter\CodeIgniter->handleRequest(null, Object(Config\Cache), false)
 9 FCPATH\index.php(67): CodeIgniter\CodeIgniter->run()
