CRITICAL - 2024-04-22 11:57:40 --> Class "App\Models\Pegawaitemp_Model" not found
in APPPATH\Controllers\Karyawan.php on line 39.
 1 SYSTEMPATH\CodeIgniter.php(889): App\Controllers\Karyawan->__construct()
 2 SYSTEMPATH\CodeIgniter.php(473): CodeIgniter\CodeIgniter->createController()
 3 SYSTEMPATH\CodeIgniter.php(351): CodeIgniter\CodeIgniter->handleRequest(null, Object(Config\Cache), false)
 4 FCPATH\index.php(67): CodeIgniter\CodeIgniter->run()
CRITICAL - 2024-04-22 12:12:34 --> Class "App\Models\Pegawaitemp_Model" not found
in APPPATH\Controllers\Karyawan.php on line 39.
 1 SYSTEMPATH\CodeIgniter.php(889): App\Controllers\Karyawan->__construct()
 2 SYSTEMPATH\CodeIgniter.php(473): CodeIgniter\CodeIgniter->createController()
 3 SYSTEMPATH\CodeIgniter.php(351): CodeIgniter\CodeIgniter->handleRequest(null, Object(Config\Cache), false)
 4 FCPATH\index.php(67): CodeIgniter\CodeIgniter->run()
CRITICAL - 2024-04-22 12:12:43 --> Class "App\Models\Pegawaitemp_Model" not found
in APPPATH\Controllers\Karyawan.php on line 39.
 1 SYSTEMPATH\CodeIgniter.php(889): App\Controllers\Karyawan->__construct()
 2 SYSTEMPATH\CodeIgniter.php(473): CodeIgniter\CodeIgniter->createController()
 3 SYSTEMPATH\CodeIgniter.php(351): CodeIgniter\CodeIgniter->handleRequest(null, Object(Config\Cache), false)
 4 FCPATH\index.php(67): CodeIgniter\CodeIgniter->run()
CRITICAL - 2024-04-22 12:12:45 --> Class "App\Models\Pegawaitemp_Model" not found
in APPPATH\Controllers\Karyawan.php on line 39.
 1 SYSTEMPATH\CodeIgniter.php(889): App\Controllers\Karyawan->__construct()
 2 SYSTEMPATH\CodeIgniter.php(473): CodeIgniter\CodeIgniter->createController()
 3 SYSTEMPATH\CodeIgniter.php(351): CodeIgniter\CodeIgniter->handleRequest(null, Object(Config\Cache), false)
 4 FCPATH\index.php(67): CodeIgniter\CodeIgniter->run()
CRITICAL - 2024-04-22 12:13:12 --> Class "App\Models\Kategori_model" not found
in APPPATH\Controllers\Karyawan.php on line 44.
 1 SYSTEMPATH\CodeIgniter.php(889): App\Controllers\Karyawan->__construct()
 2 SYSTEMPATH\CodeIgniter.php(473): CodeIgniter\CodeIgniter->createController()
 3 SYSTEMPATH\CodeIgniter.php(351): CodeIgniter\CodeIgniter->handleRequest(null, Object(Config\Cache), false)
 4 FCPATH\index.php(67): CodeIgniter\CodeIgniter->run()
CRITICAL - 2024-04-22 12:13:52 --> Class "App\Models\Kategori_model" not found
in APPPATH\Controllers\Karyawan.php on line 44.
 1 SYSTEMPATH\CodeIgniter.php(889): App\Controllers\Karyawan->__construct()
 2 SYSTEMPATH\CodeIgniter.php(473): CodeIgniter\CodeIgniter->createController()
 3 SYSTEMPATH\CodeIgniter.php(351): CodeIgniter\CodeIgniter->handleRequest(null, Object(Config\Cache), false)
 4 FCPATH\index.php(67): CodeIgniter\CodeIgniter->run()
CRITICAL - 2024-04-22 13:28:13 --> Invalid file: karyawan/pegawaibaru.php
in SYSTEMPATH\Exceptions\FrameworkException.php on line 33.
 1 SYSTEMPATH\View\View.php(201): CodeIgniter\Exceptions\FrameworkException::forInvalidFile('karyawan/pegawaibaru.php')
 2 SYSTEMPATH\Common.php(1134): CodeIgniter\View\View->render('karyawan/pegawaibaru', [], true)
 3 APPPATH\Controllers\Karyawan.php(125): view('karyawan/pegawaibaru', [...])
 4 SYSTEMPATH\CodeIgniter.php(927): App\Controllers\Karyawan->Nambahkaryawan()
 5 SYSTEMPATH\CodeIgniter.php(482): CodeIgniter\CodeIgniter->runController(Object(App\Controllers\Karyawan))
 6 SYSTEMPATH\CodeIgniter.php(351): CodeIgniter\CodeIgniter->handleRequest(null, Object(Config\Cache), false)
 7 FCPATH\index.php(67): CodeIgniter\CodeIgniter->run()
CRITICAL - 2024-04-22 13:30:28 --> Invalid file: karyawan/pegawaibaru.php
in SYSTEMPATH\Exceptions\FrameworkException.php on line 33.
 1 SYSTEMPATH\View\View.php(201): CodeIgniter\Exceptions\FrameworkException::forInvalidFile('karyawan/pegawaibaru.php')
 2 SYSTEMPATH\Common.php(1134): CodeIgniter\View\View->render('karyawan/pegawaibaru', [], true)
 3 APPPATH\Controllers\Karyawan.php(125): view('karyawan/pegawaibaru', [...])
 4 SYSTEMPATH\CodeIgniter.php(927): App\Controllers\Karyawan->Nambahkaryawan()
 5 SYSTEMPATH\CodeIgniter.php(482): CodeIgniter\CodeIgniter->runController(Object(App\Controllers\Karyawan))
 6 SYSTEMPATH\CodeIgniter.php(351): CodeIgniter\CodeIgniter->handleRequest(null, Object(Config\Cache), false)
 7 FCPATH\index.php(67): CodeIgniter\CodeIgniter->run()
CRITICAL - 2024-04-22 13:38:38 --> Invalid file: karyawan/pegawaibaru.php
in SYSTEMPATH\Exceptions\FrameworkException.php on line 33.
 1 SYSTEMPATH\View\View.php(201): CodeIgniter\Exceptions\FrameworkException::forInvalidFile('karyawan/pegawaibaru.php')
 2 SYSTEMPATH\Common.php(1134): CodeIgniter\View\View->render('karyawan/pegawaibaru', [], true)
 3 APPPATH\Controllers\Karyawan.php(125): view('karyawan/pegawaibaru', [...])
 4 SYSTEMPATH\CodeIgniter.php(927): App\Controllers\Karyawan->Nambahkaryawan()
 5 SYSTEMPATH\CodeIgniter.php(482): CodeIgniter\CodeIgniter->runController(Object(App\Controllers\Karyawan))
 6 SYSTEMPATH\CodeIgniter.php(351): CodeIgniter\CodeIgniter->handleRequest(null, Object(Config\Cache), false)
 7 FCPATH\index.php(67): CodeIgniter\CodeIgniter->run()
CRITICAL - 2024-04-22 13:42:25 --> Call to undefined method App\Models\Pegawai_Model::get_datatableskaryawankfjp3
in SYSTEMPATH\Model.php on line 774.
 1 APPPATH\Controllers\Karyawan.php(861): CodeIgniter\Model->__call('get_datatableskaryawankfjp3', [...])
 2 SYSTEMPATH\CodeIgniter.php(927): App\Controllers\Karyawan->Datatablesjp3kf()
 3 SYSTEMPATH\CodeIgniter.php(482): CodeIgniter\CodeIgniter->runController(Object(App\Controllers\Karyawan))
 4 SYSTEMPATH\CodeIgniter.php(351): CodeIgniter\CodeIgniter->handleRequest(null, Object(Config\Cache), false)
 5 FCPATH\index.php(67): CodeIgniter\CodeIgniter->run()
CRITICAL - 2024-04-22 13:42:33 --> Call to undefined method App\Models\Pegawai_Model::get_datatableskaryawankfjp3
in SYSTEMPATH\Model.php on line 774.
 1 APPPATH\Controllers\Karyawan.php(861): CodeIgniter\Model->__call('get_datatableskaryawankfjp3', [...])
 2 SYSTEMPATH\CodeIgniter.php(927): App\Controllers\Karyawan->Datatablesjp3kf()
 3 SYSTEMPATH\CodeIgniter.php(482): CodeIgniter\CodeIgniter->runController(Object(App\Controllers\Karyawan))
 4 SYSTEMPATH\CodeIgniter.php(351): CodeIgniter\CodeIgniter->handleRequest(null, Object(Config\Cache), false)
 5 FCPATH\index.php(67): CodeIgniter\CodeIgniter->run()
CRITICAL - 2024-04-22 13:43:04 --> Call to undefined method App\Models\Pegawai_Model::get_datatableskaryawankfjp3
in SYSTEMPATH\Model.php on line 774.
 1 APPPATH\Controllers\Karyawan.php(861): CodeIgniter\Model->__call('get_datatableskaryawankfjp3', [...])
 2 SYSTEMPATH\CodeIgniter.php(927): App\Controllers\Karyawan->Datatablesjp3kf()
 3 SYSTEMPATH\CodeIgniter.php(482): CodeIgniter\CodeIgniter->runController(Object(App\Controllers\Karyawan))
 4 SYSTEMPATH\CodeIgniter.php(351): CodeIgniter\CodeIgniter->handleRequest(null, Object(Config\Cache), false)
 5 FCPATH\index.php(67): CodeIgniter\CodeIgniter->run()
ERROR - 2024-04-22 13:49:05 --> mysqli_sql_exception: Table 'fin_pro.pegawai_temp' doesn't exist in C:\xampp\htdocs\wiharta\system\Database\MySQLi\Connection.php:292
Stack trace:
#0 C:\xampp\htdocs\wiharta\system\Database\MySQLi\Connection.php(292): mysqli->query('SELECT `pin`, I...', 0)
#1 C:\xampp\htdocs\wiharta\system\Database\BaseConnection.php(666): CodeIgniter\Database\MySQLi\Connection->execute('SELECT `pin`, I...')
#2 C:\xampp\htdocs\wiharta\system\Database\BaseConnection.php(593): CodeIgniter\Database\BaseConnection->simpleQuery('SELECT `pin`, I...')
#3 C:\xampp\htdocs\wiharta\system\Database\BaseBuilder.php(1585): CodeIgniter\Database\BaseConnection->query('SELECT `pin`, I...', Array, false)
#4 C:\xampp\htdocs\wiharta\app\Models\Pegawai_Model.php(296): CodeIgniter\Database\BaseBuilder->get()
#5 C:\xampp\htdocs\wiharta\app\Controllers\Karyawan.php(861): App\Models\Pegawai_Model->get_datatableskaryawankfjp3('%')
#6 C:\xampp\htdocs\wiharta\system\CodeIgniter.php(927): App\Controllers\Karyawan->Datatablesjp3kf()
#7 C:\xampp\htdocs\wiharta\system\CodeIgniter.php(482): CodeIgniter\CodeIgniter->runController(Object(App\Controllers\Karyawan))
#8 C:\xampp\htdocs\wiharta\system\CodeIgniter.php(351): CodeIgniter\CodeIgniter->handleRequest(NULL, Object(Config\Cache), false)
#9 C:\xampp\htdocs\wiharta\public\index.php(67): CodeIgniter\CodeIgniter->run()
#10 {main}
CRITICAL - 2024-04-22 13:49:05 --> Call to a member function getResult() on bool
in APPPATH\Models\Pegawai_Model.php on line 297.
 1 APPPATH\Controllers\Karyawan.php(861): App\Models\Pegawai_Model->get_datatableskaryawankfjp3('%')
 2 SYSTEMPATH\CodeIgniter.php(927): App\Controllers\Karyawan->Datatablesjp3kf()
 3 SYSTEMPATH\CodeIgniter.php(482): CodeIgniter\CodeIgniter->runController(Object(App\Controllers\Karyawan))
 4 SYSTEMPATH\CodeIgniter.php(351): CodeIgniter\CodeIgniter->handleRequest(null, Object(Config\Cache), false)
 5 FCPATH\index.php(67): CodeIgniter\CodeIgniter->run()
ERROR - 2024-04-22 13:49:09 --> mysqli_sql_exception: Table 'fin_pro.pegawai_temp' doesn't exist in C:\xampp\htdocs\wiharta\system\Database\MySQLi\Connection.php:292
Stack trace:
#0 C:\xampp\htdocs\wiharta\system\Database\MySQLi\Connection.php(292): mysqli->query('SELECT `pin`, I...', 0)
#1 C:\xampp\htdocs\wiharta\system\Database\BaseConnection.php(666): CodeIgniter\Database\MySQLi\Connection->execute('SELECT `pin`, I...')
#2 C:\xampp\htdocs\wiharta\system\Database\BaseConnection.php(593): CodeIgniter\Database\BaseConnection->simpleQuery('SELECT `pin`, I...')
#3 C:\xampp\htdocs\wiharta\system\Database\BaseBuilder.php(1585): CodeIgniter\Database\BaseConnection->query('SELECT `pin`, I...', Array, false)
#4 C:\xampp\htdocs\wiharta\app\Models\Pegawai_Model.php(296): CodeIgniter\Database\BaseBuilder->get()
#5 C:\xampp\htdocs\wiharta\app\Controllers\Karyawan.php(861): App\Models\Pegawai_Model->get_datatableskaryawankfjp3('%')
#6 C:\xampp\htdocs\wiharta\system\CodeIgniter.php(927): App\Controllers\Karyawan->Datatablesjp3kf()
#7 C:\xampp\htdocs\wiharta\system\CodeIgniter.php(482): CodeIgniter\CodeIgniter->runController(Object(App\Controllers\Karyawan))
#8 C:\xampp\htdocs\wiharta\system\CodeIgniter.php(351): CodeIgniter\CodeIgniter->handleRequest(NULL, Object(Config\Cache), false)
#9 C:\xampp\htdocs\wiharta\public\index.php(67): CodeIgniter\CodeIgniter->run()
#10 {main}
CRITICAL - 2024-04-22 13:49:09 --> Call to a member function getResult() on bool
in APPPATH\Models\Pegawai_Model.php on line 297.
 1 APPPATH\Controllers\Karyawan.php(861): App\Models\Pegawai_Model->get_datatableskaryawankfjp3('%')
 2 SYSTEMPATH\CodeIgniter.php(927): App\Controllers\Karyawan->Datatablesjp3kf()
 3 SYSTEMPATH\CodeIgniter.php(482): CodeIgniter\CodeIgniter->runController(Object(App\Controllers\Karyawan))
 4 SYSTEMPATH\CodeIgniter.php(351): CodeIgniter\CodeIgniter->handleRequest(null, Object(Config\Cache), false)
 5 FCPATH\index.php(67): CodeIgniter\CodeIgniter->run()
ERROR - 2024-04-22 13:50:39 --> mysqli_sql_exception: Table 'fin_pro.pegawai_temp' doesn't exist in C:\xampp\htdocs\wiharta\system\Database\MySQLi\Connection.php:292
Stack trace:
#0 C:\xampp\htdocs\wiharta\system\Database\MySQLi\Connection.php(292): mysqli->query('SELECT `pegawai...', 0)
#1 C:\xampp\htdocs\wiharta\system\Database\BaseConnection.php(666): CodeIgniter\Database\MySQLi\Connection->execute('SELECT `pegawai...')
#2 C:\xampp\htdocs\wiharta\system\Database\BaseConnection.php(593): CodeIgniter\Database\BaseConnection->simpleQuery('SELECT `pegawai...')
#3 C:\xampp\htdocs\wiharta\system\Database\BaseBuilder.php(1585): CodeIgniter\Database\BaseConnection->query('SELECT `pegawai...', Array, false)
#4 C:\xampp\htdocs\wiharta\app\Models\Pegawai_Model.php(351): CodeIgniter\Database\BaseBuilder->get()
#5 C:\xampp\htdocs\wiharta\app\Controllers\Karyawan.php(891): App\Models\Pegawai_Model->get_datatableskaryawanvk()
#6 C:\xampp\htdocs\wiharta\system\CodeIgniter.php(927): App\Controllers\Karyawan->Vkdatatables()
#7 C:\xampp\htdocs\wiharta\system\CodeIgniter.php(482): CodeIgniter\CodeIgniter->runController(Object(App\Controllers\Karyawan))
#8 C:\xampp\htdocs\wiharta\system\CodeIgniter.php(351): CodeIgniter\CodeIgniter->handleRequest(NULL, Object(Config\Cache), false)
#9 C:\xampp\htdocs\wiharta\public\index.php(67): CodeIgniter\CodeIgniter->run()
#10 {main}
CRITICAL - 2024-04-22 13:50:39 --> Call to a member function getResult() on bool
in APPPATH\Models\Pegawai_Model.php on line 352.
 1 APPPATH\Controllers\Karyawan.php(891): App\Models\Pegawai_Model->get_datatableskaryawanvk()
 2 SYSTEMPATH\CodeIgniter.php(927): App\Controllers\Karyawan->Vkdatatables()
 3 SYSTEMPATH\CodeIgniter.php(482): CodeIgniter\CodeIgniter->runController(Object(App\Controllers\Karyawan))
 4 SYSTEMPATH\CodeIgniter.php(351): CodeIgniter\CodeIgniter->handleRequest(null, Object(Config\Cache), false)
 5 FCPATH\index.php(67): CodeIgniter\CodeIgniter->run()
ERROR - 2024-04-22 13:51:02 --> mysqli_sql_exception: Table 'fin_pro.pegawai_temp' doesn't exist in C:\xampp\htdocs\wiharta\system\Database\MySQLi\Connection.php:292
Stack trace:
#0 C:\xampp\htdocs\wiharta\system\Database\MySQLi\Connection.php(292): mysqli->query('SELECT `pegawai...', 0)
#1 C:\xampp\htdocs\wiharta\system\Database\BaseConnection.php(666): CodeIgniter\Database\MySQLi\Connection->execute('SELECT `pegawai...')
#2 C:\xampp\htdocs\wiharta\system\Database\BaseConnection.php(593): CodeIgniter\Database\BaseConnection->simpleQuery('SELECT `pegawai...')
#3 C:\xampp\htdocs\wiharta\system\Database\BaseBuilder.php(1585): CodeIgniter\Database\BaseConnection->query('SELECT `pegawai...', Array, false)
#4 C:\xampp\htdocs\wiharta\app\Models\Pegawai_Model.php(351): CodeIgniter\Database\BaseBuilder->get()
#5 C:\xampp\htdocs\wiharta\app\Controllers\Karyawan.php(891): App\Models\Pegawai_Model->get_datatableskaryawanvk()
#6 C:\xampp\htdocs\wiharta\system\CodeIgniter.php(927): App\Controllers\Karyawan->Vkdatatables()
#7 C:\xampp\htdocs\wiharta\system\CodeIgniter.php(482): CodeIgniter\CodeIgniter->runController(Object(App\Controllers\Karyawan))
#8 C:\xampp\htdocs\wiharta\system\CodeIgniter.php(351): CodeIgniter\CodeIgniter->handleRequest(NULL, Object(Config\Cache), false)
#9 C:\xampp\htdocs\wiharta\public\index.php(67): CodeIgniter\CodeIgniter->run()
#10 {main}
CRITICAL - 2024-04-22 13:51:02 --> Call to a member function getResult() on bool
in APPPATH\Models\Pegawai_Model.php on line 352.
 1 APPPATH\Controllers\Karyawan.php(891): App\Models\Pegawai_Model->get_datatableskaryawanvk()
 2 SYSTEMPATH\CodeIgniter.php(927): App\Controllers\Karyawan->Vkdatatables()
 3 SYSTEMPATH\CodeIgniter.php(482): CodeIgniter\CodeIgniter->runController(Object(App\Controllers\Karyawan))
 4 SYSTEMPATH\CodeIgniter.php(351): CodeIgniter\CodeIgniter->handleRequest(null, Object(Config\Cache), false)
 5 FCPATH\index.php(67): CodeIgniter\CodeIgniter->run()
ERROR - 2024-04-22 13:56:39 --> mysqli_sql_exception: Table 'fin_pro.pegawai_temp' doesn't exist in C:\xampp\htdocs\wiharta\system\Database\MySQLi\Connection.php:292
Stack trace:
#0 C:\xampp\htdocs\wiharta\system\Database\MySQLi\Connection.php(292): mysqli->query('SELECT `pegawai...', 0)
#1 C:\xampp\htdocs\wiharta\system\Database\BaseConnection.php(666): CodeIgniter\Database\MySQLi\Connection->execute('SELECT `pegawai...')
#2 C:\xampp\htdocs\wiharta\system\Database\BaseConnection.php(593): CodeIgniter\Database\BaseConnection->simpleQuery('SELECT `pegawai...')
#3 C:\xampp\htdocs\wiharta\system\Database\BaseBuilder.php(1585): CodeIgniter\Database\BaseConnection->query('SELECT `pegawai...', Array, false)
#4 C:\xampp\htdocs\wiharta\app\Models\Pegawai_Model.php(351): CodeIgniter\Database\BaseBuilder->get()
#5 C:\xampp\htdocs\wiharta\app\Controllers\Karyawan.php(891): App\Models\Pegawai_Model->get_datatableskaryawanvk()
#6 C:\xampp\htdocs\wiharta\system\CodeIgniter.php(927): App\Controllers\Karyawan->Vkdatatables()
#7 C:\xampp\htdocs\wiharta\system\CodeIgniter.php(482): CodeIgniter\CodeIgniter->runController(Object(App\Controllers\Karyawan))
#8 C:\xampp\htdocs\wiharta\system\CodeIgniter.php(351): CodeIgniter\CodeIgniter->handleRequest(NULL, Object(Config\Cache), false)
#9 C:\xampp\htdocs\wiharta\public\index.php(67): CodeIgniter\CodeIgniter->run()
#10 {main}
CRITICAL - 2024-04-22 13:56:39 --> Call to a member function getResult() on bool
in APPPATH\Models\Pegawai_Model.php on line 352.
 1 APPPATH\Controllers\Karyawan.php(891): App\Models\Pegawai_Model->get_datatableskaryawanvk()
 2 SYSTEMPATH\CodeIgniter.php(927): App\Controllers\Karyawan->Vkdatatables()
 3 SYSTEMPATH\CodeIgniter.php(482): CodeIgniter\CodeIgniter->runController(Object(App\Controllers\Karyawan))
 4 SYSTEMPATH\CodeIgniter.php(351): CodeIgniter\CodeIgniter->handleRequest(null, Object(Config\Cache), false)
 5 FCPATH\index.php(67): CodeIgniter\CodeIgniter->run()
ERROR - 2024-04-22 14:03:25 --> mysqli_sql_exception: Table 'fin_pro.pegawai_temp' doesn't exist in C:\xampp\htdocs\wiharta\system\Database\MySQLi\Connection.php:292
Stack trace:
#0 C:\xampp\htdocs\wiharta\system\Database\MySQLi\Connection.php(292): mysqli->query('SELECT `pegawai...', 0)
#1 C:\xampp\htdocs\wiharta\system\Database\BaseConnection.php(666): CodeIgniter\Database\MySQLi\Connection->execute('SELECT `pegawai...')
#2 C:\xampp\htdocs\wiharta\system\Database\BaseConnection.php(593): CodeIgniter\Database\BaseConnection->simpleQuery('SELECT `pegawai...')
#3 C:\xampp\htdocs\wiharta\system\Database\BaseBuilder.php(1585): CodeIgniter\Database\BaseConnection->query('SELECT `pegawai...', Array, false)
#4 C:\xampp\htdocs\wiharta\app\Models\Pegawai_Model.php(351): CodeIgniter\Database\BaseBuilder->get()
#5 C:\xampp\htdocs\wiharta\app\Controllers\Karyawan.php(891): App\Models\Pegawai_Model->get_datatableskaryawanvk()
#6 C:\xampp\htdocs\wiharta\system\CodeIgniter.php(927): App\Controllers\Karyawan->Vkdatatables()
#7 C:\xampp\htdocs\wiharta\system\CodeIgniter.php(482): CodeIgniter\CodeIgniter->runController(Object(App\Controllers\Karyawan))
#8 C:\xampp\htdocs\wiharta\system\CodeIgniter.php(351): CodeIgniter\CodeIgniter->handleRequest(NULL, Object(Config\Cache), false)
#9 C:\xampp\htdocs\wiharta\public\index.php(67): CodeIgniter\CodeIgniter->run()
#10 {main}
CRITICAL - 2024-04-22 14:03:25 --> Call to a member function getResult() on bool
in APPPATH\Models\Pegawai_Model.php on line 352.
 1 APPPATH\Controllers\Karyawan.php(891): App\Models\Pegawai_Model->get_datatableskaryawanvk()
 2 SYSTEMPATH\CodeIgniter.php(927): App\Controllers\Karyawan->Vkdatatables()
 3 SYSTEMPATH\CodeIgniter.php(482): CodeIgniter\CodeIgniter->runController(Object(App\Controllers\Karyawan))
 4 SYSTEMPATH\CodeIgniter.php(351): CodeIgniter\CodeIgniter->handleRequest(null, Object(Config\Cache), false)
 5 FCPATH\index.php(67): CodeIgniter\CodeIgniter->run()
ERROR - 2024-04-22 14:12:00 --> mysqli_sql_exception: Unknown column 'created_at' in 'field list' in C:\xampp\htdocs\wiharta\system\Database\MySQLi\Connection.php:292
Stack trace:
#0 C:\xampp\htdocs\wiharta\system\Database\MySQLi\Connection.php(292): mysqli->query('SELECT `tgl_d` ...', 0)
#1 C:\xampp\htdocs\wiharta\system\Database\BaseConnection.php(666): CodeIgniter\Database\MySQLi\Connection->execute('SELECT `tgl_d` ...')
#2 C:\xampp\htdocs\wiharta\system\Database\BaseConnection.php(593): CodeIgniter\Database\BaseConnection->simpleQuery('SELECT `tgl_d` ...')
#3 C:\xampp\htdocs\wiharta\system\Database\BaseBuilder.php(1585): CodeIgniter\Database\BaseConnection->query('SELECT `tgl_d` ...', Array, false)
#4 C:\xampp\htdocs\wiharta\system\Model.php(772): CodeIgniter\Database\BaseBuilder->get()
#5 C:\xampp\htdocs\wiharta\app\Models\Diliburkan_model.php(68): CodeIgniter\Model->__call('get', Array)
#6 C:\xampp\htdocs\wiharta\app\Controllers\Karyawan.php(792): App\Models\Diliburkan_model->get_datatablesdiliburkan()
#7 C:\xampp\htdocs\wiharta\system\CodeIgniter.php(927): App\Controllers\Karyawan->Datatablesdiliburkan()
#8 C:\xampp\htdocs\wiharta\system\CodeIgniter.php(482): CodeIgniter\CodeIgniter->runController(Object(App\Controllers\Karyawan))
#9 C:\xampp\htdocs\wiharta\system\CodeIgniter.php(351): CodeIgniter\CodeIgniter->handleRequest(NULL, Object(Config\Cache), false)
#10 C:\xampp\htdocs\wiharta\public\index.php(67): CodeIgniter\CodeIgniter->run()
#11 {main}
CRITICAL - 2024-04-22 14:12:00 --> Call to a member function getResult() on bool
in APPPATH\Models\Diliburkan_model.php on line 69.
 1 APPPATH\Controllers\Karyawan.php(792): App\Models\Diliburkan_model->get_datatablesdiliburkan()
 2 SYSTEMPATH\CodeIgniter.php(927): App\Controllers\Karyawan->Datatablesdiliburkan()
 3 SYSTEMPATH\CodeIgniter.php(482): CodeIgniter\CodeIgniter->runController(Object(App\Controllers\Karyawan))
 4 SYSTEMPATH\CodeIgniter.php(351): CodeIgniter\CodeIgniter->handleRequest(null, Object(Config\Cache), false)
 5 FCPATH\index.php(67): CodeIgniter\CodeIgniter->run()
ERROR - 2024-04-22 14:12:17 --> mysqli_sql_exception: Unknown column 'created_at' in 'field list' in C:\xampp\htdocs\wiharta\system\Database\MySQLi\Connection.php:292
Stack trace:
#0 C:\xampp\htdocs\wiharta\system\Database\MySQLi\Connection.php(292): mysqli->query('SELECT `tgl_d` ...', 0)
#1 C:\xampp\htdocs\wiharta\system\Database\BaseConnection.php(666): CodeIgniter\Database\MySQLi\Connection->execute('SELECT `tgl_d` ...')
#2 C:\xampp\htdocs\wiharta\system\Database\BaseConnection.php(593): CodeIgniter\Database\BaseConnection->simpleQuery('SELECT `tgl_d` ...')
#3 C:\xampp\htdocs\wiharta\system\Database\BaseBuilder.php(1585): CodeIgniter\Database\BaseConnection->query('SELECT `tgl_d` ...', Array, false)
#4 C:\xampp\htdocs\wiharta\system\Model.php(772): CodeIgniter\Database\BaseBuilder->get()
#5 C:\xampp\htdocs\wiharta\app\Models\Diliburkan_model.php(68): CodeIgniter\Model->__call('get', Array)
#6 C:\xampp\htdocs\wiharta\app\Controllers\Karyawan.php(792): App\Models\Diliburkan_model->get_datatablesdiliburkan()
#7 C:\xampp\htdocs\wiharta\system\CodeIgniter.php(927): App\Controllers\Karyawan->Datatablesdiliburkan()
#8 C:\xampp\htdocs\wiharta\system\CodeIgniter.php(482): CodeIgniter\CodeIgniter->runController(Object(App\Controllers\Karyawan))
#9 C:\xampp\htdocs\wiharta\system\CodeIgniter.php(351): CodeIgniter\CodeIgniter->handleRequest(NULL, Object(Config\Cache), false)
#10 C:\xampp\htdocs\wiharta\public\index.php(67): CodeIgniter\CodeIgniter->run()
#11 {main}
CRITICAL - 2024-04-22 14:12:17 --> Call to a member function getResult() on bool
in APPPATH\Models\Diliburkan_model.php on line 69.
 1 APPPATH\Controllers\Karyawan.php(792): App\Models\Diliburkan_model->get_datatablesdiliburkan()
 2 SYSTEMPATH\CodeIgniter.php(927): App\Controllers\Karyawan->Datatablesdiliburkan()
 3 SYSTEMPATH\CodeIgniter.php(482): CodeIgniter\CodeIgniter->runController(Object(App\Controllers\Karyawan))
 4 SYSTEMPATH\CodeIgniter.php(351): CodeIgniter\CodeIgniter->handleRequest(null, Object(Config\Cache), false)
 5 FCPATH\index.php(67): CodeIgniter\CodeIgniter->run()
ERROR - 2024-04-22 14:13:13 --> mysqli_sql_exception: Unknown column 'created_at' in 'field list' in C:\xampp\htdocs\wiharta\system\Database\MySQLi\Connection.php:292
Stack trace:
#0 C:\xampp\htdocs\wiharta\system\Database\MySQLi\Connection.php(292): mysqli->query('SELECT `tgl_d` ...', 0)
#1 C:\xampp\htdocs\wiharta\system\Database\BaseConnection.php(666): CodeIgniter\Database\MySQLi\Connection->execute('SELECT `tgl_d` ...')
#2 C:\xampp\htdocs\wiharta\system\Database\BaseConnection.php(593): CodeIgniter\Database\BaseConnection->simpleQuery('SELECT `tgl_d` ...')
#3 C:\xampp\htdocs\wiharta\system\Database\BaseBuilder.php(1585): CodeIgniter\Database\BaseConnection->query('SELECT `tgl_d` ...', Array, false)
#4 C:\xampp\htdocs\wiharta\system\Model.php(772): CodeIgniter\Database\BaseBuilder->get()
#5 C:\xampp\htdocs\wiharta\app\Models\Diliburkan_model.php(68): CodeIgniter\Model->__call('get', Array)
#6 C:\xampp\htdocs\wiharta\app\Controllers\Karyawan.php(792): App\Models\Diliburkan_model->get_datatablesdiliburkan()
#7 C:\xampp\htdocs\wiharta\system\CodeIgniter.php(927): App\Controllers\Karyawan->Datatablesdiliburkan()
#8 C:\xampp\htdocs\wiharta\system\CodeIgniter.php(482): CodeIgniter\CodeIgniter->runController(Object(App\Controllers\Karyawan))
#9 C:\xampp\htdocs\wiharta\system\CodeIgniter.php(351): CodeIgniter\CodeIgniter->handleRequest(NULL, Object(Config\Cache), false)
#10 C:\xampp\htdocs\wiharta\public\index.php(67): CodeIgniter\CodeIgniter->run()
#11 {main}
CRITICAL - 2024-04-22 14:13:13 --> Call to a member function getResult() on bool
in APPPATH\Models\Diliburkan_model.php on line 69.
 1 APPPATH\Controllers\Karyawan.php(792): App\Models\Diliburkan_model->get_datatablesdiliburkan()
 2 SYSTEMPATH\CodeIgniter.php(927): App\Controllers\Karyawan->Datatablesdiliburkan()
 3 SYSTEMPATH\CodeIgniter.php(482): CodeIgniter\CodeIgniter->runController(Object(App\Controllers\Karyawan))
 4 SYSTEMPATH\CodeIgniter.php(351): CodeIgniter\CodeIgniter->handleRequest(null, Object(Config\Cache), false)
 5 FCPATH\index.php(67): CodeIgniter\CodeIgniter->run()
ERROR - 2024-04-22 14:14:13 --> mysqli_sql_exception: Unknown column 'created_at' in 'field list' in C:\xampp\htdocs\wiharta\system\Database\MySQLi\Connection.php:292
Stack trace:
#0 C:\xampp\htdocs\wiharta\system\Database\MySQLi\Connection.php(292): mysqli->query('SELECT `tgl_d` ...', 0)
#1 C:\xampp\htdocs\wiharta\system\Database\BaseConnection.php(666): CodeIgniter\Database\MySQLi\Connection->execute('SELECT `tgl_d` ...')
#2 C:\xampp\htdocs\wiharta\system\Database\BaseConnection.php(593): CodeIgniter\Database\BaseConnection->simpleQuery('SELECT `tgl_d` ...')
#3 C:\xampp\htdocs\wiharta\system\Database\BaseBuilder.php(1585): CodeIgniter\Database\BaseConnection->query('SELECT `tgl_d` ...', Array, false)
#4 C:\xampp\htdocs\wiharta\system\Model.php(772): CodeIgniter\Database\BaseBuilder->get()
#5 C:\xampp\htdocs\wiharta\app\Models\Diliburkan_model.php(68): CodeIgniter\Model->__call('get', Array)
#6 C:\xampp\htdocs\wiharta\app\Controllers\Karyawan.php(792): App\Models\Diliburkan_model->get_datatablesdiliburkan()
#7 C:\xampp\htdocs\wiharta\system\CodeIgniter.php(927): App\Controllers\Karyawan->Datatablesdiliburkan()
#8 C:\xampp\htdocs\wiharta\system\CodeIgniter.php(482): CodeIgniter\CodeIgniter->runController(Object(App\Controllers\Karyawan))
#9 C:\xampp\htdocs\wiharta\system\CodeIgniter.php(351): CodeIgniter\CodeIgniter->handleRequest(NULL, Object(Config\Cache), false)
#10 C:\xampp\htdocs\wiharta\public\index.php(67): CodeIgniter\CodeIgniter->run()
#11 {main}
CRITICAL - 2024-04-22 14:14:13 --> Call to a member function getResult() on bool
in APPPATH\Models\Diliburkan_model.php on line 69.
 1 APPPATH\Controllers\Karyawan.php(792): App\Models\Diliburkan_model->get_datatablesdiliburkan()
 2 SYSTEMPATH\CodeIgniter.php(927): App\Controllers\Karyawan->Datatablesdiliburkan()
 3 SYSTEMPATH\CodeIgniter.php(482): CodeIgniter\CodeIgniter->runController(Object(App\Controllers\Karyawan))
 4 SYSTEMPATH\CodeIgniter.php(351): CodeIgniter\CodeIgniter->handleRequest(null, Object(Config\Cache), false)
 5 FCPATH\index.php(67): CodeIgniter\CodeIgniter->run()
