CRITICAL - 2023-03-23 07:45:37 --> Undefined variable $edetail
in APPPATH\Views\karyawan\edit.php on line 11.
 1 APPPATH\Views\karyawan\edit.php(11): CodeIgniter\Debug\Exceptions->errorHandler(2, 'Undefined variable $edetail', 'APPPATH\\Views\\karyawan\\edit.php', 11)
 2 SYSTEMPATH\View\View.php(213): include('APPPATH\\Views\\karyawan\\edit.php')
 3 SYSTEMPATH\View\View.php(216): CodeIgniter\View\View->CodeIgniter\View\{closure}()
 4 SYSTEMPATH\Common.php(1134): CodeIgniter\View\View->render('karyawan/edit', [], true)
 5 APPPATH\Controllers\Karyawan.php(175): view('karyawan/edit', [...])
 6 SYSTEMPATH\CodeIgniter.php(927): App\Controllers\Karyawan->Edit()
 7 SYSTEMPATH\CodeIgniter.php(482): CodeIgniter\CodeIgniter->runController(Object(App\Controllers\Karyawan))
 8 SYSTEMPATH\CodeIgniter.php(351): CodeIgniter\CodeIgniter->handleRequest(null, Object(Config\Cache), false)
 9 FCPATH\index.php(67): CodeIgniter\CodeIgniter->run()
10 SYSTEMPATH\Commands\Server\rewrite.php(46): require_once('FCPATH\\index.php')
CRITICAL - 2023-03-23 07:46:01 --> Undefined variable $edetail
in APPPATH\Views\karyawan\edit.php on line 11.
 1 APPPATH\Views\karyawan\edit.php(11): CodeIgniter\Debug\Exceptions->errorHandler(2, 'Undefined variable $edetail', 'APPPATH\\Views\\karyawan\\edit.php', 11)
 2 SYSTEMPATH\View\View.php(213): include('APPPATH\\Views\\karyawan\\edit.php')
 3 SYSTEMPATH\View\View.php(216): CodeIgniter\View\View->CodeIgniter\View\{closure}()
 4 SYSTEMPATH\Common.php(1134): CodeIgniter\View\View->render('karyawan/edit', [], true)
 5 APPPATH\Controllers\Karyawan.php(175): view('karyawan/edit', [...])
 6 SYSTEMPATH\CodeIgniter.php(927): App\Controllers\Karyawan->Edit()
 7 SYSTEMPATH\CodeIgniter.php(482): CodeIgniter\CodeIgniter->runController(Object(App\Controllers\Karyawan))
 8 SYSTEMPATH\CodeIgniter.php(351): CodeIgniter\CodeIgniter->handleRequest(null, Object(Config\Cache), false)
 9 FCPATH\index.php(67): CodeIgniter\CodeIgniter->run()
10 SYSTEMPATH\Commands\Server\rewrite.php(46): require_once('FCPATH\\index.php')
CRITICAL - 2023-03-23 09:29:35 --> Undefined array key "tgl_masuk_kerja"
in APPPATH\Views\karyawan\detail.php on line 45.
 1 APPPATH\Views\karyawan\detail.php(45): CodeIgniter\Debug\Exceptions->errorHandler(2, 'Undefined array key "tgl_masuk_kerja"', 'APPPATH\\Views\\karyawan\\detail.php', 45)
 2 SYSTEMPATH\View\View.php(213): include('APPPATH\\Views\\karyawan\\detail.php')
 3 SYSTEMPATH\View\View.php(216): CodeIgniter\View\View->CodeIgniter\View\{closure}()
 4 SYSTEMPATH\Common.php(1134): CodeIgniter\View\View->render('karyawan/detail', [], true)
 5 APPPATH\Controllers\Karyawan.php(122): view('karyawan/detail', [...])
 6 SYSTEMPATH\CodeIgniter.php(927): App\Controllers\Karyawan->Detaikaryawan('NjAxNzU=')
 7 SYSTEMPATH\CodeIgniter.php(482): CodeIgniter\CodeIgniter->runController(Object(App\Controllers\Karyawan))
 8 SYSTEMPATH\CodeIgniter.php(351): CodeIgniter\CodeIgniter->handleRequest(null, Object(Config\Cache), false)
 9 FCPATH\index.php(67): CodeIgniter\CodeIgniter->run()
10 SYSTEMPATH\Commands\Server\rewrite.php(46): require_once('FCPATH\\index.php')
CRITICAL - 2023-03-23 09:46:46 --> Call to undefined method App\Models\Pegawai_Model::Detaikaryawan
in SYSTEMPATH\Model.php on line 774.
 1 APPPATH\Controllers\Karyawan.php(102): CodeIgniter\Model->__call('Detaikaryawan', [...])
 2 SYSTEMPATH\CodeIgniter.php(927): App\Controllers\Karyawan->Detaikaryawan('MTEwMDAy')
 3 SYSTEMPATH\CodeIgniter.php(482): CodeIgniter\CodeIgniter->runController(Object(App\Controllers\Karyawan))
 4 SYSTEMPATH\CodeIgniter.php(351): CodeIgniter\CodeIgniter->handleRequest(null, Object(Config\Cache), false)
 5 FCPATH\index.php(67): CodeIgniter\CodeIgniter->run()
 6 SYSTEMPATH\Commands\Server\rewrite.php(46): require_once('FCPATH\\index.php')
CRITICAL - 2023-03-23 09:49:00 --> Undefined array key "nama"
in APPPATH\Views\karyawan\detail.php on line 26.
 1 APPPATH\Views\karyawan\detail.php(26): CodeIgniter\Debug\Exceptions->errorHandler(2, 'Undefined array key "nama"', 'APPPATH\\Views\\karyawan\\detail.php', 26)
 2 SYSTEMPATH\View\View.php(213): include('APPPATH\\Views\\karyawan\\detail.php')
 3 SYSTEMPATH\View\View.php(216): CodeIgniter\View\View->CodeIgniter\View\{closure}()
 4 SYSTEMPATH\Common.php(1134): CodeIgniter\View\View->render('karyawan/detail', [], true)
 5 APPPATH\Controllers\Karyawan.php(122): view('karyawan/detail', [...])
 6 SYSTEMPATH\CodeIgniter.php(927): App\Controllers\Karyawan->Detaikaryawan('MTEwMDAy')
 7 SYSTEMPATH\CodeIgniter.php(482): CodeIgniter\CodeIgniter->runController(Object(App\Controllers\Karyawan))
 8 SYSTEMPATH\CodeIgniter.php(351): CodeIgniter\CodeIgniter->handleRequest(null, Object(Config\Cache), false)
 9 FCPATH\index.php(67): CodeIgniter\CodeIgniter->run()
10 SYSTEMPATH\Commands\Server\rewrite.php(46): require_once('FCPATH\\index.php')
CRITICAL - 2023-03-23 09:49:27 --> Call to undefined method CodeIgniter\Database\MySQLi\Result::getResultRow()
in APPPATH\Models\Pegawai_Model.php on line 80.
 1 APPPATH\Controllers\Karyawan.php(102): App\Models\Pegawai_Model->Detailkaryawan('MTEwMDAy')
 2 SYSTEMPATH\CodeIgniter.php(927): App\Controllers\Karyawan->Detaikaryawan('MTEwMDAy')
 3 SYSTEMPATH\CodeIgniter.php(482): CodeIgniter\CodeIgniter->runController(Object(App\Controllers\Karyawan))
 4 SYSTEMPATH\CodeIgniter.php(351): CodeIgniter\CodeIgniter->handleRequest(null, Object(Config\Cache), false)
 5 FCPATH\index.php(67): CodeIgniter\CodeIgniter->run()
 6 SYSTEMPATH\Commands\Server\rewrite.php(46): require_once('FCPATH\\index.php')
CRITICAL - 2023-03-23 09:49:28 --> Call to undefined method CodeIgniter\Database\MySQLi\Result::getResultRow()
in APPPATH\Models\Pegawai_Model.php on line 80.
 1 APPPATH\Controllers\Karyawan.php(102): App\Models\Pegawai_Model->Detailkaryawan('MTEwMDAy')
 2 SYSTEMPATH\CodeIgniter.php(927): App\Controllers\Karyawan->Detaikaryawan('MTEwMDAy')
 3 SYSTEMPATH\CodeIgniter.php(482): CodeIgniter\CodeIgniter->runController(Object(App\Controllers\Karyawan))
 4 SYSTEMPATH\CodeIgniter.php(351): CodeIgniter\CodeIgniter->handleRequest(null, Object(Config\Cache), false)
 5 FCPATH\index.php(67): CodeIgniter\CodeIgniter->run()
 6 SYSTEMPATH\Commands\Server\rewrite.php(46): require_once('FCPATH\\index.php')
CRITICAL - 2023-03-23 09:49:49 --> Call to undefined method CodeIgniter\Database\MySQLi\Result::getRowResult()
in APPPATH\Models\Pegawai_Model.php on line 80.
 1 APPPATH\Controllers\Karyawan.php(102): App\Models\Pegawai_Model->Detailkaryawan('MTEwMDAy')
 2 SYSTEMPATH\CodeIgniter.php(927): App\Controllers\Karyawan->Detaikaryawan('MTEwMDAy')
 3 SYSTEMPATH\CodeIgniter.php(482): CodeIgniter\CodeIgniter->runController(Object(App\Controllers\Karyawan))
 4 SYSTEMPATH\CodeIgniter.php(351): CodeIgniter\CodeIgniter->handleRequest(null, Object(Config\Cache), false)
 5 FCPATH\index.php(67): CodeIgniter\CodeIgniter->run()
 6 SYSTEMPATH\Commands\Server\rewrite.php(46): require_once('FCPATH\\index.php')
CRITICAL - 2023-03-23 09:49:50 --> Call to undefined method CodeIgniter\Database\MySQLi\Result::getRowResult()
in APPPATH\Models\Pegawai_Model.php on line 80.
 1 APPPATH\Controllers\Karyawan.php(102): App\Models\Pegawai_Model->Detailkaryawan('MTEwMDAy')
 2 SYSTEMPATH\CodeIgniter.php(927): App\Controllers\Karyawan->Detaikaryawan('MTEwMDAy')
 3 SYSTEMPATH\CodeIgniter.php(482): CodeIgniter\CodeIgniter->runController(Object(App\Controllers\Karyawan))
 4 SYSTEMPATH\CodeIgniter.php(351): CodeIgniter\CodeIgniter->handleRequest(null, Object(Config\Cache), false)
 5 FCPATH\index.php(67): CodeIgniter\CodeIgniter->run()
 6 SYSTEMPATH\Commands\Server\rewrite.php(46): require_once('FCPATH\\index.php')
CRITICAL - 2023-03-23 09:50:03 --> Call to undefined method App\Models\Pegawai_Model::getRowResult
in SYSTEMPATH\Model.php on line 774.
 1 APPPATH\Models\Pegawai_Model.php(80): CodeIgniter\Model->__call('getRowResult', [])
 2 APPPATH\Controllers\Karyawan.php(102): App\Models\Pegawai_Model->Detailkaryawan('MTEwMDAy')
 3 SYSTEMPATH\CodeIgniter.php(927): App\Controllers\Karyawan->Detaikaryawan('MTEwMDAy')
 4 SYSTEMPATH\CodeIgniter.php(482): CodeIgniter\CodeIgniter->runController(Object(App\Controllers\Karyawan))
 5 SYSTEMPATH\CodeIgniter.php(351): CodeIgniter\CodeIgniter->handleRequest(null, Object(Config\Cache), false)
 6 FCPATH\index.php(67): CodeIgniter\CodeIgniter->run()
 7 SYSTEMPATH\Commands\Server\rewrite.php(46): require_once('FCPATH\\index.php')
CRITICAL - 2023-03-23 09:50:49 --> Call to undefined method App\Models\Pegawai_Model::getRowArray
in SYSTEMPATH\Model.php on line 774.
 1 APPPATH\Models\Pegawai_Model.php(80): CodeIgniter\Model->__call('getRowArray', [])
 2 APPPATH\Controllers\Karyawan.php(102): App\Models\Pegawai_Model->Detailkaryawan('MTEwMDAy')
 3 SYSTEMPATH\CodeIgniter.php(927): App\Controllers\Karyawan->Detaikaryawan('MTEwMDAy')
 4 SYSTEMPATH\CodeIgniter.php(482): CodeIgniter\CodeIgniter->runController(Object(App\Controllers\Karyawan))
 5 SYSTEMPATH\CodeIgniter.php(351): CodeIgniter\CodeIgniter->handleRequest(null, Object(Config\Cache), false)
 6 FCPATH\index.php(67): CodeIgniter\CodeIgniter->run()
 7 SYSTEMPATH\Commands\Server\rewrite.php(46): require_once('FCPATH\\index.php')
CRITICAL - 2023-03-23 09:51:03 --> Trying to access array offset on value of type null
in APPPATH\Views\karyawan\detail.php on line 26.
 1 APPPATH\Views\karyawan\detail.php(26): CodeIgniter\Debug\Exceptions->errorHandler(2, 'Trying to access array offset on value of type null', 'APPPATH\\Views\\karyawan\\detail.php', 26)
 2 SYSTEMPATH\View\View.php(213): include('APPPATH\\Views\\karyawan\\detail.php')
 3 SYSTEMPATH\View\View.php(216): CodeIgniter\View\View->CodeIgniter\View\{closure}()
 4 SYSTEMPATH\Common.php(1134): CodeIgniter\View\View->render('karyawan/detail', [], true)
 5 APPPATH\Controllers\Karyawan.php(122): view('karyawan/detail', [...])
 6 SYSTEMPATH\CodeIgniter.php(927): App\Controllers\Karyawan->Detaikaryawan('MTEwMDAy')
 7 SYSTEMPATH\CodeIgniter.php(482): CodeIgniter\CodeIgniter->runController(Object(App\Controllers\Karyawan))
 8 SYSTEMPATH\CodeIgniter.php(351): CodeIgniter\CodeIgniter->handleRequest(null, Object(Config\Cache), false)
 9 FCPATH\index.php(67): CodeIgniter\CodeIgniter->run()
10 SYSTEMPATH\Commands\Server\rewrite.php(46): require_once('FCPATH\\index.php')
CRITICAL - 2023-03-23 09:53:07 --> Undefined array key "grup_t"
in APPPATH\Views\karyawan\detail.php on line 37.
 1 APPPATH\Views\karyawan\detail.php(37): CodeIgniter\Debug\Exceptions->errorHandler(2, 'Undefined array key "grup_t"', 'APPPATH\\Views\\karyawan\\detail.php', 37)
 2 SYSTEMPATH\View\View.php(213): include('APPPATH\\Views\\karyawan\\detail.php')
 3 SYSTEMPATH\View\View.php(216): CodeIgniter\View\View->CodeIgniter\View\{closure}()
 4 SYSTEMPATH\Common.php(1134): CodeIgniter\View\View->render('karyawan/detail', [], true)
 5 APPPATH\Controllers\Karyawan.php(122): view('karyawan/detail', [...])
 6 SYSTEMPATH\CodeIgniter.php(927): App\Controllers\Karyawan->Detaikaryawan('MTEwMDAy')
 7 SYSTEMPATH\CodeIgniter.php(482): CodeIgniter\CodeIgniter->runController(Object(App\Controllers\Karyawan))
 8 SYSTEMPATH\CodeIgniter.php(351): CodeIgniter\CodeIgniter->handleRequest(null, Object(Config\Cache), false)
 9 FCPATH\index.php(67): CodeIgniter\CodeIgniter->run()
10 SYSTEMPATH\Commands\Server\rewrite.php(46): require_once('FCPATH\\index.php')
CRITICAL - 2023-03-23 09:59:48 --> date(): Argument #2 ($timestamp) must be of type ?int, string given
in APPPATH\Views\karyawan\detail.php on line 45.
 1 APPPATH\Views\karyawan\detail.php(45): date('d-m-Y', '2023-03-06')
 2 SYSTEMPATH\View\View.php(213): include('APPPATH\\Views\\karyawan\\detail.php')
 3 SYSTEMPATH\View\View.php(216): CodeIgniter\View\View->CodeIgniter\View\{closure}()
 4 SYSTEMPATH\Common.php(1134): CodeIgniter\View\View->render('karyawan/detail', [], true)
 5 APPPATH\Controllers\Karyawan.php(122): view('karyawan/detail', [...])
 6 SYSTEMPATH\CodeIgniter.php(927): App\Controllers\Karyawan->Detaikaryawan('MTEwMDAy')
 7 SYSTEMPATH\CodeIgniter.php(482): CodeIgniter\CodeIgniter->runController(Object(App\Controllers\Karyawan))
 8 SYSTEMPATH\CodeIgniter.php(351): CodeIgniter\CodeIgniter->handleRequest(null, Object(Config\Cache), false)
 9 FCPATH\index.php(67): CodeIgniter\CodeIgniter->run()
10 SYSTEMPATH\Commands\Server\rewrite.php(46): require_once('FCPATH\\index.php')
CRITICAL - 2023-03-23 12:09:39 --> Trying to access array offset on value of type null
in APPPATH\Views\karyawan\detail.php on line 26.
 1 APPPATH\Views\karyawan\detail.php(26): CodeIgniter\Debug\Exceptions->errorHandler(2, 'Trying to access array offset on value of type null', 'APPPATH\\Views\\karyawan\\detail.php', 26)
 2 SYSTEMPATH\View\View.php(213): include('APPPATH\\Views\\karyawan\\detail.php')
 3 SYSTEMPATH\View\View.php(216): CodeIgniter\View\View->CodeIgniter\View\{closure}()
 4 SYSTEMPATH\Common.php(1134): CodeIgniter\View\View->render('karyawan/detail', [], true)
 5 APPPATH\Controllers\Karyawan.php(122): view('karyawan/detail', [...])
 6 SYSTEMPATH\CodeIgniter.php(927): App\Controllers\Karyawan->Detaikaryawan('ODAwM=')
 7 SYSTEMPATH\CodeIgniter.php(482): CodeIgniter\CodeIgniter->runController(Object(App\Controllers\Karyawan))
 8 SYSTEMPATH\CodeIgniter.php(351): CodeIgniter\CodeIgniter->handleRequest(null, Object(Config\Cache), false)
 9 FCPATH\index.php(67): CodeIgniter\CodeIgniter->run()
10 SYSTEMPATH\Commands\Server\rewrite.php(46): require_once('FCPATH\\index.php')
